2025-03-18 10:43:59.804 [info] Extension host with pid 200072 started
2025-03-18 10:43:59.832 [info] ExtensionService#_doActivateExtension vscode.git-base, startup: true, activationEvent: '*', root cause: vscode.git
2025-03-18 10:43:59.849 [info] Lock '/home/travthegr88/.vscode-server/data/User/workspaceStorage/0a45c1afdab5f32f59e770feba2627c4/vscode.lock': Lock acquired.
2025-03-18 10:43:59.928 [info] ExtensionService#_doActivateExtension vscode.git, startup: true, activationEvent: '*'
2025-03-18 10:43:59.929 [info] ExtensionService#_doActivateExtension vscode.github, startup: true, activationEvent: '*'
2025-03-18 10:44:00.113 [info] Eager extensions activated
2025-03-18 10:44:00.114 [info] ExtensionService#_doActivateExtension vscode.debug-auto-launch, startup: false, activationEvent: 'onStartupFinished'
2025-03-18 10:44:00.114 [info] ExtensionService#_doActivateExtension vscode.merge-conflict, startup: false, activationEvent: 'onStartupFinished'
2025-03-18 10:44:00.114 [info] ExtensionService#_doActivateExtension esbenp.prettier-vscode, startup: false, activationEvent: 'onStartupFinished'
2025-03-18 10:44:00.115 [info] ExtensionService#_doActivateExtension ritwickdey.LiveServer, startup: false, activationEvent: 'onStartupFinished'
2025-03-18 10:44:00.309 [info] ExtensionService#_doActivateExtension GitHub.vscode-pull-request-github, startup: false, activationEvent: 'onStartupFinished'
2025-03-18 10:44:01.083 [info] ExtensionService#_doActivateExtension vscode.configuration-editing, startup: false, activationEvent: 'onLanguage:json'
2025-03-18 10:44:01.083 [info] ExtensionService#_doActivateExtension vscode.extension-editing, startup: false, activationEvent: 'onLanguage:json'
2025-03-18 10:44:01.083 [info] ExtensionService#_doActivateExtension vscode.json-language-features, startup: false, activationEvent: 'onLanguage:json'
2025-03-18 10:44:01.084 [info] ExtensionService#_doActivateExtension vscode.npm, startup: false, activationEvent: 'onLanguage:json'
2025-03-18 10:44:01.084 [info] ExtensionService#_doActivateExtension vscode.emmet, startup: false, activationEvent: 'onLanguage'
2025-03-18 10:44:12.515 [info] ExtensionService#_doActivateExtension vscode.typescript-language-features, startup: false, activationEvent: 'onLanguage:jsonc'
2025-03-18 10:44:17.443 [warning] [Decorations] CAPPING events from decorations provider vscode.git 10000
2025-03-18 10:44:21.740 [error] HttpError: request to https://api.github.com/user failed, reason: getaddrinfo EAI_AGAIN api.github.com
	at /home/travthegr88/.vscode-server/extensions/github.vscode-pull-request-github-0.106.0/dist/extension.js:2188:6563
	at process.processTicksAndRejections (node:internal/process/task_queues:95:5)
	at async kg.execute (/home/travthegr88/.vscode-server/extensions/github.vscode-pull-request-github-0.106.0/dist/extension.js:2135:18777)
2025-03-18 10:44:22.746 [error] TypeError: Converting circular structure to JSON
    --> starting at object with constructor 'TLSSocket'
    |     property 'parser' -> object with constructor 'HTTPParser'
    --- property 'socket' closes the circle
	at JSON.stringify (<anonymous>)
	at dE (file:///home/travthegr88/.vscode-server/bin/ddc367ed5c8936efe395cffeec279b04ffd7db78/out/vs/workbench/api/node/extensionHostProcess.js:29:155568)
	at ti.serializeRequestArguments (file:///home/travthegr88/.vscode-server/bin/ddc367ed5c8936efe395cffeec279b04ffd7db78/out/vs/workbench/api/node/extensionHostProcess.js:29:163551)
	at qy.U (file:///home/travthegr88/.vscode-server/bin/ddc367ed5c8936efe395cffeec279b04ffd7db78/out/vs/workbench/api/node/extensionHostProcess.js:29:159791)
	at s.<computed>.n.charCodeAt.s.<computed> (file:///home/travthegr88/.vscode-server/bin/ddc367ed5c8936efe395cffeec279b04ffd7db78/out/vs/workbench/api/node/extensionHostProcess.js:29:157133)
	at file:///home/travthegr88/.vscode-server/bin/ddc367ed5c8936efe395cffeec279b04ffd7db78/out/vs/workbench/api/node/extensionHostProcess.js:117:679
	at file:///home/travthegr88/.vscode-server/bin/ddc367ed5c8936efe395cffeec279b04ffd7db78/out/vs/workbench/api/node/extensionHostProcess.js:7:96
	at Array.forEach (<anonymous>)
	at MP.c (file:///home/travthegr88/.vscode-server/bin/ddc367ed5c8936efe395cffeec279b04ffd7db78/out/vs/workbench/api/node/extensionHostProcess.js:7:84)
	at MP.onUnexpectedError (file:///home/travthegr88/.vscode-server/bin/ddc367ed5c8936efe395cffeec279b04ffd7db78/out/vs/workbench/api/node/extensionHostProcess.js:7:259)
	at mt (file:///home/travthegr88/.vscode-server/bin/ddc367ed5c8936efe395cffeec279b04ffd7db78/out/vs/workbench/api/node/extensionHostProcess.js:7:546)
	at file:///home/travthegr88/.vscode-server/bin/ddc367ed5c8936efe395cffeec279b04ffd7db78/out/vs/workbench/api/node/extensionHostProcess.js:190:14329
2025-03-18 10:46:37.298 [info] ExtensionService#_doActivateExtension vscode.tunnel-forwarding, startup: false, activationEvent: 'onTunnel'
2025-03-18 10:47:18.959 [warning] [Decorations] CAPPING events from decorations provider vscode.git 10000
2025-03-18 10:50:19.365 [warning] [Decorations] CAPPING events from decorations provider vscode.git 10000
2025-03-18 10:53:19.755 [warning] [Decorations] CAPPING events from decorations provider vscode.git 10000
2025-03-18 10:56:20.190 [warning] [Decorations] CAPPING events from decorations provider vscode.git 10000
2025-03-18 11:10:17.069 [warning] [Decorations] CAPPING events from decorations provider vscode.git 10001
2025-03-18 11:13:54.463 [warning] [Decorations] CAPPING events from decorations provider vscode.git 10000
2025-03-18 11:18:44.431 [warning] [Decorations] CAPPING events from decorations provider vscode.git 10000
2025-03-18 11:24:33.163 [warning] [Decorations] CAPPING events from decorations provider vscode.git 10000
2025-03-18 11:27:40.075 [warning] [Decorations] CAPPING events from decorations provider vscode.git 10000
2025-03-18 11:29:59.647 [info] ExtensionService#_doActivateExtension rangav.vscode-thunder-client, startup: false, activationEvent: 'onView:thunder-client-sidebar'
2025-03-18 11:30:44.319 [warning] [Decorations] CAPPING events from decorations provider vscode.git 10058
2025-03-18 11:33:44.734 [warning] [Decorations] CAPPING events from decorations provider vscode.git 10000
2025-03-18 11:36:45.103 [warning] [Decorations] CAPPING events from decorations provider vscode.git 10000
2025-03-18 11:39:50.819 [warning] [Decorations] CAPPING events from decorations provider vscode.git 10000
2025-03-18 11:42:56.448 [warning] [Decorations] CAPPING events from decorations provider vscode.git 10000
2025-03-18 11:49:11.150 [warning] [Decorations] CAPPING events from decorations provider vscode.git 10005
2025-03-18 11:52:11.567 [warning] [Decorations] CAPPING events from decorations provider vscode.git 10002
2025-03-18 11:56:16.564 [warning] [Decorations] CAPPING events from decorations provider vscode.git 10000
2025-03-18 12:00:47.641 [warning] [Decorations] CAPPING events from decorations provider vscode.git 10000
2025-03-18 12:05:46.926 [warning] [Decorations] CAPPING events from decorations provider vscode.git 10007
2025-03-18 12:10:56.111 [warning] [Decorations] CAPPING events from decorations provider vscode.git 10000
2025-03-18 12:14:37.257 [warning] [Decorations] CAPPING events from decorations provider vscode.git 10000
2025-03-18 12:59:03.894 [warning] [Decorations] CAPPING events from decorations provider vscode.git 10000
2025-03-18 13:19:10.201 [warning] [Decorations] CAPPING events from decorations provider vscode.git 10000
2025-03-18 14:39:25.869 [warning] [Decorations] CAPPING events from decorations provider vscode.git 10029
