2025-03-24 10:59:33.756 [info] [main] Log level: Info
2025-03-24 10:59:33.756 [info] [main] Validating found git in: "git"
2025-03-24 10:59:33.756 [info] [main] Using git "2.43.0" from "git"
2025-03-24 10:59:33.756 [info] [Model][doInitialScan] Initial repository scan started
2025-03-24 10:59:33.756 [info] > git rev-parse --show-toplevel [7ms]
2025-03-24 10:59:33.756 [info] > git rev-parse --git-dir --git-common-dir [118ms]
2025-03-24 10:59:33.756 [info] [Model][openRepository] Opened repository: /home/travthegr88/development/code/phase-1/week-2-code-challenge-flatter-cutie-travinne
2025-03-24 10:59:33.774 [info] > git rev-parse --show-toplevel [120ms]
2025-03-24 10:59:33.775 [info] > git config --get commit.template [128ms]
2025-03-24 10:59:33.794 [info] > git rev-parse --show-toplevel [9ms]
2025-03-24 10:59:33.805 [info] > git for-each-ref --format=%(refname)%00%(upstream:short)%00%(objectname)%00%(upstream:track)%00%(upstream:remotename)%00%(upstream:remoteref) refs/heads/main refs/remotes/main [15ms]
2025-03-24 10:59:33.811 [warning] [Git][revParse] Unable to read file: ENOENT: no such file or directory, open '/home/travthegr88/development/code/phase-1/week-2-code-challenge-flatter-cutie-travinne/.git/refs/remotes/origin/main'
2025-03-24 10:59:33.815 [info] > git rev-parse --show-toplevel [11ms]
2025-03-24 10:59:33.817 [info] [Model][doInitialScan] Initial repository scan completed - repositories (1), closed repositories (0), parent repositories (0), unsafe repositories (0)
2025-03-24 10:59:33.825 [info] > git rev-parse refs/remotes/origin/main [14ms]
2025-03-24 10:59:33.838 [info] > git status -z -uall [9ms]
2025-03-24 10:59:33.838 [info] > git for-each-ref --sort -committerdate --format %(refname) %(objectname) %(*objectname) [3ms]
2025-03-24 10:59:33.855 [info] > git for-each-ref --format=%(refname)%00%(upstream:short)%00%(objectname)%00%(upstream:track)%00%(upstream:remotename)%00%(upstream:remoteref) refs/heads/main refs/remotes/main [9ms]
2025-03-24 10:59:33.915 [info] > git config --get --local branch.main.vscode-merge-base [56ms]
2025-03-24 10:59:33.922 [info] > git config --get commit.template [66ms]
2025-03-24 10:59:33.926 [info] > git for-each-ref --format=%(refname)%00%(upstream:short)%00%(objectname)%00%(upstream:track)%00%(upstream:remotename)%00%(upstream:remoteref) refs/heads/origin/main refs/remotes/origin/main [4ms]
2025-03-24 10:59:34.203 [info] > git for-each-ref --format=%(refname)%00%(upstream:short)%00%(objectname)%00%(upstream:track)%00%(upstream:remotename)%00%(upstream:remoteref) refs/heads/main refs/remotes/main [265ms]
2025-03-24 10:59:34.203 [info] > git merge-base refs/heads/main refs/remotes/origin/main [270ms]
2025-03-24 10:59:34.210 [warning] [Git][revParse] Unable to read file: ENOENT: no such file or directory, open '/home/travthegr88/development/code/phase-1/week-2-code-challenge-flatter-cutie-travinne/.git/refs/remotes/origin/main'
2025-03-24 10:59:34.303 [info] > git show --textconv :src/index.js [84ms]
2025-03-24 10:59:34.303 [info] > git show --textconv HEAD:src/index.js [80ms]
2025-03-24 10:59:34.304 [info] > git ls-tree -l HEAD -- src/index.js [73ms]
2025-03-24 10:59:34.305 [info] > git ls-files --stage -- src/index.js [78ms]
2025-03-24 10:59:34.309 [info] > git rev-parse refs/remotes/origin/main [99ms]
2025-03-24 10:59:34.318 [info] > git diff --name-status -z --diff-filter=ADMR 59aea78e18093569dbcfafdc7b75a94de526a5c6...refs/remotes/origin/main [111ms]
2025-03-24 10:59:34.338 [info] > git status -z -uall [25ms]
2025-03-24 10:59:34.338 [info] > git check-ignore -v -z --stdin [16ms]
2025-03-24 10:59:34.339 [info] > git for-each-ref --sort -committerdate --format %(refname) %(objectname) %(*objectname) [22ms]
2025-03-24 10:59:34.343 [info] > git cat-file -s 8300038b77eb189af46b363b8dbeec409e2cd40c [35ms]
2025-03-24 10:59:34.468 [info] > git blame --root --incremental 59aea78e18093569dbcfafdc7b75a94de526a5c6 -- src/index.js [27ms]
2025-03-24 10:59:34.633 [info] > git fetch [998ms]
2025-03-24 10:59:34.638 [info] > git config --get commit.template [2ms]
2025-03-24 10:59:34.639 [info] > git for-each-ref --format=%(refname)%00%(upstream:short)%00%(objectname)%00%(upstream:track)%00%(upstream:remotename)%00%(upstream:remoteref) refs/heads/main refs/remotes/main [1ms]
2025-03-24 10:59:34.641 [warning] [Git][revParse] Unable to read file: ENOENT: no such file or directory, open '/home/travthegr88/development/code/phase-1/week-2-code-challenge-flatter-cutie-travinne/.git/refs/remotes/origin/main'
2025-03-24 10:59:34.642 [info] > git rev-parse refs/remotes/origin/main [1ms]
2025-03-24 10:59:34.649 [info] > git status -z -uall [3ms]
2025-03-24 10:59:34.650 [info] > git for-each-ref --sort -committerdate --format %(refname) %(objectname) %(*objectname) [2ms]
2025-03-24 10:59:35.218 [info] > git config --get --local branch.main.github-pr-owner-number [137ms]
2025-03-24 10:59:35.219 [warning] [Git][config] git config failed: Failed to execute git
2025-03-24 10:59:35.720 [info] > git config --get commit.template [8ms]
2025-03-24 10:59:35.804 [info] > git for-each-ref --format=%(refname)%00%(upstream:short)%00%(objectname)%00%(upstream:track)%00%(upstream:remotename)%00%(upstream:remoteref) refs/heads/main refs/remotes/main [42ms]
2025-03-24 10:59:35.809 [warning] [Git][revParse] Unable to read file: ENOENT: no such file or directory, open '/home/travthegr88/development/code/phase-1/week-2-code-challenge-flatter-cutie-travinne/.git/refs/remotes/origin/main'
2025-03-24 10:59:35.820 [info] > git rev-parse refs/remotes/origin/main [11ms]
2025-03-24 10:59:35.907 [info] > git status -z -uall [83ms]
2025-03-24 10:59:35.908 [info] > git for-each-ref --sort -committerdate --format %(refname) %(objectname) %(*objectname) [81ms]
2025-03-24 10:59:35.918 [info] > git ls-tree -l HEAD -- src/index.js [47ms]
2025-03-24 10:59:35.919 [info] > git ls-files --stage -- src/index.js [53ms]
2025-03-24 10:59:35.964 [info] > git cat-file -s 8300038b77eb189af46b363b8dbeec409e2cd40c [42ms]
2025-03-24 10:59:36.049 [info] > git show --textconv HEAD:src/index.js [11ms]
2025-03-24 10:59:36.057 [info] > git show --textconv :src/index.js [2ms]
2025-03-24 11:01:33.154 [info] > git check-ignore -v -z --stdin [3ms]
2025-03-24 11:01:47.861 [info] > git show --textconv :src/index.js [20ms]
2025-03-24 11:01:47.861 [info] > git show --textconv HEAD:src/index.js [14ms]
2025-03-24 11:01:47.862 [info] > git ls-tree -l HEAD -- src/index.js [1ms]
2025-03-24 11:01:47.863 [info] > git ls-files --stage -- src/index.js [9ms]
2025-03-24 11:01:47.871 [info] > git cat-file -s 8300038b77eb189af46b363b8dbeec409e2cd40c [2ms]
2025-03-24 11:02:09.445 [info] > git show --textconv :db.json [18ms]
2025-03-24 11:02:09.445 [info] > git show --textconv HEAD:db.json [14ms]
2025-03-24 11:02:09.445 [info] > git ls-tree -l HEAD -- db.json [7ms]
2025-03-24 11:02:09.446 [info] > git ls-files --stage -- db.json [11ms]
2025-03-24 11:02:09.453 [info] > git cat-file -s 2cbeb983387d00def83377c9c4ae2315e258081e [4ms]
2025-03-24 11:02:11.906 [info] > git show --textconv :CONTRIBUTING.md [6ms]
2025-03-24 11:02:11.907 [info] > git ls-files --stage -- CONTRIBUTING.md [2ms]
2025-03-24 11:02:11.918 [info] > git cat-file -s 14b18f92eae6aabd3a22fd80d779c6d7d6fbedfa [5ms]
2025-03-24 11:02:18.872 [info] > git show --textconv :README.md [6ms]
2025-03-24 11:02:18.873 [info] > git ls-files --stage -- README.md [2ms]
2025-03-24 11:02:18.881 [info] > git cat-file -s f7835c918684f0a3623e7684d1f78f3814bbcd42 [2ms]
2025-03-24 11:02:35.715 [info] > git fetch [1054ms]
2025-03-24 11:02:35.732 [info] > git config --get commit.template [6ms]
2025-03-24 11:02:35.733 [info] > git for-each-ref --format=%(refname)%00%(upstream:short)%00%(objectname)%00%(upstream:track)%00%(upstream:remotename)%00%(upstream:remoteref) refs/heads/main refs/remotes/main [3ms]
2025-03-24 11:02:35.739 [warning] [Git][revParse] Unable to read file: ENOENT: no such file or directory, open '/home/travthegr88/development/code/phase-1/week-2-code-challenge-flatter-cutie-travinne/.git/refs/remotes/origin/main'
2025-03-24 11:02:35.741 [info] > git rev-parse refs/remotes/origin/main [2ms]
2025-03-24 11:02:35.753 [info] > git status -z -uall [8ms]
2025-03-24 11:02:35.756 [info] > git for-each-ref --sort -committerdate --format %(refname) %(objectname) %(*objectname) [3ms]
2025-03-24 11:02:36.802 [info] > git config --get commit.template [2ms]
2025-03-24 11:02:36.810 [info] > git for-each-ref --format=%(refname)%00%(upstream:short)%00%(objectname)%00%(upstream:track)%00%(upstream:remotename)%00%(upstream:remoteref) refs/heads/main refs/remotes/main [1ms]
2025-03-24 11:02:36.816 [warning] [Git][revParse] Unable to read file: ENOENT: no such file or directory, open '/home/travthegr88/development/code/phase-1/week-2-code-challenge-flatter-cutie-travinne/.git/refs/remotes/origin/main'
2025-03-24 11:02:36.817 [info] > git rev-parse refs/remotes/origin/main [1ms]
2025-03-24 11:02:36.829 [info] > git status -z -uall [6ms]
2025-03-24 11:02:36.831 [info] > git for-each-ref --sort -committerdate --format %(refname) %(objectname) %(*objectname) [3ms]
2025-03-24 11:02:36.927 [info] > git ls-files --stage -- CONTRIBUTING.md [4ms]
2025-03-24 11:02:36.931 [info] > git ls-tree -l HEAD -- db.json [12ms]
2025-03-24 11:02:36.932 [info] > git ls-files --stage -- db.json [17ms]
2025-03-24 11:02:36.935 [info] > git ls-tree -l HEAD -- src/index.js [25ms]
2025-03-24 11:02:36.936 [info] > git ls-files --stage -- src/index.js [31ms]
2025-03-24 11:02:36.944 [info] > git cat-file -s 8300038b77eb189af46b363b8dbeec409e2cd40c [5ms]
2025-03-24 11:02:36.944 [info] > git cat-file -s 2cbeb983387d00def83377c9c4ae2315e258081e [9ms]
2025-03-24 11:02:36.945 [info] > git cat-file -s 14b18f92eae6aabd3a22fd80d779c6d7d6fbedfa [14ms]
2025-03-24 11:02:36.945 [info] > git ls-files --stage -- README.md [19ms]
2025-03-24 11:02:36.968 [info] > git show --textconv HEAD:db.json [14ms]
2025-03-24 11:02:36.968 [info] > git show --textconv HEAD:src/index.js [11ms]
2025-03-24 11:02:36.968 [info] > git show --textconv :src/index.js [7ms]
2025-03-24 11:02:36.968 [info] > git show --textconv :db.json [3ms]
2025-03-24 11:02:36.968 [info] > git show --textconv :CONTRIBUTING.md [0ms]
2025-03-24 11:02:36.969 [info] > git cat-file -s f7835c918684f0a3623e7684d1f78f3814bbcd42 [20ms]
2025-03-24 11:02:36.979 [info] > git show --textconv :README.md [2ms]
2025-03-24 11:05:36.693 [info] > git fetch [922ms]
2025-03-24 11:05:36.705 [info] > git config --get commit.template [5ms]
2025-03-24 11:05:36.706 [info] > git for-each-ref --format=%(refname)%00%(upstream:short)%00%(objectname)%00%(upstream:track)%00%(upstream:remotename)%00%(upstream:remoteref) refs/heads/main refs/remotes/main [1ms]
2025-03-24 11:05:36.709 [warning] [Git][revParse] Unable to read file: ENOENT: no such file or directory, open '/home/travthegr88/development/code/phase-1/week-2-code-challenge-flatter-cutie-travinne/.git/refs/remotes/origin/main'
2025-03-24 11:05:36.710 [info] > git rev-parse refs/remotes/origin/main [1ms]
2025-03-24 11:05:36.716 [info] > git status -z -uall [3ms]
2025-03-24 11:05:36.718 [info] > git for-each-ref --sort -committerdate --format %(refname) %(objectname) %(*objectname) [2ms]
2025-03-24 11:05:37.779 [info] > git config --get commit.template [2ms]
2025-03-24 11:05:37.786 [info] > git for-each-ref --format=%(refname)%00%(upstream:short)%00%(objectname)%00%(upstream:track)%00%(upstream:remotename)%00%(upstream:remoteref) refs/heads/main refs/remotes/main [2ms]
2025-03-24 11:05:37.791 [warning] [Git][revParse] Unable to read file: ENOENT: no such file or directory, open '/home/travthegr88/development/code/phase-1/week-2-code-challenge-flatter-cutie-travinne/.git/refs/remotes/origin/main'
2025-03-24 11:05:37.793 [info] > git rev-parse refs/remotes/origin/main [1ms]
2025-03-24 11:05:37.801 [info] > git status -z -uall [5ms]
2025-03-24 11:05:37.802 [info] > git for-each-ref --sort -committerdate --format %(refname) %(objectname) %(*objectname) [1ms]
2025-03-24 11:05:37.886 [info] > git ls-files --stage -- README.md [2ms]
2025-03-24 11:05:37.892 [info] > git cat-file -s f7835c918684f0a3623e7684d1f78f3814bbcd42 [2ms]
2025-03-24 11:05:37.906 [info] > git show --textconv :README.md [3ms]
2025-03-24 11:12:45.282 [info] > git ls-files --stage -- README.md [11ms]
2025-03-24 11:12:45.292 [info] > git cat-file -s f7835c918684f0a3623e7684d1f78f3814bbcd42 [2ms]
2025-03-24 11:12:45.306 [info] > git show --textconv :README.md [4ms]
2025-03-24 11:12:46.296 [info] > git show --textconv :src/index.js [18ms]
2025-03-24 11:12:46.296 [info] > git show --textconv HEAD:src/index.js [13ms]
2025-03-24 11:12:46.296 [info] > git ls-files --stage -- src/index.js [8ms]
2025-03-24 11:12:46.303 [info] > git ls-tree -l HEAD -- src/index.js [11ms]
2025-03-24 11:12:46.304 [info] > git cat-file -s 8300038b77eb189af46b363b8dbeec409e2cd40c [3ms]
2025-03-24 11:12:46.597 [info] > git fetch [2558ms]
2025-03-24 11:12:46.610 [info] > git config --get commit.template [5ms]
2025-03-24 11:12:46.613 [info] > git for-each-ref --format=%(refname)%00%(upstream:short)%00%(objectname)%00%(upstream:track)%00%(upstream:remotename)%00%(upstream:remoteref) refs/heads/main refs/remotes/main [3ms]
2025-03-24 11:12:46.619 [warning] [Git][revParse] Unable to read file: ENOENT: no such file or directory, open '/home/travthegr88/development/code/phase-1/week-2-code-challenge-flatter-cutie-travinne/.git/refs/remotes/origin/main'
2025-03-24 11:12:46.621 [info] > git rev-parse refs/remotes/origin/main [3ms]
2025-03-24 11:12:46.632 [info] > git status -z -uall [7ms]
2025-03-24 11:12:46.635 [info] > git for-each-ref --sort -committerdate --format %(refname) %(objectname) %(*objectname) [3ms]
2025-03-24 11:12:47.697 [info] > git config --get commit.template [5ms]
2025-03-24 11:12:47.698 [info] > git for-each-ref --format=%(refname)%00%(upstream:short)%00%(objectname)%00%(upstream:track)%00%(upstream:remotename)%00%(upstream:remoteref) refs/heads/main refs/remotes/main [2ms]
2025-03-24 11:12:47.701 [warning] [Git][revParse] Unable to read file: ENOENT: no such file or directory, open '/home/travthegr88/development/code/phase-1/week-2-code-challenge-flatter-cutie-travinne/.git/refs/remotes/origin/main'
2025-03-24 11:12:47.702 [info] > git rev-parse refs/remotes/origin/main [2ms]
2025-03-24 11:12:47.710 [info] > git status -z -uall [6ms]
2025-03-24 11:12:47.710 [info] > git for-each-ref --sort -committerdate --format %(refname) %(objectname) %(*objectname) [3ms]
2025-03-24 11:12:47.803 [info] > git ls-files --stage -- src/index.js [5ms]
2025-03-24 11:12:47.806 [info] > git ls-tree -l HEAD -- src/index.js [5ms]
2025-03-24 11:12:47.807 [info] > git cat-file -s 8300038b77eb189af46b363b8dbeec409e2cd40c [1ms]
2025-03-24 11:12:47.820 [info] > git show --textconv HEAD:src/index.js [5ms]
2025-03-24 11:12:47.820 [info] > git show --textconv :src/index.js [2ms]
2025-03-24 11:12:53.859 [info] > git config --get commit.template [6ms]
2025-03-24 11:12:53.860 [info] > git for-each-ref --format=%(refname)%00%(upstream:short)%00%(objectname)%00%(upstream:track)%00%(upstream:remotename)%00%(upstream:remoteref) refs/heads/main refs/remotes/main [3ms]
2025-03-24 11:12:53.865 [warning] [Git][revParse] Unable to read file: ENOENT: no such file or directory, open '/home/travthegr88/development/code/phase-1/week-2-code-challenge-flatter-cutie-travinne/.git/refs/remotes/origin/main'
2025-03-24 11:12:53.866 [info] > git rev-parse refs/remotes/origin/main [2ms]
2025-03-24 11:12:53.876 [info] > git status -z -uall [5ms]
2025-03-24 11:12:53.877 [info] > git for-each-ref --sort -committerdate --format %(refname) %(objectname) %(*objectname) [2ms]
2025-03-24 11:12:58.900 [info] > git config --get commit.template [6ms]
2025-03-24 11:12:58.901 [info] > git for-each-ref --format=%(refname)%00%(upstream:short)%00%(objectname)%00%(upstream:track)%00%(upstream:remotename)%00%(upstream:remoteref) refs/heads/main refs/remotes/main [2ms]
2025-03-24 11:12:58.906 [warning] [Git][revParse] Unable to read file: ENOENT: no such file or directory, open '/home/travthegr88/development/code/phase-1/week-2-code-challenge-flatter-cutie-travinne/.git/refs/remotes/origin/main'
2025-03-24 11:12:58.908 [info] > git rev-parse refs/remotes/origin/main [2ms]
2025-03-24 11:12:58.920 [info] > git status -z -uall [7ms]
2025-03-24 11:12:58.922 [info] > git for-each-ref --sort -committerdate --format %(refname) %(objectname) %(*objectname) [3ms]
2025-03-24 11:13:32.951 [info] > git show --textconv :index.html [15ms]
2025-03-24 11:13:32.951 [info] > git show --textconv HEAD:index.html [11ms]
2025-03-24 11:13:32.951 [info] > git ls-files --stage -- index.html [7ms]
2025-03-24 11:13:32.960 [info] > git ls-tree -l HEAD -- index.html [12ms]
2025-03-24 11:13:32.962 [info] > git cat-file -s a8b6451a79758088cd4e70b18efbc4acf3c0b7a9 [6ms]
2025-03-24 11:13:33.031 [info] > git blame --root --incremental 59aea78e18093569dbcfafdc7b75a94de526a5c6 -- index.html [5ms]
2025-03-24 11:15:47.903 [info] > git ls-files --stage -- index.html [5ms]
2025-03-24 11:15:47.908 [info] > git ls-tree -l HEAD -- src/index.js [16ms]
2025-03-24 11:15:47.908 [info] > git ls-files --stage -- src/index.js [21ms]
2025-03-24 11:15:47.913 [info] > git cat-file -s a8b6451a79758088cd4e70b18efbc4acf3c0b7a9 [5ms]
2025-03-24 11:15:47.913 [info] > git ls-tree -l HEAD -- index.html [12ms]
2025-03-24 11:15:47.914 [info] > git cat-file -s 8300038b77eb189af46b363b8dbeec409e2cd40c [3ms]
2025-03-24 11:15:47.933 [info] > git show --textconv HEAD:src/index.js [14ms]
2025-03-24 11:15:47.933 [info] > git show --textconv :index.html [9ms]
2025-03-24 11:15:47.933 [info] > git show --textconv HEAD:index.html [6ms]
2025-03-24 11:15:47.934 [info] > git show --textconv :src/index.js [2ms]
2025-03-24 11:15:48.012 [info] > git fetch [1356ms]
2025-03-24 11:15:48.024 [info] > git config --get commit.template [5ms]
2025-03-24 11:15:48.025 [info] > git for-each-ref --format=%(refname)%00%(upstream:short)%00%(objectname)%00%(upstream:track)%00%(upstream:remotename)%00%(upstream:remoteref) refs/heads/main refs/remotes/main [2ms]
2025-03-24 11:15:48.029 [warning] [Git][revParse] Unable to read file: ENOENT: no such file or directory, open '/home/travthegr88/development/code/phase-1/week-2-code-challenge-flatter-cutie-travinne/.git/refs/remotes/origin/main'
2025-03-24 11:15:48.032 [info] > git rev-parse refs/remotes/origin/main [3ms]
2025-03-24 11:15:48.042 [info] > git status -z -uall [6ms]
2025-03-24 11:15:48.044 [info] > git for-each-ref --sort -committerdate --format %(refname) %(objectname) %(*objectname) [2ms]
2025-03-24 11:15:49.102 [info] > git config --get commit.template [8ms]
2025-03-24 11:15:49.104 [info] > git for-each-ref --format=%(refname)%00%(upstream:short)%00%(objectname)%00%(upstream:track)%00%(upstream:remotename)%00%(upstream:remoteref) refs/heads/main refs/remotes/main [5ms]
2025-03-24 11:15:49.109 [warning] [Git][revParse] Unable to read file: ENOENT: no such file or directory, open '/home/travthegr88/development/code/phase-1/week-2-code-challenge-flatter-cutie-travinne/.git/refs/remotes/origin/main'
2025-03-24 11:15:49.110 [info] > git rev-parse refs/remotes/origin/main [2ms]
2025-03-24 11:15:49.118 [info] > git status -z -uall [5ms]
2025-03-24 11:15:49.119 [info] > git for-each-ref --sort -committerdate --format %(refname) %(objectname) %(*objectname) [2ms]
2025-03-24 11:15:49.209 [info] > git ls-files --stage -- index.html [5ms]
2025-03-24 11:15:49.214 [info] > git ls-tree -l HEAD -- src/index.js [14ms]
2025-03-24 11:15:49.214 [info] > git ls-files --stage -- src/index.js [18ms]
2025-03-24 11:15:49.220 [info] > git cat-file -s a8b6451a79758088cd4e70b18efbc4acf3c0b7a9 [6ms]
2025-03-24 11:15:49.220 [info] > git ls-tree -l HEAD -- index.html [13ms]
2025-03-24 11:15:49.229 [info] > git cat-file -s 8300038b77eb189af46b363b8dbeec409e2cd40c [11ms]
2025-03-24 11:15:49.238 [info] > git show --textconv HEAD:src/index.js [10ms]
2025-03-24 11:15:49.238 [info] > git show --textconv :index.html [4ms]
2025-03-24 11:15:49.245 [info] > git show --textconv HEAD:index.html [8ms]
2025-03-24 11:15:49.245 [info] > git show --textconv :src/index.js [1ms]
2025-03-24 11:18:49.117 [info] > git fetch [1059ms]
2025-03-24 11:18:49.129 [info] > git config --get commit.template [5ms]
2025-03-24 11:18:49.130 [info] > git for-each-ref --format=%(refname)%00%(upstream:short)%00%(objectname)%00%(upstream:track)%00%(upstream:remotename)%00%(upstream:remoteref) refs/heads/main refs/remotes/main [2ms]
2025-03-24 11:18:49.134 [warning] [Git][revParse] Unable to read file: ENOENT: no such file or directory, open '/home/travthegr88/development/code/phase-1/week-2-code-challenge-flatter-cutie-travinne/.git/refs/remotes/origin/main'
2025-03-24 11:18:49.136 [info] > git rev-parse refs/remotes/origin/main [2ms]
2025-03-24 11:18:49.145 [info] > git status -z -uall [6ms]
2025-03-24 11:18:49.146 [info] > git for-each-ref --sort -committerdate --format %(refname) %(objectname) %(*objectname) [2ms]
2025-03-24 11:18:50.221 [info] > git config --get commit.template [5ms]
2025-03-24 11:18:50.222 [info] > git for-each-ref --format=%(refname)%00%(upstream:short)%00%(objectname)%00%(upstream:track)%00%(upstream:remotename)%00%(upstream:remoteref) refs/heads/main refs/remotes/main [2ms]
2025-03-24 11:18:50.226 [warning] [Git][revParse] Unable to read file: ENOENT: no such file or directory, open '/home/travthegr88/development/code/phase-1/week-2-code-challenge-flatter-cutie-travinne/.git/refs/remotes/origin/main'
2025-03-24 11:18:50.228 [info] > git rev-parse refs/remotes/origin/main [2ms]
2025-03-24 11:18:50.237 [info] > git status -z -uall [5ms]
2025-03-24 11:18:50.240 [info] > git for-each-ref --sort -committerdate --format %(refname) %(objectname) %(*objectname) [4ms]
2025-03-24 11:18:50.325 [info] > git ls-files --stage -- src/index.js [7ms]
2025-03-24 11:18:50.331 [info] > git ls-tree -l HEAD -- src/index.js [6ms]
2025-03-24 11:18:50.332 [info] > git cat-file -s 8300038b77eb189af46b363b8dbeec409e2cd40c [3ms]
2025-03-24 11:18:50.345 [info] > git show --textconv HEAD:src/index.js [5ms]
2025-03-24 11:18:50.345 [info] > git show --textconv :src/index.js [2ms]
2025-03-24 11:21:38.269 [info] > git show --textconv :db.json [32ms]
2025-03-24 11:21:38.272 [info] > git show --textconv HEAD:db.json [27ms]
2025-03-24 11:21:38.273 [info] > git ls-files --stage -- db.json [19ms]
2025-03-24 11:21:38.280 [info] > git ls-tree -l HEAD -- db.json [18ms]
2025-03-24 11:21:38.282 [info] > git cat-file -s 2cbeb983387d00def83377c9c4ae2315e258081e [4ms]
2025-03-24 11:21:43.962 [info] > git show --textconv :index.html [25ms]
2025-03-24 11:21:43.962 [info] > git show --textconv HEAD:index.html [19ms]
2025-03-24 11:21:43.962 [info] > git ls-tree -l HEAD -- index.html [2ms]
2025-03-24 11:21:43.963 [info] > git ls-files --stage -- index.html [13ms]
2025-03-24 11:21:43.973 [info] > git cat-file -s a8b6451a79758088cd4e70b18efbc4acf3c0b7a9 [3ms]
2025-03-24 11:21:50.402 [info] > git ls-files --stage -- index.html [9ms]
2025-03-24 11:21:50.410 [info] > git ls-tree -l HEAD -- db.json [29ms]
2025-03-24 11:21:50.411 [info] > git ls-files --stage -- db.json [37ms]
2025-03-24 11:21:50.417 [info] > git cat-file -s a8b6451a79758088cd4e70b18efbc4acf3c0b7a9 [8ms]
2025-03-24 11:21:50.417 [info] > git ls-tree -l HEAD -- index.html [18ms]
2025-03-24 11:21:50.418 [info] > git cat-file -s 2cbeb983387d00def83377c9c4ae2315e258081e [2ms]
2025-03-24 11:21:50.452 [info] > git show --textconv HEAD:db.json [19ms]
2025-03-24 11:21:50.452 [info] > git show --textconv :index.html [12ms]
2025-03-24 11:21:50.452 [info] > git show --textconv HEAD:index.html [8ms]
2025-03-24 11:21:50.456 [info] > git show --textconv :db.json [4ms]
2025-03-24 11:21:50.467 [info] > git fetch [1308ms]
2025-03-24 11:21:50.476 [info] > git config --get commit.template [3ms]
2025-03-24 11:21:50.480 [info] > git for-each-ref --format=%(refname)%00%(upstream:short)%00%(objectname)%00%(upstream:track)%00%(upstream:remotename)%00%(upstream:remoteref) refs/heads/main refs/remotes/main [1ms]
2025-03-24 11:21:50.486 [warning] [Git][revParse] Unable to read file: ENOENT: no such file or directory, open '/home/travthegr88/development/code/phase-1/week-2-code-challenge-flatter-cutie-travinne/.git/refs/remotes/origin/main'
2025-03-24 11:21:50.488 [info] > git rev-parse refs/remotes/origin/main [2ms]
2025-03-24 11:21:50.498 [info] > git status -z -uall [7ms]
2025-03-24 11:21:50.499 [info] > git for-each-ref --sort -committerdate --format %(refname) %(objectname) %(*objectname) [1ms]
2025-03-24 11:21:51.568 [info] > git config --get commit.template [2ms]
2025-03-24 11:21:51.580 [info] > git for-each-ref --format=%(refname)%00%(upstream:short)%00%(objectname)%00%(upstream:track)%00%(upstream:remotename)%00%(upstream:remoteref) refs/heads/main refs/remotes/main [3ms]
2025-03-24 11:21:51.588 [warning] [Git][revParse] Unable to read file: ENOENT: no such file or directory, open '/home/travthegr88/development/code/phase-1/week-2-code-challenge-flatter-cutie-travinne/.git/refs/remotes/origin/main'
2025-03-24 11:21:51.591 [info] > git rev-parse refs/remotes/origin/main [3ms]
2025-03-24 11:21:51.609 [info] > git status -z -uall [10ms]
2025-03-24 11:21:51.611 [info] > git for-each-ref --sort -committerdate --format %(refname) %(objectname) %(*objectname) [4ms]
2025-03-24 11:21:51.694 [info] > git ls-files --stage -- index.html [9ms]
2025-03-24 11:21:51.703 [info] > git ls-tree -l HEAD -- db.json [23ms]
2025-03-24 11:21:51.704 [info] > git ls-files --stage -- db.json [31ms]
2025-03-24 11:21:51.712 [info] > git cat-file -s a8b6451a79758088cd4e70b18efbc4acf3c0b7a9 [11ms]
2025-03-24 11:21:51.713 [info] > git ls-tree -l HEAD -- index.html [21ms]
2025-03-24 11:21:51.716 [info] > git cat-file -s 2cbeb983387d00def83377c9c4ae2315e258081e [6ms]
2025-03-24 11:21:51.745 [info] > git show --textconv HEAD:db.json [20ms]
2025-03-24 11:21:51.746 [info] > git show --textconv :index.html [13ms]
2025-03-24 11:21:51.746 [info] > git show --textconv HEAD:index.html [9ms]
2025-03-24 11:21:51.748 [info] > git show --textconv :db.json [4ms]
2025-03-24 11:21:52.032 [info] > git show --textconv :src/index.js [28ms]
2025-03-24 11:21:52.032 [info] > git show --textconv HEAD:src/index.js [20ms]
2025-03-24 11:21:52.033 [info] > git ls-files --stage -- src/index.js [12ms]
2025-03-24 11:21:52.048 [info] > git cat-file -s 8300038b77eb189af46b363b8dbeec409e2cd40c [7ms]
2025-03-24 11:21:52.048 [info] > git ls-tree -l HEAD -- src/index.js [20ms]
2025-03-24 11:21:57.954 [info] > git show --textconv :README.md [9ms]
2025-03-24 11:21:57.959 [info] > git ls-files --stage -- README.md [9ms]
2025-03-24 11:21:57.967 [info] > git cat-file -s f7835c918684f0a3623e7684d1f78f3814bbcd42 [2ms]
2025-03-24 11:24:51.731 [info] > git fetch [1213ms]
2025-03-24 11:24:51.758 [info] > git ls-tree -l HEAD -- src/index.js [7ms]
2025-03-24 11:24:51.759 [info] > git ls-files --stage -- src/index.js [14ms]
2025-03-24 11:24:51.764 [info] > git config --get commit.template [25ms]
2025-03-24 11:24:51.777 [info] > git ls-files --stage -- README.md [21ms]
2025-03-24 11:24:51.783 [info] > git show --textconv HEAD:src/index.js [7ms]
2025-03-24 11:24:51.784 [info] > git for-each-ref --format=%(refname)%00%(upstream:short)%00%(objectname)%00%(upstream:track)%00%(upstream:remotename)%00%(upstream:remoteref) refs/heads/main refs/remotes/main [14ms]
2025-03-24 11:24:51.785 [info] > git cat-file -s 8300038b77eb189af46b363b8dbeec409e2cd40c [21ms]
2025-03-24 11:24:51.792 [warning] [Git][revParse] Unable to read file: ENOENT: no such file or directory, open '/home/travthegr88/development/code/phase-1/week-2-code-challenge-flatter-cutie-travinne/.git/refs/remotes/origin/main'
2025-03-24 11:24:51.793 [info] > git cat-file -s f7835c918684f0a3623e7684d1f78f3814bbcd42 [11ms]
2025-03-24 11:24:51.804 [info] > git rev-parse refs/remotes/origin/main [11ms]
2025-03-24 11:24:51.820 [info] > git show --textconv :src/index.js [17ms]
2025-03-24 11:24:51.820 [info] > git status -z -uall [12ms]
2025-03-24 11:24:51.823 [info] > git show --textconv :README.md [4ms]
2025-03-24 11:24:51.824 [info] > git for-each-ref --sort -committerdate --format %(refname) %(objectname) %(*objectname) [11ms]
2025-03-24 11:24:52.931 [info] > git ls-files --stage -- README.md [2ms]
2025-03-24 11:24:52.938 [info] > git cat-file -s f7835c918684f0a3623e7684d1f78f3814bbcd42 [2ms]
2025-03-24 11:24:52.954 [info] > git show --textconv :README.md [3ms]
2025-03-24 11:27:53.077 [info] > git fetch [1231ms]
2025-03-24 11:27:53.085 [info] > git ls-files --stage -- README.md [9ms]
2025-03-24 11:27:53.090 [info] > git config --get commit.template [6ms]
2025-03-24 11:27:53.095 [info] > git cat-file -s f7835c918684f0a3623e7684d1f78f3814bbcd42 [6ms]
2025-03-24 11:27:53.096 [info] > git for-each-ref --format=%(refname)%00%(upstream:short)%00%(objectname)%00%(upstream:track)%00%(upstream:remotename)%00%(upstream:remoteref) refs/heads/main refs/remotes/main [2ms]
2025-03-24 11:27:53.101 [warning] [Git][revParse] Unable to read file: ENOENT: no such file or directory, open '/home/travthegr88/development/code/phase-1/week-2-code-challenge-flatter-cutie-travinne/.git/refs/remotes/origin/main'
2025-03-24 11:27:53.107 [info] > git rev-parse refs/remotes/origin/main [6ms]
2025-03-24 11:27:53.119 [info] > git show --textconv :README.md [13ms]
2025-03-24 11:27:53.119 [info] > git status -z -uall [6ms]
2025-03-24 11:27:53.123 [info] > git for-each-ref --sort -committerdate --format %(refname) %(objectname) %(*objectname) [4ms]
2025-03-24 11:27:54.191 [info] > git config --get commit.template [8ms]
2025-03-24 11:27:54.192 [info] > git for-each-ref --format=%(refname)%00%(upstream:short)%00%(objectname)%00%(upstream:track)%00%(upstream:remotename)%00%(upstream:remoteref) refs/heads/main refs/remotes/main [2ms]
2025-03-24 11:27:54.196 [warning] [Git][revParse] Unable to read file: ENOENT: no such file or directory, open '/home/travthegr88/development/code/phase-1/week-2-code-challenge-flatter-cutie-travinne/.git/refs/remotes/origin/main'
2025-03-24 11:27:54.198 [info] > git rev-parse refs/remotes/origin/main [2ms]
2025-03-24 11:27:54.210 [info] > git status -z -uall [8ms]
2025-03-24 11:27:54.211 [info] > git for-each-ref --sort -committerdate --format %(refname) %(objectname) %(*objectname) [4ms]
2025-03-24 11:27:54.289 [info] > git ls-files --stage -- README.md [2ms]
2025-03-24 11:27:54.295 [info] > git cat-file -s f7835c918684f0a3623e7684d1f78f3814bbcd42 [2ms]
2025-03-24 11:27:54.308 [info] > git show --textconv :README.md [3ms]
2025-03-24 11:29:08.895 [info] > git show --textconv :index.html [26ms]
2025-03-24 11:29:08.895 [info] > git show --textconv HEAD:index.html [20ms]
2025-03-24 11:29:08.896 [info] > git ls-files --stage -- index.html [12ms]
2025-03-24 11:29:08.907 [info] > git ls-tree -l HEAD -- index.html [14ms]
2025-03-24 11:29:08.908 [info] > git cat-file -s a8b6451a79758088cd4e70b18efbc4acf3c0b7a9 [5ms]
2025-03-24 11:29:31.506 [info] > git config --get commit.template [2ms]
2025-03-24 11:29:31.514 [info] > git for-each-ref --format=%(refname)%00%(upstream:short)%00%(objectname)%00%(upstream:track)%00%(upstream:remotename)%00%(upstream:remoteref) refs/heads/main refs/remotes/main [2ms]
2025-03-24 11:29:31.524 [warning] [Git][revParse] Unable to read file: ENOENT: no such file or directory, open '/home/travthegr88/development/code/phase-1/week-2-code-challenge-flatter-cutie-travinne/.git/refs/remotes/origin/main'
2025-03-24 11:29:31.526 [info] > git rev-parse refs/remotes/origin/main [2ms]
2025-03-24 11:29:31.542 [info] > git status -z -uall [9ms]
2025-03-24 11:29:31.544 [info] > git for-each-ref --sort -committerdate --format %(refname) %(objectname) %(*objectname) [3ms]
2025-03-24 11:30:14.596 [info] > git config --get commit.template [13ms]
2025-03-24 11:30:14.607 [info] > git for-each-ref --format=%(refname)%00%(upstream:short)%00%(objectname)%00%(upstream:track)%00%(upstream:remotename)%00%(upstream:remoteref) refs/heads/main refs/remotes/main [16ms]
2025-03-24 11:30:14.613 [warning] [Git][revParse] Unable to read file: ENOENT: no such file or directory, open '/home/travthegr88/development/code/phase-1/week-2-code-challenge-flatter-cutie-travinne/.git/refs/remotes/origin/main'
2025-03-24 11:30:14.615 [info] > git rev-parse refs/remotes/origin/main [2ms]
2025-03-24 11:30:14.625 [info] > git status -z -uall [7ms]
2025-03-24 11:30:14.627 [info] > git for-each-ref --sort -committerdate --format %(refname) %(objectname) %(*objectname) [4ms]
2025-03-24 11:42:32.870 [info] > git ls-files --stage -- index.html [8ms]
2025-03-24 11:42:32.886 [info] > git ls-tree -l HEAD -- index.html [17ms]
2025-03-24 11:42:32.889 [info] > git cat-file -s a8b6451a79758088cd4e70b18efbc4acf3c0b7a9 [4ms]
2025-03-24 11:42:32.923 [info] > git show --textconv HEAD:index.html [12ms]
2025-03-24 11:42:32.923 [info] > git show --textconv :index.html [2ms]
2025-03-24 11:42:33.331 [info] > git fetch [1768ms]
2025-03-24 11:42:33.346 [info] > git config --get commit.template [6ms]
2025-03-24 11:42:33.347 [info] > git for-each-ref --format=%(refname)%00%(upstream:short)%00%(objectname)%00%(upstream:track)%00%(upstream:remotename)%00%(upstream:remoteref) refs/heads/main refs/remotes/main [4ms]
2025-03-24 11:42:33.353 [warning] [Git][revParse] Unable to read file: ENOENT: no such file or directory, open '/home/travthegr88/development/code/phase-1/week-2-code-challenge-flatter-cutie-travinne/.git/refs/remotes/origin/main'
2025-03-24 11:42:33.355 [info] > git rev-parse refs/remotes/origin/main [2ms]
2025-03-24 11:42:33.367 [info] > git for-each-ref --sort -committerdate --format %(refname) %(objectname) %(*objectname) [2ms]
2025-03-24 11:42:33.368 [info] > git status -z -uall [9ms]
2025-03-24 11:42:34.426 [info] > git config --get commit.template [8ms]
2025-03-24 11:42:34.427 [info] > git for-each-ref --format=%(refname)%00%(upstream:short)%00%(objectname)%00%(upstream:track)%00%(upstream:remotename)%00%(upstream:remoteref) refs/heads/main refs/remotes/main [2ms]
2025-03-24 11:42:34.435 [warning] [Git][revParse] Unable to read file: ENOENT: no such file or directory, open '/home/travthegr88/development/code/phase-1/week-2-code-challenge-flatter-cutie-travinne/.git/refs/remotes/origin/main'
2025-03-24 11:42:34.437 [info] > git rev-parse refs/remotes/origin/main [3ms]
2025-03-24 11:42:34.481 [info] > git status -z -uall [25ms]
2025-03-24 11:42:34.487 [info] > git for-each-ref --sort -committerdate --format %(refname) %(objectname) %(*objectname) [13ms]
2025-03-24 11:42:34.653 [info] > git show --textconv :src/index.js [13ms]
2025-03-24 11:42:34.654 [info] > git show --textconv HEAD:src/index.js [8ms]
2025-03-24 11:42:34.654 [info] > git ls-files --stage -- src/index.js [6ms]
2025-03-24 11:42:34.661 [info] > git ls-tree -l HEAD -- src/index.js [7ms]
2025-03-24 11:42:34.661 [info] > git cat-file -s 8300038b77eb189af46b363b8dbeec409e2cd40c [4ms]
2025-03-24 11:42:34.733 [info] > git ls-files --stage -- src/index.js [2ms]
2025-03-24 11:42:34.739 [info] > git ls-tree -l HEAD -- src/index.js [15ms]
2025-03-24 11:42:34.741 [info] > git cat-file -s 8300038b77eb189af46b363b8dbeec409e2cd40c [3ms]
2025-03-24 11:43:19.697 [info] > git show --textconv :README.md [20ms]
2025-03-24 11:43:19.698 [info] > git ls-files --stage -- README.md [10ms]
2025-03-24 11:43:19.702 [info] > git cat-file -s f7835c918684f0a3623e7684d1f78f3814bbcd42 [1ms]
2025-03-24 11:43:22.005 [info] > git show --textconv :index.html [22ms]
2025-03-24 11:43:22.005 [info] > git show --textconv HEAD:index.html [15ms]
2025-03-24 11:43:22.005 [info] > git ls-files --stage -- index.html [7ms]
2025-03-24 11:43:22.016 [info] > git cat-file -s a8b6451a79758088cd4e70b18efbc4acf3c0b7a9 [5ms]
2025-03-24 11:43:22.017 [info] > git ls-tree -l HEAD -- index.html [13ms]
2025-03-24 11:43:35.646 [info] > git config --get commit.template [3ms]
2025-03-24 11:43:35.653 [info] > git for-each-ref --format=%(refname)%00%(upstream:short)%00%(objectname)%00%(upstream:track)%00%(upstream:remotename)%00%(upstream:remoteref) refs/heads/main refs/remotes/main [2ms]
2025-03-24 11:43:35.658 [warning] [Git][revParse] Unable to read file: ENOENT: no such file or directory, open '/home/travthegr88/development/code/phase-1/week-2-code-challenge-flatter-cutie-travinne/.git/refs/remotes/origin/main'
2025-03-24 11:43:35.660 [info] > git rev-parse refs/remotes/origin/main [1ms]
2025-03-24 11:43:35.668 [info] > git status -z -uall [5ms]
2025-03-24 11:43:35.669 [info] > git for-each-ref --sort -committerdate --format %(refname) %(objectname) %(*objectname) [2ms]
2025-03-24 11:44:03.046 [info] > git config --get commit.template [7ms]
2025-03-24 11:44:03.047 [info] > git for-each-ref --format=%(refname)%00%(upstream:short)%00%(objectname)%00%(upstream:track)%00%(upstream:remotename)%00%(upstream:remoteref) refs/heads/main refs/remotes/main [2ms]
2025-03-24 11:44:03.053 [warning] [Git][revParse] Unable to read file: ENOENT: no such file or directory, open '/home/travthegr88/development/code/phase-1/week-2-code-challenge-flatter-cutie-travinne/.git/refs/remotes/origin/main'
2025-03-24 11:44:03.056 [info] > git rev-parse refs/remotes/origin/main [3ms]
2025-03-24 11:44:03.066 [info] > git status -z -uall [5ms]
2025-03-24 11:44:03.068 [info] > git for-each-ref --sort -committerdate --format %(refname) %(objectname) %(*objectname) [1ms]
2025-03-24 11:44:37.840 [info] > git config --get commit.template [7ms]
2025-03-24 11:44:37.842 [info] > git for-each-ref --format=%(refname)%00%(upstream:short)%00%(objectname)%00%(upstream:track)%00%(upstream:remotename)%00%(upstream:remoteref) refs/heads/main refs/remotes/main [2ms]
2025-03-24 11:44:37.846 [warning] [Git][revParse] Unable to read file: ENOENT: no such file or directory, open '/home/travthegr88/development/code/phase-1/week-2-code-challenge-flatter-cutie-travinne/.git/refs/remotes/origin/main'
2025-03-24 11:44:37.848 [info] > git rev-parse refs/remotes/origin/main [2ms]
2025-03-24 11:44:37.857 [info] > git status -z -uall [5ms]
2025-03-24 11:44:37.860 [info] > git for-each-ref --sort -committerdate --format %(refname) %(objectname) %(*objectname) [4ms]
2025-03-24 11:44:42.881 [info] > git config --get commit.template [6ms]
2025-03-24 11:44:42.882 [info] > git for-each-ref --format=%(refname)%00%(upstream:short)%00%(objectname)%00%(upstream:track)%00%(upstream:remotename)%00%(upstream:remoteref) refs/heads/main refs/remotes/main [2ms]
2025-03-24 11:44:42.890 [warning] [Git][revParse] Unable to read file: ENOENT: no such file or directory, open '/home/travthegr88/development/code/phase-1/week-2-code-challenge-flatter-cutie-travinne/.git/refs/remotes/origin/main'
2025-03-24 11:44:42.893 [info] > git rev-parse refs/remotes/origin/main [3ms]
2025-03-24 11:44:42.907 [info] > git status -z -uall [7ms]
2025-03-24 11:44:42.910 [info] > git for-each-ref --sort -committerdate --format %(refname) %(objectname) %(*objectname) [4ms]
2025-03-24 11:44:47.927 [info] > git config --get commit.template [5ms]
2025-03-24 11:44:47.929 [info] > git for-each-ref --format=%(refname)%00%(upstream:short)%00%(objectname)%00%(upstream:track)%00%(upstream:remotename)%00%(upstream:remoteref) refs/heads/main refs/remotes/main [1ms]
2025-03-24 11:44:47.932 [warning] [Git][revParse] Unable to read file: ENOENT: no such file or directory, open '/home/travthegr88/development/code/phase-1/week-2-code-challenge-flatter-cutie-travinne/.git/refs/remotes/origin/main'
2025-03-24 11:44:47.934 [info] > git rev-parse refs/remotes/origin/main [2ms]
2025-03-24 11:44:47.947 [info] > git status -z -uall [5ms]
2025-03-24 11:44:47.948 [info] > git for-each-ref --sort -committerdate --format %(refname) %(objectname) %(*objectname) [2ms]
2025-03-24 11:45:12.928 [info] > git config --get commit.template [5ms]
2025-03-24 11:45:12.940 [info] > git for-each-ref --format=%(refname)%00%(upstream:short)%00%(objectname)%00%(upstream:track)%00%(upstream:remotename)%00%(upstream:remoteref) refs/heads/main refs/remotes/main [4ms]
2025-03-24 11:45:12.946 [warning] [Git][revParse] Unable to read file: ENOENT: no such file or directory, open '/home/travthegr88/development/code/phase-1/week-2-code-challenge-flatter-cutie-travinne/.git/refs/remotes/origin/main'
2025-03-24 11:45:12.947 [info] > git rev-parse refs/remotes/origin/main [1ms]
2025-03-24 11:45:12.967 [info] > git status -z -uall [9ms]
2025-03-24 11:45:12.969 [info] > git for-each-ref --sort -committerdate --format %(refname) %(objectname) %(*objectname) [3ms]
2025-03-24 11:45:18.904 [info] > git config --get commit.template [8ms]
2025-03-24 11:45:18.907 [info] > git for-each-ref --format=%(refname)%00%(upstream:short)%00%(objectname)%00%(upstream:track)%00%(upstream:remotename)%00%(upstream:remoteref) refs/heads/main refs/remotes/main [3ms]
2025-03-24 11:45:18.912 [warning] [Git][revParse] Unable to read file: ENOENT: no such file or directory, open '/home/travthegr88/development/code/phase-1/week-2-code-challenge-flatter-cutie-travinne/.git/refs/remotes/origin/main'
2025-03-24 11:45:18.913 [info] > git rev-parse refs/remotes/origin/main [2ms]
2025-03-24 11:45:18.925 [info] > git status -z -uall [6ms]
2025-03-24 11:45:18.927 [info] > git for-each-ref --sort -committerdate --format %(refname) %(objectname) %(*objectname) [3ms]
2025-03-24 11:45:33.635 [info] > git ls-files --stage -- index.html [5ms]
2025-03-24 11:45:33.639 [info] > git ls-files --stage -- README.md [14ms]
2025-03-24 11:45:33.643 [info] > git ls-tree -l HEAD -- src/index.js [22ms]
2025-03-24 11:45:33.645 [info] > git ls-files --stage -- src/index.js [27ms]
2025-03-24 11:45:33.650 [info] > git cat-file -s f7835c918684f0a3623e7684d1f78f3814bbcd42 [7ms]
2025-03-24 11:45:33.650 [info] > git cat-file -s a8b6451a79758088cd4e70b18efbc4acf3c0b7a9 [11ms]
2025-03-24 11:45:33.651 [info] > git ls-tree -l HEAD -- index.html [18ms]
2025-03-24 11:45:33.653 [info] > git cat-file -s 8300038b77eb189af46b363b8dbeec409e2cd40c [4ms]
2025-03-24 11:45:33.677 [info] > git show --textconv HEAD:src/index.js [19ms]
2025-03-24 11:45:33.678 [info] > git show --textconv :README.md [14ms]
2025-03-24 11:45:33.678 [info] > git show --textconv :index.html [12ms]
2025-03-24 11:45:33.678 [info] > git show --textconv HEAD:index.html [7ms]
2025-03-24 11:45:33.679 [info] > git show --textconv :src/index.js [2ms]
2025-03-24 11:45:34.167 [info] > git fetch [1752ms]
2025-03-24 11:45:34.180 [info] > git config --get commit.template [6ms]
2025-03-24 11:45:34.180 [info] > git for-each-ref --format=%(refname)%00%(upstream:short)%00%(objectname)%00%(upstream:track)%00%(upstream:remotename)%00%(upstream:remoteref) refs/heads/main refs/remotes/main [2ms]
2025-03-24 11:45:34.185 [warning] [Git][revParse] Unable to read file: ENOENT: no such file or directory, open '/home/travthegr88/development/code/phase-1/week-2-code-challenge-flatter-cutie-travinne/.git/refs/remotes/origin/main'
2025-03-24 11:45:34.187 [info] > git rev-parse refs/remotes/origin/main [2ms]
2025-03-24 11:45:34.197 [info] > git status -z -uall [6ms]
2025-03-24 11:45:34.198 [info] > git for-each-ref --sort -committerdate --format %(refname) %(objectname) %(*objectname) [2ms]
2025-03-24 11:45:35.284 [info] > git config --get commit.template [6ms]
2025-03-24 11:45:35.286 [info] > git for-each-ref --format=%(refname)%00%(upstream:short)%00%(objectname)%00%(upstream:track)%00%(upstream:remotename)%00%(upstream:remoteref) refs/heads/main refs/remotes/main [3ms]
2025-03-24 11:45:35.291 [warning] [Git][revParse] Unable to read file: ENOENT: no such file or directory, open '/home/travthegr88/development/code/phase-1/week-2-code-challenge-flatter-cutie-travinne/.git/refs/remotes/origin/main'
2025-03-24 11:45:35.292 [info] > git rev-parse refs/remotes/origin/main [1ms]
2025-03-24 11:45:35.301 [info] > git status -z -uall [5ms]
2025-03-24 11:45:35.303 [info] > git for-each-ref --sort -committerdate --format %(refname) %(objectname) %(*objectname) [3ms]
2025-03-24 11:45:35.407 [info] > git ls-tree -l HEAD -- index.html [3ms]
2025-03-24 11:45:35.408 [info] > git ls-files --stage -- index.html [8ms]
2025-03-24 11:45:35.412 [info] > git ls-files --stage -- README.md [16ms]
2025-03-24 11:45:35.416 [info] > git ls-tree -l HEAD -- src/index.js [25ms]
2025-03-24 11:45:35.417 [info] > git ls-files --stage -- src/index.js [31ms]
2025-03-24 11:45:35.423 [info] > git cat-file -s f7835c918684f0a3623e7684d1f78f3814bbcd42 [7ms]
2025-03-24 11:45:35.424 [info] > git cat-file -s a8b6451a79758088cd4e70b18efbc4acf3c0b7a9 [12ms]
2025-03-24 11:45:35.425 [info] > git cat-file -s 8300038b77eb189af46b363b8dbeec409e2cd40c [4ms]
2025-03-24 11:45:35.448 [info] > git show --textconv HEAD:index.html [17ms]
2025-03-24 11:45:35.449 [info] > git show --textconv HEAD:src/index.js [13ms]
2025-03-24 11:45:35.449 [info] > git show --textconv :README.md [6ms]
2025-03-24 11:45:35.456 [info] > git show --textconv :index.html [7ms]
2025-03-24 11:45:35.457 [info] > git show --textconv :src/index.js [2ms]
2025-03-24 11:46:01.347 [info] > git config --get commit.template [6ms]
2025-03-24 11:46:01.348 [info] > git for-each-ref --format=%(refname)%00%(upstream:short)%00%(objectname)%00%(upstream:track)%00%(upstream:remotename)%00%(upstream:remoteref) refs/heads/main refs/remotes/main [2ms]
2025-03-24 11:46:01.353 [warning] [Git][revParse] Unable to read file: ENOENT: no such file or directory, open '/home/travthegr88/development/code/phase-1/week-2-code-challenge-flatter-cutie-travinne/.git/refs/remotes/origin/main'
2025-03-24 11:46:01.355 [info] > git rev-parse refs/remotes/origin/main [2ms]
2025-03-24 11:46:01.366 [info] > git status -z -uall [6ms]
2025-03-24 11:46:01.367 [info] > git for-each-ref --sort -committerdate --format %(refname) %(objectname) %(*objectname) [2ms]
2025-03-24 11:46:22.251 [info] > git config --get commit.template [6ms]
2025-03-24 11:46:22.252 [info] > git for-each-ref --format=%(refname)%00%(upstream:short)%00%(objectname)%00%(upstream:track)%00%(upstream:remotename)%00%(upstream:remoteref) refs/heads/main refs/remotes/main [1ms]
2025-03-24 11:46:22.256 [warning] [Git][revParse] Unable to read file: ENOENT: no such file or directory, open '/home/travthegr88/development/code/phase-1/week-2-code-challenge-flatter-cutie-travinne/.git/refs/remotes/origin/main'
2025-03-24 11:46:22.257 [info] > git rev-parse refs/remotes/origin/main [1ms]
2025-03-24 11:46:22.266 [info] > git status -z -uall [5ms]
2025-03-24 11:46:22.268 [info] > git for-each-ref --sort -committerdate --format %(refname) %(objectname) %(*objectname) [3ms]
2025-03-24 11:48:17.954 [info] > git config --get commit.template [7ms]
2025-03-24 11:48:17.956 [info] > git for-each-ref --format=%(refname)%00%(upstream:short)%00%(objectname)%00%(upstream:track)%00%(upstream:remotename)%00%(upstream:remoteref) refs/heads/main refs/remotes/main [3ms]
2025-03-24 11:48:17.961 [warning] [Git][revParse] Unable to read file: ENOENT: no such file or directory, open '/home/travthegr88/development/code/phase-1/week-2-code-challenge-flatter-cutie-travinne/.git/refs/remotes/origin/main'
2025-03-24 11:48:17.963 [info] > git rev-parse refs/remotes/origin/main [2ms]
2025-03-24 11:48:17.974 [info] > git status -z -uall [6ms]
2025-03-24 11:48:17.976 [info] > git for-each-ref --sort -committerdate --format %(refname) %(objectname) %(*objectname) [2ms]
2025-03-24 11:48:28.739 [info] > git show --textconv :index.html [24ms]
2025-03-24 11:48:28.740 [info] > git show --textconv HEAD:index.html [18ms]
2025-03-24 11:48:28.740 [info] > git ls-files --stage -- index.html [11ms]
2025-03-24 11:48:28.751 [info] > git cat-file -s a8b6451a79758088cd4e70b18efbc4acf3c0b7a9 [2ms]
2025-03-24 11:48:28.752 [info] > git ls-tree -l HEAD -- index.html [14ms]
2025-03-24 11:48:35.419 [info] > git ls-files --stage -- index.html [5ms]
2025-03-24 11:48:35.425 [info] > git ls-tree -l HEAD -- index.html [7ms]
2025-03-24 11:48:35.427 [info] > git cat-file -s a8b6451a79758088cd4e70b18efbc4acf3c0b7a9 [3ms]
2025-03-24 11:48:35.445 [info] > git show --textconv HEAD:index.html [7ms]
2025-03-24 11:48:35.446 [info] > git show --textconv :index.html [2ms]
2025-03-24 11:48:35.795 [info] > git fetch [1585ms]
2025-03-24 11:48:35.807 [info] > git config --get commit.template [3ms]
2025-03-24 11:48:35.817 [info] > git for-each-ref --format=%(refname)%00%(upstream:short)%00%(objectname)%00%(upstream:track)%00%(upstream:remotename)%00%(upstream:remoteref) refs/heads/main refs/remotes/main [3ms]
2025-03-24 11:48:35.823 [warning] [Git][revParse] Unable to read file: ENOENT: no such file or directory, open '/home/travthegr88/development/code/phase-1/week-2-code-challenge-flatter-cutie-travinne/.git/refs/remotes/origin/main'
2025-03-24 11:48:35.825 [info] > git rev-parse refs/remotes/origin/main [1ms]
2025-03-24 11:48:35.836 [info] > git status -z -uall [6ms]
2025-03-24 11:48:35.838 [info] > git for-each-ref --sort -committerdate --format %(refname) %(objectname) %(*objectname) [2ms]
2025-03-24 11:48:35.853 [info] > git config --get commit.template [4ms]
2025-03-24 11:48:35.862 [info] > git for-each-ref --format=%(refname)%00%(upstream:short)%00%(objectname)%00%(upstream:track)%00%(upstream:remotename)%00%(upstream:remoteref) refs/heads/main refs/remotes/main [2ms]
2025-03-24 11:48:35.867 [warning] [Git][revParse] Unable to read file: ENOENT: no such file or directory, open '/home/travthegr88/development/code/phase-1/week-2-code-challenge-flatter-cutie-travinne/.git/refs/remotes/origin/main'
2025-03-24 11:48:35.869 [info] > git rev-parse refs/remotes/origin/main [2ms]
2025-03-24 11:48:35.880 [info] > git status -z -uall [6ms]
2025-03-24 11:48:35.881 [info] > git for-each-ref --sort -committerdate --format %(refname) %(objectname) %(*objectname) [2ms]
2025-03-24 11:48:36.992 [info] > git ls-files --stage -- index.html [7ms]
2025-03-24 11:48:36.999 [info] > git ls-tree -l HEAD -- index.html [9ms]
2025-03-24 11:48:37.001 [info] > git cat-file -s a8b6451a79758088cd4e70b18efbc4acf3c0b7a9 [4ms]
2025-03-24 11:48:37.021 [info] > git show --textconv HEAD:index.html [6ms]
2025-03-24 11:48:37.024 [info] > git show --textconv :index.html [4ms]
2025-03-24 11:51:44.827 [info] > git fetch [1118ms]
2025-03-24 11:51:44.845 [info] > git config --get commit.template [9ms]
2025-03-24 11:51:44.845 [info] > git for-each-ref --format=%(refname)%00%(upstream:short)%00%(objectname)%00%(upstream:track)%00%(upstream:remotename)%00%(upstream:remoteref) refs/heads/main refs/remotes/main [2ms]
2025-03-24 11:51:44.850 [warning] [Git][revParse] Unable to read file: ENOENT: no such file or directory, open '/home/travthegr88/development/code/phase-1/week-2-code-challenge-flatter-cutie-travinne/.git/refs/remotes/origin/main'
2025-03-24 11:51:44.851 [info] > git rev-parse refs/remotes/origin/main [1ms]
2025-03-24 11:51:44.864 [info] > git status -z -uall [6ms]
2025-03-24 11:51:44.865 [info] > git for-each-ref --sort -committerdate --format %(refname) %(objectname) %(*objectname) [2ms]
2025-03-24 11:51:44.927 [info] > git ls-files --stage -- index.html [4ms]
2025-03-24 11:51:44.934 [info] > git ls-tree -l HEAD -- index.html [9ms]
2025-03-24 11:51:44.935 [info] > git cat-file -s a8b6451a79758088cd4e70b18efbc4acf3c0b7a9 [1ms]
2025-03-24 11:51:44.952 [info] > git show --textconv HEAD:index.html [6ms]
2025-03-24 11:51:44.954 [info] > git show --textconv :index.html [3ms]
2025-03-24 11:51:45.929 [info] > git config --get commit.template [7ms]
2025-03-24 11:51:45.930 [info] > git for-each-ref --format=%(refname)%00%(upstream:short)%00%(objectname)%00%(upstream:track)%00%(upstream:remotename)%00%(upstream:remoteref) refs/heads/main refs/remotes/main [2ms]
2025-03-24 11:51:45.936 [warning] [Git][revParse] Unable to read file: ENOENT: no such file or directory, open '/home/travthegr88/development/code/phase-1/week-2-code-challenge-flatter-cutie-travinne/.git/refs/remotes/origin/main'
2025-03-24 11:51:45.938 [info] > git rev-parse refs/remotes/origin/main [2ms]
2025-03-24 11:51:45.950 [info] > git status -z -uall [7ms]
2025-03-24 11:51:45.952 [info] > git for-each-ref --sort -committerdate --format %(refname) %(objectname) %(*objectname) [3ms]
2025-03-24 11:51:46.035 [info] > git ls-files --stage -- index.html [7ms]
2025-03-24 11:51:46.043 [info] > git ls-tree -l HEAD -- index.html [9ms]
2025-03-24 11:51:46.044 [info] > git cat-file -s a8b6451a79758088cd4e70b18efbc4acf3c0b7a9 [2ms]
2025-03-24 11:51:46.067 [info] > git show --textconv HEAD:index.html [7ms]
2025-03-24 11:51:46.068 [info] > git show --textconv :index.html [4ms]
2025-03-24 11:51:46.453 [info] > git show --textconv :README.md [8ms]
2025-03-24 11:51:46.455 [info] > git ls-files --stage -- README.md [3ms]
2025-03-24 11:51:46.466 [info] > git cat-file -s f7835c918684f0a3623e7684d1f78f3814bbcd42 [6ms]
2025-03-24 11:53:50.964 [info] > git show --textconv :index.html [28ms]
2025-03-24 11:53:50.964 [info] > git show --textconv HEAD:index.html [20ms]
2025-03-24 11:53:50.965 [info] > git ls-tree -l HEAD -- index.html [5ms]
2025-03-24 11:53:50.966 [info] > git ls-files --stage -- index.html [14ms]
2025-03-24 11:53:50.976 [info] > git cat-file -s a8b6451a79758088cd4e70b18efbc4acf3c0b7a9 [4ms]
2025-03-24 11:54:43.876 [info] > git ls-files --stage -- index.html [8ms]
2025-03-24 11:54:43.883 [info] > git ls-files --stage -- README.md [23ms]
2025-03-24 11:54:43.890 [info] > git fetch [1248ms]
2025-03-24 11:54:43.899 [info] > git cat-file -s f7835c918684f0a3623e7684d1f78f3814bbcd42 [10ms]
2025-03-24 11:54:43.900 [info] > git cat-file -s a8b6451a79758088cd4e70b18efbc4acf3c0b7a9 [18ms]
2025-03-24 11:54:43.900 [info] > git ls-tree -l HEAD -- index.html [25ms]
2025-03-24 11:54:43.901 [info] > git config --get commit.template [2ms]
2025-03-24 11:54:43.917 [info] > git show --textconv :README.md [7ms]
2025-03-24 11:54:43.917 [info] > git show --textconv :index.html [5ms]
2025-03-24 11:54:43.917 [info] > git for-each-ref --format=%(refname)%00%(upstream:short)%00%(objectname)%00%(upstream:track)%00%(upstream:remotename)%00%(upstream:remoteref) refs/heads/main refs/remotes/main [12ms]
2025-03-24 11:54:43.922 [warning] [Git][revParse] Unable to read file: ENOENT: no such file or directory, open '/home/travthegr88/development/code/phase-1/week-2-code-challenge-flatter-cutie-travinne/.git/refs/remotes/origin/main'
2025-03-24 11:54:43.925 [info] > git show --textconv HEAD:index.html [9ms]
2025-03-24 11:54:43.926 [info] > git rev-parse refs/remotes/origin/main [4ms]
2025-03-24 11:54:43.934 [info] > git status -z -uall [5ms]
2025-03-24 11:54:43.935 [info] > git for-each-ref --sort -committerdate --format %(refname) %(objectname) %(*objectname) [2ms]
2025-03-24 11:54:45.011 [info] > git config --get commit.template [8ms]
2025-03-24 11:54:45.011 [info] > git for-each-ref --format=%(refname)%00%(upstream:short)%00%(objectname)%00%(upstream:track)%00%(upstream:remotename)%00%(upstream:remoteref) refs/heads/main refs/remotes/main [2ms]
2025-03-24 11:54:45.017 [warning] [Git][revParse] Unable to read file: ENOENT: no such file or directory, open '/home/travthegr88/development/code/phase-1/week-2-code-challenge-flatter-cutie-travinne/.git/refs/remotes/origin/main'
2025-03-24 11:54:45.020 [info] > git rev-parse refs/remotes/origin/main [2ms]
2025-03-24 11:54:45.033 [info] > git status -z -uall [8ms]
2025-03-24 11:54:45.035 [info] > git for-each-ref --sort -committerdate --format %(refname) %(objectname) %(*objectname) [4ms]
2025-03-24 11:54:45.172 [info] > git ls-files --stage -- index.html [8ms]
2025-03-24 11:54:45.178 [info] > git ls-files --stage -- README.md [20ms]
2025-03-24 11:54:45.184 [info] > git cat-file -s a8b6451a79758088cd4e70b18efbc4acf3c0b7a9 [6ms]
2025-03-24 11:54:45.184 [info] > git ls-tree -l HEAD -- index.html [14ms]
2025-03-24 11:54:45.186 [info] > git cat-file -s f7835c918684f0a3623e7684d1f78f3814bbcd42 [3ms]
2025-03-24 11:54:45.205 [info] > git show --textconv :index.html [10ms]
2025-03-24 11:54:45.205 [info] > git show --textconv HEAD:index.html [6ms]
2025-03-24 11:54:45.205 [info] > git show --textconv :README.md [1ms]
2025-03-24 12:09:52.259 [info] > git ls-files --stage -- index.html [6ms]
2025-03-24 12:09:52.264 [info] > git ls-tree -l HEAD -- index.html [6ms]
2025-03-24 12:09:52.268 [info] > git cat-file -s a8b6451a79758088cd4e70b18efbc4acf3c0b7a9 [5ms]
2025-03-24 12:09:52.288 [info] > git show --textconv HEAD:index.html [8ms]
2025-03-24 12:09:52.289 [info] > git show --textconv :index.html [3ms]
2025-03-24 12:09:53.706 [info] > git fetch [2691ms]
2025-03-24 12:09:53.720 [info] > git config --get commit.template [8ms]
2025-03-24 12:09:53.722 [info] > git for-each-ref --format=%(refname)%00%(upstream:short)%00%(objectname)%00%(upstream:track)%00%(upstream:remotename)%00%(upstream:remoteref) refs/heads/main refs/remotes/main [4ms]
2025-03-24 12:09:53.732 [warning] [Git][revParse] Unable to read file: ENOENT: no such file or directory, open '/home/travthegr88/development/code/phase-1/week-2-code-challenge-flatter-cutie-travinne/.git/refs/remotes/origin/main'
2025-03-24 12:09:53.736 [info] > git rev-parse refs/remotes/origin/main [3ms]
2025-03-24 12:09:53.747 [info] > git status -z -uall [7ms]
2025-03-24 12:09:53.749 [info] > git for-each-ref --sort -committerdate --format %(refname) %(objectname) %(*objectname) [2ms]
2025-03-24 12:09:54.801 [info] > git config --get commit.template [6ms]
2025-03-24 12:09:54.802 [info] > git for-each-ref --format=%(refname)%00%(upstream:short)%00%(objectname)%00%(upstream:track)%00%(upstream:remotename)%00%(upstream:remoteref) refs/heads/main refs/remotes/main [2ms]
2025-03-24 12:09:54.806 [warning] [Git][revParse] Unable to read file: ENOENT: no such file or directory, open '/home/travthegr88/development/code/phase-1/week-2-code-challenge-flatter-cutie-travinne/.git/refs/remotes/origin/main'
2025-03-24 12:09:54.808 [info] > git rev-parse refs/remotes/origin/main [2ms]
2025-03-24 12:09:54.821 [info] > git status -z -uall [7ms]
2025-03-24 12:09:54.822 [info] > git for-each-ref --sort -committerdate --format %(refname) %(objectname) %(*objectname) [2ms]
2025-03-24 12:09:54.904 [info] > git ls-files --stage -- index.html [7ms]
2025-03-24 12:09:54.909 [info] > git ls-tree -l HEAD -- index.html [8ms]
2025-03-24 12:09:54.910 [info] > git cat-file -s a8b6451a79758088cd4e70b18efbc4acf3c0b7a9 [2ms]
2025-03-24 12:09:54.932 [info] > git show --textconv HEAD:index.html [8ms]
2025-03-24 12:09:54.932 [info] > git show --textconv :index.html [3ms]
2025-03-24 12:24:38.004 [info] > git ls-files --stage -- index.html [8ms]
2025-03-24 12:24:38.018 [info] > git ls-tree -l HEAD -- index.html [15ms]
2025-03-24 12:24:38.020 [info] > git cat-file -s a8b6451a79758088cd4e70b18efbc4acf3c0b7a9 [9ms]
2025-03-24 12:24:38.033 [info] > git show --textconv HEAD:index.html [1ms]
2025-03-24 12:24:38.043 [info] > git show --textconv :index.html [2ms]
2025-03-24 12:24:46.829 [info] > git fetch [10058ms]
2025-03-24 12:24:46.830 [info] fatal: unable to access 'https://github.com/SDF-FT13/week-2-code-challenge-flatter-cutie-travinne/': Could not resolve host: github.com
2025-03-24 12:24:46.838 [info] > git config --get commit.template [1ms]
2025-03-24 12:24:46.844 [info] > git for-each-ref --format=%(refname)%00%(upstream:short)%00%(objectname)%00%(upstream:track)%00%(upstream:remotename)%00%(upstream:remoteref) refs/heads/main refs/remotes/main [1ms]
2025-03-24 12:24:46.849 [warning] [Git][revParse] Unable to read file: ENOENT: no such file or directory, open '/home/travthegr88/development/code/phase-1/week-2-code-challenge-flatter-cutie-travinne/.git/refs/remotes/origin/main'
2025-03-24 12:24:46.851 [info] > git rev-parse refs/remotes/origin/main [2ms]
2025-03-24 12:24:46.864 [info] > git status -z -uall [7ms]
2025-03-24 12:24:46.866 [info] > git for-each-ref --sort -committerdate --format %(refname) %(objectname) %(*objectname) [3ms]
