2025-03-24 09:01:45.714 [info] Extension host with pid 1050 started
2025-03-24 09:01:45.714 [error] Error: EEXIST: file already exists, open '/home/travthegr88/.vscode-server/data/User/workspaceStorage/0a45c1afdab5f32f59e770feba2627c4/vscode.lock'
2025-03-24 09:01:45.730 [info] Lock '/home/travthegr88/.vscode-server/data/User/workspaceStorage/0a45c1afdab5f32f59e770feba2627c4/vscode.lock': Could not acquire lock, checking if the file is stale.
2025-03-24 09:01:45.750 [info] Lock '/home/travthegr88/.vscode-server/data/User/workspaceStorage/0a45c1afdab5f32f59e770feba2627c4/vscode.lock': The pid 646335 appears to be gone.
2025-03-24 09:01:45.750 [info] Lock '/home/travthegr88/.vscode-server/data/User/workspaceStorage/0a45c1afdab5f32f59e770feba2627c4/vscode.lock': Deleting a stale lock.
2025-03-24 09:01:45.762 [info] Lock '/home/travthegr88/.vscode-server/data/User/workspaceStorage/0a45c1afdab5f32f59e770feba2627c4/vscode.lock': Lock acquired.
2025-03-24 09:01:45.792 [info] ExtensionService#_doActivateExtension vscode.tunnel-forwarding, startup: false, activationEvent: 'onTunnel'
2025-03-24 09:01:45.794 [info] ExtensionService#_doActivateExtension vscode.configuration-editing, startup: false, activationEvent: 'onLanguage:json'
2025-03-24 09:01:45.795 [info] ExtensionService#_doActivateExtension vscode.extension-editing, startup: false, activationEvent: 'onLanguage:json'
2025-03-24 09:01:45.796 [info] ExtensionService#_doActivateExtension vscode.json-language-features, startup: false, activationEvent: 'onLanguage:json'
2025-03-24 09:01:45.796 [info] ExtensionService#_doActivateExtension vscode.npm, startup: false, activationEvent: 'onLanguage:json'
2025-03-24 09:01:45.797 [info] ExtensionService#_doActivateExtension vscode.emmet, startup: false, activationEvent: 'onLanguage'
2025-03-24 09:01:46.513 [info] ExtensionService#_doActivateExtension vscode.git-base, startup: true, activationEvent: '*', root cause: vscode.git
2025-03-24 09:01:46.533 [info] ExtensionService#_doActivateExtension vscode.git, startup: true, activationEvent: '*'
2025-03-24 09:01:46.533 [info] ExtensionService#_doActivateExtension vscode.github, startup: true, activationEvent: '*'
2025-03-24 09:01:46.805 [info] Eager extensions activated
2025-03-24 09:01:46.806 [info] ExtensionService#_doActivateExtension vscode.debug-auto-launch, startup: false, activationEvent: 'onStartupFinished'
2025-03-24 09:01:46.807 [info] ExtensionService#_doActivateExtension vscode.merge-conflict, startup: false, activationEvent: 'onStartupFinished'
2025-03-24 09:01:46.807 [info] ExtensionService#_doActivateExtension esbenp.prettier-vscode, startup: false, activationEvent: 'onStartupFinished'
2025-03-24 09:01:46.808 [info] ExtensionService#_doActivateExtension github.classroom, startup: false, activationEvent: 'onStartupFinished'
2025-03-24 09:01:46.808 [info] ExtensionService#_doActivateExtension ritwickdey.LiveServer, startup: false, activationEvent: 'onStartupFinished'
2025-03-24 09:01:47.125 [info] ExtensionService#_doActivateExtension ms-vsliveshare.vsliveshare, startup: false, activationEvent: 'api', root cause: ritwickdey.LiveServer
2025-03-24 09:01:47.568 [info] ExtensionService#_doActivateExtension GitHub.vscode-pull-request-github, startup: false, activationEvent: 'onStartupFinished'
2025-03-24 09:01:50.368 [info] ExtensionService#_doActivateExtension rangav.vscode-thunder-client, startup: false, activationEvent: 'onView:thunder-client-sidebar'
2025-03-24 09:01:52.832 [warning] [Decorations] CAPPING events from decorations provider vscode.git 10000
