2025-03-22 11:44:09.801 [info] Extension host with pid 646335 started
2025-03-22 11:44:09.833 [info] ExtensionService#_doActivateExtension vscode.emmet, startup: false, activationEvent: 'onLanguage'
2025-03-22 11:44:09.835 [info] ExtensionService#_doActivateExtension vscode.configuration-editing, startup: false, activationEvent: 'onLanguage:json'
2025-03-22 11:44:09.836 [info] ExtensionService#_doActivateExtension vscode.extension-editing, startup: false, activationEvent: 'onLanguage:json'
2025-03-22 11:44:09.836 [info] ExtensionService#_doActivateExtension vscode.json-language-features, startup: false, activationEvent: 'onLanguage:json'
2025-03-22 11:44:09.837 [info] ExtensionService#_doActivateExtension vscode.npm, startup: false, activationEvent: 'onLanguage:json'
2025-03-22 11:44:10.054 [info] Lock '/home/travthegr88/.vscode-server/data/User/workspaceStorage/0a45c1afdab5f32f59e770feba2627c4/vscode.lock': Lock acquired.
2025-03-22 11:44:10.269 [info] ExtensionService#_doActivateExtension vscode.git-base, startup: true, activationEvent: '*', root cause: vscode.git
2025-03-22 11:44:10.286 [info] ExtensionService#_doActivateExtension vscode.git, startup: true, activationEvent: '*'
2025-03-22 11:44:10.287 [info] ExtensionService#_doActivateExtension vscode.github, startup: true, activationEvent: '*'
2025-03-22 11:44:10.439 [info] Eager extensions activated
2025-03-22 11:44:10.439 [info] ExtensionService#_doActivateExtension vscode.debug-auto-launch, startup: false, activationEvent: 'onStartupFinished'
2025-03-22 11:44:10.439 [info] ExtensionService#_doActivateExtension vscode.merge-conflict, startup: false, activationEvent: 'onStartupFinished'
2025-03-22 11:44:10.439 [info] ExtensionService#_doActivateExtension esbenp.prettier-vscode, startup: false, activationEvent: 'onStartupFinished'
2025-03-22 11:44:10.439 [info] ExtensionService#_doActivateExtension ritwickdey.LiveServer, startup: false, activationEvent: 'onStartupFinished'
2025-03-22 11:44:10.655 [info] ExtensionService#_doActivateExtension GitHub.vscode-pull-request-github, startup: false, activationEvent: 'onStartupFinished'
2025-03-22 11:44:11.696 [info] ExtensionService#_doActivateExtension vscode.tunnel-forwarding, startup: false, activationEvent: 'onTunnel'
2025-03-22 11:44:12.451 [error] HttpError: request to https://api.github.com/user failed, reason: 
	at /home/travthegr88/.vscode-server/extensions/github.vscode-pull-request-github-0.106.0/dist/extension.js:2188:6563
	at processTicksAndRejections (node:internal/process/task_queues:95:5)
	at runNextTicks (node:internal/process/task_queues:64:3)
	at listOnTimeout (node:internal/timers:545:9)
	at process.processTimers (node:internal/timers:519:7)
	at async kg.execute (/home/travthegr88/.vscode-server/extensions/github.vscode-pull-request-github-0.106.0/dist/extension.js:2135:18777)
2025-03-22 11:44:12.457 [error] HttpError: request to https://api.github.com/repos/travinne/travthegr88 failed, reason: 
	at /home/travthegr88/.vscode-server/extensions/github.vscode-pull-request-github-0.106.0/dist/extension.js:2188:6563
	at process.processTicksAndRejections (node:internal/process/task_queues:95:5)
	at async kg.execute (/home/travthegr88/.vscode-server/extensions/github.vscode-pull-request-github-0.106.0/dist/extension.js:2135:18777)
2025-03-22 11:44:15.715 [warning] [Decorations] CAPPING events from decorations provider vscode.git 10000
2025-03-22 11:49:28.652 [warning] [Decorations] CAPPING events from decorations provider vscode.git 10000
2025-03-22 12:29:53.596 [warning] [Decorations] CAPPING events from decorations provider vscode.git 10000
2025-03-22 12:30:05.472 [info] ExtensionService#_doActivateExtension github.classroom, startup: false, activationEvent: 'onStartupFinished'
2025-03-22 12:30:05.640 [info] ExtensionService#_doActivateExtension ms-vsliveshare.vsliveshare, startup: false, activationEvent: 'api', root cause: github.classroom
2025-03-22 12:31:29.653 [error] Error: AggregateError
	at /home/travthegr88/.vscode-server/extensions/github.classroom-0.0.4/extension-node.js:2:36311
	at Generator.next (<anonymous>)
	at /home/travthegr88/.vscode-server/extensions/github.classroom-0.0.4/extension-node.js:2:36028
	at new Promise (<anonymous>)
	at r (/home/travthegr88/.vscode-server/extensions/github.classroom-0.0.4/extension-node.js:2:35773)
	at /home/travthegr88/.vscode-server/extensions/github.classroom-0.0.4/extension-node.js:2:36253
	at processTicksAndRejections (node:internal/process/task_queues:95:5)
	at runNextTicks (node:internal/process/task_queues:64:3)
	at listOnTimeout (node:internal/timers:545:9)
	at process.processTimers (node:internal/timers:519:7)
2025-03-22 12:31:29.661 [error] Error: AggregateError
	at /home/travthegr88/.vscode-server/extensions/github.classroom-0.0.4/extension-node.js:2:36311
	at Generator.next (<anonymous>)
	at /home/travthegr88/.vscode-server/extensions/github.classroom-0.0.4/extension-node.js:2:36028
	at new Promise (<anonymous>)
	at r (/home/travthegr88/.vscode-server/extensions/github.classroom-0.0.4/extension-node.js:2:35773)
	at /home/travthegr88/.vscode-server/extensions/github.classroom-0.0.4/extension-node.js:2:36253
	at processTicksAndRejections (node:internal/process/task_queues:95:5)
	at runNextTicks (node:internal/process/task_queues:64:3)
	at listOnTimeout (node:internal/timers:545:9)
	at process.processTimers (node:internal/timers:519:7)
2025-03-22 12:31:29.662 [error] Error: AggregateError
	at /home/travthegr88/.vscode-server/extensions/github.classroom-0.0.4/extension-node.js:2:36311
	at Generator.next (<anonymous>)
	at /home/travthegr88/.vscode-server/extensions/github.classroom-0.0.4/extension-node.js:2:36028
	at new Promise (<anonymous>)
	at r (/home/travthegr88/.vscode-server/extensions/github.classroom-0.0.4/extension-node.js:2:35773)
	at /home/travthegr88/.vscode-server/extensions/github.classroom-0.0.4/extension-node.js:2:36253
	at processTicksAndRejections (node:internal/process/task_queues:95:5)
	at runNextTicks (node:internal/process/task_queues:64:3)
	at listOnTimeout (node:internal/timers:545:9)
	at process.processTimers (node:internal/timers:519:7)
2025-03-22 12:31:29.662 [error] Error: AggregateError
	at /home/travthegr88/.vscode-server/extensions/github.classroom-0.0.4/extension-node.js:2:36311
	at Generator.next (<anonymous>)
	at /home/travthegr88/.vscode-server/extensions/github.classroom-0.0.4/extension-node.js:2:36028
	at new Promise (<anonymous>)
	at r (/home/travthegr88/.vscode-server/extensions/github.classroom-0.0.4/extension-node.js:2:35773)
	at /home/travthegr88/.vscode-server/extensions/github.classroom-0.0.4/extension-node.js:2:36253
	at processTicksAndRejections (node:internal/process/task_queues:95:5)
	at runNextTicks (node:internal/process/task_queues:64:3)
	at listOnTimeout (node:internal/timers:545:9)
	at process.processTimers (node:internal/timers:519:7)
2025-03-23 20:29:34.983 [warning] [Decorations] CAPPING events from decorations provider vscode.git 10569
