2025-03-17 11:22:15.348 [info] Extension host with pid 75368 started
2025-03-17 11:22:15.369 [info] Lock '/home/travthegr88/.vscode-server/data/User/workspaceStorage/ddf7bd56f314a0579ef3ad744026a14f/vscode.lock': Lock acquired.
2025-03-17 11:22:15.394 [info] ExtensionService#_doActivateExtension vscode.emmet, startup: false, activationEvent: 'onLanguage'
2025-03-17 11:22:15.395 [info] ExtensionService#_doActivateExtension vscode.typescript-language-features, startup: false, activationEvent: 'onLanguage:javascript'
2025-03-17 11:22:15.395 [info] ExtensionService#_doActivateExtension leizongmin.node-module-intellisense, startup: false, activationEvent: 'onLanguage:javascript'
2025-03-17 11:22:15.676 [info] ExtensionService#_doActivateExtension vscode.git-base, startup: true, activationEvent: '*', root cause: vscode.git
2025-03-17 11:22:15.726 [info] ExtensionService#_doActivateExtension vscode.git, startup: true, activationEvent: '*'
2025-03-17 11:22:15.727 [info] ExtensionService#_doActivateExtension vscode.github, startup: true, activationEvent: '*'
2025-03-17 11:22:16.054 [info] Eager extensions activated
2025-03-17 11:22:16.054 [info] ExtensionService#_doActivateExtension vscode.debug-auto-launch, startup: false, activationEvent: 'onStartupFinished'
2025-03-17 11:22:16.055 [info] ExtensionService#_doActivateExtension vscode.merge-conflict, startup: false, activationEvent: 'onStartupFinished'
2025-03-17 11:22:16.055 [info] ExtensionService#_doActivateExtension esbenp.prettier-vscode, startup: false, activationEvent: 'onStartupFinished'
2025-03-17 11:22:16.055 [info] ExtensionService#_doActivateExtension ritwickdey.LiveServer, startup: false, activationEvent: 'onStartupFinished'
2025-03-17 11:22:16.301 [info] ExtensionService#_doActivateExtension GitHub.vscode-pull-request-github, startup: false, activationEvent: 'onStartupFinished'
2025-03-17 11:22:16.992 [info] ExtensionService#_doActivateExtension vscode.tunnel-forwarding, startup: false, activationEvent: 'onTunnel'
2025-03-17 11:22:46.391 [info] ExtensionService#_doActivateExtension vscode.html-language-features, startup: false, activationEvent: 'onLanguage:html'
2025-03-17 17:47:03.213 [info] ExtensionService#_doActivateExtension vscode.css-language-features, startup: false, activationEvent: 'onLanguage:css'
2025-03-17 22:04:07.418 [info] ExtensionService#_doActivateExtension vscode.npm, startup: false, activationEvent: 'onTerminalQuickFixRequest:ms-vscode.npm-command'
2025-03-17 22:08:26.143 [info] Extension host terminating: received terminate message from renderer
2025-03-17 22:08:26.145 [info] Lock '/home/travthegr88/.vscode-server/data/User/workspaceStorage/ddf7bd56f314a0579ef3ad744026a14f/vscode.lock': Marking the lockfile as scheduled to be released in 6000 ms.
2025-03-17 22:08:26.411 [info] Extension host with pid 75368 exiting with code 0
