2025-03-17 11:22:16.442 [info] [main] Log level: Info
2025-03-17 11:22:16.443 [info] [main] Validating found git in: "git"
2025-03-17 11:22:16.443 [info] [main] Using git "2.43.0" from "git"
2025-03-17 11:22:16.443 [info] [Model][doInitialScan] Initial repository scan started
2025-03-17 11:22:16.443 [info] > git rev-parse --show-toplevel [8ms]
2025-03-17 11:22:16.443 [info] fatal: not a git repository (or any of the parent directories): .git
2025-03-17 11:22:16.443 [info] > git rev-parse --show-toplevel [218ms]
2025-03-17 11:22:16.443 [info] fatal: not a git repository (or any of the parent directories): .git
2025-03-17 11:22:16.444 [info] > git rev-parse --show-toplevel [4ms]
2025-03-17 11:22:16.444 [info] fatal: not a git repository (or any of the parent directories): .git
2025-03-17 11:22:16.510 [info] > git rev-parse --show-toplevel [61ms]
2025-03-17 11:22:16.510 [info] fatal: not a git repository (or any of the parent directories): .git
2025-03-17 11:22:16.513 [info] [Model][doInitialScan] Initial repository scan completed - repositories (0), closed repositories (0), parent repositories (0), unsafe repositories (0)
2025-03-17 11:22:16.825 [info] > git rev-parse --show-toplevel [1ms]
2025-03-17 11:22:16.825 [info] fatal: not a git repository (or any of the parent directories): .git
2025-03-17 11:22:17.007 [info] > git rev-parse --show-toplevel [3ms]
2025-03-17 11:22:17.007 [info] fatal: not a git repository (or any of the parent directories): .git
2025-03-17 11:22:18.127 [info] > git rev-parse --show-toplevel [4ms]
2025-03-17 11:22:18.127 [info] fatal: not a git repository (or any of the parent directories): .git
2025-03-17 11:22:46.516 [info] > git rev-parse --show-toplevel [42ms]
2025-03-17 11:22:46.516 [info] fatal: not a git repository (or any of the parent directories): .git
2025-03-17 11:23:24.830 [info] > git rev-parse --show-toplevel [2ms]
2025-03-17 11:23:24.830 [info] fatal: not a git repository (or any of the parent directories): .git
2025-03-17 11:24:18.870 [info] > git rev-parse --show-toplevel [2ms]
2025-03-17 11:24:18.870 [info] fatal: not a git repository (or any of the parent directories): .git
2025-03-17 11:28:07.019 [info] > git rev-parse --show-toplevel [15ms]
2025-03-17 11:28:07.019 [info] fatal: not a git repository (or any of the parent directories): .git
2025-03-17 11:38:18.529 [info] > git rev-parse --show-toplevel [20ms]
2025-03-17 11:38:18.531 [info] fatal: not a git repository (or any of the parent directories): .git
2025-03-17 11:38:40.305 [info] > git rev-parse --show-toplevel [4ms]
2025-03-17 11:38:40.305 [info] fatal: not a git repository (or any of the parent directories): .git
2025-03-17 11:48:28.453 [info] > git rev-parse --show-toplevel [15ms]
2025-03-17 11:48:28.454 [info] fatal: not a git repository (or any of the parent directories): .git
2025-03-17 11:48:38.769 [info] > git rev-parse --show-toplevel [3ms]
2025-03-17 11:48:38.769 [info] fatal: not a git repository (or any of the parent directories): .git
2025-03-17 12:21:04.540 [info] > git rev-parse --show-toplevel [23ms]
2025-03-17 12:21:04.542 [info] fatal: not a git repository (or any of the parent directories): .git
2025-03-17 12:21:27.710 [info] > git rev-parse --show-toplevel [27ms]
2025-03-17 12:21:27.710 [info] fatal: not a git repository (or any of the parent directories): .git
2025-03-17 12:46:41.557 [info] > git rev-parse --show-toplevel [16ms]
2025-03-17 12:46:41.558 [info] fatal: not a git repository (or any of the parent directories): .git
2025-03-17 12:50:45.901 [info] > git rev-parse --show-toplevel [21ms]
2025-03-17 12:50:45.902 [info] fatal: not a git repository (or any of the parent directories): .git
2025-03-17 12:50:54.854 [info] > git rev-parse --show-toplevel [2ms]
2025-03-17 12:50:54.854 [info] fatal: not a git repository (or any of the parent directories): .git
2025-03-17 12:51:21.102 [info] > git rev-parse --show-toplevel [2ms]
2025-03-17 12:51:21.102 [info] fatal: not a git repository (or any of the parent directories): .git
2025-03-17 13:09:26.016 [info] > git rev-parse --show-toplevel [2ms]
2025-03-17 13:09:26.016 [info] fatal: not a git repository (or any of the parent directories): .git
2025-03-17 13:10:16.604 [info] > git rev-parse --show-toplevel [2ms]
2025-03-17 13:10:16.604 [info] fatal: not a git repository (or any of the parent directories): .git
2025-03-17 13:38:24.117 [info] > git rev-parse --show-toplevel [25ms]
2025-03-17 13:38:24.119 [info] fatal: not a git repository (or any of the parent directories): .git
2025-03-17 13:40:22.148 [info] > git rev-parse --show-toplevel [3ms]
2025-03-17 13:40:22.148 [info] fatal: not a git repository (or any of the parent directories): .git
2025-03-17 13:43:28.125 [info] > git rev-parse --show-toplevel [1ms]
2025-03-17 13:43:28.125 [info] fatal: not a git repository (or any of the parent directories): .git
2025-03-17 13:43:38.094 [info] > git rev-parse --show-toplevel [5ms]
2025-03-17 13:43:38.094 [info] fatal: not a git repository (or any of the parent directories): .git
2025-03-17 13:53:37.876 [info] > git rev-parse --show-toplevel [13ms]
2025-03-17 13:53:37.877 [info] fatal: not a git repository (or any of the parent directories): .git
2025-03-17 13:55:24.717 [info] > git rev-parse --show-toplevel [4ms]
2025-03-17 13:55:24.717 [info] fatal: not a git repository (or any of the parent directories): .git
2025-03-17 13:55:48.696 [info] > git rev-parse --show-toplevel [1ms]
2025-03-17 13:55:48.696 [info] fatal: not a git repository (or any of the parent directories): .git
2025-03-17 13:55:53.924 [info] > git rev-parse --show-toplevel [4ms]
2025-03-17 13:55:53.924 [info] fatal: not a git repository (or any of the parent directories): .git
2025-03-17 14:00:33.621 [info] > git rev-parse --show-toplevel [11ms]
2025-03-17 14:00:33.622 [info] fatal: not a git repository (or any of the parent directories): .git
2025-03-17 14:01:08.970 [info] > git rev-parse --show-toplevel [1ms]
2025-03-17 14:01:08.970 [info] fatal: not a git repository (or any of the parent directories): .git
2025-03-17 14:13:47.906 [info] > git rev-parse --show-toplevel [2ms]
2025-03-17 14:13:47.906 [info] fatal: not a git repository (or any of the parent directories): .git
2025-03-17 14:27:19.595 [info] > git rev-parse --show-toplevel [1ms]
2025-03-17 14:27:19.595 [info] fatal: not a git repository (or any of the parent directories): .git
2025-03-17 14:27:32.576 [info] > git rev-parse --show-toplevel [4ms]
2025-03-17 14:27:32.576 [info] fatal: not a git repository (or any of the parent directories): .git
2025-03-17 14:38:58.175 [info] > git rev-parse --show-toplevel [16ms]
2025-03-17 14:38:58.176 [info] fatal: not a git repository (or any of the parent directories): .git
2025-03-17 14:39:04.767 [info] > git rev-parse --show-toplevel [3ms]
2025-03-17 14:39:04.767 [info] fatal: not a git repository (or any of the parent directories): .git
2025-03-17 15:56:44.707 [info] > git rev-parse --show-toplevel [19ms]
2025-03-17 15:56:44.708 [info] fatal: not a git repository (or any of the parent directories): .git
2025-03-17 15:56:51.742 [info] > git rev-parse --show-toplevel [6ms]
2025-03-17 15:56:51.742 [info] fatal: not a git repository (or any of the parent directories): .git
2025-03-17 15:57:24.219 [info] > git rev-parse --show-toplevel [14ms]
2025-03-17 15:57:24.219 [info] fatal: not a git repository (or any of the parent directories): .git
2025-03-17 15:57:48.004 [info] > git rev-parse --show-toplevel [2ms]
2025-03-17 15:57:48.004 [info] fatal: not a git repository (or any of the parent directories): .git
2025-03-17 16:04:47.580 [info] > git rev-parse --show-toplevel [12ms]
2025-03-17 16:04:47.582 [info] fatal: not a git repository (or any of the parent directories): .git
2025-03-17 16:04:58.334 [info] > git rev-parse --show-toplevel [4ms]
2025-03-17 16:04:58.334 [info] fatal: not a git repository (or any of the parent directories): .git
2025-03-17 16:05:35.316 [info] > git rev-parse --show-toplevel [2ms]
2025-03-17 16:05:35.316 [info] fatal: not a git repository (or any of the parent directories): .git
2025-03-17 16:06:24.717 [info] > git rev-parse --show-toplevel [5ms]
2025-03-17 16:06:24.717 [info] fatal: not a git repository (or any of the parent directories): .git
2025-03-17 16:08:39.471 [info] > git rev-parse --show-toplevel [1ms]
2025-03-17 16:08:39.471 [info] fatal: not a git repository (or any of the parent directories): .git
2025-03-17 16:09:38.385 [info] > git rev-parse --show-toplevel [2ms]
2025-03-17 16:09:38.385 [info] fatal: not a git repository (or any of the parent directories): .git
2025-03-17 16:15:39.984 [info] > git rev-parse --show-toplevel [28ms]
2025-03-17 16:15:39.985 [info] fatal: not a git repository (or any of the parent directories): .git
2025-03-17 16:32:42.173 [info] > git rev-parse --show-toplevel [14ms]
2025-03-17 16:32:42.174 [info] fatal: not a git repository (or any of the parent directories): .git
2025-03-17 16:57:54.543 [info] > git rev-parse --show-toplevel [18ms]
2025-03-17 16:57:54.544 [info] fatal: not a git repository (or any of the parent directories): .git
2025-03-17 16:58:33.340 [info] > git rev-parse --show-toplevel [24ms]
2025-03-17 16:58:33.341 [info] fatal: not a git repository (or any of the parent directories): .git
2025-03-17 16:58:53.700 [info] > git rev-parse --show-toplevel [13ms]
2025-03-17 16:58:53.700 [info] fatal: not a git repository (or any of the parent directories): .git
2025-03-17 17:03:19.488 [info] > git rev-parse --show-toplevel [20ms]
2025-03-17 17:03:19.489 [info] fatal: not a git repository (or any of the parent directories): .git
2025-03-17 17:03:25.024 [info] > git rev-parse --show-toplevel [18ms]
2025-03-17 17:03:25.024 [info] fatal: not a git repository (or any of the parent directories): .git
2025-03-17 17:03:41.076 [info] > git rev-parse --show-toplevel [2ms]
2025-03-17 17:03:41.076 [info] fatal: not a git repository (or any of the parent directories): .git
2025-03-17 17:03:49.071 [info] > git rev-parse --show-toplevel [3ms]
2025-03-17 17:03:49.071 [info] fatal: not a git repository (or any of the parent directories): .git
2025-03-17 17:26:06.989 [info] > git rev-parse --show-toplevel [23ms]
2025-03-17 17:26:06.990 [info] fatal: not a git repository (or any of the parent directories): .git
2025-03-17 17:31:09.621 [info] > git rev-parse --show-toplevel [2ms]
2025-03-17 17:31:09.621 [info] fatal: not a git repository (or any of the parent directories): .git
2025-03-17 17:31:32.548 [info] > git rev-parse --show-toplevel [1ms]
2025-03-17 17:31:32.548 [info] fatal: not a git repository (or any of the parent directories): .git
2025-03-17 17:31:50.261 [info] > git rev-parse --show-toplevel [3ms]
2025-03-17 17:31:50.261 [info] fatal: not a git repository (or any of the parent directories): .git
2025-03-17 17:32:48.722 [info] > git rev-parse --show-toplevel [5ms]
2025-03-17 17:32:48.722 [info] fatal: not a git repository (or any of the parent directories): .git
2025-03-17 17:35:16.648 [info] > git rev-parse --show-toplevel [3ms]
2025-03-17 17:35:16.648 [info] fatal: not a git repository (or any of the parent directories): .git
2025-03-17 17:37:02.351 [info] > git rev-parse --show-toplevel [18ms]
2025-03-17 17:37:02.353 [info] fatal: not a git repository (or any of the parent directories): .git
2025-03-17 17:38:11.226 [info] > git rev-parse --show-toplevel [15ms]
2025-03-17 17:38:11.226 [info] fatal: not a git repository (or any of the parent directories): .git
2025-03-17 17:40:11.512 [info] > git rev-parse --show-toplevel [2ms]
2025-03-17 17:40:11.512 [info] fatal: not a git repository (or any of the parent directories): .git
2025-03-17 17:40:42.934 [info] > git rev-parse --show-toplevel [3ms]
2025-03-17 17:40:42.934 [info] fatal: not a git repository (or any of the parent directories): .git
2025-03-17 17:47:03.302 [info] > git rev-parse --show-toplevel [4ms]
2025-03-17 17:47:03.302 [info] fatal: not a git repository (or any of the parent directories): .git
2025-03-17 17:49:23.623 [info] > git rev-parse --show-toplevel [3ms]
2025-03-17 17:49:23.623 [info] fatal: not a git repository (or any of the parent directories): .git
