2025-03-24 09:01:45.055 [info] Extension host with pid 1018 started
2025-03-24 09:01:45.055 [error] Error: EEXIST: file already exists, open '/home/travthegr88/.vscode-server/data/User/workspaceStorage/a71d848c48069cfed27bcfa62da311f5/vscode.lock'
2025-03-24 09:01:45.072 [info] Lock '/home/travthegr88/.vscode-server/data/User/workspaceStorage/a71d848c48069cfed27bcfa62da311f5/vscode.lock': Could not acquire lock, checking if the file is stale.
2025-03-24 09:01:45.092 [info] Lock '/home/travthegr88/.vscode-server/data/User/workspaceStorage/a71d848c48069cfed27bcfa62da311f5/vscode.lock': The pid 655907 appears to be gone.
2025-03-24 09:01:45.092 [info] Lock '/home/travthegr88/.vscode-server/data/User/workspaceStorage/a71d848c48069cfed27bcfa62da311f5/vscode.lock': Deleting a stale lock.
2025-03-24 09:01:45.127 [info] ExtensionService#_doActivateExtension vscode.emmet, startup: false, activationEvent: 'onLanguage'
2025-03-24 09:01:45.130 [info] ExtensionService#_doActivateExtension vscode.typescript-language-features, startup: false, activationEvent: 'onLanguage:javascript'
2025-03-24 09:01:45.130 [info] ExtensionService#_doActivateExtension leizongmin.node-module-intellisense, startup: false, activationEvent: 'onLanguage:javascript'
2025-03-24 09:01:45.315 [info] Lock '/home/travthegr88/.vscode-server/data/User/workspaceStorage/a71d848c48069cfed27bcfa62da311f5/vscode.lock': Lock acquired.
2025-03-24 09:01:45.598 [info] ExtensionService#_doActivateExtension vscode.git-base, startup: true, activationEvent: '*', root cause: vscode.git
2025-03-24 09:01:45.670 [info] ExtensionService#_doActivateExtension vscode.git, startup: true, activationEvent: '*'
2025-03-24 09:01:45.671 [info] ExtensionService#_doActivateExtension vscode.github, startup: true, activationEvent: '*'
2025-03-24 09:01:46.383 [info] Eager extensions activated
2025-03-24 09:01:46.383 [info] ExtensionService#_doActivateExtension vscode.debug-auto-launch, startup: false, activationEvent: 'onStartupFinished'
2025-03-24 09:01:46.384 [info] ExtensionService#_doActivateExtension vscode.merge-conflict, startup: false, activationEvent: 'onStartupFinished'
2025-03-24 09:01:46.384 [info] ExtensionService#_doActivateExtension esbenp.prettier-vscode, startup: false, activationEvent: 'onStartupFinished'
2025-03-24 09:01:46.385 [info] ExtensionService#_doActivateExtension github.classroom, startup: false, activationEvent: 'onStartupFinished'
2025-03-24 09:01:46.386 [info] ExtensionService#_doActivateExtension ritwickdey.LiveServer, startup: false, activationEvent: 'onStartupFinished'
2025-03-24 09:01:46.822 [info] ExtensionService#_doActivateExtension ms-vsliveshare.vsliveshare, startup: false, activationEvent: 'api', root cause: ritwickdey.LiveServer
2025-03-24 09:01:47.326 [info] ExtensionService#_doActivateExtension GitHub.vscode-pull-request-github, startup: false, activationEvent: 'onStartupFinished'
2025-03-24 10:41:27.680 [info] ExtensionService#_doActivateExtension vscode.configuration-editing, startup: false, activationEvent: 'onLanguage:json'
2025-03-24 10:41:27.689 [info] ExtensionService#_doActivateExtension vscode.extension-editing, startup: false, activationEvent: 'onLanguage:json'
2025-03-24 10:41:27.689 [info] ExtensionService#_doActivateExtension vscode.json-language-features, startup: false, activationEvent: 'onLanguage:json'
2025-03-24 10:41:27.689 [info] ExtensionService#_doActivateExtension vscode.npm, startup: false, activationEvent: 'onLanguage:json'
2025-03-24 10:58:26.636 [info] ExtensionService#_doActivateExtension rangav.vscode-thunder-client, startup: false, activationEvent: 'onView:thunder-client-sidebar'
2025-03-24 10:59:28.464 [info] Extension host terminating: received terminate message from renderer
2025-03-24 10:59:28.466 [info] Lock '/home/travthegr88/.vscode-server/data/User/workspaceStorage/a71d848c48069cfed27bcfa62da311f5/vscode.lock': Marking the lockfile as scheduled to be released in 6000 ms.
2025-03-24 10:59:28.622 [error] Canceled: Canceled
	at new dR (file:///home/travthegr88/.vscode-server/bin/ddc367ed5c8936efe395cffeec279b04ffd7db78/out/vs/workbench/api/node/extensionHostProcess.js:29:155028)
	at qy.U (file:///home/travthegr88/.vscode-server/bin/ddc367ed5c8936efe395cffeec279b04ffd7db78/out/vs/workbench/api/node/extensionHostProcess.js:29:159639)
	at s.<computed>.n.charCodeAt.s.<computed> (file:///home/travthegr88/.vscode-server/bin/ddc367ed5c8936efe395cffeec279b04ffd7db78/out/vs/workbench/api/node/extensionHostProcess.js:29:157133)
	at kw.g (file:///home/travthegr88/.vscode-server/bin/ddc367ed5c8936efe395cffeec279b04ffd7db78/out/vs/workbench/api/node/extensionHostProcess.js:112:41039)
	at kw.executeCommand (file:///home/travthegr88/.vscode-server/bin/ddc367ed5c8936efe395cffeec279b04ffd7db78/out/vs/workbench/api/node/extensionHostProcess.js:112:40543)
	at r.registerCommand.description (file:///home/travthegr88/.vscode-server/bin/ddc367ed5c8936efe395cffeec279b04ffd7db78/out/vs/workbench/api/node/extensionHostProcess.js:112:39873)
	at kw.h (file:///home/travthegr88/.vscode-server/bin/ddc367ed5c8936efe395cffeec279b04ffd7db78/out/vs/workbench/api/node/extensionHostProcess.js:112:41559)
	at kw.g (file:///home/travthegr88/.vscode-server/bin/ddc367ed5c8936efe395cffeec279b04ffd7db78/out/vs/workbench/api/node/extensionHostProcess.js:112:40636)
	at kw.executeCommand (file:///home/travthegr88/.vscode-server/bin/ddc367ed5c8936efe395cffeec279b04ffd7db78/out/vs/workbench/api/node/extensionHostProcess.js:112:40543)
	at Object.executeCommand (file:///home/travthegr88/.vscode-server/bin/ddc367ed5c8936efe395cffeec279b04ffd7db78/out/vs/workbench/api/node/extensionHostProcess.js:172:37375)
	at Th.L [as value] (/home/travthegr88/.vscode-server/bin/ddc367ed5c8936efe395cffeec279b04ffd7db78/extensions/git/dist/main.js:2:1000063)
	at D.B (file:///home/travthegr88/.vscode-server/bin/ddc367ed5c8936efe395cffeec279b04ffd7db78/out/vs/workbench/api/node/extensionHostProcess.js:27:2375)
	at D.C (file:///home/travthegr88/.vscode-server/bin/ddc367ed5c8936efe395cffeec279b04ffd7db78/out/vs/workbench/api/node/extensionHostProcess.js:27:2445)
	at D.fire (file:///home/travthegr88/.vscode-server/bin/ddc367ed5c8936efe395cffeec279b04ffd7db78/out/vs/workbench/api/node/extensionHostProcess.js:27:2662)
	at Object.p [as dispose] (/home/travthegr88/.vscode-server/bin/ddc367ed5c8936efe395cffeec279b04ffd7db78/extensions/git/dist/main.js:2:1022703)
	at /home/travthegr88/.vscode-server/bin/ddc367ed5c8936efe395cffeec279b04ffd7db78/extensions/git/dist/main.js:2:1029021
	at Array.forEach (<anonymous>)
	at b.dispose (/home/travthegr88/.vscode-server/bin/ddc367ed5c8936efe395cffeec279b04ffd7db78/extensions/git/dist/main.js:2:1029007)
	at fv.<anonymous> (file:///home/travthegr88/.vscode-server/bin/ddc367ed5c8936efe395cffeec279b04ffd7db78/out/vs/workbench/api/node/extensionHostProcess.js:108:8922)
	at fv.dispose (file:///home/travthegr88/.vscode-server/bin/ddc367ed5c8936efe395cffeec279b04ffd7db78/out/vs/workbench/api/node/extensionHostProcess.js:108:9018)
	at fv.<anonymous> (/home/travthegr88/.vscode-server/bin/ddc367ed5c8936efe395cffeec279b04ffd7db78/extensions/git/dist/main.js:2:1002547)
	at fv.dispose (file:///home/travthegr88/.vscode-server/bin/ddc367ed5c8936efe395cffeec279b04ffd7db78/out/vs/workbench/api/node/extensionHostProcess.js:108:9018)
	at hi (file:///home/travthegr88/.vscode-server/bin/ddc367ed5c8936efe395cffeec279b04ffd7db78/out/vs/workbench/api/node/extensionHostProcess.js:25:701)
	at file:///home/travthegr88/.vscode-server/bin/ddc367ed5c8936efe395cffeec279b04ffd7db78/out/vs/workbench/api/node/extensionHostProcess.js:116:14994
	at file:///home/travthegr88/.vscode-server/bin/ddc367ed5c8936efe395cffeec279b04ffd7db78/out/vs/workbench/api/node/extensionHostProcess.js:25:1011
	at Object.dispose (file:///home/travthegr88/.vscode-server/bin/ddc367ed5c8936efe395cffeec279b04ffd7db78/out/vs/workbench/api/node/extensionHostProcess.js:8:705)
	at zz.eb (file:///home/travthegr88/.vscode-server/bin/ddc367ed5c8936efe395cffeec279b04ffd7db78/out/vs/workbench/api/node/extensionHostProcess.js:116:11921)
	at file:///home/travthegr88/.vscode-server/bin/ddc367ed5c8936efe395cffeec279b04ffd7db78/out/vs/workbench/api/node/extensionHostProcess.js:116:9876
	at Array.map (<anonymous>)
	at zz.$ (file:///home/travthegr88/.vscode-server/bin/ddc367ed5c8936efe395cffeec279b04ffd7db78/out/vs/workbench/api/node/extensionHostProcess.js:116:9864)
	at zz.terminate (file:///home/travthegr88/.vscode-server/bin/ddc367ed5c8936efe395cffeec279b04ffd7db78/out/vs/workbench/api/node/extensionHostProcess.js:116:10107)
	at FI.terminate (file:///home/travthegr88/.vscode-server/bin/ddc367ed5c8936efe395cffeec279b04ffd7db78/out/vs/workbench/api/node/extensionHostProcess.js:117:1434)
	at ts (file:///home/travthegr88/.vscode-server/bin/ddc367ed5c8936efe395cffeec279b04ffd7db78/out/vs/workbench/api/node/extensionHostProcess.js:190:15108)
	at Th.value (file:///home/travthegr88/.vscode-server/bin/ddc367ed5c8936efe395cffeec279b04ffd7db78/out/vs/workbench/api/node/extensionHostProcess.js:190:13269)
	at D.B (file:///home/travthegr88/.vscode-server/bin/ddc367ed5c8936efe395cffeec279b04ffd7db78/out/vs/workbench/api/node/extensionHostProcess.js:27:2375)
	at D.fire (file:///home/travthegr88/.vscode-server/bin/ddc367ed5c8936efe395cffeec279b04ffd7db78/out/vs/workbench/api/node/extensionHostProcess.js:27:2593)
	at Gn.fire (file:///home/travthegr88/.vscode-server/bin/ddc367ed5c8936efe395cffeec279b04ffd7db78/out/vs/workbench/api/node/extensionHostProcess.js:29:9459)
	at Ym.A (file:///home/travthegr88/.vscode-server/bin/ddc367ed5c8936efe395cffeec279b04ffd7db78/out/vs/workbench/api/node/extensionHostProcess.js:29:12575)
	at Th.value (file:///home/travthegr88/.vscode-server/bin/ddc367ed5c8936efe395cffeec279b04ffd7db78/out/vs/workbench/api/node/extensionHostProcess.js:29:10995)
	at D.B (file:///home/travthegr88/.vscode-server/bin/ddc367ed5c8936efe395cffeec279b04ffd7db78/out/vs/workbench/api/node/extensionHostProcess.js:27:2375)
	at D.fire (file:///home/travthegr88/.vscode-server/bin/ddc367ed5c8936efe395cffeec279b04ffd7db78/out/vs/workbench/api/node/extensionHostProcess.js:27:2593)
	at C6.acceptChunk (file:///home/travthegr88/.vscode-server/bin/ddc367ed5c8936efe395cffeec279b04ffd7db78/out/vs/workbench/api/node/extensionHostProcess.js:29:7942)
	at Th.value (file:///home/travthegr88/.vscode-server/bin/ddc367ed5c8936efe395cffeec279b04ffd7db78/out/vs/workbench/api/node/extensionHostProcess.js:29:7228)
	at D.B (file:///home/travthegr88/.vscode-server/bin/ddc367ed5c8936efe395cffeec279b04ffd7db78/out/vs/workbench/api/node/extensionHostProcess.js:27:2375)
	at D.fire (file:///home/travthegr88/.vscode-server/bin/ddc367ed5c8936efe395cffeec279b04ffd7db78/out/vs/workbench/api/node/extensionHostProcess.js:27:2593)
	at tT.z (file:///home/travthegr88/.vscode-server/bin/ddc367ed5c8936efe395cffeec279b04ffd7db78/out/vs/workbench/api/node/extensionHostProcess.js:29:21747)
	at tT.acceptFrame (file:///home/travthegr88/.vscode-server/bin/ddc367ed5c8936efe395cffeec279b04ffd7db78/out/vs/workbench/api/node/extensionHostProcess.js:29:21553)
	at eT.n (file:///home/travthegr88/.vscode-server/bin/ddc367ed5c8936efe395cffeec279b04ffd7db78/out/vs/workbench/api/node/extensionHostProcess.js:29:20080)
	at file:///home/travthegr88/.vscode-server/bin/ddc367ed5c8936efe395cffeec279b04ffd7db78/out/vs/workbench/api/node/extensionHostProcess.js:29:17312
	at Socket.t (file:///home/travthegr88/.vscode-server/bin/ddc367ed5c8936efe395cffeec279b04ffd7db78/out/vs/workbench/api/node/extensionHostProcess.js:29:15252)
	at Socket.emit (node:events:518:28)
	at addChunk (node:internal/streams/readable:561:12)
	at readableAddChunkPushByteMode (node:internal/streams/readable:512:3)
	at Readable.push (node:internal/streams/readable:392:5)
	at TCP.onStreamRead (node:internal/stream_base_commons:191:23) setContext undefined
2025-03-24 10:59:28.624 [error] Canceled: Canceled
	at new dR (file:///home/travthegr88/.vscode-server/bin/ddc367ed5c8936efe395cffeec279b04ffd7db78/out/vs/workbench/api/node/extensionHostProcess.js:29:155028)
	at qy.U (file:///home/travthegr88/.vscode-server/bin/ddc367ed5c8936efe395cffeec279b04ffd7db78/out/vs/workbench/api/node/extensionHostProcess.js:29:159639)
	at s.<computed>.n.charCodeAt.s.<computed> (file:///home/travthegr88/.vscode-server/bin/ddc367ed5c8936efe395cffeec279b04ffd7db78/out/vs/workbench/api/node/extensionHostProcess.js:29:157133)
	at kw.g (file:///home/travthegr88/.vscode-server/bin/ddc367ed5c8936efe395cffeec279b04ffd7db78/out/vs/workbench/api/node/extensionHostProcess.js:112:41039)
	at kw.executeCommand (file:///home/travthegr88/.vscode-server/bin/ddc367ed5c8936efe395cffeec279b04ffd7db78/out/vs/workbench/api/node/extensionHostProcess.js:112:40543)
	at r.registerCommand.description (file:///home/travthegr88/.vscode-server/bin/ddc367ed5c8936efe395cffeec279b04ffd7db78/out/vs/workbench/api/node/extensionHostProcess.js:112:39873)
	at kw.h (file:///home/travthegr88/.vscode-server/bin/ddc367ed5c8936efe395cffeec279b04ffd7db78/out/vs/workbench/api/node/extensionHostProcess.js:112:41559)
	at kw.g (file:///home/travthegr88/.vscode-server/bin/ddc367ed5c8936efe395cffeec279b04ffd7db78/out/vs/workbench/api/node/extensionHostProcess.js:112:40636)
	at kw.executeCommand (file:///home/travthegr88/.vscode-server/bin/ddc367ed5c8936efe395cffeec279b04ffd7db78/out/vs/workbench/api/node/extensionHostProcess.js:112:40543)
	at Object.executeCommand (file:///home/travthegr88/.vscode-server/bin/ddc367ed5c8936efe395cffeec279b04ffd7db78/out/vs/workbench/api/node/extensionHostProcess.js:172:37375)
	at set hasGitHubRepositories [as hasGitHubRepositories] (/home/travthegr88/.vscode-server/bin/ddc367ed5c8936efe395cffeec279b04ffd7db78/extensions/github/dist/extension.js:2:217805)
	at /home/travthegr88/.vscode-server/bin/ddc367ed5c8936efe395cffeec279b04ffd7db78/extensions/github/dist/extension.js:2:218764
	at Th.value (/home/travthegr88/.vscode-server/bin/ddc367ed5c8936efe395cffeec279b04ffd7db78/extensions/git/dist/main.js:2:1120702)
	at D.B (file:///home/travthegr88/.vscode-server/bin/ddc367ed5c8936efe395cffeec279b04ffd7db78/out/vs/workbench/api/node/extensionHostProcess.js:27:2375)
	at D.C (file:///home/travthegr88/.vscode-server/bin/ddc367ed5c8936efe395cffeec279b04ffd7db78/out/vs/workbench/api/node/extensionHostProcess.js:27:2445)
	at D.fire (file:///home/travthegr88/.vscode-server/bin/ddc367ed5c8936efe395cffeec279b04ffd7db78/out/vs/workbench/api/node/extensionHostProcess.js:27:2662)
	at Object.p [as dispose] (/home/travthegr88/.vscode-server/bin/ddc367ed5c8936efe395cffeec279b04ffd7db78/extensions/git/dist/main.js:2:1022703)
	at /home/travthegr88/.vscode-server/bin/ddc367ed5c8936efe395cffeec279b04ffd7db78/extensions/git/dist/main.js:2:1029021
	at Array.forEach (<anonymous>)
	at b.dispose (/home/travthegr88/.vscode-server/bin/ddc367ed5c8936efe395cffeec279b04ffd7db78/extensions/git/dist/main.js:2:1029007)
	at fv.<anonymous> (file:///home/travthegr88/.vscode-server/bin/ddc367ed5c8936efe395cffeec279b04ffd7db78/out/vs/workbench/api/node/extensionHostProcess.js:108:8922)
	at fv.dispose (file:///home/travthegr88/.vscode-server/bin/ddc367ed5c8936efe395cffeec279b04ffd7db78/out/vs/workbench/api/node/extensionHostProcess.js:108:9018)
	at fv.<anonymous> (/home/travthegr88/.vscode-server/bin/ddc367ed5c8936efe395cffeec279b04ffd7db78/extensions/git/dist/main.js:2:1002547)
	at fv.dispose (file:///home/travthegr88/.vscode-server/bin/ddc367ed5c8936efe395cffeec279b04ffd7db78/out/vs/workbench/api/node/extensionHostProcess.js:108:9018)
	at hi (file:///home/travthegr88/.vscode-server/bin/ddc367ed5c8936efe395cffeec279b04ffd7db78/out/vs/workbench/api/node/extensionHostProcess.js:25:701)
	at file:///home/travthegr88/.vscode-server/bin/ddc367ed5c8936efe395cffeec279b04ffd7db78/out/vs/workbench/api/node/extensionHostProcess.js:116:14994
	at file:///home/travthegr88/.vscode-server/bin/ddc367ed5c8936efe395cffeec279b04ffd7db78/out/vs/workbench/api/node/extensionHostProcess.js:25:1011
	at Object.dispose (file:///home/travthegr88/.vscode-server/bin/ddc367ed5c8936efe395cffeec279b04ffd7db78/out/vs/workbench/api/node/extensionHostProcess.js:8:705)
	at zz.eb (file:///home/travthegr88/.vscode-server/bin/ddc367ed5c8936efe395cffeec279b04ffd7db78/out/vs/workbench/api/node/extensionHostProcess.js:116:11921)
	at file:///home/travthegr88/.vscode-server/bin/ddc367ed5c8936efe395cffeec279b04ffd7db78/out/vs/workbench/api/node/extensionHostProcess.js:116:9876
	at Array.map (<anonymous>)
	at zz.$ (file:///home/travthegr88/.vscode-server/bin/ddc367ed5c8936efe395cffeec279b04ffd7db78/out/vs/workbench/api/node/extensionHostProcess.js:116:9864)
	at zz.terminate (file:///home/travthegr88/.vscode-server/bin/ddc367ed5c8936efe395cffeec279b04ffd7db78/out/vs/workbench/api/node/extensionHostProcess.js:116:10107)
	at FI.terminate (file:///home/travthegr88/.vscode-server/bin/ddc367ed5c8936efe395cffeec279b04ffd7db78/out/vs/workbench/api/node/extensionHostProcess.js:117:1434)
	at ts (file:///home/travthegr88/.vscode-server/bin/ddc367ed5c8936efe395cffeec279b04ffd7db78/out/vs/workbench/api/node/extensionHostProcess.js:190:15108)
	at Th.value (file:///home/travthegr88/.vscode-server/bin/ddc367ed5c8936efe395cffeec279b04ffd7db78/out/vs/workbench/api/node/extensionHostProcess.js:190:13269)
	at D.B (file:///home/travthegr88/.vscode-server/bin/ddc367ed5c8936efe395cffeec279b04ffd7db78/out/vs/workbench/api/node/extensionHostProcess.js:27:2375)
	at D.fire (file:///home/travthegr88/.vscode-server/bin/ddc367ed5c8936efe395cffeec279b04ffd7db78/out/vs/workbench/api/node/extensionHostProcess.js:27:2593)
	at Gn.fire (file:///home/travthegr88/.vscode-server/bin/ddc367ed5c8936efe395cffeec279b04ffd7db78/out/vs/workbench/api/node/extensionHostProcess.js:29:9459)
	at Ym.A (file:///home/travthegr88/.vscode-server/bin/ddc367ed5c8936efe395cffeec279b04ffd7db78/out/vs/workbench/api/node/extensionHostProcess.js:29:12575)
	at Th.value (file:///home/travthegr88/.vscode-server/bin/ddc367ed5c8936efe395cffeec279b04ffd7db78/out/vs/workbench/api/node/extensionHostProcess.js:29:10995)
	at D.B (file:///home/travthegr88/.vscode-server/bin/ddc367ed5c8936efe395cffeec279b04ffd7db78/out/vs/workbench/api/node/extensionHostProcess.js:27:2375)
	at D.fire (file:///home/travthegr88/.vscode-server/bin/ddc367ed5c8936efe395cffeec279b04ffd7db78/out/vs/workbench/api/node/extensionHostProcess.js:27:2593)
	at C6.acceptChunk (file:///home/travthegr88/.vscode-server/bin/ddc367ed5c8936efe395cffeec279b04ffd7db78/out/vs/workbench/api/node/extensionHostProcess.js:29:7942)
	at Th.value (file:///home/travthegr88/.vscode-server/bin/ddc367ed5c8936efe395cffeec279b04ffd7db78/out/vs/workbench/api/node/extensionHostProcess.js:29:7228)
	at D.B (file:///home/travthegr88/.vscode-server/bin/ddc367ed5c8936efe395cffeec279b04ffd7db78/out/vs/workbench/api/node/extensionHostProcess.js:27:2375)
	at D.fire (file:///home/travthegr88/.vscode-server/bin/ddc367ed5c8936efe395cffeec279b04ffd7db78/out/vs/workbench/api/node/extensionHostProcess.js:27:2593)
	at tT.z (file:///home/travthegr88/.vscode-server/bin/ddc367ed5c8936efe395cffeec279b04ffd7db78/out/vs/workbench/api/node/extensionHostProcess.js:29:21747)
	at tT.acceptFrame (file:///home/travthegr88/.vscode-server/bin/ddc367ed5c8936efe395cffeec279b04ffd7db78/out/vs/workbench/api/node/extensionHostProcess.js:29:21553)
	at eT.n (file:///home/travthegr88/.vscode-server/bin/ddc367ed5c8936efe395cffeec279b04ffd7db78/out/vs/workbench/api/node/extensionHostProcess.js:29:20080)
	at file:///home/travthegr88/.vscode-server/bin/ddc367ed5c8936efe395cffeec279b04ffd7db78/out/vs/workbench/api/node/extensionHostProcess.js:29:17312
	at Socket.t (file:///home/travthegr88/.vscode-server/bin/ddc367ed5c8936efe395cffeec279b04ffd7db78/out/vs/workbench/api/node/extensionHostProcess.js:29:15252)
	at Socket.emit (node:events:518:28)
	at addChunk (node:internal/streams/readable:561:12)
	at readableAddChunkPushByteMode (node:internal/streams/readable:512:3)
	at Readable.push (node:internal/streams/readable:392:5)
	at TCP.onStreamRead (node:internal/stream_base_commons:191:23) setContext undefined
2025-03-24 10:59:28.626 [error] Canceled: Canceled
	at new dR (file:///home/travthegr88/.vscode-server/bin/ddc367ed5c8936efe395cffeec279b04ffd7db78/out/vs/workbench/api/node/extensionHostProcess.js:29:155028)
	at qy.U (file:///home/travthegr88/.vscode-server/bin/ddc367ed5c8936efe395cffeec279b04ffd7db78/out/vs/workbench/api/node/extensionHostProcess.js:29:159639)
	at s.<computed>.n.charCodeAt.s.<computed> (file:///home/travthegr88/.vscode-server/bin/ddc367ed5c8936efe395cffeec279b04ffd7db78/out/vs/workbench/api/node/extensionHostProcess.js:29:157133)
	at kw.g (file:///home/travthegr88/.vscode-server/bin/ddc367ed5c8936efe395cffeec279b04ffd7db78/out/vs/workbench/api/node/extensionHostProcess.js:112:41039)
	at kw.executeCommand (file:///home/travthegr88/.vscode-server/bin/ddc367ed5c8936efe395cffeec279b04ffd7db78/out/vs/workbench/api/node/extensionHostProcess.js:112:40543)
	at r.registerCommand.description (file:///home/travthegr88/.vscode-server/bin/ddc367ed5c8936efe395cffeec279b04ffd7db78/out/vs/workbench/api/node/extensionHostProcess.js:112:39873)
	at kw.h (file:///home/travthegr88/.vscode-server/bin/ddc367ed5c8936efe395cffeec279b04ffd7db78/out/vs/workbench/api/node/extensionHostProcess.js:112:41559)
	at kw.g (file:///home/travthegr88/.vscode-server/bin/ddc367ed5c8936efe395cffeec279b04ffd7db78/out/vs/workbench/api/node/extensionHostProcess.js:112:40636)
	at kw.executeCommand (file:///home/travthegr88/.vscode-server/bin/ddc367ed5c8936efe395cffeec279b04ffd7db78/out/vs/workbench/api/node/extensionHostProcess.js:112:40543)
	at Object.executeCommand (file:///home/travthegr88/.vscode-server/bin/ddc367ed5c8936efe395cffeec279b04ffd7db78/out/vs/workbench/api/node/extensionHostProcess.js:172:37375)
	at e (/home/travthegr88/.vscode-server/extensions/github.vscode-pull-request-github-0.106.0/dist/extension.js:2081:447845)
	at Object.i [as setContext] (/home/travthegr88/.vscode-server/extensions/github.vscode-pull-request-github-0.106.0/dist/extension.js:2081:447960)
	at Mf.updateActiveReviewCount (/home/travthegr88/.vscode-server/extensions/github.vscode-pull-request-github-0.106.0/dist/extension.js:2190:21287)
	at Mf.removeRepo (/home/travthegr88/.vscode-server/extensions/github.vscode-pull-request-github-0.106.0/dist/extension.js:2190:22472)
	at Th.value (/home/travthegr88/.vscode-server/extensions/github.vscode-pull-request-github-0.106.0/dist/extension.js:2526:4265)
	at D.B (file:///home/travthegr88/.vscode-server/bin/ddc367ed5c8936efe395cffeec279b04ffd7db78/out/vs/workbench/api/node/extensionHostProcess.js:27:2375)
	at D.C (file:///home/travthegr88/.vscode-server/bin/ddc367ed5c8936efe395cffeec279b04ffd7db78/out/vs/workbench/api/node/extensionHostProcess.js:27:2445)
	at D.fire (file:///home/travthegr88/.vscode-server/bin/ddc367ed5c8936efe395cffeec279b04ffd7db78/out/vs/workbench/api/node/extensionHostProcess.js:27:2662)
	at Th.value (/home/travthegr88/.vscode-server/extensions/github.vscode-pull-request-github-0.106.0/dist/extension.js:2081:444625)
	at D.B (file:///home/travthegr88/.vscode-server/bin/ddc367ed5c8936efe395cffeec279b04ffd7db78/out/vs/workbench/api/node/extensionHostProcess.js:27:2375)
	at D.fire (file:///home/travthegr88/.vscode-server/bin/ddc367ed5c8936efe395cffeec279b04ffd7db78/out/vs/workbench/api/node/extensionHostProcess.js:27:2593)
	at /home/travthegr88/.vscode-server/extensions/github.vscode-pull-request-github-0.106.0/dist/extension.js:2190:26488
	at Th.value (/home/travthegr88/.vscode-server/bin/ddc367ed5c8936efe395cffeec279b04ffd7db78/extensions/git/dist/main.js:2:1120702)
	at D.B (file:///home/travthegr88/.vscode-server/bin/ddc367ed5c8936efe395cffeec279b04ffd7db78/out/vs/workbench/api/node/extensionHostProcess.js:27:2375)
	at D.C (file:///home/travthegr88/.vscode-server/bin/ddc367ed5c8936efe395cffeec279b04ffd7db78/out/vs/workbench/api/node/extensionHostProcess.js:27:2445)
	at D.fire (file:///home/travthegr88/.vscode-server/bin/ddc367ed5c8936efe395cffeec279b04ffd7db78/out/vs/workbench/api/node/extensionHostProcess.js:27:2662)
	at Object.p [as dispose] (/home/travthegr88/.vscode-server/bin/ddc367ed5c8936efe395cffeec279b04ffd7db78/extensions/git/dist/main.js:2:1022703)
	at /home/travthegr88/.vscode-server/bin/ddc367ed5c8936efe395cffeec279b04ffd7db78/extensions/git/dist/main.js:2:1029021
	at Array.forEach (<anonymous>)
	at b.dispose (/home/travthegr88/.vscode-server/bin/ddc367ed5c8936efe395cffeec279b04ffd7db78/extensions/git/dist/main.js:2:1029007)
	at fv.<anonymous> (file:///home/travthegr88/.vscode-server/bin/ddc367ed5c8936efe395cffeec279b04ffd7db78/out/vs/workbench/api/node/extensionHostProcess.js:108:8922)
	at fv.dispose (file:///home/travthegr88/.vscode-server/bin/ddc367ed5c8936efe395cffeec279b04ffd7db78/out/vs/workbench/api/node/extensionHostProcess.js:108:9018)
	at fv.<anonymous> (/home/travthegr88/.vscode-server/bin/ddc367ed5c8936efe395cffeec279b04ffd7db78/extensions/git/dist/main.js:2:1002547)
	at fv.dispose (file:///home/travthegr88/.vscode-server/bin/ddc367ed5c8936efe395cffeec279b04ffd7db78/out/vs/workbench/api/node/extensionHostProcess.js:108:9018)
	at hi (file:///home/travthegr88/.vscode-server/bin/ddc367ed5c8936efe395cffeec279b04ffd7db78/out/vs/workbench/api/node/extensionHostProcess.js:25:701)
	at file:///home/travthegr88/.vscode-server/bin/ddc367ed5c8936efe395cffeec279b04ffd7db78/out/vs/workbench/api/node/extensionHostProcess.js:116:14994
	at file:///home/travthegr88/.vscode-server/bin/ddc367ed5c8936efe395cffeec279b04ffd7db78/out/vs/workbench/api/node/extensionHostProcess.js:25:1011
	at Object.dispose (file:///home/travthegr88/.vscode-server/bin/ddc367ed5c8936efe395cffeec279b04ffd7db78/out/vs/workbench/api/node/extensionHostProcess.js:8:705)
	at zz.eb (file:///home/travthegr88/.vscode-server/bin/ddc367ed5c8936efe395cffeec279b04ffd7db78/out/vs/workbench/api/node/extensionHostProcess.js:116:11921)
	at file:///home/travthegr88/.vscode-server/bin/ddc367ed5c8936efe395cffeec279b04ffd7db78/out/vs/workbench/api/node/extensionHostProcess.js:116:9876
	at Array.map (<anonymous>)
	at zz.$ (file:///home/travthegr88/.vscode-server/bin/ddc367ed5c8936efe395cffeec279b04ffd7db78/out/vs/workbench/api/node/extensionHostProcess.js:116:9864)
	at zz.terminate (file:///home/travthegr88/.vscode-server/bin/ddc367ed5c8936efe395cffeec279b04ffd7db78/out/vs/workbench/api/node/extensionHostProcess.js:116:10107)
	at FI.terminate (file:///home/travthegr88/.vscode-server/bin/ddc367ed5c8936efe395cffeec279b04ffd7db78/out/vs/workbench/api/node/extensionHostProcess.js:117:1434)
	at ts (file:///home/travthegr88/.vscode-server/bin/ddc367ed5c8936efe395cffeec279b04ffd7db78/out/vs/workbench/api/node/extensionHostProcess.js:190:15108)
	at Th.value (file:///home/travthegr88/.vscode-server/bin/ddc367ed5c8936efe395cffeec279b04ffd7db78/out/vs/workbench/api/node/extensionHostProcess.js:190:13269)
	at D.B (file:///home/travthegr88/.vscode-server/bin/ddc367ed5c8936efe395cffeec279b04ffd7db78/out/vs/workbench/api/node/extensionHostProcess.js:27:2375)
	at D.fire (file:///home/travthegr88/.vscode-server/bin/ddc367ed5c8936efe395cffeec279b04ffd7db78/out/vs/workbench/api/node/extensionHostProcess.js:27:2593)
	at Gn.fire (file:///home/travthegr88/.vscode-server/bin/ddc367ed5c8936efe395cffeec279b04ffd7db78/out/vs/workbench/api/node/extensionHostProcess.js:29:9459)
	at Ym.A (file:///home/travthegr88/.vscode-server/bin/ddc367ed5c8936efe395cffeec279b04ffd7db78/out/vs/workbench/api/node/extensionHostProcess.js:29:12575)
	at Th.value (file:///home/travthegr88/.vscode-server/bin/ddc367ed5c8936efe395cffeec279b04ffd7db78/out/vs/workbench/api/node/extensionHostProcess.js:29:10995)
	at D.B (file:///home/travthegr88/.vscode-server/bin/ddc367ed5c8936efe395cffeec279b04ffd7db78/out/vs/workbench/api/node/extensionHostProcess.js:27:2375)
	at D.fire (file:///home/travthegr88/.vscode-server/bin/ddc367ed5c8936efe395cffeec279b04ffd7db78/out/vs/workbench/api/node/extensionHostProcess.js:27:2593)
	at C6.acceptChunk (file:///home/travthegr88/.vscode-server/bin/ddc367ed5c8936efe395cffeec279b04ffd7db78/out/vs/workbench/api/node/extensionHostProcess.js:29:7942)
	at Th.value (file:///home/travthegr88/.vscode-server/bin/ddc367ed5c8936efe395cffeec279b04ffd7db78/out/vs/workbench/api/node/extensionHostProcess.js:29:7228)
	at D.B (file:///home/travthegr88/.vscode-server/bin/ddc367ed5c8936efe395cffeec279b04ffd7db78/out/vs/workbench/api/node/extensionHostProcess.js:27:2375)
	at D.fire (file:///home/travthegr88/.vscode-server/bin/ddc367ed5c8936efe395cffeec279b04ffd7db78/out/vs/workbench/api/node/extensionHostProcess.js:27:2593)
	at tT.z (file:///home/travthegr88/.vscode-server/bin/ddc367ed5c8936efe395cffeec279b04ffd7db78/out/vs/workbench/api/node/extensionHostProcess.js:29:21747)
	at tT.acceptFrame (file:///home/travthegr88/.vscode-server/bin/ddc367ed5c8936efe395cffeec279b04ffd7db78/out/vs/workbench/api/node/extensionHostProcess.js:29:21553)
	at eT.n (file:///home/travthegr88/.vscode-server/bin/ddc367ed5c8936efe395cffeec279b04ffd7db78/out/vs/workbench/api/node/extensionHostProcess.js:29:20080)
	at file:///home/travthegr88/.vscode-server/bin/ddc367ed5c8936efe395cffeec279b04ffd7db78/out/vs/workbench/api/node/extensionHostProcess.js:29:17312
	at Socket.t (file:///home/travthegr88/.vscode-server/bin/ddc367ed5c8936efe395cffeec279b04ffd7db78/out/vs/workbench/api/node/extensionHostProcess.js:29:15252)
	at Socket.emit (node:events:518:28)
	at addChunk (node:internal/streams/readable:561:12)
	at readableAddChunkPushByteMode (node:internal/streams/readable:512:3)
	at Readable.push (node:internal/streams/readable:392:5)
	at TCP.onStreamRead (node:internal/stream_base_commons:191:23) setContext undefined
2025-03-24 10:59:28.626 [error] Canceled: Canceled
	at new dR (file:///home/travthegr88/.vscode-server/bin/ddc367ed5c8936efe395cffeec279b04ffd7db78/out/vs/workbench/api/node/extensionHostProcess.js:29:155028)
	at qy.U (file:///home/travthegr88/.vscode-server/bin/ddc367ed5c8936efe395cffeec279b04ffd7db78/out/vs/workbench/api/node/extensionHostProcess.js:29:159639)
	at s.<computed>.n.charCodeAt.s.<computed> (file:///home/travthegr88/.vscode-server/bin/ddc367ed5c8936efe395cffeec279b04ffd7db78/out/vs/workbench/api/node/extensionHostProcess.js:29:157133)
	at kw.g (file:///home/travthegr88/.vscode-server/bin/ddc367ed5c8936efe395cffeec279b04ffd7db78/out/vs/workbench/api/node/extensionHostProcess.js:112:41039)
	at kw.executeCommand (file:///home/travthegr88/.vscode-server/bin/ddc367ed5c8936efe395cffeec279b04ffd7db78/out/vs/workbench/api/node/extensionHostProcess.js:112:40543)
	at r.registerCommand.description (file:///home/travthegr88/.vscode-server/bin/ddc367ed5c8936efe395cffeec279b04ffd7db78/out/vs/workbench/api/node/extensionHostProcess.js:112:39873)
	at kw.h (file:///home/travthegr88/.vscode-server/bin/ddc367ed5c8936efe395cffeec279b04ffd7db78/out/vs/workbench/api/node/extensionHostProcess.js:112:41559)
	at kw.g (file:///home/travthegr88/.vscode-server/bin/ddc367ed5c8936efe395cffeec279b04ffd7db78/out/vs/workbench/api/node/extensionHostProcess.js:112:40636)
	at kw.executeCommand (file:///home/travthegr88/.vscode-server/bin/ddc367ed5c8936efe395cffeec279b04ffd7db78/out/vs/workbench/api/node/extensionHostProcess.js:112:40543)
	at Object.executeCommand (file:///home/travthegr88/.vscode-server/bin/ddc367ed5c8936efe395cffeec279b04ffd7db78/out/vs/workbench/api/node/extensionHostProcess.js:172:37375)
	at e (/home/travthegr88/.vscode-server/extensions/github.vscode-pull-request-github-0.106.0/dist/extension.js:2081:447845)
	at Object.i [as setContext] (/home/travthegr88/.vscode-server/extensions/github.vscode-pull-request-github-0.106.0/dist/extension.js:2081:447960)
	at hf.setReviewModeContexts (/home/travthegr88/.vscode-server/extensions/github.vscode-pull-request-github-0.106.0/dist/extension.js:2513:19366)
	at hf.removePrFromView (/home/travthegr88/.vscode-server/extensions/github.vscode-pull-request-github-0.106.0/dist/extension.js:2513:19993)
	at Of.clear (/home/travthegr88/.vscode-server/extensions/github.vscode-pull-request-github-0.106.0/dist/extension.js:2171:8134)
	at Of.dispose (/home/travthegr88/.vscode-server/extensions/github.vscode-pull-request-github-0.106.0/dist/extension.js:2173:188)
	at Ef.removeReviewManager (/home/travthegr88/.vscode-server/extensions/github.vscode-pull-request-github-0.106.0/dist/extension.js:2513:51034)
	at Th.value (/home/travthegr88/.vscode-server/extensions/github.vscode-pull-request-github-0.106.0/dist/extension.js:2526:4283)
	at D.B (file:///home/travthegr88/.vscode-server/bin/ddc367ed5c8936efe395cffeec279b04ffd7db78/out/vs/workbench/api/node/extensionHostProcess.js:27:2375)
	at D.C (file:///home/travthegr88/.vscode-server/bin/ddc367ed5c8936efe395cffeec279b04ffd7db78/out/vs/workbench/api/node/extensionHostProcess.js:27:2445)
	at D.fire (file:///home/travthegr88/.vscode-server/bin/ddc367ed5c8936efe395cffeec279b04ffd7db78/out/vs/workbench/api/node/extensionHostProcess.js:27:2662)
	at Th.value (/home/travthegr88/.vscode-server/extensions/github.vscode-pull-request-github-0.106.0/dist/extension.js:2081:444625)
	at D.B (file:///home/travthegr88/.vscode-server/bin/ddc367ed5c8936efe395cffeec279b04ffd7db78/out/vs/workbench/api/node/extensionHostProcess.js:27:2375)
	at D.fire (file:///home/travthegr88/.vscode-server/bin/ddc367ed5c8936efe395cffeec279b04ffd7db78/out/vs/workbench/api/node/extensionHostProcess.js:27:2593)
	at /home/travthegr88/.vscode-server/extensions/github.vscode-pull-request-github-0.106.0/dist/extension.js:2190:26488
	at Th.value (/home/travthegr88/.vscode-server/bin/ddc367ed5c8936efe395cffeec279b04ffd7db78/extensions/git/dist/main.js:2:1120702)
	at D.B (file:///home/travthegr88/.vscode-server/bin/ddc367ed5c8936efe395cffeec279b04ffd7db78/out/vs/workbench/api/node/extensionHostProcess.js:27:2375)
	at D.C (file:///home/travthegr88/.vscode-server/bin/ddc367ed5c8936efe395cffeec279b04ffd7db78/out/vs/workbench/api/node/extensionHostProcess.js:27:2445)
	at D.fire (file:///home/travthegr88/.vscode-server/bin/ddc367ed5c8936efe395cffeec279b04ffd7db78/out/vs/workbench/api/node/extensionHostProcess.js:27:2662)
	at Object.p [as dispose] (/home/travthegr88/.vscode-server/bin/ddc367ed5c8936efe395cffeec279b04ffd7db78/extensions/git/dist/main.js:2:1022703)
	at /home/travthegr88/.vscode-server/bin/ddc367ed5c8936efe395cffeec279b04ffd7db78/extensions/git/dist/main.js:2:1029021
	at Array.forEach (<anonymous>)
	at b.dispose (/home/travthegr88/.vscode-server/bin/ddc367ed5c8936efe395cffeec279b04ffd7db78/extensions/git/dist/main.js:2:1029007)
	at fv.<anonymous> (file:///home/travthegr88/.vscode-server/bin/ddc367ed5c8936efe395cffeec279b04ffd7db78/out/vs/workbench/api/node/extensionHostProcess.js:108:8922)
	at fv.dispose (file:///home/travthegr88/.vscode-server/bin/ddc367ed5c8936efe395cffeec279b04ffd7db78/out/vs/workbench/api/node/extensionHostProcess.js:108:9018)
	at fv.<anonymous> (/home/travthegr88/.vscode-server/bin/ddc367ed5c8936efe395cffeec279b04ffd7db78/extensions/git/dist/main.js:2:1002547)
	at fv.dispose (file:///home/travthegr88/.vscode-server/bin/ddc367ed5c8936efe395cffeec279b04ffd7db78/out/vs/workbench/api/node/extensionHostProcess.js:108:9018)
	at hi (file:///home/travthegr88/.vscode-server/bin/ddc367ed5c8936efe395cffeec279b04ffd7db78/out/vs/workbench/api/node/extensionHostProcess.js:25:701)
	at file:///home/travthegr88/.vscode-server/bin/ddc367ed5c8936efe395cffeec279b04ffd7db78/out/vs/workbench/api/node/extensionHostProcess.js:116:14994
	at file:///home/travthegr88/.vscode-server/bin/ddc367ed5c8936efe395cffeec279b04ffd7db78/out/vs/workbench/api/node/extensionHostProcess.js:25:1011
	at Object.dispose (file:///home/travthegr88/.vscode-server/bin/ddc367ed5c8936efe395cffeec279b04ffd7db78/out/vs/workbench/api/node/extensionHostProcess.js:8:705)
	at zz.eb (file:///home/travthegr88/.vscode-server/bin/ddc367ed5c8936efe395cffeec279b04ffd7db78/out/vs/workbench/api/node/extensionHostProcess.js:116:11921)
	at file:///home/travthegr88/.vscode-server/bin/ddc367ed5c8936efe395cffeec279b04ffd7db78/out/vs/workbench/api/node/extensionHostProcess.js:116:9876
	at Array.map (<anonymous>)
	at zz.$ (file:///home/travthegr88/.vscode-server/bin/ddc367ed5c8936efe395cffeec279b04ffd7db78/out/vs/workbench/api/node/extensionHostProcess.js:116:9864)
	at zz.terminate (file:///home/travthegr88/.vscode-server/bin/ddc367ed5c8936efe395cffeec279b04ffd7db78/out/vs/workbench/api/node/extensionHostProcess.js:116:10107)
	at FI.terminate (file:///home/travthegr88/.vscode-server/bin/ddc367ed5c8936efe395cffeec279b04ffd7db78/out/vs/workbench/api/node/extensionHostProcess.js:117:1434)
	at ts (file:///home/travthegr88/.vscode-server/bin/ddc367ed5c8936efe395cffeec279b04ffd7db78/out/vs/workbench/api/node/extensionHostProcess.js:190:15108)
	at Th.value (file:///home/travthegr88/.vscode-server/bin/ddc367ed5c8936efe395cffeec279b04ffd7db78/out/vs/workbench/api/node/extensionHostProcess.js:190:13269)
	at D.B (file:///home/travthegr88/.vscode-server/bin/ddc367ed5c8936efe395cffeec279b04ffd7db78/out/vs/workbench/api/node/extensionHostProcess.js:27:2375)
	at D.fire (file:///home/travthegr88/.vscode-server/bin/ddc367ed5c8936efe395cffeec279b04ffd7db78/out/vs/workbench/api/node/extensionHostProcess.js:27:2593)
	at Gn.fire (file:///home/travthegr88/.vscode-server/bin/ddc367ed5c8936efe395cffeec279b04ffd7db78/out/vs/workbench/api/node/extensionHostProcess.js:29:9459)
	at Ym.A (file:///home/travthegr88/.vscode-server/bin/ddc367ed5c8936efe395cffeec279b04ffd7db78/out/vs/workbench/api/node/extensionHostProcess.js:29:12575)
	at Th.value (file:///home/travthegr88/.vscode-server/bin/ddc367ed5c8936efe395cffeec279b04ffd7db78/out/vs/workbench/api/node/extensionHostProcess.js:29:10995)
	at D.B (file:///home/travthegr88/.vscode-server/bin/ddc367ed5c8936efe395cffeec279b04ffd7db78/out/vs/workbench/api/node/extensionHostProcess.js:27:2375)
	at D.fire (file:///home/travthegr88/.vscode-server/bin/ddc367ed5c8936efe395cffeec279b04ffd7db78/out/vs/workbench/api/node/extensionHostProcess.js:27:2593)
	at C6.acceptChunk (file:///home/travthegr88/.vscode-server/bin/ddc367ed5c8936efe395cffeec279b04ffd7db78/out/vs/workbench/api/node/extensionHostProcess.js:29:7942)
	at Th.value (file:///home/travthegr88/.vscode-server/bin/ddc367ed5c8936efe395cffeec279b04ffd7db78/out/vs/workbench/api/node/extensionHostProcess.js:29:7228)
	at D.B (file:///home/travthegr88/.vscode-server/bin/ddc367ed5c8936efe395cffeec279b04ffd7db78/out/vs/workbench/api/node/extensionHostProcess.js:27:2375)
	at D.fire (file:///home/travthegr88/.vscode-server/bin/ddc367ed5c8936efe395cffeec279b04ffd7db78/out/vs/workbench/api/node/extensionHostProcess.js:27:2593)
	at tT.z (file:///home/travthegr88/.vscode-server/bin/ddc367ed5c8936efe395cffeec279b04ffd7db78/out/vs/workbench/api/node/extensionHostProcess.js:29:21747)
	at tT.acceptFrame (file:///home/travthegr88/.vscode-server/bin/ddc367ed5c8936efe395cffeec279b04ffd7db78/out/vs/workbench/api/node/extensionHostProcess.js:29:21553)
	at eT.n (file:///home/travthegr88/.vscode-server/bin/ddc367ed5c8936efe395cffeec279b04ffd7db78/out/vs/workbench/api/node/extensionHostProcess.js:29:20080)
	at file:///home/travthegr88/.vscode-server/bin/ddc367ed5c8936efe395cffeec279b04ffd7db78/out/vs/workbench/api/node/extensionHostProcess.js:29:17312
	at Socket.t (file:///home/travthegr88/.vscode-server/bin/ddc367ed5c8936efe395cffeec279b04ffd7db78/out/vs/workbench/api/node/extensionHostProcess.js:29:15252)
	at Socket.emit (node:events:518:28)
	at addChunk (node:internal/streams/readable:561:12)
	at readableAddChunkPushByteMode (node:internal/streams/readable:512:3)
	at Readable.push (node:internal/streams/readable:392:5)
	at TCP.onStreamRead (node:internal/stream_base_commons:191:23) setContext undefined
2025-03-24 10:59:28.674 [info] Extension host with pid 1018 exiting with code 0
