2025-03-14 09:20:16.109 [info] Extension host with pid 1135 started
2025-03-14 09:20:16.109 [error] Error: EEXIST: file already exists, open '/home/travthegr88/.vscode-server/data/User/workspaceStorage/2f436b179f2cf5ff81723b411ac18821/vscode.lock'
2025-03-14 09:20:16.189 [info] Lock '/home/travthegr88/.vscode-server/data/User/workspaceStorage/2f436b179f2cf5ff81723b411ac18821/vscode.lock': Could not acquire lock, checking if the file is stale.
2025-03-14 09:20:16.275 [info] ExtensionService#_doActivateExtension vscode.emmet, startup: false, activationEvent: 'onLanguage'
2025-03-14 09:20:16.278 [info] ExtensionService#_doActivateExtension vscode.typescript-language-features, startup: false, activationEvent: 'onLanguage:javascript'
2025-03-14 09:20:16.279 [info] ExtensionService#_doActivateExtension leizongmin.node-module-intellisense, startup: false, activationEvent: 'onLanguage:javascript'
2025-03-14 09:20:17.531 [info] ExtensionService#_doActivateExtension vscode.git-base, startup: true, activationEvent: '*', root cause: vscode.git
2025-03-14 09:20:17.567 [info] Lock '/home/travthegr88/.vscode-server/data/User/workspaceStorage/2f436b179f2cf5ff81723b411ac18821/vscode.lock': The pid 261514 appears to be gone.
2025-03-14 09:20:17.567 [info] Lock '/home/travthegr88/.vscode-server/data/User/workspaceStorage/2f436b179f2cf5ff81723b411ac18821/vscode.lock': Deleting a stale lock.
2025-03-14 09:20:17.632 [info] Lock '/home/travthegr88/.vscode-server/data/User/workspaceStorage/2f436b179f2cf5ff81723b411ac18821/vscode.lock': Lock acquired.
2025-03-14 09:20:18.329 [info] ExtensionService#_doActivateExtension vscode.git, startup: true, activationEvent: '*'
2025-03-14 09:20:18.330 [info] ExtensionService#_doActivateExtension vscode.github, startup: true, activationEvent: '*'
2025-03-14 09:20:19.034 [info] Eager extensions activated
2025-03-14 09:20:19.034 [info] ExtensionService#_doActivateExtension vscode.debug-auto-launch, startup: false, activationEvent: 'onStartupFinished'
2025-03-14 09:20:19.035 [info] ExtensionService#_doActivateExtension vscode.merge-conflict, startup: false, activationEvent: 'onStartupFinished'
2025-03-14 09:20:19.036 [info] ExtensionService#_doActivateExtension esbenp.prettier-vscode, startup: false, activationEvent: 'onStartupFinished'
2025-03-14 09:20:19.044 [info] ExtensionService#_doActivateExtension formulahendry.code-runner, startup: false, activationEvent: 'onStartupFinished'
2025-03-14 09:20:19.045 [info] ExtensionService#_doActivateExtension ritwickdey.LiveServer, startup: false, activationEvent: 'onStartupFinished'
2025-03-14 09:20:20.775 [info] ExtensionService#_doActivateExtension GitHub.vscode-pull-request-github, startup: false, activationEvent: 'onStartupFinished'
2025-03-14 09:35:53.596 [info] ExtensionService#_doActivateExtension vscode.tunnel-forwarding, startup: false, activationEvent: 'onTunnel'
