2025-03-19 22:33:01.489 [warning] /home/travthegr88/.ssh/config: ENOENT: no such file or directory, open '/home/travthegr88/.ssh/config'
2025-03-19 22:33:01.489 [info] [Activation] Extension version: 0.106.0
2025-03-19 22:33:01.774 [info] [Activation] Looking for git repository
2025-03-19 22:33:01.774 [info] [Activation] Found 0 repositories during activation
2025-03-19 22:33:01.774 [info] [Activation] Git repository found, initializing review manager and pr tree view.
2025-03-19 22:33:01.785 [info] [GitAPI] Registering git provider
2025-03-19 22:33:01.785 [info] [Review+0] Validate state in progress
2025-03-19 22:33:01.785 [info] [Review+0] Validating state...
2025-03-19 22:33:01.819 [info] [FolderRepositoryManager+0] Found GitHub remote for folder /home/travthegr88/code/ramen-rating-app
2025-03-19 22:33:02.122 [warning] Unable to resolve remote: HttpError: request to https://api.github.com/repos/travinne/1-challange failed, reason: 
2025-03-19 22:33:02.123 [info] [FolderRepositoryManager+0] Missing upstream check failed: HttpError: request to https://api.github.com/repos/travinne/1-challange failed, reason: 
2025-03-19 22:33:02.124 [info] [FolderRepositoryManager+0] Trying to use globalState for assignableUsers.
2025-03-19 22:33:02.129 [info] [Review+0] No matching pull request metadata found locally for current branch main
2025-03-19 22:33:02.182 [info] [FolderRepositoryManager+0] Using globalState assignableUsers for 1.
2025-03-19 22:33:02.469 [error] [GitHubRepository+0] Error querying GraphQL API: Network error: request to https://api.github.com/graphql failed, reason: . 
2025-03-19 22:33:07.957 [info] [Activation] Repo state for file:///home/travthegr88/code/ramen-rating-app changed.
2025-03-19 22:33:07.957 [info] [Activation] Repo file:///home/travthegr88/code/ramen-rating-app has already been setup.
2025-03-19 22:35:01.786 [error] [Review+0] Timeout occurred while validating state.
2025-03-20 08:55:42.531 [warning] [GitHubRepository+0] Fetching default branch failed: HttpError: request to https://api.github.com/repos/travinne/1-challange failed, reason: 
2025-03-20 08:55:52.272 [warning] [GitHubRepository+0] Fetching default branch failed: HttpError: request to https://api.github.com/repos/travinne/1-challange failed, reason: 
