2025-03-12 13:00:25.400 [info] Extension host with pid 1466 started
2025-03-12 13:00:25.400 [error] Error: EEXIST: file already exists, open '/home/travthegr88/.vscode-server/data/User/workspaceStorage/94dfe4bc92be6d8580aa480011126111/vscode.lock'
2025-03-12 13:00:25.425 [info] Lock '/home/travthegr88/.vscode-server/data/User/workspaceStorage/94dfe4bc92be6d8580aa480011126111/vscode.lock': Could not acquire lock, checking if the file is stale.
2025-03-12 13:00:25.447 [info] Lock '/home/travthegr88/.vscode-server/data/User/workspaceStorage/94dfe4bc92be6d8580aa480011126111/vscode.lock': The lock looks stale, waiting for 2s.
2025-03-12 13:00:25.876 [info] ExtensionService#_doActivateExtension vscode.typescript-language-features, startup: false, activationEvent: 'onLanguage:javascript'
2025-03-12 13:00:25.878 [info] ExtensionService#_doActivateExtension leizongmin.node-module-intellisense, startup: false, activationEvent: 'onLanguage:javascript'
2025-03-12 13:00:25.879 [info] ExtensionService#_doActivateExtension vscode.emmet, startup: false, activationEvent: 'onLanguage'
2025-03-12 13:00:26.881 [info] ExtensionService#_doActivateExtension vscode.git-base, startup: true, activationEvent: '*', root cause: vscode.git
2025-03-12 13:00:26.888 [info] ExtensionService#_doActivateExtension vscode.npm, startup: true, activationEvent: 'workspaceContains:package.json'
2025-03-12 13:00:27.448 [info] Lock '/home/travthegr88/.vscode-server/data/User/workspaceStorage/94dfe4bc92be6d8580aa480011126111/vscode.lock': The lock looks stale even after waiting for 2s.
2025-03-12 13:00:27.448 [info] Lock '/home/travthegr88/.vscode-server/data/User/workspaceStorage/94dfe4bc92be6d8580aa480011126111/vscode.lock': Deleting a stale lock.
2025-03-12 13:00:27.454 [info] Lock '/home/travthegr88/.vscode-server/data/User/workspaceStorage/94dfe4bc92be6d8580aa480011126111/vscode.lock': Lock acquired.
2025-03-12 13:00:27.712 [info] ExtensionService#_doActivateExtension vscode.git, startup: true, activationEvent: '*'
2025-03-12 13:00:27.713 [info] ExtensionService#_doActivateExtension vscode.github, startup: true, activationEvent: '*'
2025-03-12 13:00:27.971 [info] Eager extensions activated
2025-03-12 13:00:27.971 [info] ExtensionService#_doActivateExtension vscode.debug-auto-launch, startup: false, activationEvent: 'onStartupFinished'
2025-03-12 13:00:27.971 [info] ExtensionService#_doActivateExtension vscode.merge-conflict, startup: false, activationEvent: 'onStartupFinished'
2025-03-12 13:00:27.971 [info] ExtensionService#_doActivateExtension esbenp.prettier-vscode, startup: false, activationEvent: 'onStartupFinished'
2025-03-12 13:00:27.972 [info] ExtensionService#_doActivateExtension formulahendry.code-runner, startup: false, activationEvent: 'onStartupFinished'
2025-03-12 13:00:27.972 [info] ExtensionService#_doActivateExtension ritwickdey.LiveServer, startup: false, activationEvent: 'onStartupFinished'
2025-03-12 13:00:28.526 [info] ExtensionService#_doActivateExtension GitHub.vscode-pull-request-github, startup: false, activationEvent: 'onStartupFinished'
2025-03-12 13:00:33.316 [info] ExtensionService#_doActivateExtension vscode.configuration-editing, startup: false, activationEvent: 'onLanguage:json'
2025-03-12 13:00:33.317 [info] ExtensionService#_doActivateExtension vscode.extension-editing, startup: false, activationEvent: 'onLanguage:json'
2025-03-12 13:00:33.317 [info] ExtensionService#_doActivateExtension vscode.json-language-features, startup: false, activationEvent: 'onLanguage:json'
2025-03-12 15:18:55.220 [info] ExtensionService#_doActivateExtension vscode.tunnel-forwarding, startup: false, activationEvent: 'onTunnel'
