2025-03-21 16:05:59.314 [warning] /home/travthegr88/.ssh/config: ENOENT: no such file or directory, open '/home/travthegr88/.ssh/config'
2025-03-21 16:05:59.314 [info] [Activation] Extension version: 0.106.0
2025-03-21 16:05:59.537 [info] [Activation] Looking for git repository
2025-03-21 16:05:59.538 [info] [Activation] Found 0 repositories during activation
2025-03-21 16:05:59.538 [info] [Activation] Git repository found, initializing review manager and pr tree view.
2025-03-21 16:05:59.541 [info] [GitAPI] Registering git provider
2025-03-21 16:05:59.541 [info] [Review+0] Validate state in progress
2025-03-21 16:05:59.541 [info] [Review+0] Validating state...
2025-03-21 16:05:59.632 [info] [FolderRepositoryManager+0] Found GitHub remote for folder /home/travthegr88/development/code/phase-1/phase-0-the-dom-modifying-elements-lab
2025-03-21 16:05:59.679 [info] [Activation] Repo state for file:///home/travthegr88/development/code/phase-1/phase-0-the-dom-modifying-elements-lab changed.
2025-03-21 16:05:59.679 [info] [Activation] Repo file:///home/travthegr88/development/code/phase-1/phase-0-the-dom-modifying-elements-lab has already been setup.
2025-03-21 16:06:00.419 [info] [Review+0] Queuing additional validate state
2025-03-21 16:06:00.426 [info] [Review+0] No matching pull request metadata found locally for current branch master
2025-03-21 16:06:00.426 [info] [Review+0] No matching pull request metadata found on GitHub for current branch master
2025-03-21 16:06:00.428 [info] [FolderRepositoryManager+0] Found GitHub remote for folder /home/travthegr88/development/code/phase-1/phase-0-the-dom-modifying-elements-lab
2025-03-21 16:06:00.521 [info] [Review+0] Validating state...
2025-03-21 16:06:01.149 [info] [FolderRepositoryManager+0] Trying to use globalState for assignableUsers.
2025-03-21 16:06:01.312 [info] [FolderRepositoryManager+0] Found GitHub remote for folder /home/travthegr88/development/code/phase-1/phase-0-the-dom-modifying-elements-lab
2025-03-21 16:06:01.312 [info] [FolderRepositoryManager+0] Trying to use globalState for assignableUsers.
2025-03-21 16:06:01.317 [info] [Review+0] No matching pull request metadata found locally for current branch master
2025-03-21 16:06:01.430 [info] [FolderRepositoryManager+0] No globalState for assignableUsers.
2025-03-21 16:06:01.498 [info] [FolderRepositoryManager+0] No globalState for assignableUsers.
2025-03-21 16:06:02.634 [info] [Review+0] No matching pull request metadata found on GitHub for current branch master
2025-03-21 18:19:07.277 [info] [Review+0] Validate state in progress
2025-03-21 18:19:07.280 [info] [Review+0] Validating state...
2025-03-21 18:19:07.462 [info] [FolderRepositoryManager+0] Found GitHub remote for folder /home/travthegr88/development/code/phase-1/phase-0-the-dom-modifying-elements-lab
2025-03-21 18:19:07.463 [info] [FolderRepositoryManager+0] Using in-memory cached assignable users.
2025-03-21 18:19:07.474 [info] [Review+0] No matching pull request metadata found locally for current branch master
2025-03-21 18:19:08.504 [info] [Review+0] No matching pull request metadata found on GitHub for current branch master
2025-03-21 18:19:17.232 [info] [Review+0] Validate state in progress
2025-03-21 18:19:17.232 [info] [Review+0] Validating state...
2025-03-21 18:19:17.249 [info] [FolderRepositoryManager+0] Found GitHub remote for folder /home/travthegr88/development/code/phase-1/phase-0-the-dom-modifying-elements-lab
2025-03-21 18:19:17.250 [info] [FolderRepositoryManager+0] Using in-memory cached assignable users.
2025-03-21 18:19:17.254 [info] [Review+0] No matching pull request metadata found locally for current branch master
2025-03-21 18:19:18.498 [info] [Review+0] No matching pull request metadata found on GitHub for current branch master
