2025-03-14 09:20:20.132 [info] Extension host with pid 1329 started
2025-03-14 09:20:20.133 [error] Error: EEXIST: file already exists, open '/home/travthegr88/.vscode-server/data/User/workspaceStorage/9ad8f62e839e7cff9a113971423dd428/vscode.lock'
2025-03-14 09:20:20.195 [info] Lock '/home/travthegr88/.vscode-server/data/User/workspaceStorage/9ad8f62e839e7cff9a113971423dd428/vscode.lock': Could not acquire lock, checking if the file is stale.
2025-03-14 09:20:20.270 [info] ExtensionService#_doActivateExtension vscode.emmet, startup: false, activationEvent: 'onLanguage'
2025-03-14 09:20:20.385 [info] Lock '/home/travthegr88/.vscode-server/data/User/workspaceStorage/9ad8f62e839e7cff9a113971423dd428/vscode.lock': The pid 957 appears to be gone.
2025-03-14 09:20:20.385 [info] Lock '/home/travthegr88/.vscode-server/data/User/workspaceStorage/9ad8f62e839e7cff9a113971423dd428/vscode.lock': Deleting a stale lock.
2025-03-14 09:20:20.420 [info] Lock '/home/travthegr88/.vscode-server/data/User/workspaceStorage/9ad8f62e839e7cff9a113971423dd428/vscode.lock': Lock acquired.
2025-03-14 09:20:20.495 [info] ExtensionService#_doActivateExtension vscode.git-base, startup: true, activationEvent: '*', root cause: vscode.git
2025-03-14 09:20:20.502 [info] ExtensionService#_doActivateExtension vscode.npm, startup: true, activationEvent: 'workspaceContains:package.json'
2025-03-14 09:20:20.709 [info] ExtensionService#_doActivateExtension vscode.git, startup: true, activationEvent: '*'
2025-03-14 09:20:20.709 [info] ExtensionService#_doActivateExtension vscode.github, startup: true, activationEvent: '*'
2025-03-14 09:20:21.315 [info] Eager extensions activated
2025-03-14 09:20:21.316 [info] ExtensionService#_doActivateExtension vscode.debug-auto-launch, startup: false, activationEvent: 'onStartupFinished'
2025-03-14 09:20:21.318 [info] ExtensionService#_doActivateExtension vscode.merge-conflict, startup: false, activationEvent: 'onStartupFinished'
2025-03-14 09:20:21.319 [info] ExtensionService#_doActivateExtension esbenp.prettier-vscode, startup: false, activationEvent: 'onStartupFinished'
2025-03-14 09:20:21.320 [info] ExtensionService#_doActivateExtension formulahendry.code-runner, startup: false, activationEvent: 'onStartupFinished'
2025-03-14 09:20:21.321 [info] ExtensionService#_doActivateExtension ritwickdey.LiveServer, startup: false, activationEvent: 'onStartupFinished'
2025-03-14 09:20:22.730 [info] ExtensionService#_doActivateExtension GitHub.vscode-pull-request-github, startup: false, activationEvent: 'onStartupFinished'
2025-03-14 09:20:26.197 [info] ExtensionService#_doActivateExtension vscode.configuration-editing, startup: false, activationEvent: 'onLanguage:json'
2025-03-14 09:20:26.197 [info] ExtensionService#_doActivateExtension vscode.extension-editing, startup: false, activationEvent: 'onLanguage:json'
2025-03-14 09:20:26.198 [info] ExtensionService#_doActivateExtension vscode.json-language-features, startup: false, activationEvent: 'onLanguage:json'
2025-03-14 09:35:53.595 [info] ExtensionService#_doActivateExtension vscode.tunnel-forwarding, startup: false, activationEvent: 'onTunnel'
