2025-03-12 13:00:27.995 [warning] /home/travthegr88/.ssh/config: ENOENT: no such file or directory, open '/home/travthegr88/.ssh/config'
2025-03-12 13:00:27.995 [info] [Activation] Extension version: 0.106.0
2025-03-12 13:00:28.259 [info] [Activation] Looking for git repository
2025-03-12 13:00:28.259 [info] [Activation] Found 0 repositories during activation
2025-03-12 13:00:28.259 [info] [Activation] Git repository found, initializing review manager and pr tree view.
2025-03-12 13:00:28.264 [info] [GitAPI] Registering git provider
2025-03-12 13:00:28.265 [info] [Review+0] Validate state in progress
2025-03-12 13:00:28.265 [info] [Review+0] Validating state...
2025-03-12 13:00:28.295 [info] [FolderRepositoryManager+0] Found GitHub remote for folder /home/travthegr88/development/code/phase-1/phase-1-destructuring-assignment
2025-03-12 13:00:28.649 [warning] Unable to resolve remote: HttpError: request to https://api.github.com/repos/travinne/phase-1-destructuring-assignment failed, reason: 
2025-03-12 13:00:28.652 [warning] Unable to resolve remote: HttpError: request to https://api.github.com/repos/learn-co-curriculum/phase-1-destructuring-assignment failed, reason: 
2025-03-12 13:00:28.652 [info] [FolderRepositoryManager+0] Missing upstream check failed: HttpError: request to https://api.github.com/repos/travinne/phase-1-destructuring-assignment failed, reason: 
2025-03-12 13:00:28.655 [info] [FolderRepositoryManager+0] Trying to use globalState for assignableUsers.
2025-03-12 13:00:28.661 [info] [Review+0] No matching pull request metadata found locally for current branch master
2025-03-12 13:00:28.728 [info] [FolderRepositoryManager+0] Using globalState assignableUsers for 2.
2025-03-12 13:00:29.042 [warning] [GitHubRepository+0] Fetching default branch failed: HttpError: request to https://api.github.com/repos/travinne/phase-1-destructuring-assignment failed, reason: 
2025-03-12 13:00:29.044 [warning] [GitHubRepository+0] Fetching default branch failed: HttpError: request to https://api.github.com/repos/travinne/phase-1-destructuring-assignment failed, reason: 
2025-03-12 13:00:29.047 [warning] [GitHubRepository+0] Fetching default branch failed: HttpError: request to https://api.github.com/repos/travinne/phase-1-destructuring-assignment failed, reason: 
2025-03-12 13:00:29.991 [warning] [GitHubRepository+0.1] Fetching default branch failed: HttpError: request to https://api.github.com/repos/learn-co-curriculum/phase-1-destructuring-assignment failed, reason: 
2025-03-12 13:00:30.020 [warning] [GitHubRepository+0.1] Fetching default branch failed: HttpError: request to https://api.github.com/repos/learn-co-curriculum/phase-1-destructuring-assignment failed, reason: 
2025-03-12 13:00:30.049 [warning] [GitHubRepository+0.1] Fetching default branch failed: HttpError: request to https://api.github.com/repos/learn-co-curriculum/phase-1-destructuring-assignment failed, reason: 
2025-03-12 13:02:25.876 [error] [Review+0] Timeout occurred while validating state.
