2025-03-16 00:24:55.416 [info] Extension host with pid 45109 started
2025-03-16 00:24:55.447 [info] ExtensionService#_doActivateExtension vscode.emmet, startup: false, activationEvent: 'onLanguage'
2025-03-16 00:24:55.448 [info] ExtensionService#_doActivateExtension vscode.typescript-language-features, startup: false, activationEvent: 'onLanguage:javascript'
2025-03-16 00:24:55.448 [info] ExtensionService#_doActivateExtension leizongmin.node-module-intellisense, startup: false, activationEvent: 'onLanguage:javascript'
2025-03-16 00:24:55.562 [info] Lock '/home/travthegr88/.vscode-server/data/User/workspaceStorage/ddf7bd56f314a0579ef3ad744026a14f/vscode.lock': Lock acquired.
2025-03-16 00:24:55.801 [info] ExtensionService#_doActivateExtension vscode.git-base, startup: true, activationEvent: '*', root cause: vscode.git
2025-03-16 00:24:55.903 [info] ExtensionService#_doActivateExtension vscode.git, startup: true, activationEvent: '*'
2025-03-16 00:24:55.903 [info] ExtensionService#_doActivateExtension vscode.github, startup: true, activationEvent: '*'
2025-03-16 00:24:56.189 [info] Eager extensions activated
2025-03-16 00:24:56.190 [info] ExtensionService#_doActivateExtension vscode.debug-auto-launch, startup: false, activationEvent: 'onStartupFinished'
2025-03-16 00:24:56.191 [info] ExtensionService#_doActivateExtension vscode.merge-conflict, startup: false, activationEvent: 'onStartupFinished'
2025-03-16 00:24:56.191 [info] ExtensionService#_doActivateExtension esbenp.prettier-vscode, startup: false, activationEvent: 'onStartupFinished'
2025-03-16 00:24:56.192 [info] ExtensionService#_doActivateExtension ritwickdey.LiveServer, startup: false, activationEvent: 'onStartupFinished'
2025-03-16 00:24:56.465 [info] ExtensionService#_doActivateExtension GitHub.vscode-pull-request-github, startup: false, activationEvent: 'onStartupFinished'
2025-03-16 00:24:57.311 [info] ExtensionService#_doActivateExtension vscode.tunnel-forwarding, startup: false, activationEvent: 'onTunnel'
2025-03-16 17:59:13.921 [info] ExtensionService#_doActivateExtension vscode.debug-server-ready, startup: false, activationEvent: 'onDebugResolve'
2025-03-16 18:00:51.825 [info] ExtensionService#_doActivateExtension vscode.html-language-features, startup: false, activationEvent: 'onLanguage:html'
2025-03-16 20:07:41.466 [info] ExtensionService#_doActivateExtension vscode.css-language-features, startup: false, activationEvent: 'onLanguage:css'
2025-03-17 09:14:45.782 [info] Extension host terminating: received terminate message from renderer
2025-03-17 09:14:45.785 [info] Lock '/home/travthegr88/.vscode-server/data/User/workspaceStorage/ddf7bd56f314a0579ef3ad744026a14f/vscode.lock': Marking the lockfile as scheduled to be released in 6000 ms.
2025-03-17 09:14:46.165 [info] Extension host with pid 45109 exiting with code 0
