2025-03-15 13:08:50.054 [info] Extension host with pid 393388 started
2025-03-15 13:08:50.085 [info] ExtensionService#_doActivateExtension vscode.git-base, startup: true, activationEvent: '*', root cause: vscode.git
2025-03-15 13:08:50.090 [info] Lock '/home/travthegr88/.vscode-server/data/User/workspaceStorage/1b0143c53287e2c487950db9a8fc4a97/vscode.lock': Lock acquired.
2025-03-15 13:08:50.106 [info] ExtensionService#_doActivateExtension vscode.git, startup: true, activationEvent: '*'
2025-03-15 13:08:50.107 [info] ExtensionService#_doActivateExtension vscode.github, startup: true, activationEvent: '*'
2025-03-15 13:08:50.326 [info] Eager extensions activated
2025-03-15 13:08:50.326 [info] ExtensionService#_doActivateExtension vscode.debug-auto-launch, startup: false, activationEvent: 'onStartupFinished'
2025-03-15 13:08:50.327 [info] ExtensionService#_doActivateExtension vscode.merge-conflict, startup: false, activationEvent: 'onStartupFinished'
2025-03-15 13:08:50.327 [info] ExtensionService#_doActivateExtension esbenp.prettier-vscode, startup: false, activationEvent: 'onStartupFinished'
2025-03-15 13:08:50.327 [info] ExtensionService#_doActivateExtension formulahendry.code-runner, startup: false, activationEvent: 'onStartupFinished'
2025-03-15 13:08:50.327 [info] ExtensionService#_doActivateExtension ritwickdey.LiveServer, startup: false, activationEvent: 'onStartupFinished'
2025-03-15 13:08:50.585 [info] ExtensionService#_doActivateExtension GitHub.vscode-pull-request-github, startup: false, activationEvent: 'onStartupFinished'
2025-03-15 13:09:16.980 [info] ExtensionService#_doActivateExtension vscode.html-language-features, startup: false, activationEvent: 'onLanguage:html'
2025-03-15 13:09:16.981 [info] ExtensionService#_doActivateExtension leizongmin.node-module-intellisense, startup: false, activationEvent: 'onLanguage:html'
2025-03-15 13:09:16.982 [info] ExtensionService#_doActivateExtension vscode.emmet, startup: false, activationEvent: 'onLanguage'
2025-03-15 13:09:40.189 [info] ExtensionService#_doActivateExtension vscode.typescript-language-features, startup: false, activationEvent: 'onLanguage:javascript'
2025-03-15 13:11:18.304 [info] ExtensionService#_doActivateExtension vscode.configuration-editing, startup: false, activationEvent: 'onLanguage:jsonc'
2025-03-15 13:11:18.305 [info] ExtensionService#_doActivateExtension vscode.json-language-features, startup: false, activationEvent: 'onLanguage:jsonc'
2025-03-15 13:11:21.678 [info] ExtensionService#_doActivateExtension vscode.tunnel-forwarding, startup: false, activationEvent: 'onTunnel'
2025-03-15 15:27:13.504 [info] Extension host terminating: received terminate message from renderer
2025-03-15 15:27:13.506 [info] Lock '/home/travthegr88/.vscode-server/data/User/workspaceStorage/1b0143c53287e2c487950db9a8fc4a97/vscode.lock': Marking the lockfile as scheduled to be released in 6000 ms.
2025-03-15 15:27:13.693 [info] Extension host with pid 393388 exiting with code 0
