2025-03-19 22:33:01.089 [info] [main] Log level: Info
2025-03-19 22:33:01.089 [info] [main] Validating found git in: "git"
2025-03-19 22:33:01.089 [info] [main] Using git "2.43.0" from "git"
2025-03-19 22:33:01.089 [info] [Model][doInitialScan] Initial repository scan started
2025-03-19 22:33:01.089 [info] > git rev-parse --show-toplevel [4ms]
2025-03-19 22:33:01.089 [info] > git rev-parse --git-dir --git-common-dir [75ms]
2025-03-19 22:33:01.089 [info] [Model][openRepository] Opened repository: /home/travthegr88/code/ramen-rating-app
2025-03-19 22:33:01.089 [info] > git rev-parse --show-toplevel [16ms]
2025-03-19 22:33:01.089 [info] > git config --get commit.template [19ms]
2025-03-19 22:33:01.224 [info] > git rev-parse --show-toplevel [136ms]
2025-03-19 22:33:01.325 [info] > git for-each-ref --format=%(refname)%00%(upstream:short)%00%(objectname)%00%(upstream:track)%00%(upstream:remotename)%00%(upstream:remoteref) refs/heads/main refs/remotes/main [233ms]
2025-03-19 22:33:01.331 [info] > git rev-parse --show-toplevel [103ms]
2025-03-19 22:33:01.340 [info] > git rev-parse --show-toplevel [4ms]
2025-03-19 22:33:01.345 [info] [Model][doInitialScan] Initial repository scan completed - repositories (1), closed repositories (0), parent repositories (0), unsafe repositories (0)
2025-03-19 22:33:01.364 [info] > git status -z -uall [12ms]
2025-03-19 22:33:01.364 [info] > git for-each-ref --sort -committerdate --format %(refname) %(objectname) %(*objectname) [6ms]
2025-03-19 22:33:01.478 [info] > git show --textconv :Js/index.js [78ms]
2025-03-19 22:33:01.478 [info] > git show --textconv :index.html [74ms]
2025-03-19 22:33:01.478 [info] > git for-each-ref --format=%(refname)%00%(upstream:short)%00%(objectname)%00%(upstream:track)%00%(upstream:remotename)%00%(upstream:remoteref) refs/heads/main refs/remotes/main [94ms]
2025-03-19 22:33:01.491 [info] > git config --get --local branch.main.vscode-merge-base [10ms]
2025-03-19 22:33:01.491 [warning] [Git][config] git config failed: Failed to execute git
2025-03-19 22:33:01.495 [info] > git ls-files --stage -- index.html [20ms]
2025-03-19 22:33:01.501 [info] > git ls-files --stage -- Js/index.js [28ms]
2025-03-19 22:33:01.508 [info] > git config --get commit.template [114ms]
2025-03-19 22:33:01.509 [info] > git cat-file -s 2905125162e5d7c70c9b1b967ff411b5133f7c67 [3ms]
2025-03-19 22:33:01.511 [info] > git cat-file -s 2bea73afcd8818378e1c82204c0c206bd0f0bf02 [10ms]
2025-03-19 22:33:01.512 [info] > git reflog main --grep-reflog=branch: Created from *. [17ms]
2025-03-19 22:33:01.548 [info] > git for-each-ref --format=%(refname)%00%(upstream:short)%00%(objectname)%00%(upstream:track)%00%(upstream:remotename)%00%(upstream:remoteref) refs/heads/main refs/remotes/main [27ms]
2025-03-19 22:33:01.548 [info] > git symbolic-ref --short refs/remotes/origin/HEAD [33ms]
2025-03-19 22:33:01.549 [info] fatal: ref refs/remotes/origin/HEAD is not a symbolic ref
2025-03-19 22:33:01.549 [warning] [Repository][getDefaultBranch] Failed to get default branch details: Failed to execute git.
2025-03-19 22:33:01.665 [info] > git merge-base refs/heads/main refs/remotes/origin/main [111ms]
2025-03-19 22:33:01.706 [info] > git check-ignore -v -z --stdin [30ms]
2025-03-19 22:33:01.707 [info] > git diff --name-status -z --diff-filter=ADMR 747cf10668fdee7882214f6a517d3ac127db11f4...refs/remotes/origin/main [37ms]
2025-03-19 22:33:01.722 [info] > git status -z -uall [6ms]
2025-03-19 22:33:01.722 [info] > git for-each-ref --sort -committerdate --format %(refname) %(objectname) %(*objectname) [1ms]
2025-03-19 22:33:01.787 [info] > git blame --root --incremental 747cf10668fdee7882214f6a517d3ac127db11f4 -- Js/index.js [25ms]
2025-03-19 22:33:02.129 [info] > git config --get --local branch.main.github-pr-owner-number [1ms]
2025-03-19 22:33:02.129 [warning] [Git][config] git config failed: Failed to execute git
2025-03-19 22:33:02.352 [info] > git ls-files --stage -- Js/index.js [2ms]
2025-03-19 22:33:02.355 [info] > git ls-files --stage -- index.html [3ms]
2025-03-19 22:33:02.358 [info] > git cat-file -s 2905125162e5d7c70c9b1b967ff411b5133f7c67 [3ms]
2025-03-19 22:33:02.359 [info] > git cat-file -s 2bea73afcd8818378e1c82204c0c206bd0f0bf02 [2ms]
2025-03-19 22:33:02.369 [info] > git show --textconv :Js/index.js [5ms]
2025-03-19 22:33:02.369 [info] > git show --textconv :index.html [1ms]
2025-03-19 22:33:07.940 [info] > git fetch [6887ms]
2025-03-19 22:33:07.947 [info] > git config --get commit.template [2ms]
2025-03-19 22:33:07.948 [info] > git for-each-ref --format=%(refname)%00%(upstream:short)%00%(objectname)%00%(upstream:track)%00%(upstream:remotename)%00%(upstream:remoteref) refs/heads/main refs/remotes/main [1ms]
2025-03-19 22:33:07.953 [info] > git status -z -uall [2ms]
2025-03-19 22:33:07.953 [info] > git for-each-ref --sort -committerdate --format %(refname) %(objectname) %(*objectname) [0ms]
2025-03-19 22:33:08.587 [info] > git ls-files --stage -- Js/index.js [2ms]
2025-03-19 22:33:08.591 [info] > git cat-file -s 2905125162e5d7c70c9b1b967ff411b5133f7c67 [1ms]
2025-03-19 22:33:08.591 [info] > git ls-files --stage -- index.html [4ms]
2025-03-19 22:33:08.594 [info] > git cat-file -s 2bea73afcd8818378e1c82204c0c206bd0f0bf02 [1ms]
2025-03-19 22:33:08.605 [info] > git show --textconv :Js/index.js [5ms]
2025-03-19 22:33:08.605 [info] > git show --textconv :index.html [1ms]
2025-03-19 22:33:13.240 [info] > git config --get commit.template [1ms]
2025-03-19 22:33:13.242 [info] > git for-each-ref --format=%(refname)%00%(upstream:short)%00%(objectname)%00%(upstream:track)%00%(upstream:remotename)%00%(upstream:remoteref) refs/heads/main refs/remotes/main [0ms]
2025-03-19 22:33:13.247 [info] > git status -z -uall [2ms]
2025-03-19 22:33:13.248 [info] > git for-each-ref --sort -committerdate --format %(refname) %(objectname) %(*objectname) [1ms]
2025-03-19 22:33:19.747 [info] > git config --get commit.template [1ms]
2025-03-19 22:33:19.750 [info] > git for-each-ref --format=%(refname)%00%(upstream:short)%00%(objectname)%00%(upstream:track)%00%(upstream:remotename)%00%(upstream:remoteref) refs/heads/main refs/remotes/main [1ms]
2025-03-19 22:33:19.756 [info] > git status -z -uall [3ms]
2025-03-19 22:33:19.756 [info] > git for-each-ref --sort -committerdate --format %(refname) %(objectname) %(*objectname) [1ms]
2025-03-19 22:33:24.769 [info] > git config --get commit.template [1ms]
2025-03-19 22:33:24.773 [info] > git for-each-ref --format=%(refname)%00%(upstream:short)%00%(objectname)%00%(upstream:track)%00%(upstream:remotename)%00%(upstream:remoteref) refs/heads/main refs/remotes/main [1ms]
2025-03-19 22:33:24.779 [info] > git status -z -uall [3ms]
2025-03-19 22:33:24.780 [info] > git for-each-ref --sort -committerdate --format %(refname) %(objectname) %(*objectname) [0ms]
2025-03-19 22:33:44.342 [info] > git blame --root --incremental 747cf10668fdee7882214f6a517d3ac127db11f4 -- index.html [6ms]
2025-03-19 22:33:49.741 [info] > git show --textconv :Js/index.js [5ms]
2025-03-19 22:33:49.743 [info] > git ls-files --stage -- Js/index.js [3ms]
2025-03-19 22:33:49.756 [info] > git cat-file -s 2905125162e5d7c70c9b1b967ff411b5133f7c67 [4ms]
2025-03-19 22:34:41.149 [info] > git check-ignore -v -z --stdin [1ms]
2025-03-19 22:34:41.697 [info] > git config --get commit.template [1ms]
2025-03-19 22:34:41.700 [info] > git for-each-ref --format=%(refname)%00%(upstream:short)%00%(objectname)%00%(upstream:track)%00%(upstream:remotename)%00%(upstream:remoteref) refs/heads/main refs/remotes/main [1ms]
2025-03-19 22:34:41.706 [info] > git status -z -uall [3ms]
2025-03-19 22:34:41.707 [info] > git for-each-ref --sort -committerdate --format %(refname) %(objectname) %(*objectname) [1ms]
2025-03-19 22:34:55.134 [info] > git check-ignore -v -z --stdin [1ms]
2025-03-19 22:34:55.716 [info] > git config --get commit.template [2ms]
2025-03-19 22:34:55.722 [info] > git for-each-ref --format=%(refname)%00%(upstream:short)%00%(objectname)%00%(upstream:track)%00%(upstream:remotename)%00%(upstream:remoteref) refs/heads/main refs/remotes/main [1ms]
2025-03-19 22:34:55.731 [info] > git status -z -uall [4ms]
2025-03-19 22:34:55.731 [info] > git for-each-ref --sort -committerdate --format %(refname) %(objectname) %(*objectname) [1ms]
2025-03-19 22:35:04.388 [info] > git check-ignore -v -z --stdin [3ms]
2025-03-19 22:35:04.953 [info] > git config --get commit.template [1ms]
2025-03-19 22:35:04.958 [info] > git for-each-ref --format=%(refname)%00%(upstream:short)%00%(objectname)%00%(upstream:track)%00%(upstream:remotename)%00%(upstream:remoteref) refs/heads/main refs/remotes/main [2ms]
2025-03-19 22:35:04.965 [info] > git status -z -uall [3ms]
2025-03-19 22:35:04.966 [info] > git for-each-ref --sort -committerdate --format %(refname) %(objectname) %(*objectname) [2ms]
2025-03-19 22:35:13.888 [info] > git check-ignore -v -z --stdin [0ms]
2025-03-19 22:35:14.469 [info] > git config --get commit.template [3ms]
2025-03-19 22:35:14.469 [info] > git for-each-ref --format=%(refname)%00%(upstream:short)%00%(objectname)%00%(upstream:track)%00%(upstream:remotename)%00%(upstream:remoteref) refs/heads/main refs/remotes/main [1ms]
2025-03-19 22:35:14.476 [info] > git status -z -uall [3ms]
2025-03-19 22:35:14.477 [info] > git for-each-ref --sort -committerdate --format %(refname) %(objectname) %(*objectname) [1ms]
2025-03-19 22:35:25.929 [info] > git config --get commit.template [5ms]
2025-03-19 22:35:25.930 [info] > git for-each-ref --format=%(refname)%00%(upstream:short)%00%(objectname)%00%(upstream:track)%00%(upstream:remotename)%00%(upstream:remoteref) refs/heads/main refs/remotes/main [3ms]
2025-03-19 22:35:25.935 [info] > git status -z -uall [2ms]
2025-03-19 22:35:25.936 [info] > git for-each-ref --sort -committerdate --format %(refname) %(objectname) %(*objectname) [1ms]
2025-03-19 22:36:09.170 [info] > git ls-files --stage -- Js/index.js [0ms]
2025-03-19 22:36:09.173 [info] > git cat-file -s 2905125162e5d7c70c9b1b967ff411b5133f7c67 [0ms]
2025-03-19 22:36:09.180 [info] > git show --textconv :Js/index.js [1ms]
2025-03-19 22:36:14.892 [info] > git fetch [6926ms]
2025-03-19 22:36:14.901 [info] > git config --get commit.template [4ms]
2025-03-19 22:36:14.902 [info] > git for-each-ref --format=%(refname)%00%(upstream:short)%00%(objectname)%00%(upstream:track)%00%(upstream:remotename)%00%(upstream:remoteref) refs/heads/main refs/remotes/main [0ms]
2025-03-19 22:36:14.909 [info] > git status -z -uall [3ms]
2025-03-19 22:36:14.910 [info] > git for-each-ref --sort -committerdate --format %(refname) %(objectname) %(*objectname) [2ms]
2025-03-19 22:36:15.522 [info] > git ls-files --stage -- Js/index.js [1ms]
2025-03-19 22:36:15.526 [info] > git cat-file -s 2905125162e5d7c70c9b1b967ff411b5133f7c67 [1ms]
2025-03-19 22:36:15.569 [info] > git show --textconv :Js/index.js [1ms]
2025-03-19 22:36:19.965 [info] > git config --get commit.template [0ms]
2025-03-19 22:36:19.970 [info] > git for-each-ref --format=%(refname)%00%(upstream:short)%00%(objectname)%00%(upstream:track)%00%(upstream:remotename)%00%(upstream:remoteref) refs/heads/main refs/remotes/main [1ms]
2025-03-19 22:36:19.978 [info] > git status -z -uall [4ms]
2025-03-19 22:36:19.978 [info] > git for-each-ref --sort -committerdate --format %(refname) %(objectname) %(*objectname) [1ms]
2025-03-19 22:37:52.325 [info] > git config --get commit.template [3ms]
2025-03-19 22:37:52.326 [info] > git for-each-ref --format=%(refname)%00%(upstream:short)%00%(objectname)%00%(upstream:track)%00%(upstream:remotename)%00%(upstream:remoteref) refs/heads/main refs/remotes/main [1ms]
2025-03-19 22:37:52.334 [info] > git status -z -uall [4ms]
2025-03-19 22:37:52.334 [info] > git for-each-ref --sort -committerdate --format %(refname) %(objectname) %(*objectname) [2ms]
2025-03-19 22:37:59.132 [info] > git config --get commit.template [1ms]
2025-03-19 22:37:59.139 [info] > git for-each-ref --format=%(refname)%00%(upstream:short)%00%(objectname)%00%(upstream:track)%00%(upstream:remotename)%00%(upstream:remoteref) refs/heads/main refs/remotes/main [2ms]
2025-03-19 22:37:59.147 [info] > git status -z -uall [3ms]
2025-03-19 22:37:59.149 [info] > git for-each-ref --sort -committerdate --format %(refname) %(objectname) %(*objectname) [1ms]
2025-03-19 22:38:08.092 [info] > git config --get commit.template [5ms]
2025-03-19 22:38:08.092 [info] > git for-each-ref --format=%(refname)%00%(upstream:short)%00%(objectname)%00%(upstream:track)%00%(upstream:remotename)%00%(upstream:remoteref) refs/heads/main refs/remotes/main [2ms]
2025-03-19 22:38:08.099 [info] > git status -z -uall [3ms]
2025-03-19 22:38:08.100 [info] > git for-each-ref --sort -committerdate --format %(refname) %(objectname) %(*objectname) [1ms]
2025-03-19 22:38:50.028 [info] > git check-ignore -v -z --stdin [1ms]
2025-03-19 22:38:50.535 [info] > git config --get commit.template [7ms]
2025-03-19 22:38:50.536 [info] > git for-each-ref --format=%(refname)%00%(upstream:short)%00%(objectname)%00%(upstream:track)%00%(upstream:remotename)%00%(upstream:remoteref) refs/heads/main refs/remotes/main [3ms]
2025-03-19 22:38:50.544 [info] > git status -z -uall [4ms]
2025-03-19 22:38:50.545 [info] > git for-each-ref --sort -committerdate --format %(refname) %(objectname) %(*objectname) [1ms]
2025-03-19 22:39:14.036 [info] > git show --textconv :Js/index.js [5ms]
2025-03-19 22:39:14.036 [info] > git ls-files --stage -- Js/index.js [1ms]
2025-03-19 22:39:14.040 [info] > git cat-file -s 2905125162e5d7c70c9b1b967ff411b5133f7c67 [1ms]
2025-03-19 22:39:16.126 [info] > git ls-files --stage -- Js/index.js [1ms]
2025-03-19 22:39:16.129 [info] > git cat-file -s 2905125162e5d7c70c9b1b967ff411b5133f7c67 [1ms]
2025-03-19 22:39:16.137 [info] > git show --textconv :Js/index.js [1ms]
2025-03-19 22:39:21.955 [info] > git fetch [7034ms]
2025-03-19 22:39:21.960 [info] > git config --get commit.template [1ms]
2025-03-19 22:39:21.964 [info] > git for-each-ref --format=%(refname)%00%(upstream:short)%00%(objectname)%00%(upstream:track)%00%(upstream:remotename)%00%(upstream:remoteref) refs/heads/main refs/remotes/main [1ms]
2025-03-19 22:39:21.978 [info] > git status -z -uall [11ms]
2025-03-19 22:39:21.978 [info] > git for-each-ref --sort -committerdate --format %(refname) %(objectname) %(*objectname) [7ms]
2025-03-19 22:39:22.591 [info] > git ls-files --stage -- Js/index.js [1ms]
2025-03-19 22:39:22.593 [info] > git cat-file -s 2905125162e5d7c70c9b1b967ff411b5133f7c67 [0ms]
2025-03-19 22:39:22.645 [info] > git show --textconv :Js/index.js [1ms]
2025-03-19 22:39:25.269 [info] > git config --get commit.template [1ms]
2025-03-19 22:39:25.271 [info] > git for-each-ref --format=%(refname)%00%(upstream:short)%00%(objectname)%00%(upstream:track)%00%(upstream:remotename)%00%(upstream:remoteref) refs/heads/main refs/remotes/main [0ms]
2025-03-19 22:39:25.277 [info] > git status -z -uall [2ms]
2025-03-19 22:39:25.278 [info] > git for-each-ref --sort -committerdate --format %(refname) %(objectname) %(*objectname) [1ms]
2025-03-19 22:39:30.289 [info] > git config --get commit.template [2ms]
2025-03-19 22:39:30.295 [info] > git for-each-ref --format=%(refname)%00%(upstream:short)%00%(objectname)%00%(upstream:track)%00%(upstream:remotename)%00%(upstream:remoteref) refs/heads/main refs/remotes/main [1ms]
2025-03-19 22:39:30.303 [info] > git status -z -uall [4ms]
2025-03-19 22:39:30.303 [info] > git for-each-ref --sort -committerdate --format %(refname) %(objectname) %(*objectname) [1ms]
2025-03-19 22:39:35.321 [info] > git config --get commit.template [6ms]
2025-03-19 22:39:35.322 [info] > git for-each-ref --format=%(refname)%00%(upstream:short)%00%(objectname)%00%(upstream:track)%00%(upstream:remotename)%00%(upstream:remoteref) refs/heads/main refs/remotes/main [2ms]
2025-03-19 22:39:35.333 [info] > git status -z -uall [5ms]
2025-03-19 22:39:35.333 [info] > git for-each-ref --sort -committerdate --format %(refname) %(objectname) %(*objectname) [2ms]
2025-03-19 22:39:40.350 [info] > git config --get commit.template [5ms]
2025-03-19 22:39:40.350 [info] > git for-each-ref --format=%(refname)%00%(upstream:short)%00%(objectname)%00%(upstream:track)%00%(upstream:remotename)%00%(upstream:remoteref) refs/heads/main refs/remotes/main [1ms]
2025-03-19 22:39:40.357 [info] > git status -z -uall [3ms]
2025-03-19 22:39:40.357 [info] > git for-each-ref --sort -committerdate --format %(refname) %(objectname) %(*objectname) [0ms]
2025-03-19 22:42:05.268 [info] > git config --get commit.template [12ms]
2025-03-19 22:42:05.272 [info] > git for-each-ref --format=%(refname)%00%(upstream:short)%00%(objectname)%00%(upstream:track)%00%(upstream:remotename)%00%(upstream:remoteref) refs/heads/main refs/remotes/main [10ms]
2025-03-19 22:42:05.280 [info] > git status -z -uall [3ms]
2025-03-19 22:42:05.281 [info] > git for-each-ref --sort -committerdate --format %(refname) %(objectname) %(*objectname) [2ms]
2025-03-19 22:42:10.295 [info] > git config --get commit.template [2ms]
2025-03-19 22:42:10.299 [info] > git for-each-ref --format=%(refname)%00%(upstream:short)%00%(objectname)%00%(upstream:track)%00%(upstream:remotename)%00%(upstream:remoteref) refs/heads/main refs/remotes/main [1ms]
2025-03-19 22:42:10.307 [info] > git status -z -uall [3ms]
2025-03-19 22:42:10.307 [info] > git for-each-ref --sort -committerdate --format %(refname) %(objectname) %(*objectname) [1ms]
2025-03-19 22:42:23.176 [info] > git ls-files --stage -- Js/index.js [1ms]
2025-03-19 22:42:23.178 [info] > git cat-file -s 2905125162e5d7c70c9b1b967ff411b5133f7c67 [1ms]
2025-03-19 22:42:23.187 [info] > git show --textconv :Js/index.js [2ms]
2025-03-19 22:42:28.972 [info] > git fetch [6989ms]
2025-03-19 22:42:28.981 [info] > git config --get commit.template [2ms]
2025-03-19 22:42:28.988 [info] > git for-each-ref --format=%(refname)%00%(upstream:short)%00%(objectname)%00%(upstream:track)%00%(upstream:remotename)%00%(upstream:remoteref) refs/heads/main refs/remotes/main [2ms]
2025-03-19 22:42:28.998 [info] > git status -z -uall [4ms]
2025-03-19 22:42:29.000 [info] > git for-each-ref --sort -committerdate --format %(refname) %(objectname) %(*objectname) [1ms]
2025-03-19 22:42:29.605 [info] > git ls-files --stage -- Js/index.js [1ms]
2025-03-19 22:42:29.610 [info] > git cat-file -s 2905125162e5d7c70c9b1b967ff411b5133f7c67 [0ms]
2025-03-19 22:42:29.620 [info] > git show --textconv :Js/index.js [2ms]
2025-03-20 07:42:42.456 [info] > git ls-files --stage -- Js/index.js [4ms]
2025-03-20 07:42:42.464 [info] > git cat-file -s 2905125162e5d7c70c9b1b967ff411b5133f7c67 [3ms]
2025-03-20 07:42:42.480 [info] > git show --textconv :Js/index.js [5ms]
2025-03-20 07:42:45.222 [info] > git fetch [4010ms]
2025-03-20 07:42:45.242 [info] > git config --get commit.template [7ms]
2025-03-20 07:42:45.243 [info] > git for-each-ref --format=%(refname)%00%(upstream:short)%00%(objectname)%00%(upstream:track)%00%(upstream:remotename)%00%(upstream:remoteref) refs/heads/main refs/remotes/main [2ms]
2025-03-20 07:42:45.257 [info] > git status -z -uall [7ms]
2025-03-20 07:42:45.259 [info] > git for-each-ref --sort -committerdate --format %(refname) %(objectname) %(*objectname) [5ms]
2025-03-20 07:42:46.111 [info] > git ls-files --stage -- Js/index.js [2ms]
2025-03-20 07:42:46.118 [info] > git cat-file -s 2905125162e5d7c70c9b1b967ff411b5133f7c67 [3ms]
2025-03-20 07:42:46.131 [info] > git show --textconv :Js/index.js [2ms]
2025-03-20 08:11:00.647 [info] > git show --textconv :index.html [6ms]
2025-03-20 08:11:00.655 [info] > git ls-files --stage -- index.html [8ms]
2025-03-20 08:11:00.662 [info] > git cat-file -s 2bea73afcd8818378e1c82204c0c206bd0f0bf02 [1ms]
2025-03-20 08:11:01.720 [info] > git ls-files --stage -- index.html [2ms]
2025-03-20 08:11:01.726 [info] > git cat-file -s 2bea73afcd8818378e1c82204c0c206bd0f0bf02 [1ms]
2025-03-20 08:11:01.741 [info] > git show --textconv :index.html [2ms]
2025-03-20 08:11:04.492 [info] > git fetch [4007ms]
2025-03-20 08:11:04.502 [info] > git config --get commit.template [4ms]
2025-03-20 08:11:04.503 [info] > git for-each-ref --format=%(refname)%00%(upstream:short)%00%(objectname)%00%(upstream:track)%00%(upstream:remotename)%00%(upstream:remoteref) refs/heads/main refs/remotes/main [2ms]
2025-03-20 08:11:04.511 [info] > git status -z -uall [3ms]
2025-03-20 08:11:04.512 [info] > git for-each-ref --sort -committerdate --format %(refname) %(objectname) %(*objectname) [1ms]
2025-03-20 08:11:05.172 [info] > git show --textconv :Js/index.js [8ms]
2025-03-20 08:11:05.175 [info] > git ls-files --stage -- Js/index.js [4ms]
2025-03-20 08:11:05.181 [info] > git cat-file -s 2905125162e5d7c70c9b1b967ff411b5133f7c67 [2ms]
2025-03-20 08:11:05.390 [info] > git ls-files --stage -- index.html [5ms]
2025-03-20 08:11:05.394 [info] > git ls-files --stage -- Js/index.js [5ms]
2025-03-20 08:11:05.397 [info] > git cat-file -s 2bea73afcd8818378e1c82204c0c206bd0f0bf02 [4ms]
2025-03-20 08:11:05.398 [info] > git cat-file -s 2905125162e5d7c70c9b1b967ff411b5133f7c67 [2ms]
2025-03-20 08:11:05.413 [info] > git show --textconv :index.html [3ms]
2025-03-20 08:11:05.414 [info] > git show --textconv :Js/index.js [2ms]
2025-03-20 08:13:30.746 [info] > git config --get commit.template [2ms]
2025-03-20 08:13:30.753 [info] > git for-each-ref --format=%(refname)%00%(upstream:short)%00%(objectname)%00%(upstream:track)%00%(upstream:remotename)%00%(upstream:remoteref) refs/heads/main refs/remotes/main [2ms]
2025-03-20 08:13:30.766 [info] > git status -z -uall [7ms]
2025-03-20 08:13:30.767 [info] > git for-each-ref --sort -committerdate --format %(refname) %(objectname) %(*objectname) [2ms]
2025-03-20 08:13:35.787 [info] > git config --get commit.template [5ms]
2025-03-20 08:13:35.788 [info] > git for-each-ref --format=%(refname)%00%(upstream:short)%00%(objectname)%00%(upstream:track)%00%(upstream:remotename)%00%(upstream:remoteref) refs/heads/main refs/remotes/main [1ms]
2025-03-20 08:13:35.800 [info] > git status -z -uall [5ms]
2025-03-20 08:13:35.801 [info] > git for-each-ref --sort -committerdate --format %(refname) %(objectname) %(*objectname) [2ms]
2025-03-20 08:13:40.820 [info] > git config --get commit.template [6ms]
2025-03-20 08:13:40.821 [info] > git for-each-ref --format=%(refname)%00%(upstream:short)%00%(objectname)%00%(upstream:track)%00%(upstream:remotename)%00%(upstream:remoteref) refs/heads/main refs/remotes/main [2ms]
2025-03-20 08:13:40.832 [info] > git status -z -uall [4ms]
2025-03-20 08:13:40.833 [info] > git for-each-ref --sort -committerdate --format %(refname) %(objectname) %(*objectname) [2ms]
2025-03-20 08:13:53.348 [info] > git config --get commit.template [5ms]
2025-03-20 08:13:53.349 [info] > git for-each-ref --format=%(refname)%00%(upstream:short)%00%(objectname)%00%(upstream:track)%00%(upstream:remotename)%00%(upstream:remoteref) refs/heads/main refs/remotes/main [2ms]
2025-03-20 08:13:53.361 [info] > git status -z -uall [6ms]
2025-03-20 08:13:53.363 [info] > git for-each-ref --sort -committerdate --format %(refname) %(objectname) %(*objectname) [4ms]
2025-03-20 08:14:05.770 [info] > git ls-files --stage -- Js/index.js [1ms]
2025-03-20 08:14:05.774 [info] > git cat-file -s 2905125162e5d7c70c9b1b967ff411b5133f7c67 [2ms]
2025-03-20 08:14:05.787 [info] > git show --textconv :Js/index.js [1ms]
2025-03-20 08:14:08.511 [info] > git fetch [3989ms]
2025-03-20 08:14:08.520 [info] > git config --get commit.template [4ms]
2025-03-20 08:14:08.521 [info] > git for-each-ref --format=%(refname)%00%(upstream:short)%00%(objectname)%00%(upstream:track)%00%(upstream:remotename)%00%(upstream:remoteref) refs/heads/main refs/remotes/main [2ms]
2025-03-20 08:14:08.532 [info] > git status -z -uall [5ms]
2025-03-20 08:14:08.533 [info] > git for-each-ref --sort -committerdate --format %(refname) %(objectname) %(*objectname) [3ms]
2025-03-20 08:14:08.548 [info] > git config --get commit.template [5ms]
2025-03-20 08:14:08.550 [info] > git for-each-ref --format=%(refname)%00%(upstream:short)%00%(objectname)%00%(upstream:track)%00%(upstream:remotename)%00%(upstream:remoteref) refs/heads/main refs/remotes/main [1ms]
2025-03-20 08:14:08.560 [info] > git status -z -uall [5ms]
2025-03-20 08:14:08.560 [info] > git for-each-ref --sort -committerdate --format %(refname) %(objectname) %(*objectname) [2ms]
2025-03-20 08:14:09.301 [info] > git ls-files --stage -- Js/index.js [1ms]
2025-03-20 08:14:09.306 [info] > git cat-file -s 2905125162e5d7c70c9b1b967ff411b5133f7c67 [1ms]
2025-03-20 08:14:09.319 [info] > git show --textconv :Js/index.js [2ms]
2025-03-20 08:14:13.575 [info] > git config --get commit.template [5ms]
2025-03-20 08:14:13.576 [info] > git for-each-ref --format=%(refname)%00%(upstream:short)%00%(objectname)%00%(upstream:track)%00%(upstream:remotename)%00%(upstream:remoteref) refs/heads/main refs/remotes/main [2ms]
2025-03-20 08:14:13.588 [info] > git status -z -uall [6ms]
2025-03-20 08:14:13.589 [info] > git for-each-ref --sort -committerdate --format %(refname) %(objectname) %(*objectname) [3ms]
2025-03-20 08:14:56.596 [info] > git config --get commit.template [7ms]
2025-03-20 08:14:56.597 [info] > git for-each-ref --format=%(refname)%00%(upstream:short)%00%(objectname)%00%(upstream:track)%00%(upstream:remotename)%00%(upstream:remoteref) refs/heads/main refs/remotes/main [2ms]
2025-03-20 08:14:56.608 [info] > git status -z -uall [5ms]
2025-03-20 08:14:56.610 [info] > git for-each-ref --sort -committerdate --format %(refname) %(objectname) %(*objectname) [3ms]
2025-03-20 08:15:06.450 [info] > git config --get commit.template [23ms]
2025-03-20 08:15:06.457 [info] > git for-each-ref --format=%(refname)%00%(upstream:short)%00%(objectname)%00%(upstream:track)%00%(upstream:remotename)%00%(upstream:remoteref) refs/heads/main refs/remotes/main [21ms]
2025-03-20 08:15:06.467 [info] > git for-each-ref --sort -committerdate --format %(refname) %(objectname) %(*objectname) [1ms]
2025-03-20 08:15:06.468 [info] > git status -z -uall [6ms]
2025-03-20 08:15:11.486 [info] > git config --get commit.template [5ms]
2025-03-20 08:15:11.487 [info] > git for-each-ref --format=%(refname)%00%(upstream:short)%00%(objectname)%00%(upstream:track)%00%(upstream:remotename)%00%(upstream:remoteref) refs/heads/main refs/remotes/main [2ms]
2025-03-20 08:15:11.499 [info] > git status -z -uall [6ms]
2025-03-20 08:15:11.500 [info] > git for-each-ref --sort -committerdate --format %(refname) %(objectname) %(*objectname) [2ms]
2025-03-20 08:15:16.519 [info] > git config --get commit.template [6ms]
2025-03-20 08:15:16.521 [info] > git for-each-ref --format=%(refname)%00%(upstream:short)%00%(objectname)%00%(upstream:track)%00%(upstream:remotename)%00%(upstream:remoteref) refs/heads/main refs/remotes/main [3ms]
2025-03-20 08:15:16.531 [info] > git status -z -uall [5ms]
2025-03-20 08:15:16.533 [info] > git for-each-ref --sort -committerdate --format %(refname) %(objectname) %(*objectname) [3ms]
2025-03-20 08:15:21.552 [info] > git config --get commit.template [6ms]
2025-03-20 08:15:21.554 [info] > git for-each-ref --format=%(refname)%00%(upstream:short)%00%(objectname)%00%(upstream:track)%00%(upstream:remotename)%00%(upstream:remoteref) refs/heads/main refs/remotes/main [2ms]
2025-03-20 08:15:21.567 [info] > git status -z -uall [5ms]
2025-03-20 08:15:21.568 [info] > git for-each-ref --sort -committerdate --format %(refname) %(objectname) %(*objectname) [1ms]
2025-03-20 08:15:26.585 [info] > git config --get commit.template [5ms]
2025-03-20 08:15:26.586 [info] > git for-each-ref --format=%(refname)%00%(upstream:short)%00%(objectname)%00%(upstream:track)%00%(upstream:remotename)%00%(upstream:remoteref) refs/heads/main refs/remotes/main [2ms]
2025-03-20 08:15:26.597 [info] > git status -z -uall [6ms]
2025-03-20 08:15:26.598 [info] > git for-each-ref --sort -committerdate --format %(refname) %(objectname) %(*objectname) [1ms]
2025-03-20 08:15:53.350 [info] > git config --get commit.template [1ms]
2025-03-20 08:15:53.354 [info] > git for-each-ref --format=%(refname)%00%(upstream:short)%00%(objectname)%00%(upstream:track)%00%(upstream:remotename)%00%(upstream:remoteref) refs/heads/main refs/remotes/main [1ms]
2025-03-20 08:15:53.361 [info] > git status -z -uall [3ms]
2025-03-20 08:15:53.362 [info] > git for-each-ref --sort -committerdate --format %(refname) %(objectname) %(*objectname) [1ms]
2025-03-20 08:15:58.369 [info] > git config --get commit.template [1ms]
2025-03-20 08:15:58.373 [info] > git for-each-ref --format=%(refname)%00%(upstream:short)%00%(objectname)%00%(upstream:track)%00%(upstream:remotename)%00%(upstream:remoteref) refs/heads/main refs/remotes/main [1ms]
2025-03-20 08:15:58.380 [info] > git status -z -uall [3ms]
2025-03-20 08:15:58.381 [info] > git for-each-ref --sort -committerdate --format %(refname) %(objectname) %(*objectname) [1ms]
2025-03-20 08:17:46.425 [info] > git ls-files --stage -- Js/index.js [3ms]
2025-03-20 08:17:46.433 [info] > git cat-file -s 2905125162e5d7c70c9b1b967ff411b5133f7c67 [3ms]
2025-03-20 08:17:46.450 [info] > git show --textconv :Js/index.js [5ms]
2025-03-20 08:17:48.986 [info] > git fetch [3790ms]
2025-03-20 08:17:48.997 [info] > git config --get commit.template [4ms]
2025-03-20 08:17:48.998 [info] > git for-each-ref --format=%(refname)%00%(upstream:short)%00%(objectname)%00%(upstream:track)%00%(upstream:remotename)%00%(upstream:remoteref) refs/heads/main refs/remotes/main [2ms]
2025-03-20 08:17:49.006 [info] > git status -z -uall [4ms]
2025-03-20 08:17:49.008 [info] > git for-each-ref --sort -committerdate --format %(refname) %(objectname) %(*objectname) [2ms]
2025-03-20 08:17:49.845 [info] > git ls-files --stage -- Js/index.js [2ms]
2025-03-20 08:17:49.854 [info] > git cat-file -s 2905125162e5d7c70c9b1b967ff411b5133f7c67 [2ms]
2025-03-20 08:17:49.870 [info] > git show --textconv :Js/index.js [3ms]
2025-03-20 08:17:59.519 [info] > git config --get commit.template [3ms]
2025-03-20 08:17:59.525 [info] > git for-each-ref --format=%(refname)%00%(upstream:short)%00%(objectname)%00%(upstream:track)%00%(upstream:remotename)%00%(upstream:remoteref) refs/heads/main refs/remotes/main [2ms]
2025-03-20 08:17:59.536 [info] > git status -z -uall [6ms]
2025-03-20 08:17:59.536 [info] > git for-each-ref --sort -committerdate --format %(refname) %(objectname) %(*objectname) [1ms]
2025-03-20 08:18:04.549 [info] > git config --get commit.template [5ms]
2025-03-20 08:18:04.550 [info] > git for-each-ref --format=%(refname)%00%(upstream:short)%00%(objectname)%00%(upstream:track)%00%(upstream:remotename)%00%(upstream:remoteref) refs/heads/main refs/remotes/main [1ms]
2025-03-20 08:18:04.557 [info] > git status -z -uall [4ms]
2025-03-20 08:18:04.558 [info] > git for-each-ref --sort -committerdate --format %(refname) %(objectname) %(*objectname) [1ms]
2025-03-20 08:18:09.568 [info] > git config --get commit.template [3ms]
2025-03-20 08:18:09.569 [info] > git for-each-ref --format=%(refname)%00%(upstream:short)%00%(objectname)%00%(upstream:track)%00%(upstream:remotename)%00%(upstream:remoteref) refs/heads/main refs/remotes/main [1ms]
2025-03-20 08:18:09.576 [info] > git status -z -uall [3ms]
2025-03-20 08:18:09.577 [info] > git for-each-ref --sort -committerdate --format %(refname) %(objectname) %(*objectname) [1ms]
2025-03-20 08:23:29.544 [info] > git fetch [4030ms]
2025-03-20 08:23:29.556 [info] > git config --get commit.template [4ms]
2025-03-20 08:23:29.557 [info] > git for-each-ref --format=%(refname)%00%(upstream:short)%00%(objectname)%00%(upstream:track)%00%(upstream:remotename)%00%(upstream:remoteref) refs/heads/main refs/remotes/main [1ms]
2025-03-20 08:23:29.567 [info] > git status -z -uall [5ms]
2025-03-20 08:23:29.568 [info] > git for-each-ref --sort -committerdate --format %(refname) %(objectname) %(*objectname) [2ms]
2025-03-20 08:26:02.580 [info] > git config --get commit.template [6ms]
2025-03-20 08:26:02.581 [info] > git for-each-ref --format=%(refname)%00%(upstream:short)%00%(objectname)%00%(upstream:track)%00%(upstream:remotename)%00%(upstream:remoteref) refs/heads/main refs/remotes/main [2ms]
2025-03-20 08:26:02.594 [info] > git status -z -uall [8ms]
2025-03-20 08:26:02.596 [info] > git for-each-ref --sort -committerdate --format %(refname) %(objectname) %(*objectname) [3ms]
2025-03-20 08:26:33.692 [info] > git fetch [4112ms]
2025-03-20 08:26:33.697 [info] > git config --get commit.template [1ms]
2025-03-20 08:26:33.703 [info] > git for-each-ref --format=%(refname)%00%(upstream:short)%00%(objectname)%00%(upstream:track)%00%(upstream:remotename)%00%(upstream:remoteref) refs/heads/main refs/remotes/main [3ms]
2025-03-20 08:26:33.717 [info] > git status -z -uall [6ms]
2025-03-20 08:26:33.717 [info] > git for-each-ref --sort -committerdate --format %(refname) %(objectname) %(*objectname) [1ms]
2025-03-20 08:31:53.698 [info] > git fetch [4102ms]
2025-03-20 08:31:53.710 [info] > git config --get commit.template [5ms]
2025-03-20 08:31:53.711 [info] > git for-each-ref --format=%(refname)%00%(upstream:short)%00%(objectname)%00%(upstream:track)%00%(upstream:remotename)%00%(upstream:remoteref) refs/heads/main refs/remotes/main [2ms]
2025-03-20 08:31:53.720 [info] > git status -z -uall [3ms]
2025-03-20 08:31:53.721 [info] > git for-each-ref --sort -committerdate --format %(refname) %(objectname) %(*objectname) [1ms]
2025-03-20 08:32:02.596 [info] > git config --get commit.template [5ms]
2025-03-20 08:32:02.597 [info] > git for-each-ref --format=%(refname)%00%(upstream:short)%00%(objectname)%00%(upstream:track)%00%(upstream:remotename)%00%(upstream:remoteref) refs/heads/main refs/remotes/main [2ms]
2025-03-20 08:32:02.606 [info] > git status -z -uall [4ms]
2025-03-20 08:32:02.608 [info] > git for-each-ref --sort -committerdate --format %(refname) %(objectname) %(*objectname) [3ms]
2025-03-20 08:44:53.999 [info] > git fetch [3857ms]
2025-03-20 08:44:54.009 [info] > git config --get commit.template [1ms]
2025-03-20 08:44:54.016 [info] > git for-each-ref --format=%(refname)%00%(upstream:short)%00%(objectname)%00%(upstream:track)%00%(upstream:remotename)%00%(upstream:remoteref) refs/heads/main refs/remotes/main [2ms]
2025-03-20 08:44:54.031 [info] > git status -z -uall [8ms]
2025-03-20 08:44:54.031 [info] > git for-each-ref --sort -committerdate --format %(refname) %(objectname) %(*objectname) [3ms]
2025-03-20 08:47:58.018 [info] > git fetch [3977ms]
2025-03-20 08:47:58.029 [info] > git config --get commit.template [6ms]
2025-03-20 08:47:58.029 [info] > git for-each-ref --format=%(refname)%00%(upstream:short)%00%(objectname)%00%(upstream:track)%00%(upstream:remotename)%00%(upstream:remoteref) refs/heads/main refs/remotes/main [1ms]
2025-03-20 08:47:58.040 [info] > git status -z -uall [5ms]
2025-03-20 08:47:58.041 [info] > git for-each-ref --sort -committerdate --format %(refname) %(objectname) %(*objectname) [2ms]
2025-03-20 08:51:01.877 [info] > git fetch [3814ms]
2025-03-20 08:51:01.890 [info] > git config --get commit.template [5ms]
2025-03-20 08:51:01.891 [info] > git for-each-ref --format=%(refname)%00%(upstream:short)%00%(objectname)%00%(upstream:track)%00%(upstream:remotename)%00%(upstream:remoteref) refs/heads/main refs/remotes/main [2ms]
2025-03-20 08:51:01.902 [info] > git status -z -uall [5ms]
2025-03-20 08:51:01.904 [info] > git for-each-ref --sort -committerdate --format %(refname) %(objectname) %(*objectname) [3ms]
2025-03-20 08:53:22.910 [info] > git show --textconv :Js/index.js [9ms]
2025-03-20 08:53:22.912 [info] > git ls-files --stage -- Js/index.js [6ms]
2025-03-20 08:53:22.920 [info] > git cat-file -s 2905125162e5d7c70c9b1b967ff411b5133f7c67 [2ms]
2025-03-20 08:54:03.119 [info] > git ls-files --stage -- Js/index.js [1ms]
2025-03-20 08:54:03.125 [info] > git cat-file -s 2905125162e5d7c70c9b1b967ff411b5133f7c67 [2ms]
2025-03-20 08:54:03.137 [info] > git show --textconv :Js/index.js [2ms]
2025-03-20 08:54:05.740 [info] > git fetch [3823ms]
2025-03-20 08:54:05.769 [info] > git config --get commit.template [16ms]
2025-03-20 08:54:05.770 [info] > git for-each-ref --format=%(refname)%00%(upstream:short)%00%(objectname)%00%(upstream:track)%00%(upstream:remotename)%00%(upstream:remoteref) refs/heads/main refs/remotes/main [5ms]
2025-03-20 08:54:05.789 [info] > git status -z -uall [6ms]
2025-03-20 08:54:05.789 [info] > git for-each-ref --sort -committerdate --format %(refname) %(objectname) %(*objectname) [3ms]
2025-03-20 08:54:06.598 [info] > git ls-files --stage -- Js/index.js [1ms]
2025-03-20 08:54:06.602 [info] > git cat-file -s 2905125162e5d7c70c9b1b967ff411b5133f7c67 [1ms]
2025-03-20 08:54:06.614 [info] > git show --textconv :Js/index.js [2ms]
2025-03-20 08:55:54.829 [info] > git for-each-ref --sort -committerdate --format %(refname) %(objectname) %(*objectname) refs/heads/ [5ms]
2025-03-20 08:55:54.834 [info] > git config --get --local branch.main.github-pr-owner-number [1ms]
2025-03-20 08:55:54.834 [warning] [Git][config] git config failed: Failed to execute git
2025-03-20 08:57:07.013 [info] > git ls-files --stage -- Js/index.js [2ms]
2025-03-20 08:57:07.019 [info] > git cat-file -s 2905125162e5d7c70c9b1b967ff411b5133f7c67 [3ms]
2025-03-20 08:57:07.036 [info] > git show --textconv :Js/index.js [2ms]
2025-03-20 08:57:09.761 [info] > git fetch [3958ms]
2025-03-20 08:57:09.773 [info] > git config --get commit.template [6ms]
2025-03-20 08:57:09.774 [info] > git for-each-ref --format=%(refname)%00%(upstream:short)%00%(objectname)%00%(upstream:track)%00%(upstream:remotename)%00%(upstream:remoteref) refs/heads/main refs/remotes/main [1ms]
2025-03-20 08:57:09.787 [info] > git status -z -uall [9ms]
2025-03-20 08:57:09.787 [info] > git for-each-ref --sort -committerdate --format %(refname) %(objectname) %(*objectname) [4ms]
2025-03-20 08:57:10.655 [info] > git ls-files --stage -- Js/index.js [2ms]
2025-03-20 08:57:10.661 [info] > git cat-file -s 2905125162e5d7c70c9b1b967ff411b5133f7c67 [1ms]
2025-03-20 08:57:10.675 [info] > git show --textconv :Js/index.js [3ms]
2025-03-20 09:00:11.007 [info] > git ls-files --stage -- Js/index.js [2ms]
2025-03-20 09:00:11.014 [info] > git cat-file -s 2905125162e5d7c70c9b1b967ff411b5133f7c67 [2ms]
2025-03-20 09:00:11.029 [info] > git show --textconv :Js/index.js [2ms]
2025-03-20 09:00:13.453 [info] > git fetch [3654ms]
2025-03-20 09:00:13.465 [info] > git config --get commit.template [4ms]
2025-03-20 09:00:13.466 [info] > git for-each-ref --format=%(refname)%00%(upstream:short)%00%(objectname)%00%(upstream:track)%00%(upstream:remotename)%00%(upstream:remoteref) refs/heads/main refs/remotes/main [1ms]
2025-03-20 09:00:13.477 [info] > git status -z -uall [6ms]
2025-03-20 09:00:13.478 [info] > git for-each-ref --sort -committerdate --format %(refname) %(objectname) %(*objectname) [3ms]
2025-03-20 09:00:14.352 [info] > git ls-files --stage -- Js/index.js [3ms]
2025-03-20 09:00:14.365 [info] > git cat-file -s 2905125162e5d7c70c9b1b967ff411b5133f7c67 [3ms]
2025-03-20 09:00:14.388 [info] > git show --textconv :Js/index.js [5ms]
2025-03-20 09:22:36.159 [info] > git ls-files --stage -- Js/index.js [4ms]
2025-03-20 09:22:36.169 [info] > git cat-file -s 2905125162e5d7c70c9b1b967ff411b5133f7c67 [2ms]
2025-03-20 09:22:36.188 [info] > git show --textconv :Js/index.js [4ms]
2025-03-20 09:22:38.589 [info] > git fetch [3657ms]
2025-03-20 09:22:38.602 [info] > git config --get commit.template [5ms]
2025-03-20 09:22:38.604 [info] > git for-each-ref --format=%(refname)%00%(upstream:short)%00%(objectname)%00%(upstream:track)%00%(upstream:remotename)%00%(upstream:remoteref) refs/heads/main refs/remotes/main [2ms]
2025-03-20 09:22:38.616 [info] > git status -z -uall [7ms]
2025-03-20 09:22:38.617 [info] > git for-each-ref --sort -committerdate --format %(refname) %(objectname) %(*objectname) [3ms]
2025-03-20 09:22:39.479 [info] > git ls-files --stage -- Js/index.js [2ms]
2025-03-20 09:22:39.484 [info] > git cat-file -s 2905125162e5d7c70c9b1b967ff411b5133f7c67 [0ms]
2025-03-20 09:22:39.495 [info] > git show --textconv :Js/index.js [2ms]
2025-03-20 09:36:41.304 [info] > git ls-files --stage -- Js/index.js [2ms]
2025-03-20 09:36:41.311 [info] > git cat-file -s 2905125162e5d7c70c9b1b967ff411b5133f7c67 [2ms]
2025-03-20 09:36:41.327 [info] > git show --textconv :Js/index.js [2ms]
2025-03-20 09:36:45.743 [info] > git fetch [5653ms]
2025-03-20 09:36:45.755 [info] > git config --get commit.template [5ms]
2025-03-20 09:36:45.756 [info] > git for-each-ref --format=%(refname)%00%(upstream:short)%00%(objectname)%00%(upstream:track)%00%(upstream:remotename)%00%(upstream:remoteref) refs/heads/main refs/remotes/main [2ms]
2025-03-20 09:36:45.767 [info] > git status -z -uall [5ms]
2025-03-20 09:36:45.770 [info] > git for-each-ref --sort -committerdate --format %(refname) %(objectname) %(*objectname) [3ms]
2025-03-20 09:36:46.643 [info] > git ls-files --stage -- Js/index.js [1ms]
2025-03-20 09:36:46.649 [info] > git cat-file -s 2905125162e5d7c70c9b1b967ff411b5133f7c67 [2ms]
2025-03-20 09:36:46.665 [info] > git show --textconv :Js/index.js [0ms]
2025-03-20 09:37:57.956 [info] > git ls-files --stage -- index.html [14ms]
2025-03-20 09:37:57.962 [info] > git show --textconv :index.html [24ms]
2025-03-20 09:37:57.963 [info] > git cat-file -s 2bea73afcd8818378e1c82204c0c206bd0f0bf02 [1ms]
2025-03-20 09:38:07.762 [info] > git config --get commit.template [3ms]
2025-03-20 09:38:07.779 [info] > git for-each-ref --format=%(refname)%00%(upstream:short)%00%(objectname)%00%(upstream:track)%00%(upstream:remotename)%00%(upstream:remoteref) refs/heads/main refs/remotes/main [13ms]
2025-03-20 09:38:07.790 [info] > git status -z -uall [4ms]
2025-03-20 09:38:07.793 [info] > git for-each-ref --sort -committerdate --format %(refname) %(objectname) %(*objectname) [3ms]
2025-03-20 09:38:12.813 [info] > git config --get commit.template [6ms]
2025-03-20 09:38:12.813 [info] > git for-each-ref --format=%(refname)%00%(upstream:short)%00%(objectname)%00%(upstream:track)%00%(upstream:remotename)%00%(upstream:remoteref) refs/heads/main refs/remotes/main [2ms]
2025-03-20 09:38:12.824 [info] > git status -z -uall [6ms]
2025-03-20 09:38:12.826 [info] > git for-each-ref --sort -committerdate --format %(refname) %(objectname) %(*objectname) [3ms]
2025-03-20 09:38:17.849 [info] > git for-each-ref --format=%(refname)%00%(upstream:short)%00%(objectname)%00%(upstream:track)%00%(upstream:remotename)%00%(upstream:remoteref) refs/heads/main refs/remotes/main [3ms]
2025-03-20 09:38:17.849 [info] > git config --get commit.template [9ms]
2025-03-20 09:38:17.866 [info] > git status -z -uall [4ms]
2025-03-20 09:38:17.867 [info] > git for-each-ref --sort -committerdate --format %(refname) %(objectname) %(*objectname) [2ms]
2025-03-20 09:38:24.777 [info] > git config --get commit.template [7ms]
2025-03-20 09:38:24.778 [info] > git for-each-ref --format=%(refname)%00%(upstream:short)%00%(objectname)%00%(upstream:track)%00%(upstream:remotename)%00%(upstream:remoteref) refs/heads/main refs/remotes/main [4ms]
2025-03-20 09:38:24.790 [info] > git status -z -uall [6ms]
2025-03-20 09:38:24.791 [info] > git for-each-ref --sort -committerdate --format %(refname) %(objectname) %(*objectname) [3ms]
2025-03-20 09:38:29.807 [info] > git config --get commit.template [4ms]
2025-03-20 09:38:29.807 [info] > git for-each-ref --format=%(refname)%00%(upstream:short)%00%(objectname)%00%(upstream:track)%00%(upstream:remotename)%00%(upstream:remoteref) refs/heads/main refs/remotes/main [1ms]
2025-03-20 09:38:29.816 [info] > git status -z -uall [4ms]
2025-03-20 09:38:29.816 [info] > git for-each-ref --sort -committerdate --format %(refname) %(objectname) %(*objectname) [1ms]
2025-03-20 09:38:32.927 [info] > git show --textconv :Js/index.js [14ms]
2025-03-20 09:38:32.927 [info] > git ls-files --stage -- Js/index.js [2ms]
2025-03-20 09:38:32.939 [info] > git cat-file -s 2905125162e5d7c70c9b1b967ff411b5133f7c67 [4ms]
2025-03-20 09:38:34.828 [info] > git config --get commit.template [1ms]
2025-03-20 09:38:34.836 [info] > git for-each-ref --format=%(refname)%00%(upstream:short)%00%(objectname)%00%(upstream:track)%00%(upstream:remotename)%00%(upstream:remoteref) refs/heads/main refs/remotes/main [2ms]
2025-03-20 09:38:34.845 [info] > git status -z -uall [5ms]
2025-03-20 09:38:34.845 [info] > git for-each-ref --sort -committerdate --format %(refname) %(objectname) %(*objectname) [2ms]
2025-03-20 09:39:08.557 [info] > git config --get commit.template [4ms]
2025-03-20 09:39:08.564 [info] > git for-each-ref --format=%(refname)%00%(upstream:short)%00%(objectname)%00%(upstream:track)%00%(upstream:remotename)%00%(upstream:remoteref) refs/heads/main refs/remotes/main [2ms]
2025-03-20 09:39:08.576 [info] > git status -z -uall [5ms]
2025-03-20 09:39:08.578 [info] > git for-each-ref --sort -committerdate --format %(refname) %(objectname) %(*objectname) [3ms]
2025-03-20 09:39:13.764 [info] > git config --get commit.template [7ms]
2025-03-20 09:39:13.764 [info] > git for-each-ref --format=%(refname)%00%(upstream:short)%00%(objectname)%00%(upstream:track)%00%(upstream:remotename)%00%(upstream:remoteref) refs/heads/main refs/remotes/main [2ms]
2025-03-20 09:39:13.779 [info] > git status -z -uall [7ms]
2025-03-20 09:39:13.782 [info] > git for-each-ref --sort -committerdate --format %(refname) %(objectname) %(*objectname) [3ms]
2025-03-20 09:39:22.953 [info] > git config --get commit.template [6ms]
2025-03-20 09:39:22.954 [info] > git for-each-ref --format=%(refname)%00%(upstream:short)%00%(objectname)%00%(upstream:track)%00%(upstream:remotename)%00%(upstream:remoteref) refs/heads/main refs/remotes/main [2ms]
2025-03-20 09:39:22.967 [info] > git status -z -uall [7ms]
2025-03-20 09:39:22.968 [info] > git for-each-ref --sort -committerdate --format %(refname) %(objectname) %(*objectname) [4ms]
2025-03-20 09:39:47.011 [info] > git ls-files --stage -- index.html [8ms]
2025-03-20 09:39:47.018 [info] > git ls-files --stage -- Js/index.js [8ms]
2025-03-20 09:39:47.023 [info] > git cat-file -s 2bea73afcd8818378e1c82204c0c206bd0f0bf02 [6ms]
2025-03-20 09:39:47.024 [info] > git cat-file -s 2905125162e5d7c70c9b1b967ff411b5133f7c67 [1ms]
2025-03-20 09:39:47.040 [info] > git show --textconv :index.html [5ms]
2025-03-20 09:39:47.041 [info] > git show --textconv :Js/index.js [2ms]
2025-03-20 09:39:49.976 [info] > git fetch [4194ms]
2025-03-20 09:39:49.998 [info] > git config --get commit.template [13ms]
2025-03-20 09:39:49.999 [info] > git for-each-ref --format=%(refname)%00%(upstream:short)%00%(objectname)%00%(upstream:track)%00%(upstream:remotename)%00%(upstream:remoteref) refs/heads/main refs/remotes/main [8ms]
2025-03-20 09:39:50.020 [info] > git status -z -uall [11ms]
2025-03-20 09:39:50.021 [info] > git for-each-ref --sort -committerdate --format %(refname) %(objectname) %(*objectname) [3ms]
2025-03-20 09:39:50.858 [info] > git ls-files --stage -- index.html [6ms]
2025-03-20 09:39:50.867 [info] > git ls-files --stage -- Js/index.js [9ms]
2025-03-20 09:39:50.874 [info] > git cat-file -s 2bea73afcd8818378e1c82204c0c206bd0f0bf02 [9ms]
2025-03-20 09:39:50.875 [info] > git cat-file -s 2905125162e5d7c70c9b1b967ff411b5133f7c67 [3ms]
2025-03-20 09:39:50.890 [info] > git show --textconv :index.html [5ms]
2025-03-20 09:39:50.891 [info] > git show --textconv :Js/index.js [1ms]
2025-03-20 09:40:01.959 [info] > git config --get commit.template [18ms]
2025-03-20 09:40:01.964 [info] > git for-each-ref --format=%(refname)%00%(upstream:short)%00%(objectname)%00%(upstream:track)%00%(upstream:remotename)%00%(upstream:remoteref) refs/heads/main refs/remotes/main [20ms]
2025-03-20 09:40:01.975 [info] > git status -z -uall [6ms]
2025-03-20 09:40:01.976 [info] > git for-each-ref --sort -committerdate --format %(refname) %(objectname) %(*objectname) [4ms]
2025-03-20 09:40:06.991 [info] > git config --get commit.template [4ms]
2025-03-20 09:40:06.996 [info] > git for-each-ref --format=%(refname)%00%(upstream:short)%00%(objectname)%00%(upstream:track)%00%(upstream:remotename)%00%(upstream:remoteref) refs/heads/main refs/remotes/main [1ms]
2025-03-20 09:40:07.005 [info] > git status -z -uall [4ms]
2025-03-20 09:40:07.006 [info] > git for-each-ref --sort -committerdate --format %(refname) %(objectname) %(*objectname) [1ms]
2025-03-20 09:40:12.024 [info] > git config --get commit.template [7ms]
2025-03-20 09:40:12.026 [info] > git for-each-ref --format=%(refname)%00%(upstream:short)%00%(objectname)%00%(upstream:track)%00%(upstream:remotename)%00%(upstream:remoteref) refs/heads/main refs/remotes/main [2ms]
2025-03-20 09:40:12.039 [info] > git status -z -uall [5ms]
2025-03-20 09:40:12.044 [info] > git for-each-ref --sort -committerdate --format %(refname) %(objectname) %(*objectname) [6ms]
2025-03-20 09:40:17.065 [info] > git config --get commit.template [7ms]
2025-03-20 09:40:17.094 [info] > git for-each-ref --format=%(refname)%00%(upstream:short)%00%(objectname)%00%(upstream:track)%00%(upstream:remotename)%00%(upstream:remoteref) refs/heads/main refs/remotes/main [19ms]
2025-03-20 09:40:17.152 [info] > git status -z -uall [41ms]
2025-03-20 09:40:17.152 [info] > git for-each-ref --sort -committerdate --format %(refname) %(objectname) %(*objectname) [22ms]
2025-03-20 09:40:27.554 [info] > git config --get commit.template [2ms]
2025-03-20 09:40:27.562 [info] > git for-each-ref --format=%(refname)%00%(upstream:short)%00%(objectname)%00%(upstream:track)%00%(upstream:remotename)%00%(upstream:remoteref) refs/heads/main refs/remotes/main [3ms]
2025-03-20 09:40:27.572 [info] > git status -z -uall [5ms]
2025-03-20 09:40:27.573 [info] > git for-each-ref --sort -committerdate --format %(refname) %(objectname) %(*objectname) [1ms]
2025-03-20 09:54:05.363 [info] > git ls-files --stage -- Js/index.js [9ms]
2025-03-20 09:54:05.373 [info] > git cat-file -s 2905125162e5d7c70c9b1b967ff411b5133f7c67 [3ms]
2025-03-20 09:54:05.389 [info] > git show --textconv :Js/index.js [4ms]
2025-03-20 09:54:07.828 [info] > git fetch [3760ms]
2025-03-20 09:54:07.838 [info] > git config --get commit.template [6ms]
2025-03-20 09:54:07.839 [info] > git for-each-ref --format=%(refname)%00%(upstream:short)%00%(objectname)%00%(upstream:track)%00%(upstream:remotename)%00%(upstream:remoteref) refs/heads/main refs/remotes/main [1ms]
2025-03-20 09:54:07.849 [info] > git status -z -uall [6ms]
2025-03-20 09:54:07.850 [info] > git for-each-ref --sort -committerdate --format %(refname) %(objectname) %(*objectname) [2ms]
2025-03-20 09:54:08.720 [info] > git ls-files --stage -- Js/index.js [2ms]
2025-03-20 09:54:08.726 [info] > git cat-file -s 2905125162e5d7c70c9b1b967ff411b5133f7c67 [2ms]
2025-03-20 09:54:08.740 [info] > git show --textconv :Js/index.js [3ms]
2025-03-20 09:55:46.476 [info] > git ls-files --stage -- Js/index.js [15ms]
2025-03-20 09:55:46.484 [info] > git show --textconv :Js/index.js [30ms]
2025-03-20 09:55:46.489 [info] > git cat-file -s 2905125162e5d7c70c9b1b967ff411b5133f7c67 [6ms]
2025-03-20 09:55:48.340 [info] > git show --textconv :index.html [6ms]
2025-03-20 09:55:48.344 [info] > git ls-files --stage -- index.html [5ms]
2025-03-20 09:55:48.354 [info] > git cat-file -s 2bea73afcd8818378e1c82204c0c206bd0f0bf02 [2ms]
2025-03-20 09:57:09.080 [info] > git ls-files --stage -- Js/index.js [5ms]
2025-03-20 09:57:09.086 [info] > git ls-files --stage -- index.html [7ms]
2025-03-20 09:57:09.095 [info] > git cat-file -s 2905125162e5d7c70c9b1b967ff411b5133f7c67 [9ms]
2025-03-20 09:57:09.096 [info] > git cat-file -s 2bea73afcd8818378e1c82204c0c206bd0f0bf02 [5ms]
2025-03-20 09:57:09.112 [info] > git show --textconv :Js/index.js [7ms]
2025-03-20 09:57:09.113 [info] > git show --textconv :index.html [2ms]
2025-03-20 09:57:11.689 [info] > git fetch [3826ms]
2025-03-20 09:57:11.703 [info] > git config --get commit.template [8ms]
2025-03-20 09:57:11.704 [info] > git for-each-ref --format=%(refname)%00%(upstream:short)%00%(objectname)%00%(upstream:track)%00%(upstream:remotename)%00%(upstream:remoteref) refs/heads/main refs/remotes/main [4ms]
2025-03-20 09:57:11.716 [info] > git status -z -uall [6ms]
2025-03-20 09:57:11.717 [info] > git for-each-ref --sort -committerdate --format %(refname) %(objectname) %(*objectname) [2ms]
2025-03-20 09:57:12.579 [info] > git ls-files --stage -- Js/index.js [6ms]
2025-03-20 09:57:12.591 [info] > git ls-files --stage -- index.html [14ms]
2025-03-20 09:57:12.597 [info] > git cat-file -s 2905125162e5d7c70c9b1b967ff411b5133f7c67 [11ms]
2025-03-20 09:57:12.598 [info] > git cat-file -s 2bea73afcd8818378e1c82204c0c206bd0f0bf02 [2ms]
2025-03-20 09:57:12.632 [info] > git show --textconv :Js/index.js [17ms]
2025-03-20 09:57:12.632 [info] > git show --textconv :index.html [4ms]
2025-03-20 10:00:12.932 [info] > git ls-files --stage -- Js/index.js [2ms]
2025-03-20 10:00:12.938 [info] > git cat-file -s 2905125162e5d7c70c9b1b967ff411b5133f7c67 [2ms]
2025-03-20 10:00:12.953 [info] > git show --textconv :Js/index.js [2ms]
2025-03-20 10:00:15.347 [info] > git fetch [3620ms]
2025-03-20 10:00:15.358 [info] > git config --get commit.template [5ms]
2025-03-20 10:00:15.359 [info] > git for-each-ref --format=%(refname)%00%(upstream:short)%00%(objectname)%00%(upstream:track)%00%(upstream:remotename)%00%(upstream:remoteref) refs/heads/main refs/remotes/main [2ms]
2025-03-20 10:00:15.369 [info] > git status -z -uall [5ms]
2025-03-20 10:00:15.371 [info] > git for-each-ref --sort -committerdate --format %(refname) %(objectname) %(*objectname) [2ms]
2025-03-20 10:00:16.248 [info] > git ls-files --stage -- Js/index.js [2ms]
2025-03-20 10:00:16.257 [info] > git cat-file -s 2905125162e5d7c70c9b1b967ff411b5133f7c67 [2ms]
2025-03-20 10:00:16.274 [info] > git show --textconv :Js/index.js [2ms]
2025-03-20 10:03:16.589 [info] > git ls-files --stage -- Js/index.js [1ms]
2025-03-20 10:03:16.594 [info] > git cat-file -s 2905125162e5d7c70c9b1b967ff411b5133f7c67 [1ms]
2025-03-20 10:03:16.606 [info] > git show --textconv :Js/index.js [1ms]
2025-03-20 10:03:19.068 [info] > git fetch [3683ms]
2025-03-20 10:03:19.080 [info] > git config --get commit.template [6ms]
2025-03-20 10:03:19.081 [info] > git for-each-ref --format=%(refname)%00%(upstream:short)%00%(objectname)%00%(upstream:track)%00%(upstream:remotename)%00%(upstream:remoteref) refs/heads/main refs/remotes/main [1ms]
2025-03-20 10:03:19.092 [info] > git status -z -uall [6ms]
2025-03-20 10:03:19.094 [info] > git for-each-ref --sort -committerdate --format %(refname) %(objectname) %(*objectname) [2ms]
2025-03-20 10:03:19.969 [info] > git ls-files --stage -- Js/index.js [2ms]
2025-03-20 10:03:19.975 [info] > git cat-file -s 2905125162e5d7c70c9b1b967ff411b5133f7c67 [2ms]
2025-03-20 10:03:19.989 [info] > git show --textconv :Js/index.js [3ms]
2025-03-20 10:06:20.301 [info] > git ls-files --stage -- Js/index.js [1ms]
2025-03-20 10:06:20.305 [info] > git cat-file -s 2905125162e5d7c70c9b1b967ff411b5133f7c67 [0ms]
2025-03-20 10:06:20.314 [info] > git show --textconv :Js/index.js [1ms]
2025-03-20 10:06:22.769 [info] > git fetch [3663ms]
2025-03-20 10:06:22.777 [info] > git config --get commit.template [3ms]
2025-03-20 10:06:22.784 [info] > git for-each-ref --format=%(refname)%00%(upstream:short)%00%(objectname)%00%(upstream:track)%00%(upstream:remotename)%00%(upstream:remoteref) refs/heads/main refs/remotes/main [2ms]
2025-03-20 10:06:22.797 [info] > git status -z -uall [6ms]
2025-03-20 10:06:22.798 [info] > git for-each-ref --sort -committerdate --format %(refname) %(objectname) %(*objectname) [2ms]
2025-03-20 10:06:23.665 [info] > git ls-files --stage -- Js/index.js [2ms]
2025-03-20 10:06:23.672 [info] > git cat-file -s 2905125162e5d7c70c9b1b967ff411b5133f7c67 [3ms]
2025-03-20 10:06:23.686 [info] > git show --textconv :Js/index.js [3ms]
2025-03-20 10:09:24.009 [info] > git ls-files --stage -- Js/index.js [2ms]
2025-03-20 10:09:24.013 [info] > git cat-file -s 2905125162e5d7c70c9b1b967ff411b5133f7c67 [1ms]
2025-03-20 10:09:24.025 [info] > git show --textconv :Js/index.js [4ms]
2025-03-20 10:09:26.511 [info] > git fetch [3699ms]
2025-03-20 10:09:26.523 [info] > git config --get commit.template [5ms]
2025-03-20 10:09:26.524 [info] > git for-each-ref --format=%(refname)%00%(upstream:short)%00%(objectname)%00%(upstream:track)%00%(upstream:remotename)%00%(upstream:remoteref) refs/heads/main refs/remotes/main [2ms]
2025-03-20 10:09:26.539 [info] > git status -z -uall [9ms]
2025-03-20 10:09:26.539 [info] > git for-each-ref --sort -committerdate --format %(refname) %(objectname) %(*objectname) [4ms]
2025-03-20 10:09:27.414 [info] > git ls-files --stage -- Js/index.js [2ms]
2025-03-20 10:09:27.420 [info] > git cat-file -s 2905125162e5d7c70c9b1b967ff411b5133f7c67 [2ms]
2025-03-20 10:09:27.437 [info] > git show --textconv :Js/index.js [2ms]
2025-03-20 10:12:27.746 [info] > git ls-files --stage -- Js/index.js [1ms]
2025-03-20 10:12:27.750 [info] > git cat-file -s 2905125162e5d7c70c9b1b967ff411b5133f7c67 [1ms]
2025-03-20 10:12:27.759 [info] > git show --textconv :Js/index.js [2ms]
2025-03-20 10:12:30.255 [info] > git fetch [3705ms]
2025-03-20 10:12:30.268 [info] > git config --get commit.template [6ms]
2025-03-20 10:12:30.269 [info] > git for-each-ref --format=%(refname)%00%(upstream:short)%00%(objectname)%00%(upstream:track)%00%(upstream:remotename)%00%(upstream:remoteref) refs/heads/main refs/remotes/main [2ms]
2025-03-20 10:12:30.280 [info] > git status -z -uall [5ms]
2025-03-20 10:12:30.281 [info] > git for-each-ref --sort -committerdate --format %(refname) %(objectname) %(*objectname) [1ms]
2025-03-20 10:12:31.151 [info] > git ls-files --stage -- Js/index.js [2ms]
2025-03-20 10:12:31.158 [info] > git cat-file -s 2905125162e5d7c70c9b1b967ff411b5133f7c67 [2ms]
2025-03-20 10:12:31.176 [info] > git show --textconv :Js/index.js [2ms]
2025-03-20 10:15:31.499 [info] > git ls-files --stage -- Js/index.js [2ms]
2025-03-20 10:15:31.506 [info] > git cat-file -s 2905125162e5d7c70c9b1b967ff411b5133f7c67 [3ms]
2025-03-20 10:15:31.522 [info] > git show --textconv :Js/index.js [2ms]
2025-03-20 10:15:33.971 [info] > git fetch [3676ms]
2025-03-20 10:15:33.979 [info] > git config --get commit.template [2ms]
2025-03-20 10:15:33.985 [info] > git for-each-ref --format=%(refname)%00%(upstream:short)%00%(objectname)%00%(upstream:track)%00%(upstream:remotename)%00%(upstream:remoteref) refs/heads/main refs/remotes/main [3ms]
2025-03-20 10:15:33.997 [info] > git status -z -uall [6ms]
2025-03-20 10:15:33.998 [info] > git for-each-ref --sort -committerdate --format %(refname) %(objectname) %(*objectname) [2ms]
2025-03-20 10:15:34.858 [info] > git ls-files --stage -- Js/index.js [2ms]
2025-03-20 10:15:34.864 [info] > git cat-file -s 2905125162e5d7c70c9b1b967ff411b5133f7c67 [2ms]
2025-03-20 10:15:34.878 [info] > git show --textconv :Js/index.js [2ms]
2025-03-20 10:18:35.212 [info] > git ls-files --stage -- Js/index.js [1ms]
2025-03-20 10:18:35.218 [info] > git cat-file -s 2905125162e5d7c70c9b1b967ff411b5133f7c67 [1ms]
2025-03-20 10:18:35.231 [info] > git show --textconv :Js/index.js [2ms]
2025-03-20 10:18:37.732 [info] > git fetch [3721ms]
2025-03-20 10:18:37.745 [info] > git config --get commit.template [6ms]
2025-03-20 10:18:37.746 [info] > git for-each-ref --format=%(refname)%00%(upstream:short)%00%(objectname)%00%(upstream:track)%00%(upstream:remotename)%00%(upstream:remoteref) refs/heads/main refs/remotes/main [3ms]
2025-03-20 10:18:37.757 [info] > git status -z -uall [5ms]
2025-03-20 10:18:37.758 [info] > git for-each-ref --sort -committerdate --format %(refname) %(objectname) %(*objectname) [2ms]
2025-03-20 10:18:38.620 [info] > git ls-files --stage -- Js/index.js [2ms]
2025-03-20 10:18:38.626 [info] > git cat-file -s 2905125162e5d7c70c9b1b967ff411b5133f7c67 [2ms]
2025-03-20 10:18:38.634 [info] > git show --textconv :Js/index.js [1ms]
2025-03-20 10:21:38.981 [info] > git ls-files --stage -- Js/index.js [2ms]
2025-03-20 10:21:38.989 [info] > git cat-file -s 2905125162e5d7c70c9b1b967ff411b5133f7c67 [3ms]
2025-03-20 10:21:39.006 [info] > git show --textconv :Js/index.js [2ms]
2025-03-20 10:21:41.484 [info] > git fetch [3710ms]
2025-03-20 10:21:41.491 [info] > git config --get commit.template [1ms]
2025-03-20 10:21:41.497 [info] > git for-each-ref --format=%(refname)%00%(upstream:short)%00%(objectname)%00%(upstream:track)%00%(upstream:remotename)%00%(upstream:remoteref) refs/heads/main refs/remotes/main [1ms]
2025-03-20 10:21:41.508 [info] > git status -z -uall [5ms]
2025-03-20 10:21:41.510 [info] > git for-each-ref --sort -committerdate --format %(refname) %(objectname) %(*objectname) [3ms]
2025-03-20 10:21:42.374 [info] > git ls-files --stage -- Js/index.js [2ms]
2025-03-20 10:21:42.380 [info] > git cat-file -s 2905125162e5d7c70c9b1b967ff411b5133f7c67 [2ms]
2025-03-20 10:21:42.396 [info] > git show --textconv :Js/index.js [2ms]
2025-03-20 10:24:42.729 [info] > git ls-files --stage -- Js/index.js [3ms]
2025-03-20 10:24:42.736 [info] > git cat-file -s 2905125162e5d7c70c9b1b967ff411b5133f7c67 [2ms]
2025-03-20 10:24:42.752 [info] > git show --textconv :Js/index.js [3ms]
2025-03-20 10:24:45.214 [info] > git fetch [3690ms]
2025-03-20 10:24:45.226 [info] > git config --get commit.template [5ms]
2025-03-20 10:24:45.226 [info] > git for-each-ref --format=%(refname)%00%(upstream:short)%00%(objectname)%00%(upstream:track)%00%(upstream:remotename)%00%(upstream:remoteref) refs/heads/main refs/remotes/main [1ms]
2025-03-20 10:24:45.239 [info] > git status -z -uall [7ms]
2025-03-20 10:24:45.240 [info] > git for-each-ref --sort -committerdate --format %(refname) %(objectname) %(*objectname) [3ms]
2025-03-20 10:24:46.116 [info] > git ls-files --stage -- Js/index.js [1ms]
2025-03-20 10:24:46.122 [info] > git cat-file -s 2905125162e5d7c70c9b1b967ff411b5133f7c67 [2ms]
2025-03-20 10:24:46.143 [info] > git show --textconv :Js/index.js [3ms]
2025-03-20 10:26:58.878 [info] > git config --get commit.template [2ms]
2025-03-20 10:26:58.887 [info] > git for-each-ref --format=%(refname)%00%(upstream:short)%00%(objectname)%00%(upstream:track)%00%(upstream:remotename)%00%(upstream:remoteref) refs/heads/main refs/remotes/main [1ms]
2025-03-20 10:26:58.902 [info] > git status -z -uall [8ms]
2025-03-20 10:26:58.903 [info] > git for-each-ref --sort -committerdate --format %(refname) %(objectname) %(*objectname) [2ms]
2025-03-20 10:27:17.936 [info] > git show --textconv :index.html [17ms]
2025-03-20 10:27:17.937 [info] > git ls-files --stage -- index.html [10ms]
2025-03-20 10:27:17.948 [info] > git cat-file -s 2bea73afcd8818378e1c82204c0c206bd0f0bf02 [4ms]
2025-03-20 10:27:38.439 [info] > git config --get commit.template [21ms]
2025-03-20 10:27:38.448 [info] > git for-each-ref --format=%(refname)%00%(upstream:short)%00%(objectname)%00%(upstream:track)%00%(upstream:remotename)%00%(upstream:remoteref) refs/heads/main refs/remotes/main [25ms]
2025-03-20 10:27:38.464 [info] > git status -z -uall [8ms]
2025-03-20 10:27:38.465 [info] > git for-each-ref --sort -committerdate --format %(refname) %(objectname) %(*objectname) [4ms]
2025-03-20 10:27:46.519 [info] > git ls-files --stage -- index.html [10ms]
2025-03-20 10:27:46.526 [info] > git cat-file -s 2bea73afcd8818378e1c82204c0c206bd0f0bf02 [3ms]
2025-03-20 10:27:46.541 [info] > git show --textconv :index.html [4ms]
2025-03-20 10:27:49.059 [info] > git fetch [3806ms]
2025-03-20 10:27:49.069 [info] > git config --get commit.template [4ms]
2025-03-20 10:27:49.071 [info] > git for-each-ref --format=%(refname)%00%(upstream:short)%00%(objectname)%00%(upstream:track)%00%(upstream:remotename)%00%(upstream:remoteref) refs/heads/main refs/remotes/main [2ms]
2025-03-20 10:27:49.084 [info] > git status -z -uall [8ms]
2025-03-20 10:27:49.086 [info] > git for-each-ref --sort -committerdate --format %(refname) %(objectname) %(*objectname) [3ms]
2025-03-20 10:27:49.102 [info] > git config --get commit.template [2ms]
2025-03-20 10:27:49.107 [info] > git for-each-ref --format=%(refname)%00%(upstream:short)%00%(objectname)%00%(upstream:track)%00%(upstream:remotename)%00%(upstream:remoteref) refs/heads/main refs/remotes/main [2ms]
2025-03-20 10:27:49.116 [info] > git status -z -uall [5ms]
2025-03-20 10:27:49.117 [info] > git for-each-ref --sort -committerdate --format %(refname) %(objectname) %(*objectname) [3ms]
2025-03-20 10:27:49.941 [info] > git ls-files --stage -- index.html [2ms]
2025-03-20 10:27:49.947 [info] > git cat-file -s 2bea73afcd8818378e1c82204c0c206bd0f0bf02 [2ms]
2025-03-20 10:27:49.961 [info] > git show --textconv :index.html [1ms]
2025-03-20 10:37:34.907 [info] > git show --textconv :Js/index.js [7ms]
2025-03-20 10:37:34.913 [info] > git ls-files --stage -- Js/index.js [7ms]
2025-03-20 10:37:34.920 [info] > git cat-file -s 2905125162e5d7c70c9b1b967ff411b5133f7c67 [1ms]
2025-03-20 10:37:36.009 [info] > git ls-files --stage -- Js/index.js [2ms]
2025-03-20 10:37:36.015 [info] > git cat-file -s 2905125162e5d7c70c9b1b967ff411b5133f7c67 [2ms]
2025-03-20 10:37:36.028 [info] > git show --textconv :Js/index.js [2ms]
2025-03-20 10:37:38.540 [info] > git fetch [3840ms]
2025-03-20 10:37:38.551 [info] > git config --get commit.template [4ms]
2025-03-20 10:37:38.552 [info] > git for-each-ref --format=%(refname)%00%(upstream:short)%00%(objectname)%00%(upstream:track)%00%(upstream:remotename)%00%(upstream:remoteref) refs/heads/main refs/remotes/main [2ms]
2025-03-20 10:37:38.565 [info] > git status -z -uall [8ms]
2025-03-20 10:37:38.565 [info] > git for-each-ref --sort -committerdate --format %(refname) %(objectname) %(*objectname) [4ms]
2025-03-20 10:37:39.418 [info] > git ls-files --stage -- Js/index.js [1ms]
2025-03-20 10:37:39.424 [info] > git cat-file -s 2905125162e5d7c70c9b1b967ff411b5133f7c67 [2ms]
2025-03-20 10:37:39.440 [info] > git show --textconv :Js/index.js [2ms]
2025-03-20 10:37:49.780 [info] > git config --get commit.template [7ms]
2025-03-20 10:37:49.781 [info] > git for-each-ref --format=%(refname)%00%(upstream:short)%00%(objectname)%00%(upstream:track)%00%(upstream:remotename)%00%(upstream:remoteref) refs/heads/main refs/remotes/main [2ms]
2025-03-20 10:37:49.797 [info] > git status -z -uall [10ms]
2025-03-20 10:37:49.797 [info] > git for-each-ref --sort -committerdate --format %(refname) %(objectname) %(*objectname) [3ms]
2025-03-20 10:37:54.808 [info] > git config --get commit.template [2ms]
2025-03-20 10:37:54.814 [info] > git for-each-ref --format=%(refname)%00%(upstream:short)%00%(objectname)%00%(upstream:track)%00%(upstream:remotename)%00%(upstream:remoteref) refs/heads/main refs/remotes/main [2ms]
2025-03-20 10:37:54.826 [info] > git status -z -uall [6ms]
2025-03-20 10:37:54.827 [info] > git for-each-ref --sort -committerdate --format %(refname) %(objectname) %(*objectname) [4ms]
2025-03-20 10:38:05.249 [info] > git config --get commit.template [5ms]
2025-03-20 10:38:05.259 [info] > git for-each-ref --format=%(refname)%00%(upstream:short)%00%(objectname)%00%(upstream:track)%00%(upstream:remotename)%00%(upstream:remoteref) refs/heads/main refs/remotes/main [3ms]
2025-03-20 10:38:05.275 [info] > git status -z -uall [9ms]
2025-03-20 10:38:05.275 [info] > git for-each-ref --sort -committerdate --format %(refname) %(objectname) %(*objectname) [2ms]
2025-03-20 10:38:10.292 [info] > git config --get commit.template [6ms]
2025-03-20 10:38:10.294 [info] > git for-each-ref --format=%(refname)%00%(upstream:short)%00%(objectname)%00%(upstream:track)%00%(upstream:remotename)%00%(upstream:remoteref) refs/heads/main refs/remotes/main [2ms]
2025-03-20 10:38:10.306 [info] > git status -z -uall [5ms]
2025-03-20 10:38:10.307 [info] > git for-each-ref --sort -committerdate --format %(refname) %(objectname) %(*objectname) [2ms]
2025-03-20 10:38:28.994 [info] > git config --get commit.template [7ms]
2025-03-20 10:38:29.004 [info] > git for-each-ref --format=%(refname)%00%(upstream:short)%00%(objectname)%00%(upstream:track)%00%(upstream:remotename)%00%(upstream:remoteref) refs/heads/main refs/remotes/main [2ms]
2025-03-20 10:38:29.022 [info] > git status -z -uall [9ms]
2025-03-20 10:38:29.022 [info] > git for-each-ref --sort -committerdate --format %(refname) %(objectname) %(*objectname) [1ms]
2025-03-20 10:38:34.045 [info] > git config --get commit.template [3ms]
2025-03-20 10:38:34.051 [info] > git for-each-ref --format=%(refname)%00%(upstream:short)%00%(objectname)%00%(upstream:track)%00%(upstream:remotename)%00%(upstream:remoteref) refs/heads/main refs/remotes/main [1ms]
2025-03-20 10:38:34.063 [info] > git status -z -uall [7ms]
2025-03-20 10:38:34.064 [info] > git for-each-ref --sort -committerdate --format %(refname) %(objectname) %(*objectname) [1ms]
2025-03-20 10:38:46.918 [info] > git config --get commit.template [5ms]
2025-03-20 10:38:46.919 [info] > git for-each-ref --format=%(refname)%00%(upstream:short)%00%(objectname)%00%(upstream:track)%00%(upstream:remotename)%00%(upstream:remoteref) refs/heads/main refs/remotes/main [1ms]
2025-03-20 10:38:46.929 [info] > git status -z -uall [5ms]
2025-03-20 10:38:46.930 [info] > git for-each-ref --sort -committerdate --format %(refname) %(objectname) %(*objectname) [1ms]
2025-03-20 10:38:51.946 [info] > git config --get commit.template [2ms]
2025-03-20 10:38:51.954 [info] > git for-each-ref --format=%(refname)%00%(upstream:short)%00%(objectname)%00%(upstream:track)%00%(upstream:remotename)%00%(upstream:remoteref) refs/heads/main refs/remotes/main [3ms]
2025-03-20 10:38:51.964 [info] > git status -z -uall [5ms]
2025-03-20 10:38:51.966 [info] > git for-each-ref --sort -committerdate --format %(refname) %(objectname) %(*objectname) [3ms]
2025-03-20 10:39:16.555 [info] > git config --get commit.template [4ms]
2025-03-20 10:39:16.557 [info] > git for-each-ref --format=%(refname)%00%(upstream:short)%00%(objectname)%00%(upstream:track)%00%(upstream:remotename)%00%(upstream:remoteref) refs/heads/main refs/remotes/main [3ms]
2025-03-20 10:39:16.566 [info] > git status -z -uall [5ms]
2025-03-20 10:39:16.567 [info] > git for-each-ref --sort -committerdate --format %(refname) %(objectname) %(*objectname) [2ms]
2025-03-20 10:40:17.854 [info] > git config --get commit.template [18ms]
2025-03-20 10:40:17.864 [info] > git for-each-ref --format=%(refname)%00%(upstream:short)%00%(objectname)%00%(upstream:track)%00%(upstream:remotename)%00%(upstream:remoteref) refs/heads/main refs/remotes/main [22ms]
2025-03-20 10:40:17.878 [info] > git status -z -uall [8ms]
2025-03-20 10:40:17.879 [info] > git for-each-ref --sort -committerdate --format %(refname) %(objectname) %(*objectname) [4ms]
2025-03-20 10:40:22.893 [info] > git config --get commit.template [4ms]
2025-03-20 10:40:22.894 [info] > git for-each-ref --format=%(refname)%00%(upstream:short)%00%(objectname)%00%(upstream:track)%00%(upstream:remotename)%00%(upstream:remoteref) refs/heads/main refs/remotes/main [2ms]
2025-03-20 10:40:22.900 [info] > git status -z -uall [3ms]
2025-03-20 10:40:22.901 [info] > git for-each-ref --sort -committerdate --format %(refname) %(objectname) %(*objectname) [2ms]
2025-03-20 10:40:39.843 [info] > git ls-files --stage -- Js/index.js [11ms]
2025-03-20 10:40:39.852 [info] > git cat-file -s 2905125162e5d7c70c9b1b967ff411b5133f7c67 [3ms]
2025-03-20 10:40:39.871 [info] > git show --textconv :Js/index.js [5ms]
2025-03-20 10:40:42.328 [info] > git fetch [3751ms]
2025-03-20 10:40:42.342 [info] > git config --get commit.template [5ms]
2025-03-20 10:40:42.343 [info] > git for-each-ref --format=%(refname)%00%(upstream:short)%00%(objectname)%00%(upstream:track)%00%(upstream:remotename)%00%(upstream:remoteref) refs/heads/main refs/remotes/main [3ms]
2025-03-20 10:40:42.354 [info] > git status -z -uall [5ms]
2025-03-20 10:40:42.355 [info] > git for-each-ref --sort -committerdate --format %(refname) %(objectname) %(*objectname) [2ms]
2025-03-20 10:40:43.223 [info] > git ls-files --stage -- Js/index.js [2ms]
2025-03-20 10:40:43.230 [info] > git cat-file -s 2905125162e5d7c70c9b1b967ff411b5133f7c67 [2ms]
2025-03-20 10:40:43.243 [info] > git show --textconv :Js/index.js [1ms]
2025-03-20 10:41:03.811 [info] > git config --get commit.template [6ms]
2025-03-20 10:41:03.818 [info] > git for-each-ref --format=%(refname)%00%(upstream:short)%00%(objectname)%00%(upstream:track)%00%(upstream:remotename)%00%(upstream:remoteref) refs/heads/main refs/remotes/main [1ms]
2025-03-20 10:41:03.828 [info] > git status -z -uall [5ms]
2025-03-20 10:41:03.829 [info] > git for-each-ref --sort -committerdate --format %(refname) %(objectname) %(*objectname) [2ms]
2025-03-20 10:42:06.481 [info] > git config --get commit.template [6ms]
2025-03-20 10:42:06.481 [info] > git for-each-ref --format=%(refname)%00%(upstream:short)%00%(objectname)%00%(upstream:track)%00%(upstream:remotename)%00%(upstream:remoteref) refs/heads/main refs/remotes/main [2ms]
2025-03-20 10:42:06.491 [info] > git status -z -uall [3ms]
2025-03-20 10:42:06.492 [info] > git for-each-ref --sort -committerdate --format %(refname) %(objectname) %(*objectname) [2ms]
2025-03-20 10:42:11.506 [info] > git config --get commit.template [2ms]
2025-03-20 10:42:11.512 [info] > git for-each-ref --format=%(refname)%00%(upstream:short)%00%(objectname)%00%(upstream:track)%00%(upstream:remotename)%00%(upstream:remoteref) refs/heads/main refs/remotes/main [2ms]
2025-03-20 10:42:11.530 [info] > git status -z -uall [8ms]
2025-03-20 10:42:11.532 [info] > git for-each-ref --sort -committerdate --format %(refname) %(objectname) %(*objectname) [6ms]
2025-03-20 10:42:16.546 [info] > git config --get commit.template [3ms]
2025-03-20 10:42:16.546 [info] > git for-each-ref --format=%(refname)%00%(upstream:short)%00%(objectname)%00%(upstream:track)%00%(upstream:remotename)%00%(upstream:remoteref) refs/heads/main refs/remotes/main [1ms]
2025-03-20 10:42:16.553 [info] > git status -z -uall [3ms]
2025-03-20 10:42:16.554 [info] > git for-each-ref --sort -committerdate --format %(refname) %(objectname) %(*objectname) [1ms]
2025-03-20 10:42:24.625 [info] > git config --get commit.template [2ms]
2025-03-20 10:42:24.635 [info] > git for-each-ref --format=%(refname)%00%(upstream:short)%00%(objectname)%00%(upstream:track)%00%(upstream:remotename)%00%(upstream:remoteref) refs/heads/main refs/remotes/main [3ms]
2025-03-20 10:42:24.654 [info] > git status -z -uall [11ms]
2025-03-20 10:42:24.657 [info] > git for-each-ref --sort -committerdate --format %(refname) %(objectname) %(*objectname) [4ms]
2025-03-20 10:42:56.123 [info] > git config --get commit.template [11ms]
2025-03-20 10:42:56.124 [info] > git for-each-ref --format=%(refname)%00%(upstream:short)%00%(objectname)%00%(upstream:track)%00%(upstream:remotename)%00%(upstream:remoteref) refs/heads/main refs/remotes/main [3ms]
2025-03-20 10:42:56.141 [info] > git status -z -uall [7ms]
2025-03-20 10:42:56.143 [info] > git for-each-ref --sort -committerdate --format %(refname) %(objectname) %(*objectname) [3ms]
2025-03-20 10:43:02.073 [info] > git config --get commit.template [1ms]
2025-03-20 10:43:02.079 [info] > git for-each-ref --format=%(refname)%00%(upstream:short)%00%(objectname)%00%(upstream:track)%00%(upstream:remotename)%00%(upstream:remoteref) refs/heads/main refs/remotes/main [2ms]
2025-03-20 10:43:02.088 [info] > git status -z -uall [4ms]
2025-03-20 10:43:02.088 [info] > git for-each-ref --sort -committerdate --format %(refname) %(objectname) %(*objectname) [1ms]
2025-03-20 10:44:02.901 [info] > git ls-files --stage -- Js/index.js [4ms]
2025-03-20 10:44:02.913 [info] > git cat-file -s 2905125162e5d7c70c9b1b967ff411b5133f7c67 [2ms]
2025-03-20 10:44:02.974 [info] > git show --textconv :Js/index.js [1ms]
2025-03-20 10:44:05.284 [info] > git fetch [3630ms]
2025-03-20 10:44:05.295 [info] > git config --get commit.template [4ms]
2025-03-20 10:44:05.296 [info] > git for-each-ref --format=%(refname)%00%(upstream:short)%00%(objectname)%00%(upstream:track)%00%(upstream:remotename)%00%(upstream:remoteref) refs/heads/main refs/remotes/main [2ms]
2025-03-20 10:44:05.303 [info] > git status -z -uall [2ms]
2025-03-20 10:44:05.303 [info] > git for-each-ref --sort -committerdate --format %(refname) %(objectname) %(*objectname) [1ms]
2025-03-20 10:44:06.180 [info] > git ls-files --stage -- Js/index.js [2ms]
2025-03-20 10:44:06.187 [info] > git cat-file -s 2905125162e5d7c70c9b1b967ff411b5133f7c67 [2ms]
2025-03-20 10:44:06.203 [info] > git show --textconv :Js/index.js [2ms]
2025-03-20 10:44:07.709 [info] > git config --get commit.template [7ms]
2025-03-20 10:44:07.709 [info] > git for-each-ref --format=%(refname)%00%(upstream:short)%00%(objectname)%00%(upstream:track)%00%(upstream:remotename)%00%(upstream:remoteref) refs/heads/main refs/remotes/main [2ms]
2025-03-20 10:44:07.722 [info] > git status -z -uall [6ms]
2025-03-20 10:44:07.724 [info] > git for-each-ref --sort -committerdate --format %(refname) %(objectname) %(*objectname) [2ms]
2025-03-20 10:46:05.198 [info] > git show --textconv :index.html [7ms]
2025-03-20 10:46:05.199 [info] > git ls-files --stage -- index.html [2ms]
2025-03-20 10:46:05.209 [info] > git cat-file -s 2bea73afcd8818378e1c82204c0c206bd0f0bf02 [2ms]
2025-03-20 10:47:06.519 [info] > git ls-files --stage -- index.html [2ms]
2025-03-20 10:47:06.527 [info] > git cat-file -s 2bea73afcd8818378e1c82204c0c206bd0f0bf02 [3ms]
2025-03-20 10:47:06.544 [info] > git show --textconv :index.html [2ms]
2025-03-20 10:47:09.280 [info] > git fetch [3969ms]
2025-03-20 10:47:09.292 [info] > git config --get commit.template [5ms]
2025-03-20 10:47:09.293 [info] > git for-each-ref --format=%(refname)%00%(upstream:short)%00%(objectname)%00%(upstream:track)%00%(upstream:remotename)%00%(upstream:remoteref) refs/heads/main refs/remotes/main [2ms]
2025-03-20 10:47:09.306 [info] > git status -z -uall [6ms]
2025-03-20 10:47:09.306 [info] > git for-each-ref --sort -committerdate --format %(refname) %(objectname) %(*objectname) [3ms]
2025-03-20 10:47:10.165 [info] > git ls-files --stage -- index.html [1ms]
2025-03-20 10:47:10.171 [info] > git cat-file -s 2bea73afcd8818378e1c82204c0c206bd0f0bf02 [1ms]
2025-03-20 10:47:10.183 [info] > git show --textconv :index.html [2ms]
2025-03-20 10:59:01.379 [info] > git ls-files --stage -- index.html [3ms]
2025-03-20 10:59:01.387 [info] > git cat-file -s 2bea73afcd8818378e1c82204c0c206bd0f0bf02 [2ms]
2025-03-20 10:59:01.401 [info] > git show --textconv :index.html [4ms]
2025-03-20 10:59:03.861 [info] > git fetch [3690ms]
2025-03-20 10:59:03.868 [info] > git config --get commit.template [5ms]
2025-03-20 10:59:03.868 [info] > git for-each-ref --format=%(refname)%00%(upstream:short)%00%(objectname)%00%(upstream:track)%00%(upstream:remotename)%00%(upstream:remoteref) refs/heads/main refs/remotes/main [2ms]
2025-03-20 10:59:03.874 [info] > git status -z -uall [3ms]
2025-03-20 10:59:03.875 [info] > git for-each-ref --sort -committerdate --format %(refname) %(objectname) %(*objectname) [1ms]
2025-03-20 10:59:04.738 [info] > git ls-files --stage -- index.html [1ms]
2025-03-20 10:59:04.742 [info] > git cat-file -s 2bea73afcd8818378e1c82204c0c206bd0f0bf02 [0ms]
2025-03-20 10:59:04.750 [info] > git show --textconv :index.html [1ms]
2025-03-20 12:32:54.341 [info] > git show --textconv :Js/index.js [8ms]
2025-03-20 12:32:54.342 [info] > git ls-files --stage -- Js/index.js [2ms]
2025-03-20 12:32:54.349 [info] > git cat-file -s 2905125162e5d7c70c9b1b967ff411b5133f7c67 [2ms]
2025-03-20 12:35:38.793 [info] > git ls-files --stage -- Js/index.js [0ms]
2025-03-20 12:35:38.796 [info] > git cat-file -s 2905125162e5d7c70c9b1b967ff411b5133f7c67 [1ms]
2025-03-20 12:35:38.808 [info] > git show --textconv :Js/index.js [2ms]
2025-03-20 12:35:41.354 [info] > git fetch [3760ms]
2025-03-20 12:35:41.368 [info] > git config --get commit.template [7ms]
2025-03-20 12:35:41.369 [info] > git for-each-ref --format=%(refname)%00%(upstream:short)%00%(objectname)%00%(upstream:track)%00%(upstream:remotename)%00%(upstream:remoteref) refs/heads/main refs/remotes/main [2ms]
2025-03-20 12:35:41.378 [info] > git status -z -uall [4ms]
2025-03-20 12:35:41.378 [info] > git for-each-ref --sort -committerdate --format %(refname) %(objectname) %(*objectname) [1ms]
2025-03-20 12:35:42.245 [info] > git ls-files --stage -- Js/index.js [1ms]
2025-03-20 12:35:42.250 [info] > git cat-file -s 2905125162e5d7c70c9b1b967ff411b5133f7c67 [1ms]
2025-03-20 12:35:42.259 [info] > git show --textconv :Js/index.js [1ms]
2025-03-20 12:52:24.996 [info] > git show --textconv :index.html [3ms]
2025-03-20 12:52:24.997 [info] > git ls-files --stage -- index.html [2ms]
2025-03-20 12:52:25.001 [info] > git cat-file -s 2bea73afcd8818378e1c82204c0c206bd0f0bf02 [1ms]
2025-03-20 12:52:26.111 [info] > git ls-files --stage -- index.html [1ms]
2025-03-20 12:52:26.116 [info] > git cat-file -s 2bea73afcd8818378e1c82204c0c206bd0f0bf02 [2ms]
2025-03-20 12:52:26.128 [info] > git show --textconv :index.html [1ms]
2025-03-20 12:52:28.678 [info] > git fetch [3768ms]
2025-03-20 12:52:28.691 [info] > git config --get commit.template [6ms]
2025-03-20 12:52:28.694 [info] > git for-each-ref --format=%(refname)%00%(upstream:short)%00%(objectname)%00%(upstream:track)%00%(upstream:remotename)%00%(upstream:remoteref) refs/heads/main refs/remotes/main [1ms]
2025-03-20 12:52:28.705 [info] > git status -z -uall [7ms]
2025-03-20 12:52:28.707 [info] > git for-each-ref --sort -committerdate --format %(refname) %(objectname) %(*objectname) [2ms]
2025-03-20 13:08:15.700 [info] > git ls-files --stage -- index.html [2ms]
2025-03-20 13:08:15.709 [info] > git cat-file -s 2bea73afcd8818378e1c82204c0c206bd0f0bf02 [2ms]
2025-03-20 13:08:15.717 [info] > git show --textconv :index.html [1ms]
2025-03-20 13:08:16.905 [info] > git ls-files --stage -- index.html [1ms]
2025-03-20 13:08:16.910 [info] > git cat-file -s 2bea73afcd8818378e1c82204c0c206bd0f0bf02 [1ms]
2025-03-20 13:08:16.919 [info] > git show --textconv :index.html [2ms]
2025-03-20 13:08:19.445 [info] > git fetch [3760ms]
2025-03-20 13:08:19.459 [info] > git config --get commit.template [9ms]
2025-03-20 13:08:19.462 [info] > git for-each-ref --format=%(refname)%00%(upstream:short)%00%(objectname)%00%(upstream:track)%00%(upstream:remotename)%00%(upstream:remoteref) refs/heads/main refs/remotes/main [4ms]
2025-03-20 13:08:19.469 [info] > git status -z -uall [3ms]
2025-03-20 13:08:19.471 [info] > git for-each-ref --sort -committerdate --format %(refname) %(objectname) %(*objectname) [3ms]
2025-03-20 13:10:43.413 [info] > git ls-files --stage -- index.html [4ms]
2025-03-20 13:10:43.423 [info] > git cat-file -s 2bea73afcd8818378e1c82204c0c206bd0f0bf02 [3ms]
2025-03-20 13:10:43.440 [info] > git show --textconv :index.html [5ms]
2025-03-20 13:10:43.711 [info] > git show --textconv :style.css [4ms]
2025-03-20 13:10:43.711 [info] > git ls-files --stage -- style.css [2ms]
2025-03-20 13:10:43.716 [info] > git cat-file -s 3bc96ac53b87a0221c5a3247c91288f359366b95 [1ms]
2025-03-20 13:16:31.984 [info] > git blame --root --incremental 747cf10668fdee7882214f6a517d3ac127db11f4 -- style.css [30ms]
2025-03-20 13:16:33.198 [info] > git ls-files --stage -- style.css [3ms]
2025-03-20 13:16:33.202 [info] > git cat-file -s 3bc96ac53b87a0221c5a3247c91288f359366b95 [1ms]
2025-03-20 13:16:33.214 [info] > git show --textconv :style.css [3ms]
2025-03-20 13:16:35.724 [info] > git fetch [3763ms]
2025-03-20 13:16:35.734 [info] > git config --get commit.template [5ms]
2025-03-20 13:16:35.735 [info] > git for-each-ref --format=%(refname)%00%(upstream:short)%00%(objectname)%00%(upstream:track)%00%(upstream:remotename)%00%(upstream:remoteref) refs/heads/main refs/remotes/main [2ms]
2025-03-20 13:16:35.746 [info] > git status -z -uall [5ms]
2025-03-20 13:16:35.747 [info] > git for-each-ref --sort -committerdate --format %(refname) %(objectname) %(*objectname) [4ms]
2025-03-20 13:16:36.610 [info] > git ls-files --stage -- style.css [0ms]
2025-03-20 13:16:36.616 [info] > git cat-file -s 3bc96ac53b87a0221c5a3247c91288f359366b95 [1ms]
2025-03-20 13:16:36.625 [info] > git show --textconv :style.css [1ms]
2025-03-20 13:24:40.678 [info] > git show --textconv :index.html [6ms]
2025-03-20 13:24:40.680 [info] > git ls-files --stage -- index.html [2ms]
2025-03-20 13:24:40.684 [info] > git cat-file -s 2bea73afcd8818378e1c82204c0c206bd0f0bf02 [1ms]
2025-03-20 13:24:41.769 [info] > git ls-files --stage -- index.html [1ms]
2025-03-20 13:24:41.776 [info] > git cat-file -s 2bea73afcd8818378e1c82204c0c206bd0f0bf02 [1ms]
2025-03-20 13:24:41.832 [info] > git show --textconv :index.html [1ms]
2025-03-20 13:24:44.277 [info] > git fetch [3768ms]
2025-03-20 13:24:44.282 [info] > git config --get commit.template [1ms]
2025-03-20 13:24:44.287 [info] > git for-each-ref --format=%(refname)%00%(upstream:short)%00%(objectname)%00%(upstream:track)%00%(upstream:remotename)%00%(upstream:remoteref) refs/heads/main refs/remotes/main [1ms]
2025-03-20 13:24:44.300 [info] > git status -z -uall [6ms]
2025-03-20 13:24:44.300 [info] > git for-each-ref --sort -committerdate --format %(refname) %(objectname) %(*objectname) [1ms]
2025-03-20 13:24:45.163 [info] > git ls-files --stage -- index.html [1ms]
2025-03-20 13:24:45.165 [info] > git cat-file -s 2bea73afcd8818378e1c82204c0c206bd0f0bf02 [1ms]
2025-03-20 13:24:45.174 [info] > git show --textconv :index.html [2ms]
2025-03-20 13:33:03.660 [info] > git show --textconv :Js/index.js [10ms]
2025-03-20 13:33:03.662 [info] > git ls-files --stage -- Js/index.js [5ms]
2025-03-20 13:33:03.669 [info] > git cat-file -s 2905125162e5d7c70c9b1b967ff411b5133f7c67 [1ms]
2025-03-20 13:33:04.747 [info] > git ls-files --stage -- Js/index.js [2ms]
2025-03-20 13:33:04.751 [info] > git cat-file -s 2905125162e5d7c70c9b1b967ff411b5133f7c67 [1ms]
2025-03-20 13:33:04.760 [info] > git show --textconv :Js/index.js [1ms]
2025-03-20 13:33:05.873 [info] > git show --textconv :style.css [21ms]
2025-03-20 13:33:05.874 [info] > git ls-files --stage -- style.css [4ms]
2025-03-20 13:33:05.879 [info] > git cat-file -s 3bc96ac53b87a0221c5a3247c91288f359366b95 [0ms]
2025-03-20 13:33:07.613 [info] > git fetch [4127ms]
2025-03-20 13:33:07.620 [info] > git config --get commit.template [1ms]
2025-03-20 13:33:07.624 [info] > git for-each-ref --format=%(refname)%00%(upstream:short)%00%(objectname)%00%(upstream:track)%00%(upstream:remotename)%00%(upstream:remoteref) refs/heads/main refs/remotes/main [1ms]
2025-03-20 13:33:07.630 [info] > git status -z -uall [3ms]
2025-03-20 13:33:07.631 [info] > git for-each-ref --sort -committerdate --format %(refname) %(objectname) %(*objectname) [0ms]
2025-03-20 13:33:08.489 [info] > git ls-files --stage -- Js/index.js [3ms]
2025-03-20 13:33:08.492 [info] > git ls-files --stage -- style.css [4ms]
2025-03-20 13:33:08.495 [info] > git cat-file -s 2905125162e5d7c70c9b1b967ff411b5133f7c67 [4ms]
2025-03-20 13:33:08.495 [info] > git cat-file -s 3bc96ac53b87a0221c5a3247c91288f359366b95 [1ms]
2025-03-20 13:33:08.505 [info] > git show --textconv :Js/index.js [2ms]
2025-03-20 13:33:08.505 [info] > git show --textconv :style.css [0ms]
2025-03-20 14:04:45.090 [info] > git ls-files --stage -- style.css [4ms]
2025-03-20 14:04:45.098 [info] > git cat-file -s 3bc96ac53b87a0221c5a3247c91288f359366b95 [2ms]
2025-03-20 14:04:45.110 [info] > git show --textconv :style.css [3ms]
2025-03-20 14:04:47.669 [info] > git fetch [3815ms]
2025-03-20 14:04:47.684 [info] > git config --get commit.template [1ms]
2025-03-20 14:04:47.687 [info] > git for-each-ref --format=%(refname)%00%(upstream:short)%00%(objectname)%00%(upstream:track)%00%(upstream:remotename)%00%(upstream:remoteref) refs/heads/main refs/remotes/main [1ms]
2025-03-20 14:04:47.701 [info] > git status -z -uall [10ms]
2025-03-20 14:04:47.702 [info] > git for-each-ref --sort -committerdate --format %(refname) %(objectname) %(*objectname) [3ms]
2025-03-20 14:04:48.560 [info] > git ls-files --stage -- style.css [2ms]
2025-03-20 14:04:48.565 [info] > git cat-file -s 3bc96ac53b87a0221c5a3247c91288f359366b95 [1ms]
2025-03-20 14:04:48.575 [info] > git show --textconv :style.css [1ms]
2025-03-20 14:30:34.451 [info] > git ls-files --stage -- style.css [1ms]
2025-03-20 14:30:34.459 [info] > git cat-file -s 3bc96ac53b87a0221c5a3247c91288f359366b95 [2ms]
2025-03-20 14:30:34.468 [info] > git show --textconv :style.css [2ms]
2025-03-20 14:30:37.111 [info] > git fetch [3895ms]
2025-03-20 14:30:37.117 [info] > git config --get commit.template [1ms]
2025-03-20 14:30:37.121 [info] > git for-each-ref --format=%(refname)%00%(upstream:short)%00%(objectname)%00%(upstream:track)%00%(upstream:remotename)%00%(upstream:remoteref) refs/heads/main refs/remotes/main [1ms]
2025-03-20 14:30:37.129 [info] > git status -z -uall [4ms]
2025-03-20 14:30:37.130 [info] > git for-each-ref --sort -committerdate --format %(refname) %(objectname) %(*objectname) [2ms]
2025-03-20 14:30:37.705 [info] > git show --textconv :Js/index.js [10ms]
2025-03-20 14:30:37.706 [info] > git ls-files --stage -- Js/index.js [2ms]
2025-03-20 14:30:37.715 [info] > git cat-file -s 2905125162e5d7c70c9b1b967ff411b5133f7c67 [3ms]
2025-03-20 14:30:37.986 [info] > git ls-files --stage -- Js/index.js [1ms]
2025-03-20 14:30:37.991 [info] > git cat-file -s 2905125162e5d7c70c9b1b967ff411b5133f7c67 [1ms]
2025-03-20 14:30:38.003 [info] > git show --textconv :Js/index.js [2ms]
2025-03-20 14:36:30.058 [info] > git fetch [3688ms]
2025-03-20 14:36:30.068 [info] > git config --get commit.template [5ms]
2025-03-20 14:36:30.069 [info] > git for-each-ref --format=%(refname)%00%(upstream:short)%00%(objectname)%00%(upstream:track)%00%(upstream:remotename)%00%(upstream:remoteref) refs/heads/main refs/remotes/main [2ms]
2025-03-20 14:36:30.082 [info] > git status -z -uall [7ms]
2025-03-20 14:36:30.082 [info] > git for-each-ref --sort -committerdate --format %(refname) %(objectname) %(*objectname) [4ms]
2025-03-20 14:41:02.836 [info] > git ls-files --stage -- Js/index.js [2ms]
2025-03-20 14:41:02.844 [info] > git cat-file -s 2905125162e5d7c70c9b1b967ff411b5133f7c67 [2ms]
2025-03-20 14:41:02.861 [info] > git show --textconv :Js/index.js [1ms]
2025-03-20 14:41:04.034 [info] > git ls-files --stage -- Js/index.js [1ms]
2025-03-20 14:41:04.042 [info] > git cat-file -s 2905125162e5d7c70c9b1b967ff411b5133f7c67 [3ms]
2025-03-20 14:41:04.052 [info] > git show --textconv :Js/index.js [2ms]
2025-03-20 14:41:06.475 [info] > git fetch [3651ms]
2025-03-20 14:41:06.481 [info] > git config --get commit.template [1ms]
2025-03-20 14:41:06.487 [info] > git for-each-ref --format=%(refname)%00%(upstream:short)%00%(objectname)%00%(upstream:track)%00%(upstream:remotename)%00%(upstream:remoteref) refs/heads/main refs/remotes/main [2ms]
2025-03-20 14:41:06.497 [info] > git status -z -uall [6ms]
2025-03-20 14:41:06.497 [info] > git for-each-ref --sort -committerdate --format %(refname) %(objectname) %(*objectname) [2ms]
2025-03-20 14:41:07.375 [info] > git ls-files --stage -- Js/index.js [1ms]
2025-03-20 14:41:07.380 [info] > git cat-file -s 2905125162e5d7c70c9b1b967ff411b5133f7c67 [1ms]
2025-03-20 14:41:07.390 [info] > git show --textconv :Js/index.js [1ms]
2025-03-20 14:42:20.404 [info] > git show --textconv :index.html [7ms]
2025-03-20 14:42:20.406 [info] > git ls-files --stage -- index.html [4ms]
2025-03-20 14:42:20.411 [info] > git cat-file -s 2bea73afcd8818378e1c82204c0c206bd0f0bf02 [1ms]
2025-03-20 14:47:29.396 [info] > git show --textconv :Js/index.js [2ms]
2025-03-20 14:47:29.397 [info] > git ls-files --stage -- Js/index.js [2ms]
2025-03-20 14:47:29.404 [info] > git cat-file -s 2905125162e5d7c70c9b1b967ff411b5133f7c67 [3ms]
2025-03-20 14:47:30.509 [info] > git ls-files --stage -- Js/index.js [1ms]
2025-03-20 14:47:30.515 [info] > git cat-file -s 2905125162e5d7c70c9b1b967ff411b5133f7c67 [1ms]
2025-03-20 14:47:30.526 [info] > git show --textconv :Js/index.js [1ms]
2025-03-20 14:47:32.977 [info] > git fetch [3679ms]
2025-03-20 14:47:32.985 [info] > git config --get commit.template [3ms]
2025-03-20 14:47:32.985 [info] > git for-each-ref --format=%(refname)%00%(upstream:short)%00%(objectname)%00%(upstream:track)%00%(upstream:remotename)%00%(upstream:remoteref) refs/heads/main refs/remotes/main [1ms]
2025-03-20 14:47:32.993 [info] > git status -z -uall [5ms]
2025-03-20 14:47:32.994 [info] > git for-each-ref --sort -committerdate --format %(refname) %(objectname) %(*objectname) [2ms]
2025-03-20 14:47:33.873 [info] > git ls-files --stage -- Js/index.js [1ms]
2025-03-20 14:47:33.876 [info] > git cat-file -s 2905125162e5d7c70c9b1b967ff411b5133f7c67 [1ms]
2025-03-20 14:47:33.884 [info] > git show --textconv :Js/index.js [1ms]
2025-03-20 14:50:49.161 [info] > git fetch [3740ms]
2025-03-20 14:50:49.172 [info] > git config --get commit.template [4ms]
2025-03-20 14:50:49.174 [info] > git for-each-ref --format=%(refname)%00%(upstream:short)%00%(objectname)%00%(upstream:track)%00%(upstream:remotename)%00%(upstream:remoteref) refs/heads/main refs/remotes/main [3ms]
2025-03-20 14:50:49.194 [info] > git status -z -uall [9ms]
2025-03-20 14:50:49.195 [info] > git for-each-ref --sort -committerdate --format %(refname) %(objectname) %(*objectname) [2ms]
