2025-03-16 00:28:57.550 [info] Extension host with pid 45917 started
2025-03-16 00:28:57.603 [info] ExtensionService#_doActivateExtension vscode.emmet, startup: false, activationEvent: 'onLanguage'
2025-03-16 00:28:57.604 [info] ExtensionService#_doActivateExtension vscode.typescript-language-features, startup: false, activationEvent: 'onLanguage:javascript'
2025-03-16 00:28:57.604 [info] ExtensionService#_doActivateExtension leizongmin.node-module-intellisense, startup: false, activationEvent: 'onLanguage:javascript'
2025-03-16 00:28:57.716 [info] Lock '/home/travthegr88/.vscode-server/data/User/workspaceStorage/e4e29c769b05cca0c47de3e4d7089f21/vscode.lock': Lock acquired.
2025-03-16 00:28:57.927 [info] ExtensionService#_doActivateExtension vscode.git-base, startup: true, activationEvent: '*', root cause: vscode.git
2025-03-16 00:28:57.988 [info] ExtensionService#_doActivateExtension vscode.git, startup: true, activationEvent: '*'
2025-03-16 00:28:57.988 [info] ExtensionService#_doActivateExtension vscode.github, startup: true, activationEvent: '*'
2025-03-16 00:28:58.300 [info] Eager extensions activated
2025-03-16 00:28:58.300 [info] ExtensionService#_doActivateExtension vscode.debug-auto-launch, startup: false, activationEvent: 'onStartupFinished'
2025-03-16 00:28:58.301 [info] ExtensionService#_doActivateExtension vscode.merge-conflict, startup: false, activationEvent: 'onStartupFinished'
2025-03-16 00:28:58.302 [info] ExtensionService#_doActivateExtension esbenp.prettier-vscode, startup: false, activationEvent: 'onStartupFinished'
2025-03-16 00:28:58.303 [info] ExtensionService#_doActivateExtension ritwickdey.LiveServer, startup: false, activationEvent: 'onStartupFinished'
2025-03-16 00:28:58.606 [info] ExtensionService#_doActivateExtension GitHub.vscode-pull-request-github, startup: false, activationEvent: 'onStartupFinished'
2025-03-16 00:28:59.476 [info] ExtensionService#_doActivateExtension vscode.tunnel-forwarding, startup: false, activationEvent: 'onTunnel'
2025-03-16 18:40:21.485 [info] ExtensionService#_doActivateExtension vscode.html-language-features, startup: false, activationEvent: 'onLanguage:html'
2025-03-16 19:11:22.002 [info] ExtensionService#_doActivateExtension vscode.configuration-editing, startup: false, activationEvent: 'onLanguage:jsonc'
2025-03-16 19:11:22.004 [info] ExtensionService#_doActivateExtension vscode.json-language-features, startup: false, activationEvent: 'onLanguage:jsonc'
2025-03-17 11:14:49.229 [info] Extension host terminating: received terminate message from renderer
2025-03-17 11:14:49.231 [info] Lock '/home/travthegr88/.vscode-server/data/User/workspaceStorage/e4e29c769b05cca0c47de3e4d7089f21/vscode.lock': Marking the lockfile as scheduled to be released in 6000 ms.
2025-03-17 11:14:49.492 [info] Extension host with pid 45917 exiting with code 0
