0 verbose cli /home/travthegr88/.nvm/versions/node/v23.9.0/bin/node /home/travthegr88/.nvm/versions/node/v23.9.0/bin/npm
1 info using npm@10.9.2
2 info using node@v23.9.0
3 silly config load:file:/home/travthegr88/.nvm/versions/node/v23.9.0/lib/node_modules/npm/npmrc
4 silly config load:file:/home/travthegr88/.cache/typescript/5.8/.npmrc
5 silly config load:file:/home/travthegr88/.npmrc
6 silly config load:file:/home/travthegr88/.nvm/versions/node/v23.9.0/etc/npmrc
7 verbose title npm install types-registry@latest
8 verbose argv "install" "--ignore-scripts" "types-registry@latest"
9 verbose logfile logs-max:10 dir:/home/travthegr88/.npm/_logs/2025-03-24T06_01_47_424Z-
10 verbose logfile /home/travthegr88/.npm/_logs/2025-03-24T06_01_47_424Z-debug-0.log
11 silly logfile start cleaning logs, removing 1 files
12 silly packumentCache heap:2197815296 maxSize:549453824 maxEntrySize:274726912
13 silly logfile done cleaning log files
14 silly packumentCache corgi:https://registry.npmjs.org/types-registry cache-miss
15 http fetch GET 200 https://registry.npmjs.org/types-registry 1283ms (cache updated)
16 silly packumentCache corgi:https://registry.npmjs.org/types-registry set size:undefined disposed:false
17 silly idealTree buildDeps
18 silly fetch manifest types-registry@0.1.713
19 silly packumentCache full:https://registry.npmjs.org/types-registry cache-miss
20 http fetch GET 200 https://registry.npmjs.org/types-registry 434ms (cache updated)
21 silly packumentCache full:https://registry.npmjs.org/types-registry set size:undefined disposed:false
22 silly placeDep ROOT types-registry@0.1.713 REPLACE for:  want: 0.1.713
23 silly reify mark retired [
23 silly reify   '/home/travthegr88/.cache/typescript/5.8/node_modules/types-registry'
23 silly reify ]
24 silly reify moves {
24 silly reify   '/home/travthegr88/.cache/typescript/5.8/node_modules/types-registry': '/home/travthegr88/.cache/typescript/5.8/node_modules/.types-registry-A5k4vplt'
24 silly reify }
25 silly audit bulk request {
25 silly audit   '@babel/helper-string-parser': [ '7.25.9' ],
25 silly audit   '@babel/helper-validator-identifier': [ '7.25.9' ],
25 silly audit   '@babel/parser': [ '7.26.9' ],
25 silly audit   '@babel/types': [ '7.26.9' ],
25 silly audit   '@types/babel__core': [ '7.20.5' ],
25 silly audit   '@types/babel__generator': [ '7.6.8' ],
25 silly audit   '@types/babel__preset-env': [ '7.10.0' ],
25 silly audit   '@types/babel__template': [ '7.4.4' ],
25 silly audit   '@types/babel__traverse': [ '7.20.6' ],
25 silly audit   '@types/babel-core': [ '6.25.10' ],
25 silly audit   '@types/babel-generator': [ '6.25.8' ],
25 silly audit   '@types/babel-template': [ '6.25.5' ],
25 silly audit   '@types/babel-traverse': [ '6.25.10' ],
25 silly audit   '@types/babel-types': [ '7.0.16' ],
25 silly audit   '@types/babylon': [ '6.16.9' ],
25 silly audit   '@types/chai': [ '5.2.0' ],
25 silly audit   '@types/deep-eql': [ '4.0.2' ],
25 silly audit   '@types/jsdom': [ '21.1.7' ],
25 silly audit   '@types/mocha': [ '10.0.10' ],
25 silly audit   '@types/node': [ '22.13.9' ],
25 silly audit   '@types/sinon': [ '17.0.4' ],
25 silly audit   '@types/sinonjs__fake-timers': [ '8.1.5' ],
25 silly audit   '@types/tough-cookie': [ '4.0.5' ],
25 silly audit   entities: [ '4.5.0' ],
25 silly audit   parse5: [ '7.2.1' ],
25 silly audit   'undici-types': [ '6.20.0' ],
25 silly audit   'types-registry': [ '0.1.713' ]
25 silly audit }
26 http cache types-registry@https://registry.npmjs.org/types-registry/-/types-registry-0.1.713.tgz 1ms (cache hit)
27 silly tarball no local data for types-registry@https://registry.npmjs.org/types-registry/-/types-registry-0.1.713.tgz. Extracting by manifest.
28 http fetch GET 200 https://registry.npmjs.org/types-registry/-/types-registry-0.1.713.tgz 585ms (cache miss)
29 http fetch POST 200 https://registry.npmjs.org/-/npm/v1/security/advisories/bulk 664ms
30 silly audit report {}
31 silly CHANGE node_modules/types-registry
32 verbose cwd /home/travthegr88/.cache/typescript/5.8
33 verbose os Linux 5.15.167.4-microsoft-standard-WSL2
34 verbose node v23.9.0
35 verbose npm  v10.9.2
36 verbose exit 0
37 info ok
