0 verbose cli /home/travthegr88/.nvm/versions/node/v23.9.0/bin/node /home/travthegr88/.nvm/versions/node/v23.9.0/bin/npm
1 info using npm@10.9.2
2 info using node@v23.9.0
3 silly config load:file:/home/travthegr88/.nvm/versions/node/v23.9.0/lib/node_modules/npm/npmrc
4 silly config load:file:/home/travthegr88/.cache/typescript/5.8/.npmrc
5 silly config load:file:/home/travthegr88/.npmrc
6 silly config load:file:/home/travthegr88/.nvm/versions/node/v23.9.0/etc/npmrc
7 verbose title npm install types-registry@latest
8 verbose argv "install" "--ignore-scripts" "types-registry@latest"
9 verbose logfile logs-max:10 dir:/home/travthegr88/.npm/_logs/2025-03-24T08_34_40_082Z-
10 verbose logfile /home/travthegr88/.npm/_logs/2025-03-24T08_34_40_082Z-debug-0.log
11 silly logfile start cleaning logs, removing 1 files
12 silly packumentCache heap:2197815296 maxSize:549453824 maxEntrySize:274726912
13 silly logfile done cleaning log files
14 silly packumentCache corgi:https://registry.npmjs.org/types-registry cache-miss
15 http fetch GET 200 https://registry.npmjs.org/types-registry 5617ms (cache updated)
16 silly packumentCache corgi:https://registry.npmjs.org/types-registry set size:undefined disposed:false
17 silly idealTree buildDeps
18 silly fetch manifest types-registry@0.1.713
19 silly packumentCache full:https://registry.npmjs.org/types-registry cache-miss
20 http fetch GET 200 https://registry.npmjs.org/types-registry 1791ms (cache updated)
21 silly packumentCache full:https://registry.npmjs.org/types-registry set size:undefined disposed:false
22 silly placeDep ROOT types-registry@0.1.713 REPLACE for:  want: 0.1.713
23 silly reify moves {}
24 silly audit bulk request {
24 silly audit   '@babel/helper-string-parser': [ '7.25.9' ],
24 silly audit   '@babel/helper-validator-identifier': [ '7.25.9' ],
24 silly audit   '@babel/parser': [ '7.26.9' ],
24 silly audit   '@babel/types': [ '7.26.9' ],
24 silly audit   '@types/babel__core': [ '7.20.5' ],
24 silly audit   '@types/babel__generator': [ '7.6.8' ],
24 silly audit   '@types/babel__preset-env': [ '7.10.0' ],
24 silly audit   '@types/babel__template': [ '7.4.4' ],
24 silly audit   '@types/babel__traverse': [ '7.20.6' ],
24 silly audit   '@types/babel-core': [ '6.25.10' ],
24 silly audit   '@types/babel-generator': [ '6.25.8' ],
24 silly audit   '@types/babel-template': [ '6.25.5' ],
24 silly audit   '@types/babel-traverse': [ '6.25.10' ],
24 silly audit   '@types/babel-types': [ '7.0.16' ],
24 silly audit   '@types/babylon': [ '6.16.9' ],
24 silly audit   '@types/chai': [ '5.2.0' ],
24 silly audit   '@types/deep-eql': [ '4.0.2' ],
24 silly audit   '@types/jsdom': [ '21.1.7' ],
24 silly audit   '@types/mocha': [ '10.0.10' ],
24 silly audit   '@types/node': [ '22.13.9' ],
24 silly audit   '@types/sinon': [ '17.0.4' ],
24 silly audit   '@types/sinonjs__fake-timers': [ '8.1.5' ],
24 silly audit   '@types/tough-cookie': [ '4.0.5' ],
24 silly audit   entities: [ '4.5.0' ],
24 silly audit   parse5: [ '7.2.1' ],
24 silly audit   'undici-types': [ '6.20.0' ],
24 silly audit   'types-registry': [ '0.1.713' ]
24 silly audit }
25 http fetch POST 200 https://registry.npmjs.org/-/npm/v1/security/advisories/bulk 334ms
26 silly audit report {}
27 verbose cwd /home/travthegr88/.cache/typescript/5.8
28 verbose os Linux 5.15.167.4-microsoft-standard-WSL2
29 verbose node v23.9.0
30 verbose npm  v10.9.2
31 verbose exit 0
32 info ok
