2025-03-11 23:45:35.571 [info] Extension host with pid 1048 started
2025-03-11 23:45:35.571 [error] Error: EEXIST: file already exists, open '/home/travthegr88/.vscode-server/data/User/workspaceStorage/e4e29c769b05cca0c47de3e4d7089f21/vscode.lock'
2025-03-11 23:45:35.614 [info] Lock '/home/travthegr88/.vscode-server/data/User/workspaceStorage/e4e29c769b05cca0c47de3e4d7089f21/vscode.lock': Could not acquire lock, checking if the file is stale.
2025-03-11 23:45:35.787 [info] ExtensionService#_doActivateExtension vscode.emmet, startup: false, activationEvent: 'onLanguage'
2025-03-11 23:45:35.809 [info] ExtensionService#_doActivateExtension vscode.typescript-language-features, startup: false, activationEvent: 'onLanguage:javascript'
2025-03-11 23:45:35.811 [info] ExtensionService#_doActivateExtension leizongmin.node-module-intellisense, startup: false, activationEvent: 'onLanguage:javascript'
2025-03-11 23:45:36.352 [info] Lock '/home/travthegr88/.vscode-server/data/User/workspaceStorage/e4e29c769b05cca0c47de3e4d7089f21/vscode.lock': The lock looks stale, waiting for 2s.
2025-03-11 23:45:36.829 [info] ExtensionService#_doActivateExtension vscode.git-base, startup: true, activationEvent: '*', root cause: vscode.git
2025-03-11 23:45:38.354 [info] Lock '/home/travthegr88/.vscode-server/data/User/workspaceStorage/e4e29c769b05cca0c47de3e4d7089f21/vscode.lock': The lock looks stale even after waiting for 2s.
2025-03-11 23:45:38.354 [info] Lock '/home/travthegr88/.vscode-server/data/User/workspaceStorage/e4e29c769b05cca0c47de3e4d7089f21/vscode.lock': Deleting a stale lock.
2025-03-11 23:45:38.436 [info] Lock '/home/travthegr88/.vscode-server/data/User/workspaceStorage/e4e29c769b05cca0c47de3e4d7089f21/vscode.lock': Lock acquired.
2025-03-11 23:45:39.086 [info] ExtensionService#_doActivateExtension vscode.git, startup: true, activationEvent: '*'
2025-03-11 23:45:39.087 [info] ExtensionService#_doActivateExtension vscode.github, startup: true, activationEvent: '*'
2025-03-11 23:45:40.067 [info] Eager extensions activated
2025-03-11 23:45:40.068 [info] ExtensionService#_doActivateExtension vscode.debug-auto-launch, startup: false, activationEvent: 'onStartupFinished'
2025-03-11 23:45:40.071 [info] ExtensionService#_doActivateExtension vscode.merge-conflict, startup: false, activationEvent: 'onStartupFinished'
2025-03-11 23:45:40.073 [info] ExtensionService#_doActivateExtension esbenp.prettier-vscode, startup: false, activationEvent: 'onStartupFinished'
2025-03-11 23:45:40.074 [info] ExtensionService#_doActivateExtension formulahendry.code-runner, startup: false, activationEvent: 'onStartupFinished'
2025-03-11 23:45:40.076 [info] ExtensionService#_doActivateExtension ritwickdey.LiveServer, startup: false, activationEvent: 'onStartupFinished'
2025-03-11 23:45:41.760 [info] ExtensionService#_doActivateExtension GitHub.vscode-pull-request-github, startup: false, activationEvent: 'onStartupFinished'
2025-03-12 00:00:40.979 [info] ExtensionService#_doActivateExtension vscode.npm, startup: false, activationEvent: 'onTerminalQuickFixRequest:ms-vscode.npm-command'
