2025-03-14 09:20:10.691 [info] Extension host with pid 1010 started
2025-03-14 09:20:10.692 [error] Error: EEXIST: file already exists, open '/home/travthegr88/.vscode-server/data/User/workspaceStorage/e4e29c769b05cca0c47de3e4d7089f21/vscode.lock'
2025-03-14 09:20:10.798 [info] Lock '/home/travthegr88/.vscode-server/data/User/workspaceStorage/e4e29c769b05cca0c47de3e4d7089f21/vscode.lock': Could not acquire lock, checking if the file is stale.
2025-03-14 09:20:10.813 [info] ExtensionService#_doActivateExtension vscode.emmet, startup: false, activationEvent: 'onLanguage'
2025-03-14 09:20:10.816 [info] ExtensionService#_doActivateExtension vscode.typescript-language-features, startup: false, activationEvent: 'onLanguage:javascript'
2025-03-14 09:20:10.817 [info] ExtensionService#_doActivateExtension leizongmin.node-module-intellisense, startup: false, activationEvent: 'onLanguage:javascript'
2025-03-14 09:20:11.100 [info] Lock '/home/travthegr88/.vscode-server/data/User/workspaceStorage/e4e29c769b05cca0c47de3e4d7089f21/vscode.lock': The pid 955 appears to be gone.
2025-03-14 09:20:11.100 [info] Lock '/home/travthegr88/.vscode-server/data/User/workspaceStorage/e4e29c769b05cca0c47de3e4d7089f21/vscode.lock': Deleting a stale lock.
2025-03-14 09:20:11.143 [info] Lock '/home/travthegr88/.vscode-server/data/User/workspaceStorage/e4e29c769b05cca0c47de3e4d7089f21/vscode.lock': Lock acquired.
2025-03-14 09:20:11.428 [info] ExtensionService#_doActivateExtension vscode.git-base, startup: true, activationEvent: '*', root cause: vscode.git
2025-03-14 09:20:11.531 [info] ExtensionService#_doActivateExtension vscode.git, startup: true, activationEvent: '*'
2025-03-14 09:20:11.532 [info] ExtensionService#_doActivateExtension vscode.github, startup: true, activationEvent: '*'
2025-03-14 09:20:13.383 [info] Eager extensions activated
2025-03-14 09:20:13.384 [info] ExtensionService#_doActivateExtension vscode.debug-auto-launch, startup: false, activationEvent: 'onStartupFinished'
2025-03-14 09:20:13.397 [info] ExtensionService#_doActivateExtension vscode.merge-conflict, startup: false, activationEvent: 'onStartupFinished'
2025-03-14 09:20:13.397 [info] ExtensionService#_doActivateExtension esbenp.prettier-vscode, startup: false, activationEvent: 'onStartupFinished'
2025-03-14 09:20:13.398 [info] ExtensionService#_doActivateExtension formulahendry.code-runner, startup: false, activationEvent: 'onStartupFinished'
2025-03-14 09:20:13.400 [info] ExtensionService#_doActivateExtension ritwickdey.LiveServer, startup: false, activationEvent: 'onStartupFinished'
2025-03-14 09:20:16.226 [info] ExtensionService#_doActivateExtension GitHub.vscode-pull-request-github, startup: false, activationEvent: 'onStartupFinished'
2025-03-14 09:23:37.290 [info] ExtensionService#_doActivateExtension vscode.html-language-features, startup: false, activationEvent: 'onLanguage:html'
2025-03-14 09:35:53.614 [info] ExtensionService#_doActivateExtension vscode.tunnel-forwarding, startup: false, activationEvent: 'onTunnel'
2025-03-14 12:03:48.122 [info] ExtensionService#_doActivateExtension vscode.npm, startup: false, activationEvent: 'onTerminalQuickFixRequest:ms-vscode.npm-command'
2025-03-14 15:34:36.277 [error] Error: read ECONNRESET
	at TCP.onStreamRead (node:internal/stream_base_commons:218:20)
2025-03-15 15:30:05.298 [info] Extension host terminating: received terminate message from renderer
2025-03-15 15:30:05.304 [info] Lock '/home/travthegr88/.vscode-server/data/User/workspaceStorage/e4e29c769b05cca0c47de3e4d7089f21/vscode.lock': Marking the lockfile as scheduled to be released in 6000 ms.
2025-03-15 15:30:05.569 [info] Extension host with pid 1010 exiting with code 0
