2025-03-24 09:01:47.447 [info] [main] Log level: Info
2025-03-24 09:01:47.447 [info] [main] Validating found git in: "git"
2025-03-24 09:01:47.447 [info] [main] Using git "2.43.0" from "git"
2025-03-24 09:01:47.447 [info] [Model][doInitialScan] Initial repository scan started
2025-03-24 09:01:47.447 [info] > git rev-parse --show-toplevel [357ms]
2025-03-24 09:01:47.447 [info] > git rev-parse --git-dir --git-common-dir [689ms]
2025-03-24 09:01:47.447 [info] [Model][openRepository] Opened repository: /home/travthegr88/development/code/phase-1/week-2-code-challenge-flatter-cutie-travinne
2025-03-24 09:01:47.451 [info] > git rev-parse --show-toplevel [8ms]
2025-03-24 09:01:47.453 [info] > git config --get commit.template [14ms]
2025-03-24 09:01:47.470 [info] > git rev-parse --show-toplevel [11ms]
2025-03-24 09:01:47.597 [info] > git rev-parse --show-toplevel [122ms]
2025-03-24 09:01:47.598 [info] [Model][doInitialScan] Initial repository scan completed - repositories (1), closed repositories (0), parent repositories (0), unsafe repositories (0)
2025-03-24 09:01:47.599 [info] > git for-each-ref --format=%(refname)%00%(upstream:short)%00%(objectname)%00%(upstream:track)%00%(upstream:remotename)%00%(upstream:remoteref) refs/heads/main refs/remotes/main [135ms]
2025-03-24 09:01:47.603 [warning] [Git][revParse] Unable to read file: ENOENT: no such file or directory, open '/home/travthegr88/development/code/phase-1/week-2-code-challenge-flatter-cutie-travinne/.git/refs/remotes/origin/main'
2025-03-24 09:01:47.650 [info] > git rev-parse refs/remotes/origin/main [47ms]
2025-03-24 09:01:47.666 [info] > git status -z -uall [13ms]
2025-03-24 09:01:47.667 [info] > git for-each-ref --sort -committerdate --format %(refname) %(objectname) %(*objectname) [11ms]
2025-03-24 09:01:47.774 [info] > git for-each-ref --format=%(refname)%00%(upstream:short)%00%(objectname)%00%(upstream:track)%00%(upstream:remotename)%00%(upstream:remoteref) refs/heads/main refs/remotes/main [21ms]
2025-03-24 09:01:48.005 [info] > git config --get commit.template [237ms]
2025-03-24 09:01:48.014 [info] > git config --get --local branch.main.vscode-merge-base [236ms]
2025-03-24 09:01:48.091 [info] > git show --textconv :src/index.js [63ms]
2025-03-24 09:01:48.091 [info] > git for-each-ref --format=%(refname)%00%(upstream:short)%00%(objectname)%00%(upstream:track)%00%(upstream:remotename)%00%(upstream:remoteref) refs/heads/origin/main refs/remotes/origin/main [72ms]
2025-03-24 09:01:48.172 [info] > git merge-base refs/heads/main refs/remotes/origin/main [78ms]
2025-03-24 09:01:48.176 [info] > git ls-files --stage -- src/index.js [142ms]
2025-03-24 09:01:48.183 [info] > git for-each-ref --format=%(refname)%00%(upstream:short)%00%(objectname)%00%(upstream:track)%00%(upstream:remotename)%00%(upstream:remoteref) refs/heads/main refs/remotes/main [160ms]
2025-03-24 09:01:48.190 [warning] [Git][revParse] Unable to read file: ENOENT: no such file or directory, open '/home/travthegr88/development/code/phase-1/week-2-code-challenge-flatter-cutie-travinne/.git/refs/remotes/origin/main'
2025-03-24 09:01:48.194 [info] > git check-ignore -v -z --stdin [6ms]
2025-03-24 09:01:48.196 [info] > git cat-file -s 877a3aa0879495803e3c165da76b444e62a439cc [14ms]
2025-03-24 09:01:48.197 [info] > git diff --name-status -z --diff-filter=ADMR 59aea78e18093569dbcfafdc7b75a94de526a5c6...refs/remotes/origin/main [22ms]
2025-03-24 09:01:48.199 [info] > git rev-parse refs/remotes/origin/main [9ms]
2025-03-24 09:01:48.239 [info] > git status -z -uall [36ms]
2025-03-24 09:01:48.247 [info] > git for-each-ref --sort -committerdate --format %(refname) %(objectname) %(*objectname) [38ms]
2025-03-24 09:01:48.407 [info] > git blame --root --incremental 59aea78e18093569dbcfafdc7b75a94de526a5c6 -- src/index.js [8ms]
2025-03-24 09:01:49.693 [info] > git remote add upstream https://github.com/SDF-FT13/sdf-ft13-classroom-cec242-week-2-code-challenge-flatter-cutie-flatter-cutie-code-challenge-template.git [5ms]
2025-03-24 09:01:49.708 [info] > git config --get commit.template [7ms]
2025-03-24 09:01:49.709 [info] > git for-each-ref --format=%(refname)%00%(upstream:short)%00%(objectname)%00%(upstream:track)%00%(upstream:remotename)%00%(upstream:remoteref) refs/heads/main refs/remotes/main [2ms]
2025-03-24 09:01:49.714 [warning] [Git][revParse] Unable to read file: ENOENT: no such file or directory, open '/home/travthegr88/development/code/phase-1/week-2-code-challenge-flatter-cutie-travinne/.git/refs/remotes/origin/main'
2025-03-24 09:01:49.716 [info] > git rev-parse refs/remotes/origin/main [1ms]
2025-03-24 09:01:49.818 [info] > git status -z -uall [99ms]
2025-03-24 09:01:49.819 [info] > git for-each-ref --sort -committerdate --format %(refname) %(objectname) %(*objectname) [94ms]
2025-03-24 09:01:49.837 [info] > git config --get --local branch.main.github-pr-owner-number [12ms]
2025-03-24 09:01:49.837 [warning] [Git][config] git config failed: Failed to execute git
2025-03-24 09:01:50.579 [info] > git config --get --local branch.main.github-pr-owner-number [12ms]
2025-03-24 09:01:50.579 [warning] [Git][config] git config failed: Failed to execute git
2025-03-24 10:41:24.831 [info] > git config --get commit.template [4ms]
2025-03-24 10:41:24.851 [info] > git for-each-ref --format=%(refname)%00%(upstream:short)%00%(objectname)%00%(upstream:track)%00%(upstream:remotename)%00%(upstream:remoteref) refs/heads/main refs/remotes/main [15ms]
2025-03-24 10:41:24.852 [info] > git ls-files --stage -- src/index.js [3ms]
2025-03-24 10:41:24.866 [warning] [Git][revParse] Unable to read file: ENOENT: no such file or directory, open '/home/travthegr88/development/code/phase-1/week-2-code-challenge-flatter-cutie-travinne/.git/refs/remotes/origin/main'
2025-03-24 10:41:24.866 [info] > git cat-file -s 877a3aa0879495803e3c165da76b444e62a439cc [7ms]
2025-03-24 10:41:24.868 [info] > git rev-parse refs/remotes/origin/main [3ms]
2025-03-24 10:41:24.885 [info] > git for-each-ref --sort -committerdate --format %(refname) %(objectname) %(*objectname) [4ms]
2025-03-24 10:41:24.895 [info] > git status -z -uall [23ms]
2025-03-24 10:41:24.926 [info] > git show --textconv :src/index.js [5ms]
2025-03-24 10:41:26.062 [info] > git fetch [1264ms]
2025-03-24 10:41:26.071 [info] > git config --get commit.template [4ms]
2025-03-24 10:41:26.072 [info] > git for-each-ref --format=%(refname)%00%(upstream:short)%00%(objectname)%00%(upstream:track)%00%(upstream:remotename)%00%(upstream:remoteref) refs/heads/main refs/remotes/main [2ms]
2025-03-24 10:41:26.078 [warning] [Git][revParse] Unable to read file: ENOENT: no such file or directory, open '/home/travthegr88/development/code/phase-1/week-2-code-challenge-flatter-cutie-travinne/.git/refs/remotes/origin/main'
2025-03-24 10:41:26.079 [info] > git rev-parse refs/remotes/origin/main [1ms]
2025-03-24 10:41:26.086 [info] > git for-each-ref --sort -committerdate --format %(refname) %(objectname) %(*objectname) [1ms]
2025-03-24 10:41:26.088 [info] > git status -z -uall [6ms]
2025-03-24 10:41:26.152 [info] > git ls-files --stage -- src/index.js [2ms]
2025-03-24 10:41:26.159 [info] > git cat-file -s 877a3aa0879495803e3c165da76b444e62a439cc [3ms]
2025-03-24 10:41:26.171 [info] > git show --textconv :src/index.js [1ms]
2025-03-24 10:41:27.260 [info] > git ls-files --stage -- src/index.js [2ms]
2025-03-24 10:41:27.264 [info] > git cat-file -s 877a3aa0879495803e3c165da76b444e62a439cc [2ms]
2025-03-24 10:41:27.274 [info] > git show --textconv :src/index.js [0ms]
2025-03-24 10:41:27.912 [info] > git show --textconv :db.json [12ms]
2025-03-24 10:41:27.914 [info] > git ls-files --stage -- db.json [10ms]
2025-03-24 10:41:27.920 [info] > git cat-file -s 0eb27ada0cc40a3880e84fdc29d77b3bf94c1304 [2ms]
2025-03-24 10:41:27.954 [info] > git blame --root --incremental 59aea78e18093569dbcfafdc7b75a94de526a5c6 -- db.json [2ms]
2025-03-24 10:41:29.920 [info] > git config --get commit.template [5ms]
2025-03-24 10:41:29.922 [info] > git for-each-ref --format=%(refname)%00%(upstream:short)%00%(objectname)%00%(upstream:track)%00%(upstream:remotename)%00%(upstream:remoteref) refs/heads/main refs/remotes/main [5ms]
2025-03-24 10:41:29.927 [warning] [Git][revParse] Unable to read file: ENOENT: no such file or directory, open '/home/travthegr88/development/code/phase-1/week-2-code-challenge-flatter-cutie-travinne/.git/refs/remotes/origin/main'
2025-03-24 10:41:29.928 [info] > git rev-parse refs/remotes/origin/main [2ms]
2025-03-24 10:41:29.939 [info] > git status -z -uall [6ms]
2025-03-24 10:41:29.940 [info] > git for-each-ref --sort -committerdate --format %(refname) %(objectname) %(*objectname) [3ms]
2025-03-24 10:41:49.509 [info] > git config --get commit.template [6ms]
2025-03-24 10:41:49.510 [info] > git for-each-ref --format=%(refname)%00%(upstream:short)%00%(objectname)%00%(upstream:track)%00%(upstream:remotename)%00%(upstream:remoteref) refs/heads/main refs/remotes/main [3ms]
2025-03-24 10:41:49.514 [warning] [Git][revParse] Unable to read file: ENOENT: no such file or directory, open '/home/travthegr88/development/code/phase-1/week-2-code-challenge-flatter-cutie-travinne/.git/refs/remotes/origin/main'
2025-03-24 10:41:49.516 [info] > git rev-parse refs/remotes/origin/main [2ms]
2025-03-24 10:41:49.527 [info] > git for-each-ref --sort -committerdate --format %(refname) %(objectname) %(*objectname) [2ms]
2025-03-24 10:41:49.527 [info] > git status -z -uall [7ms]
2025-03-24 10:41:54.542 [info] > git config --get commit.template [4ms]
2025-03-24 10:41:54.543 [info] > git for-each-ref --format=%(refname)%00%(upstream:short)%00%(objectname)%00%(upstream:track)%00%(upstream:remotename)%00%(upstream:remoteref) refs/heads/main refs/remotes/main [1ms]
2025-03-24 10:41:54.547 [warning] [Git][revParse] Unable to read file: ENOENT: no such file or directory, open '/home/travthegr88/development/code/phase-1/week-2-code-challenge-flatter-cutie-travinne/.git/refs/remotes/origin/main'
2025-03-24 10:41:54.548 [info] > git rev-parse refs/remotes/origin/main [1ms]
2025-03-24 10:41:54.556 [info] > git status -z -uall [6ms]
2025-03-24 10:41:54.557 [info] > git for-each-ref --sort -committerdate --format %(refname) %(objectname) %(*objectname) [3ms]
2025-03-24 10:41:58.189 [info] > git log --format=%H%n%aN%n%aE%n%at%n%ct%n%P%n%D%n%B -z --shortstat --diff-merges=first-parent -n50 --skip=0 --topo-order --decorate=full --stdin [41ms]
2025-03-24 10:41:59.579 [info] > git config --get commit.template [7ms]
2025-03-24 10:41:59.580 [info] > git for-each-ref --format=%(refname)%00%(upstream:short)%00%(objectname)%00%(upstream:track)%00%(upstream:remotename)%00%(upstream:remoteref) refs/heads/main refs/remotes/main [3ms]
2025-03-24 10:41:59.585 [warning] [Git][revParse] Unable to read file: ENOENT: no such file or directory, open '/home/travthegr88/development/code/phase-1/week-2-code-challenge-flatter-cutie-travinne/.git/refs/remotes/origin/main'
2025-03-24 10:41:59.586 [info] > git rev-parse refs/remotes/origin/main [1ms]
2025-03-24 10:41:59.595 [info] > git for-each-ref --sort -committerdate --format %(refname) %(objectname) %(*objectname) [2ms]
2025-03-24 10:41:59.597 [info] > git status -z -uall [7ms]
2025-03-24 10:42:02.672 [info] > git add -A -- . [20ms]
2025-03-24 10:42:03.099 [info] > git show --textconv :.git/COMMIT_EDITMSG [9ms]
2025-03-24 10:42:03.108 [info] > git ls-files --stage -- .git/COMMIT_EDITMSG [10ms]
2025-03-24 10:42:03.115 [info] > git hash-object -t tree /dev/null [9ms]
2025-03-24 10:42:03.115 [warning] [GitFileSystemProvider][readFile] File not found - git:/home/travthegr88/development/code/phase-1/week-2-code-challenge-flatter-cutie-travinne/.git/COMMIT_EDITMSG.git?%7B%22path%22%3A%22%2Fhome%2Ftravthegr88%2Fdevelopment%2Fcode%2Fphase-1%2Fweek-2-code-challenge-flatter-cutie-travinne%2F.git%2FCOMMIT_EDITMSG%22%2C%22ref%22%3A%22%22%7D
2025-03-24 10:42:03.127 [info] > git hash-object -t tree /dev/null [13ms]
2025-03-24 10:42:03.127 [warning] [GitFileSystemProvider][stat] File not found - git:/home/travthegr88/development/code/phase-1/week-2-code-challenge-flatter-cutie-travinne/.git/COMMIT_EDITMSG.git?%7B%22path%22%3A%22%2Fhome%2Ftravthegr88%2Fdevelopment%2Fcode%2Fphase-1%2Fweek-2-code-challenge-flatter-cutie-travinne%2F.git%2FCOMMIT_EDITMSG%22%2C%22ref%22%3A%22%22%7D
2025-03-24 10:42:03.422 [info] > git check-ignore -v -z --stdin [2ms]
2025-03-24 10:42:03.923 [info] > git ls-files --stage -- db.json [2ms]
2025-03-24 10:42:03.929 [info] > git cat-file -s 2cbeb983387d00def83377c9c4ae2315e258081e [1ms]
2025-03-24 10:42:03.945 [info] > git show --textconv :db.json [2ms]
2025-03-24 10:44:39.087 [info] > git ls-tree -l HEAD -- src/index.js [8ms]
2025-03-24 10:44:39.089 [info] > git show --textconv HEAD:src/index.js [17ms]
2025-03-24 10:44:44.430 [info] > git ls-files --stage -- src/index.js [5ms]
2025-03-24 10:44:44.436 [info] > git show --textconv :src/index.js [16ms]
2025-03-24 10:44:44.443 [info] > git cat-file -s 8300038b77eb189af46b363b8dbeec409e2cd40c [8ms]
