2025-03-11 23:45:42.497 [info] [main] Log level: Info
2025-03-11 23:45:42.497 [info] [main] Validating found git in: "git"
2025-03-11 23:45:42.497 [info] [main] Using git "2.43.0" from "git"
2025-03-11 23:45:42.497 [info] [Model][doInitialScan] Initial repository scan started
2025-03-11 23:45:42.498 [info] > git rev-parse --show-toplevel [1068ms]
2025-03-11 23:45:42.498 [info] fatal: not a git repository (or any of the parent directories): .git
2025-03-11 23:45:42.498 [info] > git rev-parse --show-toplevel [379ms]
2025-03-11 23:45:42.498 [info] fatal: not a git repository (or any of the parent directories): .git
2025-03-11 23:45:42.498 [info] [Model][doInitialScan] Initial repository scan completed - repositories (0), closed repositories (0), parent repositories (0), unsafe repositories (0)
2025-03-11 23:46:36.552 [info] > git rev-parse --show-toplevel [3ms]
2025-03-11 23:46:36.552 [info] fatal: not a git repository (or any of the parent directories): .git
2025-03-12 03:42:03.272 [info] > git rev-parse --show-toplevel [8ms]
2025-03-12 03:42:03.272 [info] fatal: not a git repository (or any of the parent directories): .git
2025-03-12 08:01:51.671 [info] > git rev-parse --show-toplevel [15ms]
2025-03-12 08:01:51.672 [info] fatal: not a git repository (or any of the parent directories): .git
2025-03-12 08:01:54.025 [info] > git rev-parse --show-toplevel [2ms]
2025-03-12 08:01:54.025 [info] fatal: not a git repository (or any of the parent directories): .git
2025-03-12 08:01:56.359 [info] > git rev-parse --show-toplevel [1ms]
2025-03-12 08:01:56.359 [info] fatal: not a git repository (or any of the parent directories): .git
2025-03-12 08:01:58.673 [info] > git rev-parse --show-toplevel [2ms]
2025-03-12 08:01:58.673 [info] fatal: not a git repository (or any of the parent directories): .git
2025-03-12 08:02:02.906 [info] > git rev-parse --show-toplevel [3ms]
2025-03-12 08:02:02.906 [info] fatal: not a git repository (or any of the parent directories): .git
2025-03-12 08:02:04.621 [info] > git rev-parse --show-toplevel [2ms]
2025-03-12 08:02:04.622 [info] fatal: not a git repository (or any of the parent directories): .git
2025-03-12 08:23:00.811 [info] > git rev-parse --show-toplevel [3ms]
2025-03-12 08:23:00.811 [info] fatal: not a git repository (or any of the parent directories): .git
2025-03-12 08:23:12.919 [info] > git rev-parse --show-toplevel [1ms]
2025-03-12 08:23:12.919 [info] fatal: not a git repository (or any of the parent directories): .git
2025-03-12 08:28:02.211 [info] > git rev-parse --show-toplevel [5ms]
2025-03-12 08:28:02.211 [info] fatal: not a git repository (or any of the parent directories): .git
2025-03-12 08:28:04.019 [info] > git rev-parse --show-toplevel [3ms]
2025-03-12 08:28:04.019 [info] fatal: not a git repository (or any of the parent directories): .git
2025-03-12 08:28:06.509 [info] > git rev-parse --show-toplevel [2ms]
2025-03-12 08:28:06.509 [info] fatal: not a git repository (or any of the parent directories): .git
2025-03-12 08:28:08.258 [info] > git rev-parse --show-toplevel [2ms]
2025-03-12 08:28:08.259 [info] fatal: not a git repository (or any of the parent directories): .git
2025-03-12 08:28:12.583 [info] > git rev-parse --show-toplevel [4ms]
2025-03-12 08:28:12.583 [info] fatal: not a git repository (or any of the parent directories): .git
2025-03-12 08:28:16.591 [info] > git rev-parse --show-toplevel [2ms]
2025-03-12 08:28:16.591 [info] fatal: not a git repository (or any of the parent directories): .git
2025-03-12 10:26:19.904 [info] > git rev-parse --show-toplevel [3ms]
2025-03-12 10:26:19.906 [info] fatal: not a git repository (or any of the parent directories): .git
2025-03-12 10:45:39.765 [info] > git rev-parse --show-toplevel [5ms]
2025-03-12 10:45:39.765 [info] fatal: not a git repository (or any of the parent directories): .git
