2025-03-21 22:50:03.571 [info] [main] Log level: Info
2025-03-21 22:50:03.571 [info] [main] Validating found git in: "git"
2025-03-21 22:50:03.571 [info] [main] Using git "2.43.0" from "git"
2025-03-21 22:50:03.571 [info] [Model][doInitialScan] Initial repository scan started
2025-03-21 22:50:03.571 [info] > git rev-parse --show-toplevel [6ms]
2025-03-21 22:50:03.571 [info] > git rev-parse --git-dir --git-common-dir [77ms]
2025-03-21 22:50:03.571 [info] [Model][openRepository] Opened repository: /home/travthegr88/mkadi/test/interactive_shopping_list
2025-03-21 22:50:03.571 [info] > git rev-parse --show-toplevel [133ms]
2025-03-21 22:50:03.571 [info] > git config --get commit.template [140ms]
2025-03-21 22:50:03.637 [info] > git rev-parse --show-toplevel [63ms]
2025-03-21 22:50:03.644 [info] > git for-each-ref --format=%(refname)%00%(upstream:short)%00%(objectname)%00%(upstream:track)%00%(upstream:remotename)%00%(upstream:remoteref) refs/heads/main refs/remotes/main [14ms]
2025-03-21 22:50:03.649 [warning] [Git][revParse] Unable to read file: ENOENT: no such file or directory, open '/home/travthegr88/mkadi/test/interactive_shopping_list/.git/refs/remotes/origin/main'
2025-03-21 22:50:03.652 [info] > git rev-parse --show-toplevel [9ms]
2025-03-21 22:50:03.658 [info] > git rev-parse refs/remotes/origin/main [9ms]
2025-03-21 22:50:03.679 [info] > git status -z -uall [18ms]
2025-03-21 22:50:03.680 [info] > git rev-parse --show-toplevel [24ms]
2025-03-21 22:50:03.682 [info] [Model][doInitialScan] Initial repository scan completed - repositories (1), closed repositories (0), parent repositories (0), unsafe repositories (0)
2025-03-21 22:50:03.687 [info] > git for-each-ref --sort -committerdate --format %(refname) %(objectname) %(*objectname) [22ms]
2025-03-21 22:50:03.738 [info] > git for-each-ref --format=%(refname)%00%(upstream:short)%00%(objectname)%00%(upstream:track)%00%(upstream:remotename)%00%(upstream:remoteref) refs/heads/main refs/remotes/main [31ms]
2025-03-21 22:50:03.747 [info] > git config --get commit.template [30ms]
2025-03-21 22:50:03.773 [info] > git config --get --local branch.main.vscode-merge-base [31ms]
2025-03-21 22:50:03.825 [info] > git for-each-ref --format=%(refname)%00%(upstream:short)%00%(objectname)%00%(upstream:track)%00%(upstream:remotename)%00%(upstream:remoteref) refs/heads/origin/main refs/remotes/origin/main [50ms]
2025-03-21 22:50:03.844 [info] > git merge-base refs/heads/main refs/remotes/origin/main [16ms]
2025-03-21 22:50:03.848 [info] > git for-each-ref --format=%(refname)%00%(upstream:short)%00%(objectname)%00%(upstream:track)%00%(upstream:remotename)%00%(upstream:remoteref) refs/heads/main refs/remotes/main [70ms]
2025-03-21 22:50:03.851 [warning] [Git][revParse] Unable to read file: ENOENT: no such file or directory, open '/home/travthegr88/mkadi/test/interactive_shopping_list/.git/refs/remotes/origin/main'
2025-03-21 22:50:03.852 [info] > git diff --name-status -z --diff-filter=ADMR 355b7df09972c51e0f21145158cb469a1945309c...refs/remotes/origin/main [5ms]
2025-03-21 22:50:03.854 [info] > git rev-parse refs/remotes/origin/main [3ms]
2025-03-21 22:50:03.863 [info] > git status -z -uall [5ms]
2025-03-21 22:50:03.863 [info] > git for-each-ref --sort -committerdate --format %(refname) %(objectname) %(*objectname) [2ms]
2025-03-21 22:50:03.947 [info] > git show --textconv :script/app.js [71ms]
2025-03-21 22:50:03.948 [info] > git ls-files --stage -- script/app.js [68ms]
2025-03-21 22:50:03.957 [info] > git cat-file -s e69de29bb2d1d6434b8b29ae775ad8c2e48c5391 [6ms]
2025-03-21 22:50:04.024 [info] > git blame --root --incremental 355b7df09972c51e0f21145158cb469a1945309c -- script/app.js [1ms]
2025-03-21 22:50:04.070 [info] > git check-ignore -v -z --stdin [1ms]
2025-03-21 22:50:04.205 [info] > git config --get --local branch.main.github-pr-owner-number [0ms]
2025-03-21 22:50:04.205 [warning] [Git][config] git config failed: Failed to execute git
2025-03-21 22:50:04.676 [info] > git ls-files --stage -- script/app.js [0ms]
2025-03-21 22:50:04.679 [info] > git cat-file -s e69de29bb2d1d6434b8b29ae775ad8c2e48c5391 [1ms]
2025-03-21 22:50:04.686 [info] > git show --textconv :script/app.js [1ms]
2025-03-21 22:50:10.568 [info] > git fetch [7146ms]
2025-03-21 22:50:10.573 [info] > git config --get commit.template [3ms]
2025-03-21 22:50:10.574 [info] > git for-each-ref --format=%(refname)%00%(upstream:short)%00%(objectname)%00%(upstream:track)%00%(upstream:remotename)%00%(upstream:remoteref) refs/heads/main refs/remotes/main [2ms]
2025-03-21 22:50:10.576 [warning] [Git][revParse] Unable to read file: ENOENT: no such file or directory, open '/home/travthegr88/mkadi/test/interactive_shopping_list/.git/refs/remotes/origin/main'
2025-03-21 22:50:10.577 [info] > git rev-parse refs/remotes/origin/main [0ms]
2025-03-21 22:50:10.581 [info] > git status -z -uall [3ms]
2025-03-21 22:50:10.581 [info] > git for-each-ref --sort -committerdate --format %(refname) %(objectname) %(*objectname) [1ms]
2025-03-21 22:50:11.115 [info] > git ls-files --stage -- script/app.js [1ms]
2025-03-21 22:50:11.118 [info] > git cat-file -s e69de29bb2d1d6434b8b29ae775ad8c2e48c5391 [1ms]
2025-03-21 22:50:11.124 [info] > git show --textconv :script/app.js [1ms]
2025-03-21 23:07:44.308 [info] > git ls-files --stage -- script/app.js [12ms]
2025-03-21 23:07:44.314 [info] > git cat-file -s e69de29bb2d1d6434b8b29ae775ad8c2e48c5391 [1ms]
2025-03-21 23:07:44.375 [info] > git show --textconv :script/app.js [5ms]
2025-03-21 23:07:50.063 [info] > git fetch [7052ms]
2025-03-21 23:07:50.073 [info] > git config --get commit.template [2ms]
2025-03-21 23:07:50.082 [info] > git for-each-ref --format=%(refname)%00%(upstream:short)%00%(objectname)%00%(upstream:track)%00%(upstream:remotename)%00%(upstream:remoteref) refs/heads/main refs/remotes/main [4ms]
2025-03-21 23:07:50.087 [warning] [Git][revParse] Unable to read file: ENOENT: no such file or directory, open '/home/travthegr88/mkadi/test/interactive_shopping_list/.git/refs/remotes/origin/main'
2025-03-21 23:07:50.090 [info] > git rev-parse refs/remotes/origin/main [3ms]
2025-03-21 23:07:50.104 [info] > git status -z -uall [10ms]
2025-03-21 23:07:50.105 [info] > git for-each-ref --sort -committerdate --format %(refname) %(objectname) %(*objectname) [3ms]
2025-03-21 23:07:50.599 [info] > git ls-files --stage -- script/app.js [2ms]
2025-03-21 23:07:50.607 [info] > git cat-file -s e69de29bb2d1d6434b8b29ae775ad8c2e48c5391 [2ms]
2025-03-21 23:07:50.620 [info] > git show --textconv :script/app.js [1ms]
2025-03-21 23:07:52.569 [info] > git config --get commit.template [6ms]
2025-03-21 23:07:52.570 [info] > git for-each-ref --format=%(refname)%00%(upstream:short)%00%(objectname)%00%(upstream:track)%00%(upstream:remotename)%00%(upstream:remoteref) refs/heads/main refs/remotes/main [2ms]
2025-03-21 23:07:52.576 [warning] [Git][revParse] Unable to read file: ENOENT: no such file or directory, open '/home/travthegr88/mkadi/test/interactive_shopping_list/.git/refs/remotes/origin/main'
2025-03-21 23:07:52.577 [info] > git rev-parse refs/remotes/origin/main [1ms]
2025-03-21 23:07:52.585 [info] > git status -z -uall [4ms]
2025-03-21 23:07:52.586 [info] > git for-each-ref --sort -committerdate --format %(refname) %(objectname) %(*objectname) [2ms]
2025-03-21 23:07:57.607 [info] > git config --get commit.template [5ms]
2025-03-21 23:07:57.608 [info] > git for-each-ref --format=%(refname)%00%(upstream:short)%00%(objectname)%00%(upstream:track)%00%(upstream:remotename)%00%(upstream:remoteref) refs/heads/main refs/remotes/main [1ms]
2025-03-21 23:07:57.611 [warning] [Git][revParse] Unable to read file: ENOENT: no such file or directory, open '/home/travthegr88/mkadi/test/interactive_shopping_list/.git/refs/remotes/origin/main'
2025-03-21 23:07:57.613 [info] > git rev-parse refs/remotes/origin/main [1ms]
2025-03-21 23:07:57.622 [info] > git status -z -uall [6ms]
2025-03-21 23:07:57.624 [info] > git for-each-ref --sort -committerdate --format %(refname) %(objectname) %(*objectname) [3ms]
2025-03-21 23:08:02.637 [info] > git config --get commit.template [2ms]
2025-03-21 23:08:02.641 [info] > git for-each-ref --format=%(refname)%00%(upstream:short)%00%(objectname)%00%(upstream:track)%00%(upstream:remotename)%00%(upstream:remoteref) refs/heads/main refs/remotes/main [1ms]
2025-03-21 23:08:02.646 [warning] [Git][revParse] Unable to read file: ENOENT: no such file or directory, open '/home/travthegr88/mkadi/test/interactive_shopping_list/.git/refs/remotes/origin/main'
2025-03-21 23:08:02.647 [info] > git rev-parse refs/remotes/origin/main [1ms]
2025-03-21 23:08:02.656 [info] > git status -z -uall [6ms]
2025-03-21 23:08:02.658 [info] > git for-each-ref --sort -committerdate --format %(refname) %(objectname) %(*objectname) [3ms]
2025-03-21 23:08:07.680 [info] > git config --get commit.template [6ms]
2025-03-21 23:08:07.682 [info] > git for-each-ref --format=%(refname)%00%(upstream:short)%00%(objectname)%00%(upstream:track)%00%(upstream:remotename)%00%(upstream:remoteref) refs/heads/main refs/remotes/main [4ms]
2025-03-21 23:08:07.687 [warning] [Git][revParse] Unable to read file: ENOENT: no such file or directory, open '/home/travthegr88/mkadi/test/interactive_shopping_list/.git/refs/remotes/origin/main'
2025-03-21 23:08:07.689 [info] > git rev-parse refs/remotes/origin/main [2ms]
2025-03-21 23:08:07.696 [info] > git status -z -uall [4ms]
2025-03-21 23:08:07.697 [info] > git for-each-ref --sort -committerdate --format %(refname) %(objectname) %(*objectname) [2ms]
2025-03-21 23:08:12.912 [info] > git config --get commit.template [6ms]
2025-03-21 23:08:12.913 [info] > git for-each-ref --format=%(refname)%00%(upstream:short)%00%(objectname)%00%(upstream:track)%00%(upstream:remotename)%00%(upstream:remoteref) refs/heads/main refs/remotes/main [3ms]
2025-03-21 23:08:12.918 [warning] [Git][revParse] Unable to read file: ENOENT: no such file or directory, open '/home/travthegr88/mkadi/test/interactive_shopping_list/.git/refs/remotes/origin/main'
2025-03-21 23:08:12.921 [info] > git rev-parse refs/remotes/origin/main [3ms]
2025-03-21 23:08:12.930 [info] > git status -z -uall [5ms]
2025-03-21 23:08:12.931 [info] > git for-each-ref --sort -committerdate --format %(refname) %(objectname) %(*objectname) [2ms]
2025-03-21 23:08:28.769 [info] > git config --get commit.template [6ms]
2025-03-21 23:08:28.770 [info] > git for-each-ref --format=%(refname)%00%(upstream:short)%00%(objectname)%00%(upstream:track)%00%(upstream:remotename)%00%(upstream:remoteref) refs/heads/main refs/remotes/main [3ms]
2025-03-21 23:08:28.775 [warning] [Git][revParse] Unable to read file: ENOENT: no such file or directory, open '/home/travthegr88/mkadi/test/interactive_shopping_list/.git/refs/remotes/origin/main'
2025-03-21 23:08:28.777 [info] > git rev-parse refs/remotes/origin/main [2ms]
2025-03-21 23:08:28.787 [info] > git status -z -uall [6ms]
2025-03-21 23:08:28.788 [info] > git for-each-ref --sort -committerdate --format %(refname) %(objectname) %(*objectname) [2ms]
2025-03-21 23:08:33.807 [info] > git config --get commit.template [7ms]
2025-03-21 23:08:33.811 [info] > git for-each-ref --format=%(refname)%00%(upstream:short)%00%(objectname)%00%(upstream:track)%00%(upstream:remotename)%00%(upstream:remoteref) refs/heads/main refs/remotes/main [8ms]
2025-03-21 23:08:33.815 [warning] [Git][revParse] Unable to read file: ENOENT: no such file or directory, open '/home/travthegr88/mkadi/test/interactive_shopping_list/.git/refs/remotes/origin/main'
2025-03-21 23:08:33.817 [info] > git rev-parse refs/remotes/origin/main [2ms]
2025-03-21 23:08:33.831 [info] > git status -z -uall [8ms]
2025-03-21 23:08:33.833 [info] > git for-each-ref --sort -committerdate --format %(refname) %(objectname) %(*objectname) [2ms]
2025-03-21 23:08:38.844 [info] > git config --get commit.template [2ms]
2025-03-21 23:08:38.851 [info] > git for-each-ref --format=%(refname)%00%(upstream:short)%00%(objectname)%00%(upstream:track)%00%(upstream:remotename)%00%(upstream:remoteref) refs/heads/main refs/remotes/main [1ms]
2025-03-21 23:08:38.855 [warning] [Git][revParse] Unable to read file: ENOENT: no such file or directory, open '/home/travthegr88/mkadi/test/interactive_shopping_list/.git/refs/remotes/origin/main'
2025-03-21 23:08:38.856 [info] > git rev-parse refs/remotes/origin/main [1ms]
2025-03-21 23:08:38.866 [info] > git status -z -uall [6ms]
2025-03-21 23:08:38.867 [info] > git for-each-ref --sort -committerdate --format %(refname) %(objectname) %(*objectname) [3ms]
2025-03-21 23:08:43.882 [info] > git config --get commit.template [7ms]
2025-03-21 23:08:43.884 [info] > git for-each-ref --format=%(refname)%00%(upstream:short)%00%(objectname)%00%(upstream:track)%00%(upstream:remotename)%00%(upstream:remoteref) refs/heads/main refs/remotes/main [3ms]
2025-03-21 23:08:43.888 [warning] [Git][revParse] Unable to read file: ENOENT: no such file or directory, open '/home/travthegr88/mkadi/test/interactive_shopping_list/.git/refs/remotes/origin/main'
2025-03-21 23:08:43.890 [info] > git rev-parse refs/remotes/origin/main [2ms]
2025-03-21 23:08:43.897 [info] > git status -z -uall [4ms]
2025-03-21 23:08:43.898 [info] > git for-each-ref --sort -committerdate --format %(refname) %(objectname) %(*objectname) [2ms]
2025-03-21 23:08:55.326 [info] > git config --get commit.template [6ms]
2025-03-21 23:08:55.338 [info] > git for-each-ref --format=%(refname)%00%(upstream:short)%00%(objectname)%00%(upstream:track)%00%(upstream:remotename)%00%(upstream:remoteref) refs/heads/main refs/remotes/main [3ms]
2025-03-21 23:08:55.349 [warning] [Git][revParse] Unable to read file: ENOENT: no such file or directory, open '/home/travthegr88/mkadi/test/interactive_shopping_list/.git/refs/remotes/origin/main'
2025-03-21 23:08:55.351 [info] > git rev-parse refs/remotes/origin/main [2ms]
2025-03-21 23:08:55.367 [info] > git status -z -uall [9ms]
2025-03-21 23:08:55.371 [info] > git for-each-ref --sort -committerdate --format %(refname) %(objectname) %(*objectname) [5ms]
2025-03-21 23:09:01.197 [info] > git config --get commit.template [3ms]
2025-03-21 23:09:01.207 [info] > git for-each-ref --format=%(refname)%00%(upstream:short)%00%(objectname)%00%(upstream:track)%00%(upstream:remotename)%00%(upstream:remoteref) refs/heads/main refs/remotes/main [1ms]
2025-03-21 23:09:01.210 [warning] [Git][revParse] Unable to read file: ENOENT: no such file or directory, open '/home/travthegr88/mkadi/test/interactive_shopping_list/.git/refs/remotes/origin/main'
2025-03-21 23:09:01.215 [info] > git rev-parse refs/remotes/origin/main [5ms]
2025-03-21 23:09:01.222 [info] > git status -z -uall [5ms]
2025-03-21 23:09:01.222 [info] > git for-each-ref --sort -committerdate --format %(refname) %(objectname) %(*objectname) [1ms]
2025-03-21 23:09:06.245 [info] > git config --get commit.template [5ms]
2025-03-21 23:09:06.247 [info] > git for-each-ref --format=%(refname)%00%(upstream:short)%00%(objectname)%00%(upstream:track)%00%(upstream:remotename)%00%(upstream:remoteref) refs/heads/main refs/remotes/main [3ms]
2025-03-21 23:09:06.251 [warning] [Git][revParse] Unable to read file: ENOENT: no such file or directory, open '/home/travthegr88/mkadi/test/interactive_shopping_list/.git/refs/remotes/origin/main'
2025-03-21 23:09:06.252 [info] > git rev-parse refs/remotes/origin/main [1ms]
2025-03-21 23:09:06.258 [info] > git status -z -uall [3ms]
2025-03-21 23:09:06.258 [info] > git for-each-ref --sort -committerdate --format %(refname) %(objectname) %(*objectname) [0ms]
2025-03-21 23:09:11.271 [info] > git config --get commit.template [2ms]
2025-03-21 23:09:11.277 [info] > git for-each-ref --format=%(refname)%00%(upstream:short)%00%(objectname)%00%(upstream:track)%00%(upstream:remotename)%00%(upstream:remoteref) refs/heads/main refs/remotes/main [2ms]
2025-03-21 23:09:11.284 [warning] [Git][revParse] Unable to read file: ENOENT: no such file or directory, open '/home/travthegr88/mkadi/test/interactive_shopping_list/.git/refs/remotes/origin/main'
2025-03-21 23:09:11.286 [info] > git rev-parse refs/remotes/origin/main [3ms]
2025-03-21 23:09:11.300 [info] > git status -z -uall [8ms]
2025-03-21 23:09:11.303 [info] > git for-each-ref --sort -committerdate --format %(refname) %(objectname) %(*objectname) [7ms]
2025-03-21 23:09:16.322 [info] > git config --get commit.template [7ms]
2025-03-21 23:09:16.324 [info] > git for-each-ref --format=%(refname)%00%(upstream:short)%00%(objectname)%00%(upstream:track)%00%(upstream:remotename)%00%(upstream:remoteref) refs/heads/main refs/remotes/main [2ms]
2025-03-21 23:09:16.329 [warning] [Git][revParse] Unable to read file: ENOENT: no such file or directory, open '/home/travthegr88/mkadi/test/interactive_shopping_list/.git/refs/remotes/origin/main'
2025-03-21 23:09:16.330 [info] > git rev-parse refs/remotes/origin/main [1ms]
2025-03-21 23:09:16.340 [info] > git status -z -uall [6ms]
2025-03-21 23:09:16.342 [info] > git for-each-ref --sort -committerdate --format %(refname) %(objectname) %(*objectname) [3ms]
2025-03-21 23:09:37.179 [info] > git config --get commit.template [3ms]
2025-03-21 23:09:37.194 [info] > git for-each-ref --format=%(refname)%00%(upstream:short)%00%(objectname)%00%(upstream:track)%00%(upstream:remotename)%00%(upstream:remoteref) refs/heads/main refs/remotes/main [2ms]
2025-03-21 23:09:37.202 [warning] [Git][revParse] Unable to read file: ENOENT: no such file or directory, open '/home/travthegr88/mkadi/test/interactive_shopping_list/.git/refs/remotes/origin/main'
2025-03-21 23:09:37.206 [info] > git rev-parse refs/remotes/origin/main [3ms]
2025-03-21 23:09:37.223 [info] > git status -z -uall [11ms]
2025-03-21 23:09:37.226 [info] > git for-each-ref --sort -committerdate --format %(refname) %(objectname) %(*objectname) [6ms]
2025-03-21 23:09:42.241 [info] > git config --get commit.template [5ms]
2025-03-21 23:09:42.246 [info] > git for-each-ref --format=%(refname)%00%(upstream:short)%00%(objectname)%00%(upstream:track)%00%(upstream:remotename)%00%(upstream:remoteref) refs/heads/main refs/remotes/main [1ms]
2025-03-21 23:09:42.249 [warning] [Git][revParse] Unable to read file: ENOENT: no such file or directory, open '/home/travthegr88/mkadi/test/interactive_shopping_list/.git/refs/remotes/origin/main'
2025-03-21 23:09:42.250 [info] > git rev-parse refs/remotes/origin/main [1ms]
2025-03-21 23:09:42.262 [info] > git status -z -uall [9ms]
2025-03-21 23:09:42.262 [info] > git for-each-ref --sort -committerdate --format %(refname) %(objectname) %(*objectname) [2ms]
2025-03-21 23:09:47.286 [info] > git for-each-ref --format=%(refname)%00%(upstream:short)%00%(objectname)%00%(upstream:track)%00%(upstream:remotename)%00%(upstream:remoteref) refs/heads/main refs/remotes/main [5ms]
2025-03-21 23:09:47.287 [info] > git config --get commit.template [13ms]
2025-03-21 23:09:47.293 [warning] [Git][revParse] Unable to read file: ENOENT: no such file or directory, open '/home/travthegr88/mkadi/test/interactive_shopping_list/.git/refs/remotes/origin/main'
2025-03-21 23:09:47.295 [info] > git rev-parse refs/remotes/origin/main [2ms]
2025-03-21 23:09:47.303 [info] > git status -z -uall [4ms]
2025-03-21 23:09:47.304 [info] > git for-each-ref --sort -committerdate --format %(refname) %(objectname) %(*objectname) [2ms]
2025-03-21 23:09:52.325 [info] > git config --get commit.template [3ms]
2025-03-21 23:09:52.333 [info] > git for-each-ref --format=%(refname)%00%(upstream:short)%00%(objectname)%00%(upstream:track)%00%(upstream:remotename)%00%(upstream:remoteref) refs/heads/main refs/remotes/main [2ms]
2025-03-21 23:09:52.338 [warning] [Git][revParse] Unable to read file: ENOENT: no such file or directory, open '/home/travthegr88/mkadi/test/interactive_shopping_list/.git/refs/remotes/origin/main'
2025-03-21 23:09:52.340 [info] > git rev-parse refs/remotes/origin/main [1ms]
2025-03-21 23:09:52.349 [info] > git status -z -uall [5ms]
2025-03-21 23:09:52.350 [info] > git for-each-ref --sort -committerdate --format %(refname) %(objectname) %(*objectname) [2ms]
2025-03-21 23:09:56.480 [info] > git config --get commit.template [13ms]
2025-03-21 23:09:56.481 [info] > git for-each-ref --format=%(refname)%00%(upstream:short)%00%(objectname)%00%(upstream:track)%00%(upstream:remotename)%00%(upstream:remoteref) refs/heads/main refs/remotes/main [4ms]
2025-03-21 23:09:56.489 [warning] [Git][revParse] Unable to read file: ENOENT: no such file or directory, open '/home/travthegr88/mkadi/test/interactive_shopping_list/.git/refs/remotes/origin/main'
2025-03-21 23:09:56.490 [info] > git rev-parse refs/remotes/origin/main [1ms]
2025-03-21 23:09:56.499 [info] > git status -z -uall [5ms]
2025-03-21 23:09:56.500 [info] > git for-each-ref --sort -committerdate --format %(refname) %(objectname) %(*objectname) [1ms]
2025-03-21 23:10:01.517 [info] > git config --get commit.template [5ms]
2025-03-21 23:10:01.517 [info] > git for-each-ref --format=%(refname)%00%(upstream:short)%00%(objectname)%00%(upstream:track)%00%(upstream:remotename)%00%(upstream:remoteref) refs/heads/main refs/remotes/main [1ms]
2025-03-21 23:10:01.522 [warning] [Git][revParse] Unable to read file: ENOENT: no such file or directory, open '/home/travthegr88/mkadi/test/interactive_shopping_list/.git/refs/remotes/origin/main'
2025-03-21 23:10:01.523 [info] > git rev-parse refs/remotes/origin/main [1ms]
2025-03-21 23:10:01.532 [info] > git status -z -uall [6ms]
2025-03-21 23:10:01.532 [info] > git for-each-ref --sort -committerdate --format %(refname) %(objectname) %(*objectname) [3ms]
2025-03-21 23:10:06.547 [info] > git config --get commit.template [3ms]
2025-03-21 23:10:06.557 [info] > git for-each-ref --format=%(refname)%00%(upstream:short)%00%(objectname)%00%(upstream:track)%00%(upstream:remotename)%00%(upstream:remoteref) refs/heads/main refs/remotes/main [3ms]
2025-03-21 23:10:06.566 [warning] [Git][revParse] Unable to read file: ENOENT: no such file or directory, open '/home/travthegr88/mkadi/test/interactive_shopping_list/.git/refs/remotes/origin/main'
2025-03-21 23:10:06.569 [info] > git rev-parse refs/remotes/origin/main [3ms]
2025-03-21 23:10:06.586 [info] > git status -z -uall [9ms]
2025-03-21 23:10:06.587 [info] > git for-each-ref --sort -committerdate --format %(refname) %(objectname) %(*objectname) [2ms]
2025-03-21 23:10:11.601 [info] > git config --get commit.template [2ms]
2025-03-21 23:10:11.612 [info] > git for-each-ref --format=%(refname)%00%(upstream:short)%00%(objectname)%00%(upstream:track)%00%(upstream:remotename)%00%(upstream:remoteref) refs/heads/main refs/remotes/main [4ms]
2025-03-21 23:10:11.618 [warning] [Git][revParse] Unable to read file: ENOENT: no such file or directory, open '/home/travthegr88/mkadi/test/interactive_shopping_list/.git/refs/remotes/origin/main'
2025-03-21 23:10:11.619 [info] > git rev-parse refs/remotes/origin/main [1ms]
2025-03-21 23:10:11.632 [info] > git status -z -uall [8ms]
2025-03-21 23:10:11.633 [info] > git for-each-ref --sort -committerdate --format %(refname) %(objectname) %(*objectname) [3ms]
2025-03-21 23:10:16.664 [info] > git config --get commit.template [11ms]
2025-03-21 23:10:16.667 [info] > git for-each-ref --format=%(refname)%00%(upstream:short)%00%(objectname)%00%(upstream:track)%00%(upstream:remotename)%00%(upstream:remoteref) refs/heads/main refs/remotes/main [4ms]
2025-03-21 23:10:16.676 [warning] [Git][revParse] Unable to read file: ENOENT: no such file or directory, open '/home/travthegr88/mkadi/test/interactive_shopping_list/.git/refs/remotes/origin/main'
2025-03-21 23:10:16.677 [info] > git rev-parse refs/remotes/origin/main [1ms]
2025-03-21 23:10:16.695 [info] > git status -z -uall [10ms]
2025-03-21 23:10:16.698 [info] > git for-each-ref --sort -committerdate --format %(refname) %(objectname) %(*objectname) [3ms]
2025-03-21 23:10:31.284 [info] > git config --get commit.template [8ms]
2025-03-21 23:10:31.285 [info] > git for-each-ref --format=%(refname)%00%(upstream:short)%00%(objectname)%00%(upstream:track)%00%(upstream:remotename)%00%(upstream:remoteref) refs/heads/main refs/remotes/main [3ms]
2025-03-21 23:10:31.290 [warning] [Git][revParse] Unable to read file: ENOENT: no such file or directory, open '/home/travthegr88/mkadi/test/interactive_shopping_list/.git/refs/remotes/origin/main'
2025-03-21 23:10:31.291 [info] > git rev-parse refs/remotes/origin/main [1ms]
2025-03-21 23:10:31.301 [info] > git status -z -uall [5ms]
2025-03-21 23:10:31.306 [info] > git for-each-ref --sort -committerdate --format %(refname) %(objectname) %(*objectname) [7ms]
2025-03-21 23:10:36.331 [info] > git config --get commit.template [2ms]
2025-03-21 23:10:36.341 [info] > git for-each-ref --format=%(refname)%00%(upstream:short)%00%(objectname)%00%(upstream:track)%00%(upstream:remotename)%00%(upstream:remoteref) refs/heads/main refs/remotes/main [3ms]
2025-03-21 23:10:36.345 [warning] [Git][revParse] Unable to read file: ENOENT: no such file or directory, open '/home/travthegr88/mkadi/test/interactive_shopping_list/.git/refs/remotes/origin/main'
2025-03-21 23:10:36.352 [info] > git rev-parse refs/remotes/origin/main [6ms]
2025-03-21 23:10:36.366 [info] > git status -z -uall [10ms]
2025-03-21 23:10:36.366 [info] > git for-each-ref --sort -committerdate --format %(refname) %(objectname) %(*objectname) [6ms]
2025-03-21 23:10:41.409 [info] > git config --get commit.template [13ms]
2025-03-21 23:10:41.425 [info] > git for-each-ref --format=%(refname)%00%(upstream:short)%00%(objectname)%00%(upstream:track)%00%(upstream:remotename)%00%(upstream:remoteref) refs/heads/main refs/remotes/main [5ms]
2025-03-21 23:10:41.432 [warning] [Git][revParse] Unable to read file: ENOENT: no such file or directory, open '/home/travthegr88/mkadi/test/interactive_shopping_list/.git/refs/remotes/origin/main'
2025-03-21 23:10:41.435 [info] > git rev-parse refs/remotes/origin/main [4ms]
2025-03-21 23:10:41.459 [info] > git status -z -uall [13ms]
2025-03-21 23:10:41.460 [info] > git for-each-ref --sort -committerdate --format %(refname) %(objectname) %(*objectname) [2ms]
2025-03-21 23:10:47.378 [info] > git ls-files --stage -- script/app.js [2ms]
2025-03-21 23:10:47.386 [info] > git cat-file -s e69de29bb2d1d6434b8b29ae775ad8c2e48c5391 [1ms]
2025-03-21 23:10:47.400 [info] > git show --textconv :script/app.js [2ms]
2025-03-21 23:10:53.793 [info] > git fetch [7617ms]
2025-03-21 23:10:53.803 [info] > git config --get commit.template [5ms]
2025-03-21 23:10:53.804 [info] > git for-each-ref --format=%(refname)%00%(upstream:short)%00%(objectname)%00%(upstream:track)%00%(upstream:remotename)%00%(upstream:remoteref) refs/heads/main refs/remotes/main [2ms]
2025-03-21 23:10:53.806 [warning] [Git][revParse] Unable to read file: ENOENT: no such file or directory, open '/home/travthegr88/mkadi/test/interactive_shopping_list/.git/refs/remotes/origin/main'
2025-03-21 23:10:53.807 [info] > git rev-parse refs/remotes/origin/main [1ms]
2025-03-21 23:10:53.812 [info] > git status -z -uall [3ms]
2025-03-21 23:10:53.812 [info] > git for-each-ref --sort -committerdate --format %(refname) %(objectname) %(*objectname) [1ms]
2025-03-21 23:11:18.901 [info] > git config --get commit.template [3ms]
2025-03-21 23:11:18.924 [info] > git for-each-ref --format=%(refname)%00%(upstream:short)%00%(objectname)%00%(upstream:track)%00%(upstream:remotename)%00%(upstream:remoteref) refs/heads/main refs/remotes/main [14ms]
2025-03-21 23:11:18.925 [info] > git ls-files --stage -- script/app.js [4ms]
2025-03-21 23:11:18.941 [warning] [Git][revParse] Unable to read file: ENOENT: no such file or directory, open '/home/travthegr88/mkadi/test/interactive_shopping_list/.git/refs/remotes/origin/main'
2025-03-21 23:11:18.943 [info] > git rev-parse refs/remotes/origin/main [2ms]
2025-03-21 23:11:18.957 [info] > git cat-file -s e69de29bb2d1d6434b8b29ae775ad8c2e48c5391 [22ms]
2025-03-21 23:11:18.959 [info] > git status -z -uall [9ms]
2025-03-21 23:11:18.959 [info] > git for-each-ref --sort -committerdate --format %(refname) %(objectname) %(*objectname) [3ms]
2025-03-21 23:11:19.028 [info] > git show --textconv :script/app.js [17ms]
2025-03-21 23:11:24.008 [info] > git config --get commit.template [3ms]
2025-03-21 23:11:24.014 [info] > git for-each-ref --format=%(refname)%00%(upstream:short)%00%(objectname)%00%(upstream:track)%00%(upstream:remotename)%00%(upstream:remoteref) refs/heads/main refs/remotes/main [2ms]
2025-03-21 23:11:24.019 [warning] [Git][revParse] Unable to read file: ENOENT: no such file or directory, open '/home/travthegr88/mkadi/test/interactive_shopping_list/.git/refs/remotes/origin/main'
2025-03-21 23:11:24.020 [info] > git rev-parse refs/remotes/origin/main [1ms]
2025-03-21 23:11:24.030 [info] > git status -z -uall [5ms]
2025-03-21 23:11:24.030 [info] > git for-each-ref --sort -committerdate --format %(refname) %(objectname) %(*objectname) [1ms]
2025-03-21 23:11:50.351 [info] > git config --get commit.template [21ms]
2025-03-21 23:11:50.360 [info] > git for-each-ref --format=%(refname)%00%(upstream:short)%00%(objectname)%00%(upstream:track)%00%(upstream:remotename)%00%(upstream:remoteref) refs/heads/main refs/remotes/main [23ms]
2025-03-21 23:11:50.366 [warning] [Git][revParse] Unable to read file: ENOENT: no such file or directory, open '/home/travthegr88/mkadi/test/interactive_shopping_list/.git/refs/remotes/origin/main'
2025-03-21 23:11:50.368 [info] > git rev-parse refs/remotes/origin/main [2ms]
2025-03-21 23:11:50.377 [info] > git status -z -uall [6ms]
2025-03-21 23:11:50.378 [info] > git for-each-ref --sort -committerdate --format %(refname) %(objectname) %(*objectname) [3ms]
2025-03-21 23:12:42.172 [info] > git config --get commit.template [1ms]
2025-03-21 23:12:42.185 [info] > git for-each-ref --format=%(refname)%00%(upstream:short)%00%(objectname)%00%(upstream:track)%00%(upstream:remotename)%00%(upstream:remoteref) refs/heads/main refs/remotes/main [6ms]
2025-03-21 23:12:42.193 [warning] [Git][revParse] Unable to read file: ENOENT: no such file or directory, open '/home/travthegr88/mkadi/test/interactive_shopping_list/.git/refs/remotes/origin/main'
2025-03-21 23:12:42.196 [info] > git rev-parse refs/remotes/origin/main [3ms]
2025-03-21 23:12:42.215 [info] > git status -z -uall [12ms]
2025-03-21 23:12:42.216 [info] > git for-each-ref --sort -committerdate --format %(refname) %(objectname) %(*objectname) [3ms]
2025-03-21 23:13:48.769 [info] > git config --get commit.template [7ms]
2025-03-21 23:13:48.772 [info] > git for-each-ref --format=%(refname)%00%(upstream:short)%00%(objectname)%00%(upstream:track)%00%(upstream:remotename)%00%(upstream:remoteref) refs/heads/main refs/remotes/main [4ms]
2025-03-21 23:13:48.777 [warning] [Git][revParse] Unable to read file: ENOENT: no such file or directory, open '/home/travthegr88/mkadi/test/interactive_shopping_list/.git/refs/remotes/origin/main'
2025-03-21 23:13:48.785 [info] > git rev-parse refs/remotes/origin/main [7ms]
2025-03-21 23:13:48.804 [info] > git status -z -uall [12ms]
2025-03-21 23:13:48.807 [info] > git for-each-ref --sort -committerdate --format %(refname) %(objectname) %(*objectname) [5ms]
2025-03-21 23:13:50.258 [info] > git ls-files --stage -- script/app.js [8ms]
2025-03-21 23:13:50.262 [info] > git cat-file -s e69de29bb2d1d6434b8b29ae775ad8c2e48c5391 [2ms]
2025-03-21 23:13:50.276 [info] > git show --textconv :script/app.js [2ms]
2025-03-21 23:13:56.797 [info] > git fetch [7757ms]
2025-03-21 23:13:56.809 [info] > git config --get commit.template [5ms]
2025-03-21 23:13:56.814 [info] > git for-each-ref --format=%(refname)%00%(upstream:short)%00%(objectname)%00%(upstream:track)%00%(upstream:remotename)%00%(upstream:remoteref) refs/heads/main refs/remotes/main [2ms]
2025-03-21 23:13:56.817 [warning] [Git][revParse] Unable to read file: ENOENT: no such file or directory, open '/home/travthegr88/mkadi/test/interactive_shopping_list/.git/refs/remotes/origin/main'
2025-03-21 23:13:56.818 [info] > git rev-parse refs/remotes/origin/main [1ms]
2025-03-21 23:13:56.825 [info] > git status -z -uall [4ms]
2025-03-21 23:13:56.826 [info] > git for-each-ref --sort -committerdate --format %(refname) %(objectname) %(*objectname) [1ms]
2025-03-21 23:13:57.378 [info] > git ls-files --stage -- script/app.js [2ms]
2025-03-21 23:13:57.383 [info] > git cat-file -s e69de29bb2d1d6434b8b29ae775ad8c2e48c5391 [1ms]
2025-03-21 23:13:57.396 [info] > git show --textconv :script/app.js [1ms]
2025-03-21 23:16:53.409 [info] > git ls-files --stage -- script/app.js [5ms]
2025-03-21 23:16:53.416 [info] > git cat-file -s e69de29bb2d1d6434b8b29ae775ad8c2e48c5391 [2ms]
2025-03-21 23:16:53.433 [info] > git show --textconv :script/app.js [4ms]
2025-03-21 23:16:59.884 [info] > git fetch [7781ms]
2025-03-21 23:16:59.898 [info] > git config --get commit.template [7ms]
2025-03-21 23:16:59.899 [info] > git for-each-ref --format=%(refname)%00%(upstream:short)%00%(objectname)%00%(upstream:track)%00%(upstream:remotename)%00%(upstream:remoteref) refs/heads/main refs/remotes/main [3ms]
2025-03-21 23:16:59.905 [warning] [Git][revParse] Unable to read file: ENOENT: no such file or directory, open '/home/travthegr88/mkadi/test/interactive_shopping_list/.git/refs/remotes/origin/main'
2025-03-21 23:16:59.909 [info] > git rev-parse refs/remotes/origin/main [3ms]
2025-03-21 23:16:59.922 [info] > git status -z -uall [7ms]
2025-03-21 23:16:59.923 [info] > git for-each-ref --sort -committerdate --format %(refname) %(objectname) %(*objectname) [3ms]
2025-03-21 23:16:59.943 [info] > git config --get commit.template [2ms]
2025-03-21 23:16:59.953 [info] > git for-each-ref --format=%(refname)%00%(upstream:short)%00%(objectname)%00%(upstream:track)%00%(upstream:remotename)%00%(upstream:remoteref) refs/heads/main refs/remotes/main [2ms]
2025-03-21 23:16:59.957 [warning] [Git][revParse] Unable to read file: ENOENT: no such file or directory, open '/home/travthegr88/mkadi/test/interactive_shopping_list/.git/refs/remotes/origin/main'
2025-03-21 23:16:59.957 [info] > git rev-parse refs/remotes/origin/main [0ms]
2025-03-21 23:16:59.966 [info] > git status -z -uall [4ms]
2025-03-21 23:16:59.969 [info] > git for-each-ref --sort -committerdate --format %(refname) %(objectname) %(*objectname) [4ms]
2025-03-21 23:17:00.471 [info] > git ls-files --stage -- script/app.js [2ms]
2025-03-21 23:17:00.478 [info] > git cat-file -s e69de29bb2d1d6434b8b29ae775ad8c2e48c5391 [2ms]
2025-03-21 23:17:00.491 [info] > git show --textconv :script/app.js [2ms]
2025-03-21 23:17:35.428 [info] > git config --get commit.template [9ms]
2025-03-21 23:17:35.448 [info] > git for-each-ref --format=%(refname)%00%(upstream:short)%00%(objectname)%00%(upstream:track)%00%(upstream:remotename)%00%(upstream:remoteref) refs/heads/main refs/remotes/main [2ms]
2025-03-21 23:17:35.455 [warning] [Git][revParse] Unable to read file: ENOENT: no such file or directory, open '/home/travthegr88/mkadi/test/interactive_shopping_list/.git/refs/remotes/origin/main'
2025-03-21 23:17:35.455 [info] > git rev-parse refs/remotes/origin/main [0ms]
2025-03-21 23:17:35.476 [info] > git status -z -uall [12ms]
2025-03-21 23:17:35.484 [info] > git for-each-ref --sort -committerdate --format %(refname) %(objectname) %(*objectname) [11ms]
2025-03-21 23:17:40.505 [info] > git config --get commit.template [8ms]
2025-03-21 23:17:40.507 [info] > git for-each-ref --format=%(refname)%00%(upstream:short)%00%(objectname)%00%(upstream:track)%00%(upstream:remotename)%00%(upstream:remoteref) refs/heads/main refs/remotes/main [3ms]
2025-03-21 23:17:40.513 [warning] [Git][revParse] Unable to read file: ENOENT: no such file or directory, open '/home/travthegr88/mkadi/test/interactive_shopping_list/.git/refs/remotes/origin/main'
2025-03-21 23:17:40.514 [info] > git rev-parse refs/remotes/origin/main [1ms]
2025-03-21 23:17:40.521 [info] > git status -z -uall [4ms]
2025-03-21 23:17:40.522 [info] > git for-each-ref --sort -committerdate --format %(refname) %(objectname) %(*objectname) [2ms]
2025-03-21 23:17:45.544 [info] > git config --get commit.template [6ms]
2025-03-21 23:17:45.546 [info] > git for-each-ref --format=%(refname)%00%(upstream:short)%00%(objectname)%00%(upstream:track)%00%(upstream:remotename)%00%(upstream:remoteref) refs/heads/main refs/remotes/main [3ms]
2025-03-21 23:17:45.552 [warning] [Git][revParse] Unable to read file: ENOENT: no such file or directory, open '/home/travthegr88/mkadi/test/interactive_shopping_list/.git/refs/remotes/origin/main'
2025-03-21 23:17:45.554 [info] > git rev-parse refs/remotes/origin/main [1ms]
2025-03-21 23:17:45.565 [info] > git status -z -uall [6ms]
2025-03-21 23:17:45.566 [info] > git for-each-ref --sort -committerdate --format %(refname) %(objectname) %(*objectname) [2ms]
2025-03-21 23:17:49.678 [info] > git config --get commit.template [0ms]
2025-03-21 23:17:49.691 [info] > git for-each-ref --format=%(refname)%00%(upstream:short)%00%(objectname)%00%(upstream:track)%00%(upstream:remotename)%00%(upstream:remoteref) refs/heads/main refs/remotes/main [6ms]
2025-03-21 23:17:49.700 [warning] [Git][revParse] Unable to read file: ENOENT: no such file or directory, open '/home/travthegr88/mkadi/test/interactive_shopping_list/.git/refs/remotes/origin/main'
2025-03-21 23:17:49.705 [info] > git rev-parse refs/remotes/origin/main [5ms]
2025-03-21 23:17:49.730 [info] > git status -z -uall [14ms]
2025-03-21 23:17:49.731 [info] > git for-each-ref --sort -committerdate --format %(refname) %(objectname) %(*objectname) [4ms]
2025-03-21 23:18:22.034 [info] > git config --get commit.template [6ms]
2025-03-21 23:18:22.035 [info] > git for-each-ref --format=%(refname)%00%(upstream:short)%00%(objectname)%00%(upstream:track)%00%(upstream:remotename)%00%(upstream:remoteref) refs/heads/main refs/remotes/main [2ms]
2025-03-21 23:18:22.039 [warning] [Git][revParse] Unable to read file: ENOENT: no such file or directory, open '/home/travthegr88/mkadi/test/interactive_shopping_list/.git/refs/remotes/origin/main'
2025-03-21 23:18:22.041 [info] > git rev-parse refs/remotes/origin/main [2ms]
2025-03-21 23:18:22.049 [info] > git status -z -uall [4ms]
2025-03-21 23:18:22.050 [info] > git for-each-ref --sort -committerdate --format %(refname) %(objectname) %(*objectname) [1ms]
2025-03-21 23:18:27.070 [info] > git config --get commit.template [6ms]
2025-03-21 23:18:27.071 [info] > git for-each-ref --format=%(refname)%00%(upstream:short)%00%(objectname)%00%(upstream:track)%00%(upstream:remotename)%00%(upstream:remoteref) refs/heads/main refs/remotes/main [2ms]
2025-03-21 23:18:27.080 [warning] [Git][revParse] Unable to read file: ENOENT: no such file or directory, open '/home/travthegr88/mkadi/test/interactive_shopping_list/.git/refs/remotes/origin/main'
2025-03-21 23:18:27.081 [info] > git rev-parse refs/remotes/origin/main [1ms]
2025-03-21 23:18:27.095 [info] > git status -z -uall [9ms]
2025-03-21 23:18:27.100 [info] > git for-each-ref --sort -committerdate --format %(refname) %(objectname) %(*objectname) [5ms]
2025-03-21 23:18:32.120 [info] > git config --get commit.template [4ms]
2025-03-21 23:18:32.120 [info] > git for-each-ref --format=%(refname)%00%(upstream:short)%00%(objectname)%00%(upstream:track)%00%(upstream:remotename)%00%(upstream:remoteref) refs/heads/main refs/remotes/main [1ms]
2025-03-21 23:18:32.123 [warning] [Git][revParse] Unable to read file: ENOENT: no such file or directory, open '/home/travthegr88/mkadi/test/interactive_shopping_list/.git/refs/remotes/origin/main'
2025-03-21 23:18:32.124 [info] > git rev-parse refs/remotes/origin/main [1ms]
2025-03-21 23:18:32.130 [info] > git status -z -uall [3ms]
2025-03-21 23:18:32.131 [info] > git for-each-ref --sort -committerdate --format %(refname) %(objectname) %(*objectname) [2ms]
2025-03-21 23:18:37.151 [info] > git config --get commit.template [8ms]
2025-03-21 23:18:37.151 [info] > git for-each-ref --format=%(refname)%00%(upstream:short)%00%(objectname)%00%(upstream:track)%00%(upstream:remotename)%00%(upstream:remoteref) refs/heads/main refs/remotes/main [1ms]
2025-03-21 23:18:37.157 [warning] [Git][revParse] Unable to read file: ENOENT: no such file or directory, open '/home/travthegr88/mkadi/test/interactive_shopping_list/.git/refs/remotes/origin/main'
2025-03-21 23:18:37.158 [info] > git rev-parse refs/remotes/origin/main [1ms]
2025-03-21 23:18:37.171 [info] > git status -z -uall [6ms]
2025-03-21 23:18:37.174 [info] > git for-each-ref --sort -committerdate --format %(refname) %(objectname) %(*objectname) [4ms]
2025-03-21 23:18:42.192 [info] > git config --get commit.template [2ms]
2025-03-21 23:18:42.200 [info] > git for-each-ref --format=%(refname)%00%(upstream:short)%00%(objectname)%00%(upstream:track)%00%(upstream:remotename)%00%(upstream:remoteref) refs/heads/main refs/remotes/main [2ms]
2025-03-21 23:18:42.204 [warning] [Git][revParse] Unable to read file: ENOENT: no such file or directory, open '/home/travthegr88/mkadi/test/interactive_shopping_list/.git/refs/remotes/origin/main'
2025-03-21 23:18:42.205 [info] > git rev-parse refs/remotes/origin/main [1ms]
2025-03-21 23:18:42.214 [info] > git status -z -uall [6ms]
2025-03-21 23:18:42.214 [info] > git for-each-ref --sort -committerdate --format %(refname) %(objectname) %(*objectname) [2ms]
2025-03-21 23:18:47.234 [info] > git config --get commit.template [6ms]
2025-03-21 23:18:47.234 [info] > git for-each-ref --format=%(refname)%00%(upstream:short)%00%(objectname)%00%(upstream:track)%00%(upstream:remotename)%00%(upstream:remoteref) refs/heads/main refs/remotes/main [2ms]
2025-03-21 23:18:47.240 [warning] [Git][revParse] Unable to read file: ENOENT: no such file or directory, open '/home/travthegr88/mkadi/test/interactive_shopping_list/.git/refs/remotes/origin/main'
2025-03-21 23:18:47.241 [info] > git rev-parse refs/remotes/origin/main [2ms]
2025-03-21 23:18:47.249 [info] > git status -z -uall [4ms]
2025-03-21 23:18:47.250 [info] > git for-each-ref --sort -committerdate --format %(refname) %(objectname) %(*objectname) [1ms]
2025-03-21 23:18:51.482 [info] > git config --get commit.template [-780ms]
2025-03-21 23:18:51.483 [info] > git for-each-ref --format=%(refname)%00%(upstream:short)%00%(objectname)%00%(upstream:track)%00%(upstream:remotename)%00%(upstream:remoteref) refs/heads/main refs/remotes/main [2ms]
2025-03-21 23:18:51.486 [warning] [Git][revParse] Unable to read file: ENOENT: no such file or directory, open '/home/travthegr88/mkadi/test/interactive_shopping_list/.git/refs/remotes/origin/main'
2025-03-21 23:18:51.487 [info] > git rev-parse refs/remotes/origin/main [1ms]
2025-03-21 23:18:51.496 [info] > git status -z -uall [4ms]
2025-03-21 23:18:51.497 [info] > git for-each-ref --sort -committerdate --format %(refname) %(objectname) %(*objectname) [1ms]
2025-03-21 23:18:56.516 [info] > git config --get commit.template [7ms]
2025-03-21 23:18:56.525 [info] > git for-each-ref --format=%(refname)%00%(upstream:short)%00%(objectname)%00%(upstream:track)%00%(upstream:remotename)%00%(upstream:remoteref) refs/heads/main refs/remotes/main [2ms]
2025-03-21 23:18:56.535 [warning] [Git][revParse] Unable to read file: ENOENT: no such file or directory, open '/home/travthegr88/mkadi/test/interactive_shopping_list/.git/refs/remotes/origin/main'
2025-03-21 23:18:56.537 [info] > git rev-parse refs/remotes/origin/main [3ms]
2025-03-21 23:18:56.551 [info] > git status -z -uall [11ms]
2025-03-21 23:18:56.555 [info] > git for-each-ref --sort -committerdate --format %(refname) %(objectname) %(*objectname) [7ms]
2025-03-21 23:19:01.578 [info] > git config --get commit.template [7ms]
2025-03-21 23:19:01.579 [info] > git for-each-ref --format=%(refname)%00%(upstream:short)%00%(objectname)%00%(upstream:track)%00%(upstream:remotename)%00%(upstream:remoteref) refs/heads/main refs/remotes/main [2ms]
2025-03-21 23:19:01.583 [warning] [Git][revParse] Unable to read file: ENOENT: no such file or directory, open '/home/travthegr88/mkadi/test/interactive_shopping_list/.git/refs/remotes/origin/main'
2025-03-21 23:19:01.584 [info] > git rev-parse refs/remotes/origin/main [1ms]
2025-03-21 23:19:01.595 [info] > git status -z -uall [5ms]
2025-03-21 23:19:01.595 [info] > git for-each-ref --sort -committerdate --format %(refname) %(objectname) %(*objectname) [1ms]
2025-03-21 23:19:06.611 [info] > git config --get commit.template [5ms]
2025-03-21 23:19:06.612 [info] > git for-each-ref --format=%(refname)%00%(upstream:short)%00%(objectname)%00%(upstream:track)%00%(upstream:remotename)%00%(upstream:remoteref) refs/heads/main refs/remotes/main [2ms]
2025-03-21 23:19:06.615 [warning] [Git][revParse] Unable to read file: ENOENT: no such file or directory, open '/home/travthegr88/mkadi/test/interactive_shopping_list/.git/refs/remotes/origin/main'
2025-03-21 23:19:06.616 [info] > git rev-parse refs/remotes/origin/main [1ms]
2025-03-21 23:19:06.621 [info] > git status -z -uall [3ms]
2025-03-21 23:19:06.622 [info] > git for-each-ref --sort -committerdate --format %(refname) %(objectname) %(*objectname) [1ms]
2025-03-21 23:19:11.641 [info] > git for-each-ref --format=%(refname)%00%(upstream:short)%00%(objectname)%00%(upstream:track)%00%(upstream:remotename)%00%(upstream:remoteref) refs/heads/main refs/remotes/main [1ms]
2025-03-21 23:19:11.641 [info] > git config --get commit.template [9ms]
2025-03-21 23:19:11.645 [warning] [Git][revParse] Unable to read file: ENOENT: no such file or directory, open '/home/travthegr88/mkadi/test/interactive_shopping_list/.git/refs/remotes/origin/main'
2025-03-21 23:19:11.646 [info] > git rev-parse refs/remotes/origin/main [2ms]
2025-03-21 23:19:11.654 [info] > git status -z -uall [5ms]
2025-03-21 23:19:11.655 [info] > git for-each-ref --sort -committerdate --format %(refname) %(objectname) %(*objectname) [2ms]
2025-03-21 23:19:16.673 [info] > git config --get commit.template [7ms]
2025-03-21 23:19:16.675 [info] > git for-each-ref --format=%(refname)%00%(upstream:short)%00%(objectname)%00%(upstream:track)%00%(upstream:remotename)%00%(upstream:remoteref) refs/heads/main refs/remotes/main [3ms]
2025-03-21 23:19:16.681 [warning] [Git][revParse] Unable to read file: ENOENT: no such file or directory, open '/home/travthegr88/mkadi/test/interactive_shopping_list/.git/refs/remotes/origin/main'
2025-03-21 23:19:16.683 [info] > git rev-parse refs/remotes/origin/main [3ms]
2025-03-21 23:19:16.693 [info] > git status -z -uall [6ms]
2025-03-21 23:19:16.695 [info] > git for-each-ref --sort -committerdate --format %(refname) %(objectname) %(*objectname) [2ms]
2025-03-21 23:19:21.725 [info] > git config --get commit.template [6ms]
2025-03-21 23:19:21.727 [info] > git for-each-ref --format=%(refname)%00%(upstream:short)%00%(objectname)%00%(upstream:track)%00%(upstream:remotename)%00%(upstream:remoteref) refs/heads/main refs/remotes/main [2ms]
2025-03-21 23:19:21.732 [warning] [Git][revParse] Unable to read file: ENOENT: no such file or directory, open '/home/travthegr88/mkadi/test/interactive_shopping_list/.git/refs/remotes/origin/main'
2025-03-21 23:19:21.733 [info] > git rev-parse refs/remotes/origin/main [1ms]
2025-03-21 23:19:21.744 [info] > git status -z -uall [5ms]
2025-03-21 23:19:21.745 [info] > git for-each-ref --sort -committerdate --format %(refname) %(objectname) %(*objectname) [2ms]
2025-03-21 23:19:25.971 [info] > git config --get commit.template [9ms]
2025-03-21 23:19:25.973 [info] > git for-each-ref --format=%(refname)%00%(upstream:short)%00%(objectname)%00%(upstream:track)%00%(upstream:remotename)%00%(upstream:remoteref) refs/heads/main refs/remotes/main [3ms]
2025-03-21 23:19:25.977 [warning] [Git][revParse] Unable to read file: ENOENT: no such file or directory, open '/home/travthegr88/mkadi/test/interactive_shopping_list/.git/refs/remotes/origin/main'
2025-03-21 23:19:25.978 [info] > git rev-parse refs/remotes/origin/main [1ms]
2025-03-21 23:19:25.990 [info] > git status -z -uall [8ms]
2025-03-21 23:19:25.991 [info] > git for-each-ref --sort -committerdate --format %(refname) %(objectname) %(*objectname) [6ms]
2025-03-21 23:23:55.117 [info] > git ls-files --stage -- script/app.js [11ms]
2025-03-21 23:23:55.125 [info] > git cat-file -s e69de29bb2d1d6434b8b29ae775ad8c2e48c5391 [2ms]
2025-03-21 23:23:55.143 [info] > git show --textconv :script/app.js [4ms]
2025-03-21 23:24:01.185 [info] > git fetch [7322ms]
2025-03-21 23:24:01.197 [info] > git config --get commit.template [6ms]
2025-03-21 23:24:01.199 [info] > git for-each-ref --format=%(refname)%00%(upstream:short)%00%(objectname)%00%(upstream:track)%00%(upstream:remotename)%00%(upstream:remoteref) refs/heads/main refs/remotes/main [3ms]
2025-03-21 23:24:01.204 [warning] [Git][revParse] Unable to read file: ENOENT: no such file or directory, open '/home/travthegr88/mkadi/test/interactive_shopping_list/.git/refs/remotes/origin/main'
2025-03-21 23:24:01.207 [info] > git rev-parse refs/remotes/origin/main [4ms]
2025-03-21 23:24:01.218 [info] > git for-each-ref --sort -committerdate --format %(refname) %(objectname) %(*objectname) [2ms]
2025-03-21 23:24:01.219 [info] > git status -z -uall [7ms]
2025-03-21 23:24:01.826 [info] > git ls-files --stage -- script/app.js [1ms]
2025-03-21 23:24:01.832 [info] > git cat-file -s e69de29bb2d1d6434b8b29ae775ad8c2e48c5391 [2ms]
2025-03-21 23:24:01.848 [info] > git show --textconv :script/app.js [3ms]
2025-03-22 11:30:05.554 [info] > git fetch [6349ms]
2025-03-22 11:30:05.567 [info] > git config --get commit.template [6ms]
2025-03-22 11:30:05.568 [info] > git for-each-ref --format=%(refname)%00%(upstream:short)%00%(objectname)%00%(upstream:track)%00%(upstream:remotename)%00%(upstream:remoteref) refs/heads/main refs/remotes/main [2ms]
2025-03-22 11:30:05.572 [warning] [Git][revParse] Unable to read file: ENOENT: no such file or directory, open '/home/travthegr88/mkadi/test/interactive_shopping_list/.git/refs/remotes/origin/main'
2025-03-22 11:30:05.574 [info] > git rev-parse refs/remotes/origin/main [2ms]
2025-03-22 11:30:05.583 [info] > git status -z -uall [5ms]
2025-03-22 11:30:05.584 [info] > git for-each-ref --sort -committerdate --format %(refname) %(objectname) %(*objectname) [2ms]
2025-03-22 11:32:00.211 [info] > git ls-files --stage -- script/app.js [3ms]
2025-03-22 11:32:00.224 [info] > git cat-file -s e69de29bb2d1d6434b8b29ae775ad8c2e48c5391 [3ms]
2025-03-22 11:32:00.247 [info] > git show --textconv :script/app.js [4ms]
2025-03-22 11:32:04.080 [info] > git config --get commit.template [7ms]
2025-03-22 11:32:04.095 [info] > git for-each-ref --format=%(refname)%00%(upstream:short)%00%(objectname)%00%(upstream:track)%00%(upstream:remotename)%00%(upstream:remoteref) refs/heads/main refs/remotes/main [8ms]
2025-03-22 11:32:04.108 [warning] [Git][revParse] Unable to read file: ENOENT: no such file or directory, open '/home/travthegr88/mkadi/test/interactive_shopping_list/.git/refs/remotes/origin/main'
2025-03-22 11:32:04.110 [info] > git rev-parse refs/remotes/origin/main [1ms]
2025-03-22 11:32:04.135 [info] > git status -z -uall [17ms]
2025-03-22 11:32:04.135 [info] > git for-each-ref --sort -committerdate --format %(refname) %(objectname) %(*objectname) [12ms]
2025-03-22 11:32:08.103 [info] > git config --get commit.template [7ms]
2025-03-22 11:32:08.103 [info] > git for-each-ref --format=%(refname)%00%(upstream:short)%00%(objectname)%00%(upstream:track)%00%(upstream:remotename)%00%(upstream:remoteref) refs/heads/main refs/remotes/main [2ms]
2025-03-22 11:32:08.115 [warning] [Git][revParse] Unable to read file: ENOENT: no such file or directory, open '/home/travthegr88/mkadi/test/interactive_shopping_list/.git/refs/remotes/origin/main'
2025-03-22 11:32:08.117 [info] > git rev-parse refs/remotes/origin/main [2ms]
2025-03-22 11:32:08.124 [info] > git status -z -uall [4ms]
2025-03-22 11:32:08.124 [info] > git for-each-ref --sort -committerdate --format %(refname) %(objectname) %(*objectname) [1ms]
2025-03-22 11:32:28.722 [info] > git config --get commit.template [7ms]
2025-03-22 11:32:28.723 [info] > git for-each-ref --format=%(refname)%00%(upstream:short)%00%(objectname)%00%(upstream:track)%00%(upstream:remotename)%00%(upstream:remoteref) refs/heads/main refs/remotes/main [2ms]
2025-03-22 11:32:28.728 [warning] [Git][revParse] Unable to read file: ENOENT: no such file or directory, open '/home/travthegr88/mkadi/test/interactive_shopping_list/.git/refs/remotes/origin/main'
2025-03-22 11:32:28.730 [info] > git rev-parse refs/remotes/origin/main [2ms]
2025-03-22 11:32:28.739 [info] > git status -z -uall [5ms]
2025-03-22 11:32:28.742 [info] > git for-each-ref --sort -committerdate --format %(refname) %(objectname) %(*objectname) [4ms]
2025-03-22 11:43:44.318 [info] > git ls-files --stage -- script/app.js [2ms]
2025-03-22 11:43:44.325 [info] > git cat-file -s e69de29bb2d1d6434b8b29ae775ad8c2e48c5391 [2ms]
2025-03-22 11:43:44.341 [info] > git show --textconv :script/app.js [2ms]
2025-03-22 11:43:50.658 [info] > git fetch [7557ms]
2025-03-22 11:43:50.670 [info] > git config --get commit.template [6ms]
2025-03-22 11:43:50.671 [info] > git for-each-ref --format=%(refname)%00%(upstream:short)%00%(objectname)%00%(upstream:track)%00%(upstream:remotename)%00%(upstream:remoteref) refs/heads/main refs/remotes/main [2ms]
2025-03-22 11:43:50.677 [warning] [Git][revParse] Unable to read file: ENOENT: no such file or directory, open '/home/travthegr88/mkadi/test/interactive_shopping_list/.git/refs/remotes/origin/main'
2025-03-22 11:43:50.679 [info] > git rev-parse refs/remotes/origin/main [1ms]
2025-03-22 11:43:50.688 [info] > git status -z -uall [6ms]
2025-03-22 11:43:50.689 [info] > git for-each-ref --sort -committerdate --format %(refname) %(objectname) %(*objectname) [2ms]
2025-03-22 11:43:51.276 [info] > git ls-files --stage -- script/app.js [2ms]
2025-03-22 11:43:51.282 [info] > git cat-file -s e69de29bb2d1d6434b8b29ae775ad8c2e48c5391 [3ms]
2025-03-22 11:43:51.297 [info] > git show --textconv :script/app.js [3ms]
