2025-03-17 22:09:37.409 [warning] /home/travthegr88/.ssh/config: ENOENT: no such file or directory, open '/home/travthegr88/.ssh/config'
2025-03-17 22:09:37.409 [info] [Activation] Extension version: 0.106.0
2025-03-17 22:09:37.650 [info] [Activation] Looking for git repository
2025-03-17 22:09:37.650 [info] [Activation] Found 0 repositories during activation
2025-03-17 22:09:37.650 [info] [Activation] Git repository found, initializing review manager and pr tree view.
2025-03-17 22:09:37.652 [info] [GitAPI] Registering git provider
2025-03-17 22:09:49.497 [info] [GitAPI] Repository file:///home/travthegr88/code/ramen-rating-app has been opened
2025-03-17 22:09:49.497 [info] [Review+0] Validate state in progress
2025-03-17 22:09:49.497 [info] [Review+0] Validating state...
2025-03-17 22:09:49.499 [warning] No remotes found. The following remotes are missing: origin, upstream
2025-03-17 22:09:49.499 [info] [FolderRepositoryManager+0] No GitHub remotes found for folder /home/travthegr88/code/ramen-rating-app
2025-03-17 22:09:49.561 [info] [Review+0] Queuing additional validate state
2025-03-17 22:09:49.561 [info] [Activation] Repo state for file:///home/travthegr88/code/ramen-rating-app changed.
2025-03-17 22:09:49.561 [info] [Activation] Repo file:///home/travthegr88/code/ramen-rating-app has already been setup.
2025-03-17 22:09:49.802 [info] [Review+0] Validating state...
2025-03-17 22:09:49.802 [warning] No remotes found. The following remotes are missing: origin, upstream
2025-03-17 22:09:49.802 [info] [FolderRepositoryManager+0] No GitHub remotes found for folder /home/travthegr88/code/ramen-rating-app
2025-03-17 22:09:49.814 [info] [Review+0] No matching pull request metadata found locally for current branch main
2025-03-17 22:09:49.821 [info] [Review+0] No matching pull request metadata found on GitHub for current branch main
2025-03-17 22:40:13.211 [info] [Review+0] Validate state in progress
2025-03-17 22:40:13.212 [info] [Review+0] Validating state...
2025-03-17 22:40:13.250 [info] [FolderRepositoryManager+0] Found GitHub remote for folder /home/travthegr88/code/ramen-rating-app
2025-03-17 22:40:14.158 [info] [FolderRepositoryManager+0] Trying to use globalState for assignableUsers.
2025-03-17 22:40:14.378 [info] [Review+0] No matching pull request metadata found locally for current branch main
2025-03-17 22:40:14.458 [info] [FolderRepositoryManager+0] No globalState for assignableUsers.
2025-03-17 22:40:15.338 [info] [Review+0] No matching pull request metadata found on GitHub for current branch main
2025-03-17 22:40:51.201 [info] [Review+0] Validate state in progress
2025-03-17 22:40:51.201 [info] [Review+0] Validating state...
2025-03-17 22:40:51.457 [info] [FolderRepositoryManager+0] Found GitHub remote for folder /home/travthegr88/code/ramen-rating-app
2025-03-17 22:40:51.460 [info] [FolderRepositoryManager+0] Using in-memory cached assignable users.
2025-03-17 22:40:51.478 [info] [Review+0] No matching pull request metadata found locally for current branch main
2025-03-17 22:40:52.403 [info] [Review+0] No matching pull request metadata found on GitHub for current branch main
2025-03-17 22:40:55.667 [info] [Review+0] Validate state in progress
2025-03-17 22:40:55.667 [info] [Review+0] Validating state...
2025-03-17 22:40:55.701 [info] [FolderRepositoryManager+0] Found GitHub remote for folder /home/travthegr88/code/ramen-rating-app
2025-03-17 22:40:55.702 [info] [FolderRepositoryManager+0] Using in-memory cached assignable users.
2025-03-17 22:40:55.710 [info] [Review+0] No matching pull request metadata found locally for current branch main
2025-03-17 22:40:57.361 [info] [Review+0] No matching pull request metadata found on GitHub for current branch main
