2025-03-12 03:41:07.368 [info] [main] Log level: Info
2025-03-12 03:41:07.368 [info] [main] Validating found git in: "git"
2025-03-12 03:41:07.368 [info] [main] Using git "2.43.0" from "git"
2025-03-12 03:41:07.368 [info] [Model][doInitialScan] Initial repository scan started
2025-03-12 03:41:07.368 [info] > git rev-parse --show-toplevel [2ms]
2025-03-12 03:41:07.368 [info] > git rev-parse --git-dir --git-common-dir [69ms]
2025-03-12 03:41:07.368 [info] [Model][openRepository] Opened repository: /home/travthegr88/mkadi/test/intro-to-js
2025-03-12 03:41:07.368 [info] > git rev-parse --show-toplevel [3ms]
2025-03-12 03:41:07.368 [info] > git config --get commit.template [8ms]
2025-03-12 03:41:07.379 [info] > git rev-parse --show-toplevel [7ms]
2025-03-12 03:41:07.384 [info] [Model][doInitialScan] Initial repository scan completed - repositories (1), closed repositories (0), parent repositories (0), unsafe repositories (0)
2025-03-12 03:41:07.501 [info] > git for-each-ref --format=%(refname)%00%(upstream:short)%00%(objectname)%00%(upstream:track)%00%(upstream:remotename)%00%(upstream:remoteref) refs/heads/main refs/remotes/main [124ms]
2025-03-12 03:41:07.504 [warning] [Git][revParse] Unable to read file: ENOENT: no such file or directory, open '/home/travthegr88/mkadi/test/intro-to-js/.git/refs/remotes/origin/main'
2025-03-12 03:41:07.551 [info] > git rev-parse refs/remotes/origin/main [46ms]
2025-03-12 03:41:07.562 [info] > git status -z -uall [9ms]
2025-03-12 03:41:07.565 [info] > git for-each-ref --sort -committerdate --format %(refname) %(objectname) %(*objectname) [7ms]
2025-03-12 03:41:07.638 [info] > git for-each-ref --format=%(refname)%00%(upstream:short)%00%(objectname)%00%(upstream:track)%00%(upstream:remotename)%00%(upstream:remoteref) refs/heads/main refs/remotes/main [60ms]
2025-03-12 03:41:07.657 [info] > git config --get --local branch.main.vscode-merge-base [12ms]
2025-03-12 03:41:07.657 [warning] [Git][config] git config failed: Failed to execute git
2025-03-12 03:41:07.668 [info] > git config --get commit.template [31ms]
2025-03-12 03:41:07.787 [info] > git for-each-ref --format=%(refname)%00%(upstream:short)%00%(objectname)%00%(upstream:track)%00%(upstream:remotename)%00%(upstream:remoteref) refs/heads/main refs/remotes/main [102ms]
2025-03-12 03:41:07.788 [info] > git reflog main --grep-reflog=branch: Created from *. [125ms]
2025-03-12 03:41:07.794 [warning] [Git][revParse] Unable to read file: ENOENT: no such file or directory, open '/home/travthegr88/mkadi/test/intro-to-js/.git/refs/remotes/origin/main'
2025-03-12 03:41:07.881 [info] > git rev-parse refs/remotes/origin/main [86ms]
2025-03-12 03:41:07.887 [info] > git symbolic-ref --short refs/remotes/origin/HEAD [96ms]
2025-03-12 03:41:07.909 [info] > git status -z -uall [25ms]
2025-03-12 03:41:07.909 [info] > git check-ignore -v -z --stdin [17ms]
2025-03-12 03:41:07.910 [info] > git for-each-ref --format=%(refname)%00%(upstream:short)%00%(objectname)%00%(upstream:track)%00%(upstream:remotename)%00%(upstream:remoteref) refs/heads/origin/main refs/remotes/origin/main [21ms]
2025-03-12 03:41:07.915 [info] > git for-each-ref --sort -committerdate --format %(refname) %(objectname) %(*objectname) [29ms]
2025-03-12 03:41:07.923 [info] > git for-each-ref --format=%(refname)%00%(upstream:short)%00%(objectname)%00%(upstream:track)%00%(upstream:remotename)%00%(upstream:remoteref) refs/heads/main refs/remotes/main [3ms]
2025-03-12 03:41:07.927 [info] > git config --add --local branch.main.vscode-merge-base origin/main [13ms]
2025-03-12 03:41:07.954 [info] > git config --get --local branch.main.vscode-merge-base [27ms]
2025-03-12 03:41:07.957 [info] > git config --get commit.template [21ms]
2025-03-12 03:41:07.958 [info] > git for-each-ref --format=%(refname)%00%(upstream:short)%00%(objectname)%00%(upstream:track)%00%(upstream:remotename)%00%(upstream:remoteref) refs/heads/origin/main refs/remotes/origin/main [2ms]
2025-03-12 03:41:07.969 [info] > git merge-base refs/heads/main refs/remotes/origin/main [7ms]
2025-03-12 03:41:08.049 [info] > git for-each-ref --format=%(refname)%00%(upstream:short)%00%(objectname)%00%(upstream:track)%00%(upstream:remotename)%00%(upstream:remoteref) refs/heads/main refs/remotes/main [81ms]
2025-03-12 03:41:08.061 [warning] [Git][revParse] Unable to read file: ENOENT: no such file or directory, open '/home/travthegr88/mkadi/test/intro-to-js/.git/refs/remotes/origin/main'
2025-03-12 03:41:08.069 [info] > git diff --name-status -z --diff-filter=ADMR 356980ff643c338fd2f02b40d32f4ec9a3fe343b...refs/remotes/origin/main [97ms]
2025-03-12 03:41:08.077 [info] > git rev-parse refs/remotes/origin/main [15ms]
2025-03-12 03:41:08.089 [info] > git status -z -uall [6ms]
2025-03-12 03:41:08.090 [info] > git for-each-ref --sort -committerdate --format %(refname) %(objectname) %(*objectname) [3ms]
2025-03-12 03:41:08.876 [info] > git remote add upstream git@github.com:oyieroyier/intro-to-js.git [10ms]
2025-03-12 03:41:08.883 [info] > git config --get commit.template [2ms]
2025-03-12 03:41:08.889 [info] > git for-each-ref --format=%(refname)%00%(upstream:short)%00%(objectname)%00%(upstream:track)%00%(upstream:remotename)%00%(upstream:remoteref) refs/heads/main refs/remotes/main [3ms]
2025-03-12 03:41:08.897 [warning] [Git][revParse] Unable to read file: ENOENT: no such file or directory, open '/home/travthegr88/mkadi/test/intro-to-js/.git/refs/remotes/origin/main'
2025-03-12 03:41:08.901 [info] > git rev-parse refs/remotes/origin/main [5ms]
2025-03-12 03:41:08.912 [info] > git status -z -uall [7ms]
2025-03-12 03:41:08.919 [info] > git for-each-ref --sort -committerdate --format %(refname) %(objectname) %(*objectname) [9ms]
2025-03-12 03:41:08.936 [info] > git config --get --local branch.main.github-pr-owner-number [2ms]
2025-03-12 03:41:08.936 [warning] [Git][config] git config failed: Failed to execute git
2025-03-12 03:41:10.002 [info] > git config --get --local branch.main.github-pr-owner-number [1ms]
2025-03-12 03:41:10.002 [warning] [Git][config] git config failed: Failed to execute git
2025-03-12 03:41:11.311 [info] > git fetch [3962ms]
2025-03-12 03:41:11.321 [info] > git config --get commit.template [5ms]
2025-03-12 03:41:11.323 [info] > git for-each-ref --format=%(refname)%00%(upstream:short)%00%(objectname)%00%(upstream:track)%00%(upstream:remotename)%00%(upstream:remoteref) refs/heads/main refs/remotes/main [3ms]
2025-03-12 03:41:11.327 [warning] [Git][revParse] Unable to read file: ENOENT: no such file or directory, open '/home/travthegr88/mkadi/test/intro-to-js/.git/refs/remotes/origin/main'
2025-03-12 03:41:11.329 [info] > git rev-parse refs/remotes/origin/main [2ms]
2025-03-12 03:41:11.337 [info] > git status -z -uall [4ms]
2025-03-12 03:41:11.338 [info] > git for-each-ref --sort -committerdate --format %(refname) %(objectname) %(*objectname) [2ms]
2025-03-12 03:50:03.034 [info] > git check-ignore -v -z --stdin [3ms]
2025-03-12 03:50:06.016 [info] > git show --textconv :js/strings.js [3ms]
2025-03-12 03:50:06.017 [info] > git ls-files --stage -- js/strings.js [1ms]
2025-03-12 03:50:06.021 [info] > git cat-file -s 97ad647b637d8562ec42e0c1597415a1bfeb6a63 [1ms]
2025-03-12 03:50:07.037 [info] > git fetch [4744ms]
2025-03-12 03:50:07.047 [info] > git config --get commit.template [5ms]
2025-03-12 03:50:07.047 [info] > git for-each-ref --format=%(refname)%00%(upstream:short)%00%(objectname)%00%(upstream:track)%00%(upstream:remotename)%00%(upstream:remoteref) refs/heads/main refs/remotes/main [2ms]
2025-03-12 03:50:07.050 [warning] [Git][revParse] Unable to read file: ENOENT: no such file or directory, open '/home/travthegr88/mkadi/test/intro-to-js/.git/refs/remotes/origin/main'
2025-03-12 03:50:07.051 [info] > git rev-parse refs/remotes/origin/main [1ms]
2025-03-12 03:50:07.057 [info] > git status -z -uall [3ms]
2025-03-12 03:50:07.058 [info] > git for-each-ref --sort -committerdate --format %(refname) %(objectname) %(*objectname) [2ms]
2025-03-12 03:50:05.730 [info] > git ls-files --stage -- js/strings.js [1ms]
2025-03-12 03:50:05.734 [info] > git cat-file -s 97ad647b637d8562ec42e0c1597415a1bfeb6a63 [1ms]
2025-03-12 03:50:05.751 [info] > git show --textconv :js/strings.js [7ms]
2025-03-12 03:50:05.751 [info] > git show --textconv :js/functions.js [4ms]
2025-03-12 03:50:05.751 [info] > git ls-files --stage -- js/functions.js [1ms]
2025-03-12 03:50:05.755 [info] > git cat-file -s 17a7a6c6a13e96fcbc7098d93fb8864773543833 [2ms]
2025-03-12 03:50:07.352 [info] > git show --textconv :js/control-flow.js [4ms]
2025-03-12 03:50:07.354 [info] > git ls-files --stage -- js/control-flow.js [3ms]
2025-03-12 03:50:07.361 [info] > git cat-file -s 250be1671dde5b7224f0bbe197d6de0de749a136 [3ms]
2025-03-12 03:50:08.752 [info] > git show --textconv :js/arrays.js [3ms]
2025-03-12 03:50:08.753 [info] > git ls-files --stage -- js/arrays.js [2ms]
2025-03-12 03:50:08.757 [info] > git cat-file -s 2c16e34a20c31f12d09baaa09d65802e5e5deba9 [1ms]
2025-03-12 03:50:10.302 [info] > git show --textconv :js/app.js [6ms]
2025-03-12 03:50:10.303 [info] > git ls-files --stage -- js/app.js [3ms]
2025-03-12 03:50:10.310 [info] > git cat-file -s 1eff84fcb8c1ea0030eaacfed4f253fbc91a5295 [3ms]
2025-03-12 04:04:23.103 [info] > git ls-files --stage -- js/app.js [2ms]
2025-03-12 04:04:23.109 [info] > git cat-file -s 1eff84fcb8c1ea0030eaacfed4f253fbc91a5295 [1ms]
2025-03-12 04:04:23.124 [info] > git show --textconv :js/app.js [3ms]
2025-03-12 04:04:28.188 [info] > git fetch [6304ms]
2025-03-12 04:04:28.200 [info] > git config --get commit.template [6ms]
2025-03-12 04:04:28.201 [info] > git for-each-ref --format=%(refname)%00%(upstream:short)%00%(objectname)%00%(upstream:track)%00%(upstream:remotename)%00%(upstream:remoteref) refs/heads/main refs/remotes/main [2ms]
2025-03-12 04:04:28.206 [warning] [Git][revParse] Unable to read file: ENOENT: no such file or directory, open '/home/travthegr88/mkadi/test/intro-to-js/.git/refs/remotes/origin/main'
2025-03-12 04:04:28.207 [info] > git rev-parse refs/remotes/origin/main [1ms]
2025-03-12 04:04:28.215 [info] > git status -z -uall [4ms]
2025-03-12 04:04:28.217 [info] > git for-each-ref --sort -committerdate --format %(refname) %(objectname) %(*objectname) [2ms]
2025-03-12 04:04:28.967 [info] > git ls-files --stage -- js/app.js [1ms]
2025-03-12 04:04:28.973 [info] > git cat-file -s 1eff84fcb8c1ea0030eaacfed4f253fbc91a5295 [3ms]
2025-03-12 04:04:28.983 [info] > git show --textconv :js/app.js [1ms]
2025-03-12 04:04:48.204 [info] > git show --textconv :js/arrays.js [6ms]
2025-03-12 04:04:48.206 [info] > git ls-files --stage -- js/arrays.js [3ms]
2025-03-12 04:04:48.212 [info] > git cat-file -s 2c16e34a20c31f12d09baaa09d65802e5e5deba9 [1ms]
2025-03-12 04:04:51.648 [info] > git show --textconv :js/control-flow.js [5ms]
2025-03-12 04:04:51.649 [info] > git ls-files --stage -- js/control-flow.js [2ms]
2025-03-12 04:04:51.655 [info] > git cat-file -s 250be1671dde5b7224f0bbe197d6de0de749a136 [2ms]
2025-03-12 04:04:55.734 [info] > git show --textconv :js/functions.js [4ms]
2025-03-12 04:04:55.735 [info] > git ls-files --stage -- js/functions.js [1ms]
2025-03-12 04:04:55.741 [info] > git cat-file -s 17a7a6c6a13e96fcbc7098d93fb8864773543833 [2ms]
2025-03-12 04:04:57.293 [info] > git show --textconv :js/strings.js [5ms]
2025-03-12 04:04:57.294 [info] > git ls-files --stage -- js/strings.js [2ms]
2025-03-12 04:04:57.302 [info] > git cat-file -s 97ad647b637d8562ec42e0c1597415a1bfeb6a63 [4ms]
2025-03-12 04:18:50.610 [info] > git show --textconv :js/functions.js [3ms]
2025-03-12 04:18:50.611 [info] > git ls-files --stage -- js/functions.js [2ms]
2025-03-12 04:18:50.614 [info] > git cat-file -s 17a7a6c6a13e96fcbc7098d93fb8864773543833 [1ms]
2025-03-12 04:18:51.478 [info] > git ls-files --stage -- js/functions.js [2ms]
2025-03-12 04:18:51.482 [info] > git cat-file -s 17a7a6c6a13e96fcbc7098d93fb8864773543833 [2ms]
2025-03-12 04:18:51.491 [info] > git show --textconv :js/functions.js [2ms]
2025-03-12 04:18:52.026 [info] > git show --textconv :js/control-flow.js [6ms]
2025-03-12 04:18:52.029 [info] > git ls-files --stage -- js/control-flow.js [4ms]
2025-03-12 04:18:52.037 [info] > git cat-file -s 250be1671dde5b7224f0bbe197d6de0de749a136 [1ms]
2025-03-12 04:18:54.022 [info] > git show --textconv :js/arrays.js [2ms]
2025-03-12 04:18:54.023 [info] > git ls-files --stage -- js/arrays.js [1ms]
2025-03-12 04:18:54.027 [info] > git cat-file -s 2c16e34a20c31f12d09baaa09d65802e5e5deba9 [1ms]
2025-03-12 04:18:55.615 [info] > git show --textconv :js/app.js [6ms]
2025-03-12 04:18:55.617 [info] > git ls-files --stage -- js/app.js [2ms]
2025-03-12 04:18:55.623 [info] > git cat-file -s 1eff84fcb8c1ea0030eaacfed4f253fbc91a5295 [2ms]
2025-03-12 04:18:58.386 [info] > git fetch [8155ms]
2025-03-12 04:18:58.394 [info] > git config --get commit.template [3ms]
2025-03-12 04:18:58.394 [info] > git for-each-ref --format=%(refname)%00%(upstream:short)%00%(objectname)%00%(upstream:track)%00%(upstream:remotename)%00%(upstream:remoteref) refs/heads/main refs/remotes/main [1ms]
2025-03-12 04:18:58.397 [warning] [Git][revParse] Unable to read file: ENOENT: no such file or directory, open '/home/travthegr88/mkadi/test/intro-to-js/.git/refs/remotes/origin/main'
2025-03-12 04:18:58.398 [info] > git rev-parse refs/remotes/origin/main [1ms]
2025-03-12 04:18:58.404 [info] > git status -z -uall [4ms]
2025-03-12 04:18:58.406 [info] > git for-each-ref --sort -committerdate --format %(refname) %(objectname) %(*objectname) [3ms]
2025-03-12 04:18:59.279 [info] > git ls-files --stage -- js/arrays.js [5ms]
2025-03-12 04:18:59.283 [info] > git ls-files --stage -- js/control-flow.js [14ms]
2025-03-12 04:18:59.286 [info] > git ls-files --stage -- js/functions.js [21ms]
2025-03-12 04:18:59.290 [info] > git cat-file -s 250be1671dde5b7224f0bbe197d6de0de749a136 [4ms]
2025-03-12 04:18:59.291 [info] > git cat-file -s 2c16e34a20c31f12d09baaa09d65802e5e5deba9 [9ms]
2025-03-12 04:18:59.291 [info] > git ls-files --stage -- js/app.js [13ms]
2025-03-12 04:18:59.294 [info] > git cat-file -s 17a7a6c6a13e96fcbc7098d93fb8864773543833 [5ms]
2025-03-12 04:18:59.295 [info] > git cat-file -s 1eff84fcb8c1ea0030eaacfed4f253fbc91a5295 [1ms]
2025-03-12 04:18:59.313 [info] > git show --textconv :js/control-flow.js [12ms]
2025-03-12 04:18:59.313 [info] > git show --textconv :js/arrays.js [9ms]
2025-03-12 04:18:59.313 [info] > git show --textconv :js/functions.js [5ms]
2025-03-12 04:18:59.314 [info] > git show --textconv :js/app.js [1ms]
2025-03-12 05:02:11.529 [info] > git ls-files --stage -- js/app.js [1ms]
2025-03-12 05:02:11.536 [info] > git cat-file -s 1eff84fcb8c1ea0030eaacfed4f253fbc91a5295 [2ms]
2025-03-12 05:02:11.548 [info] > git show --textconv :js/app.js [1ms]
2025-03-12 05:02:15.542 [info] > git fetch [5240ms]
2025-03-12 05:02:15.549 [info] > git config --get commit.template [1ms]
2025-03-12 05:02:15.553 [info] > git for-each-ref --format=%(refname)%00%(upstream:short)%00%(objectname)%00%(upstream:track)%00%(upstream:remotename)%00%(upstream:remoteref) refs/heads/main refs/remotes/main [1ms]
2025-03-12 05:02:15.556 [warning] [Git][revParse] Unable to read file: ENOENT: no such file or directory, open '/home/travthegr88/mkadi/test/intro-to-js/.git/refs/remotes/origin/main'
2025-03-12 05:02:15.557 [info] > git rev-parse refs/remotes/origin/main [1ms]
2025-03-12 05:02:15.565 [info] > git status -z -uall [5ms]
2025-03-12 05:02:15.565 [info] > git for-each-ref --sort -committerdate --format %(refname) %(objectname) %(*objectname) [1ms]
2025-03-12 05:02:16.448 [info] > git ls-files --stage -- js/app.js [1ms]
2025-03-12 05:02:16.451 [info] > git cat-file -s 1eff84fcb8c1ea0030eaacfed4f253fbc91a5295 [0ms]
2025-03-12 05:02:16.458 [info] > git show --textconv :js/app.js [0ms]
2025-03-12 05:05:05.118 [info] > git ls-files --stage -- js/app.js [1ms]
2025-03-12 05:05:05.121 [info] > git cat-file -s 1eff84fcb8c1ea0030eaacfed4f253fbc91a5295 [1ms]
2025-03-12 05:05:05.128 [info] > git show --textconv :js/app.js [1ms]
2025-03-12 05:05:08.850 [info] > git fetch [4941ms]
2025-03-12 05:05:08.856 [info] > git for-each-ref --format=%(refname)%00%(upstream:short)%00%(objectname)%00%(upstream:track)%00%(upstream:remotename)%00%(upstream:remoteref) refs/heads/main refs/remotes/main [2ms]
2025-03-12 05:05:08.856 [info] > git config --get commit.template [4ms]
2025-03-12 05:05:08.859 [warning] [Git][revParse] Unable to read file: ENOENT: no such file or directory, open '/home/travthegr88/mkadi/test/intro-to-js/.git/refs/remotes/origin/main'
2025-03-12 05:05:08.860 [info] > git rev-parse refs/remotes/origin/main [1ms]
2025-03-12 05:05:08.866 [info] > git status -z -uall [4ms]
2025-03-12 05:05:08.867 [info] > git for-each-ref --sort -committerdate --format %(refname) %(objectname) %(*objectname) [1ms]
2025-03-12 05:05:09.637 [info] > git ls-files --stage -- js/app.js [1ms]
2025-03-12 05:05:09.640 [info] > git cat-file -s 1eff84fcb8c1ea0030eaacfed4f253fbc91a5295 [1ms]
2025-03-12 05:05:09.646 [info] > git show --textconv :js/app.js [1ms]
2025-03-12 05:07:59.045 [info] > git ls-files --stage -- js/app.js [1ms]
2025-03-12 05:07:59.052 [info] > git cat-file -s 1eff84fcb8c1ea0030eaacfed4f253fbc91a5295 [2ms]
2025-03-12 05:07:59.062 [info] > git show --textconv :js/app.js [2ms]
2025-03-12 05:08:02.577 [info] > git fetch [4743ms]
2025-03-12 05:08:02.584 [info] > git config --get commit.template [2ms]
2025-03-12 05:08:02.588 [info] > git for-each-ref --format=%(refname)%00%(upstream:short)%00%(objectname)%00%(upstream:track)%00%(upstream:remotename)%00%(upstream:remoteref) refs/heads/main refs/remotes/main [0ms]
2025-03-12 05:08:02.591 [warning] [Git][revParse] Unable to read file: ENOENT: no such file or directory, open '/home/travthegr88/mkadi/test/intro-to-js/.git/refs/remotes/origin/main'
2025-03-12 05:08:02.592 [info] > git rev-parse refs/remotes/origin/main [0ms]
2025-03-12 05:08:02.597 [info] > git status -z -uall [3ms]
2025-03-12 05:08:02.598 [info] > git for-each-ref --sort -committerdate --format %(refname) %(objectname) %(*objectname) [0ms]
2025-03-12 05:08:03.487 [info] > git ls-files --stage -- js/app.js [1ms]
2025-03-12 05:08:03.491 [info] > git cat-file -s 1eff84fcb8c1ea0030eaacfed4f253fbc91a5295 [1ms]
2025-03-12 05:08:03.501 [info] > git show --textconv :js/app.js [2ms]
2025-03-12 05:09:22.981 [info] > git blame --root --incremental 356980ff643c338fd2f02b40d32f4ec9a3fe343b -- js/app.js [1ms]
2025-03-12 05:11:14.351 [info] > git show --textconv :js/strings.js [5ms]
2025-03-12 05:11:14.351 [info] > git ls-files --stage -- js/strings.js [2ms]
2025-03-12 05:11:14.354 [info] > git cat-file -s 97ad647b637d8562ec42e0c1597415a1bfeb6a63 [0ms]
2025-03-12 05:11:15.096 [info] > git ls-files --stage -- js/strings.js [1ms]
2025-03-12 05:11:15.099 [info] > git cat-file -s 97ad647b637d8562ec42e0c1597415a1bfeb6a63 [1ms]
2025-03-12 05:11:15.108 [info] > git show --textconv :js/strings.js [1ms]
2025-03-12 05:11:18.187 [info] > git fetch [4291ms]
2025-03-12 05:11:18.199 [info] > git config --get commit.template [4ms]
2025-03-12 05:11:18.199 [info] > git for-each-ref --format=%(refname)%00%(upstream:short)%00%(objectname)%00%(upstream:track)%00%(upstream:remotename)%00%(upstream:remoteref) refs/heads/main refs/remotes/main [3ms]
2025-03-12 05:11:18.202 [warning] [Git][revParse] Unable to read file: ENOENT: no such file or directory, open '/home/travthegr88/mkadi/test/intro-to-js/.git/refs/remotes/origin/main'
2025-03-12 05:11:18.203 [info] > git rev-parse refs/remotes/origin/main [1ms]
2025-03-12 05:11:18.208 [info] > git status -z -uall [3ms]
2025-03-12 05:11:18.208 [info] > git for-each-ref --sort -committerdate --format %(refname) %(objectname) %(*objectname) [1ms]
2025-03-12 05:11:19.033 [info] > git ls-files --stage -- js/strings.js [0ms]
2025-03-12 05:11:19.036 [info] > git cat-file -s 97ad647b637d8562ec42e0c1597415a1bfeb6a63 [1ms]
2025-03-12 05:11:19.043 [info] > git show --textconv :js/strings.js [1ms]
2025-03-12 05:12:21.412 [info] > git blame --root --incremental 356980ff643c338fd2f02b40d32f4ec9a3fe343b -- js/strings.js [1ms]
2025-03-12 05:12:24.969 [info] > git config --get commit.template [1ms]
2025-03-12 05:12:24.972 [info] > git for-each-ref --format=%(refname)%00%(upstream:short)%00%(objectname)%00%(upstream:track)%00%(upstream:remotename)%00%(upstream:remoteref) refs/heads/main refs/remotes/main [1ms]
2025-03-12 05:12:24.975 [warning] [Git][revParse] Unable to read file: ENOENT: no such file or directory, open '/home/travthegr88/mkadi/test/intro-to-js/.git/refs/remotes/origin/main'
2025-03-12 05:12:24.975 [info] > git rev-parse refs/remotes/origin/main [0ms]
2025-03-12 05:12:24.982 [info] > git status -z -uall [4ms]
2025-03-12 05:12:24.983 [info] > git for-each-ref --sort -committerdate --format %(refname) %(objectname) %(*objectname) [2ms]
2025-03-12 05:12:44.262 [info] > git config --get commit.template [4ms]
2025-03-12 05:12:44.262 [info] > git for-each-ref --format=%(refname)%00%(upstream:short)%00%(objectname)%00%(upstream:track)%00%(upstream:remotename)%00%(upstream:remoteref) refs/heads/main refs/remotes/main [1ms]
2025-03-12 05:12:44.265 [warning] [Git][revParse] Unable to read file: ENOENT: no such file or directory, open '/home/travthegr88/mkadi/test/intro-to-js/.git/refs/remotes/origin/main'
2025-03-12 05:12:44.266 [info] > git rev-parse refs/remotes/origin/main [1ms]
2025-03-12 05:12:44.270 [info] > git status -z -uall [2ms]
2025-03-12 05:12:44.271 [info] > git for-each-ref --sort -committerdate --format %(refname) %(objectname) %(*objectname) [1ms]
2025-03-12 05:12:50.827 [info] > git config --get commit.template [2ms]
2025-03-12 05:12:50.832 [info] > git for-each-ref --format=%(refname)%00%(upstream:short)%00%(objectname)%00%(upstream:track)%00%(upstream:remotename)%00%(upstream:remoteref) refs/heads/main refs/remotes/main [1ms]
2025-03-12 05:12:50.834 [warning] [Git][revParse] Unable to read file: ENOENT: no such file or directory, open '/home/travthegr88/mkadi/test/intro-to-js/.git/refs/remotes/origin/main'
2025-03-12 05:12:50.835 [info] > git rev-parse refs/remotes/origin/main [1ms]
2025-03-12 05:12:50.840 [info] > git status -z -uall [3ms]
2025-03-12 05:12:50.840 [info] > git for-each-ref --sort -committerdate --format %(refname) %(objectname) %(*objectname) [1ms]
2025-03-12 05:12:55.858 [info] > git config --get commit.template [2ms]
2025-03-12 05:12:55.862 [info] > git for-each-ref --format=%(refname)%00%(upstream:short)%00%(objectname)%00%(upstream:track)%00%(upstream:remotename)%00%(upstream:remoteref) refs/heads/main refs/remotes/main [1ms]
2025-03-12 05:12:55.864 [warning] [Git][revParse] Unable to read file: ENOENT: no such file or directory, open '/home/travthegr88/mkadi/test/intro-to-js/.git/refs/remotes/origin/main'
2025-03-12 05:12:55.865 [info] > git rev-parse refs/remotes/origin/main [1ms]
2025-03-12 05:12:55.870 [info] > git status -z -uall [3ms]
2025-03-12 05:12:55.871 [info] > git for-each-ref --sort -committerdate --format %(refname) %(objectname) %(*objectname) [2ms]
2025-03-12 05:13:05.539 [info] > git config --get commit.template [4ms]
2025-03-12 05:13:05.540 [info] > git for-each-ref --format=%(refname)%00%(upstream:short)%00%(objectname)%00%(upstream:track)%00%(upstream:remotename)%00%(upstream:remoteref) refs/heads/main refs/remotes/main [1ms]
2025-03-12 05:13:05.543 [warning] [Git][revParse] Unable to read file: ENOENT: no such file or directory, open '/home/travthegr88/mkadi/test/intro-to-js/.git/refs/remotes/origin/main'
2025-03-12 05:13:05.544 [info] > git rev-parse refs/remotes/origin/main [1ms]
2025-03-12 05:13:05.550 [info] > git status -z -uall [4ms]
2025-03-12 05:13:05.550 [info] > git for-each-ref --sort -committerdate --format %(refname) %(objectname) %(*objectname) [1ms]
2025-03-12 05:13:10.574 [info] > git config --get commit.template [5ms]
2025-03-12 05:13:10.575 [info] > git for-each-ref --format=%(refname)%00%(upstream:short)%00%(objectname)%00%(upstream:track)%00%(upstream:remotename)%00%(upstream:remoteref) refs/heads/main refs/remotes/main [1ms]
2025-03-12 05:13:10.577 [warning] [Git][revParse] Unable to read file: ENOENT: no such file or directory, open '/home/travthegr88/mkadi/test/intro-to-js/.git/refs/remotes/origin/main'
2025-03-12 05:13:10.578 [info] > git rev-parse refs/remotes/origin/main [1ms]
2025-03-12 05:13:10.582 [info] > git status -z -uall [2ms]
2025-03-12 05:13:10.583 [info] > git for-each-ref --sort -committerdate --format %(refname) %(objectname) %(*objectname) [1ms]
2025-03-12 05:13:15.595 [info] > git for-each-ref --format=%(refname)%00%(upstream:short)%00%(objectname)%00%(upstream:track)%00%(upstream:remotename)%00%(upstream:remoteref) refs/heads/main refs/remotes/main [0ms]
2025-03-12 05:13:15.595 [info] > git config --get commit.template [3ms]
2025-03-12 05:13:15.597 [warning] [Git][revParse] Unable to read file: ENOENT: no such file or directory, open '/home/travthegr88/mkadi/test/intro-to-js/.git/refs/remotes/origin/main'
2025-03-12 05:13:15.597 [info] > git rev-parse refs/remotes/origin/main [0ms]
2025-03-12 05:13:15.601 [info] > git status -z -uall [2ms]
2025-03-12 05:13:15.602 [info] > git for-each-ref --sort -committerdate --format %(refname) %(objectname) %(*objectname) [2ms]
2025-03-12 05:13:20.614 [info] > git config --get commit.template [0ms]
2025-03-12 05:13:20.619 [info] > git for-each-ref --format=%(refname)%00%(upstream:short)%00%(objectname)%00%(upstream:track)%00%(upstream:remotename)%00%(upstream:remoteref) refs/heads/main refs/remotes/main [1ms]
2025-03-12 05:13:20.622 [warning] [Git][revParse] Unable to read file: ENOENT: no such file or directory, open '/home/travthegr88/mkadi/test/intro-to-js/.git/refs/remotes/origin/main'
2025-03-12 05:13:20.622 [info] > git rev-parse refs/remotes/origin/main [0ms]
2025-03-12 05:13:20.627 [info] > git status -z -uall [3ms]
2025-03-12 05:13:20.628 [info] > git for-each-ref --sort -committerdate --format %(refname) %(objectname) %(*objectname) [2ms]
2025-03-12 05:13:25.640 [info] > git config --get commit.template [1ms]
2025-03-12 05:13:25.645 [info] > git for-each-ref --format=%(refname)%00%(upstream:short)%00%(objectname)%00%(upstream:track)%00%(upstream:remotename)%00%(upstream:remoteref) refs/heads/main refs/remotes/main [2ms]
2025-03-12 05:13:25.648 [warning] [Git][revParse] Unable to read file: ENOENT: no such file or directory, open '/home/travthegr88/mkadi/test/intro-to-js/.git/refs/remotes/origin/main'
2025-03-12 05:13:25.648 [info] > git rev-parse refs/remotes/origin/main [0ms]
2025-03-12 05:13:25.654 [info] > git status -z -uall [3ms]
2025-03-12 05:13:25.655 [info] > git for-each-ref --sort -committerdate --format %(refname) %(objectname) %(*objectname) [2ms]
2025-03-12 05:13:30.669 [info] > git config --get commit.template [3ms]
2025-03-12 05:13:30.669 [info] > git for-each-ref --format=%(refname)%00%(upstream:short)%00%(objectname)%00%(upstream:track)%00%(upstream:remotename)%00%(upstream:remoteref) refs/heads/main refs/remotes/main [1ms]
2025-03-12 05:13:30.672 [warning] [Git][revParse] Unable to read file: ENOENT: no such file or directory, open '/home/travthegr88/mkadi/test/intro-to-js/.git/refs/remotes/origin/main'
2025-03-12 05:13:30.672 [info] > git rev-parse refs/remotes/origin/main [0ms]
2025-03-12 05:13:30.678 [info] > git status -z -uall [3ms]
2025-03-12 05:13:30.678 [info] > git for-each-ref --sort -committerdate --format %(refname) %(objectname) %(*objectname) [1ms]
2025-03-12 05:13:35.705 [info] > git config --get commit.template [5ms]
2025-03-12 05:13:35.706 [info] > git for-each-ref --format=%(refname)%00%(upstream:short)%00%(objectname)%00%(upstream:track)%00%(upstream:remotename)%00%(upstream:remoteref) refs/heads/main refs/remotes/main [2ms]
2025-03-12 05:13:35.709 [warning] [Git][revParse] Unable to read file: ENOENT: no such file or directory, open '/home/travthegr88/mkadi/test/intro-to-js/.git/refs/remotes/origin/main'
2025-03-12 05:13:35.710 [info] > git rev-parse refs/remotes/origin/main [1ms]
2025-03-12 05:13:35.717 [info] > git status -z -uall [4ms]
2025-03-12 05:13:35.720 [info] > git for-each-ref --sort -committerdate --format %(refname) %(objectname) %(*objectname) [3ms]
2025-03-12 05:13:54.430 [info] > git config --get commit.template [2ms]
2025-03-12 05:13:54.435 [info] > git for-each-ref --format=%(refname)%00%(upstream:short)%00%(objectname)%00%(upstream:track)%00%(upstream:remotename)%00%(upstream:remoteref) refs/heads/main refs/remotes/main [0ms]
2025-03-12 05:13:54.437 [warning] [Git][revParse] Unable to read file: ENOENT: no such file or directory, open '/home/travthegr88/mkadi/test/intro-to-js/.git/refs/remotes/origin/main'
2025-03-12 05:13:54.438 [info] > git rev-parse refs/remotes/origin/main [1ms]
2025-03-12 05:13:54.443 [info] > git status -z -uall [3ms]
2025-03-12 05:13:54.443 [info] > git for-each-ref --sort -committerdate --format %(refname) %(objectname) %(*objectname) [2ms]
2025-03-12 05:14:06.249 [info] > git config --get commit.template [1ms]
2025-03-12 05:14:06.254 [info] > git for-each-ref --format=%(refname)%00%(upstream:short)%00%(objectname)%00%(upstream:track)%00%(upstream:remotename)%00%(upstream:remoteref) refs/heads/main refs/remotes/main [1ms]
2025-03-12 05:14:06.257 [warning] [Git][revParse] Unable to read file: ENOENT: no such file or directory, open '/home/travthegr88/mkadi/test/intro-to-js/.git/refs/remotes/origin/main'
2025-03-12 05:14:06.257 [info] > git rev-parse refs/remotes/origin/main [0ms]
2025-03-12 05:14:06.263 [info] > git status -z -uall [3ms]
2025-03-12 05:14:06.263 [info] > git for-each-ref --sort -committerdate --format %(refname) %(objectname) %(*objectname) [0ms]
2025-03-12 05:14:11.268 [info] > git config --get commit.template [0ms]
2025-03-12 05:14:11.271 [info] > git for-each-ref --format=%(refname)%00%(upstream:short)%00%(objectname)%00%(upstream:track)%00%(upstream:remotename)%00%(upstream:remoteref) refs/heads/main refs/remotes/main [1ms]
2025-03-12 05:14:11.273 [warning] [Git][revParse] Unable to read file: ENOENT: no such file or directory, open '/home/travthegr88/mkadi/test/intro-to-js/.git/refs/remotes/origin/main'
2025-03-12 05:14:11.274 [info] > git rev-parse refs/remotes/origin/main [1ms]
2025-03-12 05:14:11.280 [info] > git status -z -uall [3ms]
2025-03-12 05:14:11.281 [info] > git for-each-ref --sort -committerdate --format %(refname) %(objectname) %(*objectname) [1ms]
2025-03-12 05:14:14.536 [info] > git ls-files --stage -- js/strings.js [1ms]
2025-03-12 05:14:14.540 [info] > git cat-file -s 97ad647b637d8562ec42e0c1597415a1bfeb6a63 [1ms]
2025-03-12 05:14:14.548 [info] > git show --textconv :js/strings.js [1ms]
2025-03-12 05:14:23.359 [info] > git fetch [10020ms]
2025-03-12 05:14:23.359 [info] ssh: Could not resolve hostname github.com: Temporary failure in name resolution
fatal: Could not read from remote repository.

Please make sure you have the correct access rights
and the repository exists.
2025-03-12 05:14:23.370 [info] > git config --get commit.template [4ms]
2025-03-12 05:14:23.372 [info] > git for-each-ref --format=%(refname)%00%(upstream:short)%00%(objectname)%00%(upstream:track)%00%(upstream:remotename)%00%(upstream:remoteref) refs/heads/main refs/remotes/main [2ms]
2025-03-12 05:14:23.375 [warning] [Git][revParse] Unable to read file: ENOENT: no such file or directory, open '/home/travthegr88/mkadi/test/intro-to-js/.git/refs/remotes/origin/main'
2025-03-12 05:14:23.378 [info] > git rev-parse refs/remotes/origin/main [3ms]
2025-03-12 05:14:23.384 [info] > git status -z -uall [3ms]
2025-03-12 05:14:23.384 [info] > git for-each-ref --sort -committerdate --format %(refname) %(objectname) %(*objectname) [0ms]
2025-03-12 05:14:23.390 [info] > git config --get commit.template [0ms]
2025-03-12 05:14:23.393 [info] > git for-each-ref --format=%(refname)%00%(upstream:short)%00%(objectname)%00%(upstream:track)%00%(upstream:remotename)%00%(upstream:remoteref) refs/heads/main refs/remotes/main [1ms]
2025-03-12 05:14:23.396 [warning] [Git][revParse] Unable to read file: ENOENT: no such file or directory, open '/home/travthegr88/mkadi/test/intro-to-js/.git/refs/remotes/origin/main'
2025-03-12 05:14:23.396 [info] > git rev-parse refs/remotes/origin/main [0ms]
2025-03-12 05:14:23.401 [info] > git status -z -uall [3ms]
2025-03-12 05:14:23.401 [info] > git for-each-ref --sort -committerdate --format %(refname) %(objectname) %(*objectname) [1ms]
2025-03-12 05:15:04.336 [info] > git config --get commit.template [4ms]
2025-03-12 05:15:04.336 [info] > git for-each-ref --format=%(refname)%00%(upstream:short)%00%(objectname)%00%(upstream:track)%00%(upstream:remotename)%00%(upstream:remoteref) refs/heads/main refs/remotes/main [1ms]
2025-03-12 05:15:04.339 [warning] [Git][revParse] Unable to read file: ENOENT: no such file or directory, open '/home/travthegr88/mkadi/test/intro-to-js/.git/refs/remotes/origin/main'
2025-03-12 05:15:04.340 [info] > git rev-parse refs/remotes/origin/main [1ms]
2025-03-12 05:15:04.344 [info] > git status -z -uall [3ms]
2025-03-12 05:15:04.344 [info] > git for-each-ref --sort -committerdate --format %(refname) %(objectname) %(*objectname) [0ms]
2025-03-12 05:15:09.356 [info] > git config --get commit.template [2ms]
2025-03-12 05:15:09.360 [info] > git for-each-ref --format=%(refname)%00%(upstream:short)%00%(objectname)%00%(upstream:track)%00%(upstream:remotename)%00%(upstream:remoteref) refs/heads/main refs/remotes/main [1ms]
2025-03-12 05:15:09.362 [warning] [Git][revParse] Unable to read file: ENOENT: no such file or directory, open '/home/travthegr88/mkadi/test/intro-to-js/.git/refs/remotes/origin/main'
2025-03-12 05:15:09.362 [info] > git rev-parse refs/remotes/origin/main [0ms]
2025-03-12 05:15:09.368 [info] > git status -z -uall [4ms]
2025-03-12 05:15:09.369 [info] > git for-each-ref --sort -committerdate --format %(refname) %(objectname) %(*objectname) [1ms]
2025-03-12 05:15:32.985 [info] > git config --get commit.template [5ms]
2025-03-12 05:15:32.986 [info] > git for-each-ref --format=%(refname)%00%(upstream:short)%00%(objectname)%00%(upstream:track)%00%(upstream:remotename)%00%(upstream:remoteref) refs/heads/main refs/remotes/main [1ms]
2025-03-12 05:15:32.988 [warning] [Git][revParse] Unable to read file: ENOENT: no such file or directory, open '/home/travthegr88/mkadi/test/intro-to-js/.git/refs/remotes/origin/main'
2025-03-12 05:15:32.989 [info] > git rev-parse refs/remotes/origin/main [1ms]
2025-03-12 05:15:32.996 [info] > git status -z -uall [5ms]
2025-03-12 05:15:32.996 [info] > git for-each-ref --sort -committerdate --format %(refname) %(objectname) %(*objectname) [2ms]
2025-03-12 05:15:38.016 [info] > git config --get commit.template [1ms]
2025-03-12 05:15:38.020 [info] > git for-each-ref --format=%(refname)%00%(upstream:short)%00%(objectname)%00%(upstream:track)%00%(upstream:remotename)%00%(upstream:remoteref) refs/heads/main refs/remotes/main [1ms]
2025-03-12 05:15:38.023 [warning] [Git][revParse] Unable to read file: ENOENT: no such file or directory, open '/home/travthegr88/mkadi/test/intro-to-js/.git/refs/remotes/origin/main'
2025-03-12 05:15:38.024 [info] > git rev-parse refs/remotes/origin/main [1ms]
2025-03-12 05:15:38.030 [info] > git status -z -uall [4ms]
2025-03-12 05:15:38.031 [info] > git for-each-ref --sort -committerdate --format %(refname) %(objectname) %(*objectname) [1ms]
2025-03-12 05:15:43.045 [info] > git config --get commit.template [0ms]
2025-03-12 05:15:43.051 [info] > git for-each-ref --format=%(refname)%00%(upstream:short)%00%(objectname)%00%(upstream:track)%00%(upstream:remotename)%00%(upstream:remoteref) refs/heads/main refs/remotes/main [1ms]
2025-03-12 05:15:43.054 [warning] [Git][revParse] Unable to read file: ENOENT: no such file or directory, open '/home/travthegr88/mkadi/test/intro-to-js/.git/refs/remotes/origin/main'
2025-03-12 05:15:43.055 [info] > git rev-parse refs/remotes/origin/main [1ms]
2025-03-12 05:15:43.060 [info] > git status -z -uall [2ms]
2025-03-12 05:15:43.061 [info] > git for-each-ref --sort -committerdate --format %(refname) %(objectname) %(*objectname) [1ms]
2025-03-12 05:15:49.988 [info] > git config --get commit.template [1ms]
2025-03-12 05:15:49.993 [info] > git for-each-ref --format=%(refname)%00%(upstream:short)%00%(objectname)%00%(upstream:track)%00%(upstream:remotename)%00%(upstream:remoteref) refs/heads/main refs/remotes/main [1ms]
2025-03-12 05:15:49.997 [warning] [Git][revParse] Unable to read file: ENOENT: no such file or directory, open '/home/travthegr88/mkadi/test/intro-to-js/.git/refs/remotes/origin/main'
2025-03-12 05:15:49.998 [info] > git rev-parse refs/remotes/origin/main [1ms]
2025-03-12 05:15:50.004 [info] > git status -z -uall [3ms]
2025-03-12 05:15:50.005 [info] > git for-each-ref --sort -committerdate --format %(refname) %(objectname) %(*objectname) [1ms]
2025-03-12 05:15:55.032 [info] > git config --get commit.template [1ms]
2025-03-12 05:15:55.036 [info] > git for-each-ref --format=%(refname)%00%(upstream:short)%00%(objectname)%00%(upstream:track)%00%(upstream:remotename)%00%(upstream:remoteref) refs/heads/main refs/remotes/main [1ms]
2025-03-12 05:15:55.040 [warning] [Git][revParse] Unable to read file: ENOENT: no such file or directory, open '/home/travthegr88/mkadi/test/intro-to-js/.git/refs/remotes/origin/main'
2025-03-12 05:15:55.040 [info] > git rev-parse refs/remotes/origin/main [0ms]
2025-03-12 05:15:55.053 [info] > git status -z -uall [8ms]
2025-03-12 05:15:55.053 [info] > git for-each-ref --sort -committerdate --format %(refname) %(objectname) %(*objectname) [2ms]
2025-03-12 05:16:00.067 [info] > git config --get commit.template [4ms]
2025-03-12 05:16:00.071 [info] > git for-each-ref --format=%(refname)%00%(upstream:short)%00%(objectname)%00%(upstream:track)%00%(upstream:remotename)%00%(upstream:remoteref) refs/heads/main refs/remotes/main [1ms]
2025-03-12 05:16:00.074 [warning] [Git][revParse] Unable to read file: ENOENT: no such file or directory, open '/home/travthegr88/mkadi/test/intro-to-js/.git/refs/remotes/origin/main'
2025-03-12 05:16:00.075 [info] > git rev-parse refs/remotes/origin/main [1ms]
2025-03-12 05:16:00.080 [info] > git status -z -uall [3ms]
2025-03-12 05:16:00.081 [info] > git for-each-ref --sort -committerdate --format %(refname) %(objectname) %(*objectname) [1ms]
2025-03-12 05:16:05.092 [info] > git config --get commit.template [2ms]
2025-03-12 05:16:05.097 [info] > git for-each-ref --format=%(refname)%00%(upstream:short)%00%(objectname)%00%(upstream:track)%00%(upstream:remotename)%00%(upstream:remoteref) refs/heads/main refs/remotes/main [2ms]
2025-03-12 05:16:05.100 [warning] [Git][revParse] Unable to read file: ENOENT: no such file or directory, open '/home/travthegr88/mkadi/test/intro-to-js/.git/refs/remotes/origin/main'
2025-03-12 05:16:05.101 [info] > git rev-parse refs/remotes/origin/main [1ms]
2025-03-12 05:16:05.107 [info] > git status -z -uall [3ms]
2025-03-12 05:16:05.108 [info] > git for-each-ref --sort -committerdate --format %(refname) %(objectname) %(*objectname) [1ms]
2025-03-12 05:16:08.475 [info] > git config --get commit.template [2ms]
2025-03-12 05:16:08.480 [info] > git for-each-ref --format=%(refname)%00%(upstream:short)%00%(objectname)%00%(upstream:track)%00%(upstream:remotename)%00%(upstream:remoteref) refs/heads/main refs/remotes/main [1ms]
2025-03-12 05:16:08.483 [warning] [Git][revParse] Unable to read file: ENOENT: no such file or directory, open '/home/travthegr88/mkadi/test/intro-to-js/.git/refs/remotes/origin/main'
2025-03-12 05:16:08.485 [info] > git rev-parse refs/remotes/origin/main [2ms]
2025-03-12 05:16:08.490 [info] > git status -z -uall [3ms]
2025-03-12 05:16:08.490 [info] > git for-each-ref --sort -committerdate --format %(refname) %(objectname) %(*objectname) [0ms]
2025-03-12 05:16:13.501 [info] > git config --get commit.template [1ms]
2025-03-12 05:16:13.505 [info] > git for-each-ref --format=%(refname)%00%(upstream:short)%00%(objectname)%00%(upstream:track)%00%(upstream:remotename)%00%(upstream:remoteref) refs/heads/main refs/remotes/main [1ms]
2025-03-12 05:16:13.508 [warning] [Git][revParse] Unable to read file: ENOENT: no such file or directory, open '/home/travthegr88/mkadi/test/intro-to-js/.git/refs/remotes/origin/main'
2025-03-12 05:16:13.508 [info] > git rev-parse refs/remotes/origin/main [0ms]
2025-03-12 05:16:13.513 [info] > git status -z -uall [2ms]
2025-03-12 05:16:13.513 [info] > git for-each-ref --sort -committerdate --format %(refname) %(objectname) %(*objectname) [1ms]
2025-03-12 05:16:18.529 [info] > git config --get commit.template [5ms]
2025-03-12 05:16:18.530 [info] > git for-each-ref --format=%(refname)%00%(upstream:short)%00%(objectname)%00%(upstream:track)%00%(upstream:remotename)%00%(upstream:remoteref) refs/heads/main refs/remotes/main [1ms]
2025-03-12 05:16:18.533 [warning] [Git][revParse] Unable to read file: ENOENT: no such file or directory, open '/home/travthegr88/mkadi/test/intro-to-js/.git/refs/remotes/origin/main'
2025-03-12 05:16:18.533 [info] > git rev-parse refs/remotes/origin/main [0ms]
2025-03-12 05:16:18.538 [info] > git status -z -uall [3ms]
2025-03-12 05:16:18.538 [info] > git for-each-ref --sort -committerdate --format %(refname) %(objectname) %(*objectname) [0ms]
2025-03-12 05:16:23.552 [info] > git config --get commit.template [1ms]
2025-03-12 05:16:23.559 [info] > git for-each-ref --format=%(refname)%00%(upstream:short)%00%(objectname)%00%(upstream:track)%00%(upstream:remotename)%00%(upstream:remoteref) refs/heads/main refs/remotes/main [3ms]
2025-03-12 05:16:23.562 [warning] [Git][revParse] Unable to read file: ENOENT: no such file or directory, open '/home/travthegr88/mkadi/test/intro-to-js/.git/refs/remotes/origin/main'
2025-03-12 05:16:23.562 [info] > git rev-parse refs/remotes/origin/main [0ms]
2025-03-12 05:16:23.567 [info] > git status -z -uall [3ms]
2025-03-12 05:16:23.568 [info] > git for-each-ref --sort -committerdate --format %(refname) %(objectname) %(*objectname) [2ms]
2025-03-12 05:16:28.574 [info] > git config --get commit.template [1ms]
2025-03-12 05:16:28.578 [info] > git for-each-ref --format=%(refname)%00%(upstream:short)%00%(objectname)%00%(upstream:track)%00%(upstream:remotename)%00%(upstream:remoteref) refs/heads/main refs/remotes/main [1ms]
2025-03-12 05:16:28.580 [warning] [Git][revParse] Unable to read file: ENOENT: no such file or directory, open '/home/travthegr88/mkadi/test/intro-to-js/.git/refs/remotes/origin/main'
2025-03-12 05:16:28.581 [info] > git rev-parse refs/remotes/origin/main [0ms]
2025-03-12 05:16:28.584 [info] > git status -z -uall [2ms]
2025-03-12 05:16:28.585 [info] > git for-each-ref --sort -committerdate --format %(refname) %(objectname) %(*objectname) [1ms]
2025-03-12 05:16:38.124 [info] > git config --get commit.template [6ms]
2025-03-12 05:16:38.124 [info] > git for-each-ref --format=%(refname)%00%(upstream:short)%00%(objectname)%00%(upstream:track)%00%(upstream:remotename)%00%(upstream:remoteref) refs/heads/main refs/remotes/main [1ms]
2025-03-12 05:16:38.127 [warning] [Git][revParse] Unable to read file: ENOENT: no such file or directory, open '/home/travthegr88/mkadi/test/intro-to-js/.git/refs/remotes/origin/main'
2025-03-12 05:16:38.128 [info] > git rev-parse refs/remotes/origin/main [1ms]
2025-03-12 05:16:38.134 [info] > git status -z -uall [3ms]
2025-03-12 05:16:38.134 [info] > git for-each-ref --sort -committerdate --format %(refname) %(objectname) %(*objectname) [0ms]
2025-03-12 05:16:43.147 [info] > git config --get commit.template [4ms]
2025-03-12 05:16:43.148 [info] > git for-each-ref --format=%(refname)%00%(upstream:short)%00%(objectname)%00%(upstream:track)%00%(upstream:remotename)%00%(upstream:remoteref) refs/heads/main refs/remotes/main [1ms]
2025-03-12 05:16:43.150 [warning] [Git][revParse] Unable to read file: ENOENT: no such file or directory, open '/home/travthegr88/mkadi/test/intro-to-js/.git/refs/remotes/origin/main'
2025-03-12 05:16:43.151 [info] > git rev-parse refs/remotes/origin/main [1ms]
2025-03-12 05:16:43.158 [info] > git status -z -uall [5ms]
2025-03-12 05:16:43.158 [info] > git for-each-ref --sort -committerdate --format %(refname) %(objectname) %(*objectname) [2ms]
2025-03-12 05:16:51.435 [info] > git config --get commit.template [1ms]
2025-03-12 05:16:51.441 [info] > git for-each-ref --format=%(refname)%00%(upstream:short)%00%(objectname)%00%(upstream:track)%00%(upstream:remotename)%00%(upstream:remoteref) refs/heads/main refs/remotes/main [2ms]
2025-03-12 05:16:51.444 [warning] [Git][revParse] Unable to read file: ENOENT: no such file or directory, open '/home/travthegr88/mkadi/test/intro-to-js/.git/refs/remotes/origin/main'
2025-03-12 05:16:51.445 [info] > git rev-parse refs/remotes/origin/main [1ms]
2025-03-12 05:16:51.449 [info] > git status -z -uall [2ms]
2025-03-12 05:16:51.450 [info] > git for-each-ref --sort -committerdate --format %(refname) %(objectname) %(*objectname) [1ms]
2025-03-12 05:16:56.470 [info] > git config --get commit.template [1ms]
2025-03-12 05:16:56.473 [info] > git for-each-ref --format=%(refname)%00%(upstream:short)%00%(objectname)%00%(upstream:track)%00%(upstream:remotename)%00%(upstream:remoteref) refs/heads/main refs/remotes/main [0ms]
2025-03-12 05:16:56.477 [warning] [Git][revParse] Unable to read file: ENOENT: no such file or directory, open '/home/travthegr88/mkadi/test/intro-to-js/.git/refs/remotes/origin/main'
2025-03-12 05:16:56.478 [info] > git rev-parse refs/remotes/origin/main [1ms]
2025-03-12 05:16:56.484 [info] > git status -z -uall [3ms]
2025-03-12 05:16:56.485 [info] > git for-each-ref --sort -committerdate --format %(refname) %(objectname) %(*objectname) [1ms]
2025-03-12 05:17:17.538 [info] > git ls-files --stage -- js/strings.js [1ms]
2025-03-12 05:17:17.542 [info] > git cat-file -s 97ad647b637d8562ec42e0c1597415a1bfeb6a63 [1ms]
2025-03-12 05:17:17.551 [info] > git show --textconv :js/strings.js [1ms]
2025-03-12 05:17:20.289 [info] > git fetch [3961ms]
2025-03-12 05:17:20.296 [info] > git config --get commit.template [2ms]
2025-03-12 05:17:20.300 [info] > git for-each-ref --format=%(refname)%00%(upstream:short)%00%(objectname)%00%(upstream:track)%00%(upstream:remotename)%00%(upstream:remoteref) refs/heads/main refs/remotes/main [1ms]
2025-03-12 05:17:20.302 [warning] [Git][revParse] Unable to read file: ENOENT: no such file or directory, open '/home/travthegr88/mkadi/test/intro-to-js/.git/refs/remotes/origin/main'
2025-03-12 05:17:20.303 [info] > git rev-parse refs/remotes/origin/main [1ms]
2025-03-12 05:17:20.309 [info] > git status -z -uall [3ms]
2025-03-12 05:17:20.310 [info] > git for-each-ref --sort -committerdate --format %(refname) %(objectname) %(*objectname) [1ms]
2025-03-12 05:17:21.146 [info] > git ls-files --stage -- js/strings.js [2ms]
2025-03-12 05:17:21.152 [info] > git cat-file -s 97ad647b637d8562ec42e0c1597415a1bfeb6a63 [1ms]
2025-03-12 05:17:21.165 [info] > git show --textconv :js/strings.js [2ms]
2025-03-12 05:19:20.325 [info] > git show --textconv :js/app.js [3ms]
2025-03-12 05:19:20.326 [info] > git ls-files --stage -- js/app.js [1ms]
2025-03-12 05:19:20.330 [info] > git cat-file -s 1eff84fcb8c1ea0030eaacfed4f253fbc91a5295 [0ms]
2025-03-12 05:19:40.583 [info] > git show --textconv :js/strings.js [5ms]
2025-03-12 05:19:40.583 [info] > git ls-files --stage -- js/strings.js [1ms]
2025-03-12 05:19:40.589 [info] > git cat-file -s 97ad647b637d8562ec42e0c1597415a1bfeb6a63 [2ms]
2025-03-12 05:20:09.687 [info] > git ls-files --stage -- js/app.js [4ms]
2025-03-12 05:20:09.691 [info] > git ls-files --stage -- js/strings.js [6ms]
2025-03-12 05:20:09.693 [info] > git cat-file -s 1eff84fcb8c1ea0030eaacfed4f253fbc91a5295 [3ms]
2025-03-12 05:20:09.693 [info] > git cat-file -s 97ad647b637d8562ec42e0c1597415a1bfeb6a63 [1ms]
2025-03-12 05:20:09.704 [info] > git show --textconv :js/app.js [3ms]
2025-03-12 05:20:09.705 [info] > git show --textconv :js/strings.js [1ms]
2025-03-12 05:20:12.691 [info] > git fetch [2150ms]
2025-03-12 05:20:12.702 [info] > git config --get commit.template [4ms]
2025-03-12 05:20:12.703 [info] > git for-each-ref --format=%(refname)%00%(upstream:short)%00%(objectname)%00%(upstream:track)%00%(upstream:remotename)%00%(upstream:remoteref) refs/heads/main refs/remotes/main [3ms]
2025-03-12 05:20:12.706 [warning] [Git][revParse] Unable to read file: ENOENT: no such file or directory, open '/home/travthegr88/mkadi/test/intro-to-js/.git/refs/remotes/origin/main'
2025-03-12 05:20:12.707 [info] > git rev-parse refs/remotes/origin/main [1ms]
2025-03-12 05:20:12.713 [info] > git status -z -uall [3ms]
2025-03-12 05:20:12.715 [info] > git for-each-ref --sort -committerdate --format %(refname) %(objectname) %(*objectname) [3ms]
2025-03-12 05:20:13.560 [info] > git ls-files --stage -- js/app.js [13ms]
2025-03-12 05:20:13.571 [info] > git ls-files --stage -- js/strings.js [15ms]
2025-03-12 05:20:13.576 [info] > git cat-file -s 1eff84fcb8c1ea0030eaacfed4f253fbc91a5295 [7ms]
2025-03-12 05:20:13.577 [info] > git cat-file -s 97ad647b637d8562ec42e0c1597415a1bfeb6a63 [2ms]
2025-03-12 05:20:13.594 [info] > git show --textconv :js/app.js [9ms]
2025-03-12 05:20:13.594 [info] > git show --textconv :js/strings.js [0ms]
2025-03-12 05:21:54.113 [info] > git config --get commit.template [3ms]
2025-03-12 05:21:54.116 [info] > git for-each-ref --format=%(refname)%00%(upstream:short)%00%(objectname)%00%(upstream:track)%00%(upstream:remotename)%00%(upstream:remoteref) refs/heads/main refs/remotes/main [1ms]
2025-03-12 05:21:54.118 [warning] [Git][revParse] Unable to read file: ENOENT: no such file or directory, open '/home/travthegr88/mkadi/test/intro-to-js/.git/refs/remotes/origin/main'
2025-03-12 05:21:54.118 [info] > git rev-parse refs/remotes/origin/main [0ms]
2025-03-12 05:21:54.122 [info] > git status -z -uall [2ms]
2025-03-12 05:21:54.123 [info] > git for-each-ref --sort -committerdate --format %(refname) %(objectname) %(*objectname) [1ms]
2025-03-12 05:21:59.133 [info] > git config --get commit.template [2ms]
2025-03-12 05:21:59.138 [info] > git for-each-ref --format=%(refname)%00%(upstream:short)%00%(objectname)%00%(upstream:track)%00%(upstream:remotename)%00%(upstream:remoteref) refs/heads/main refs/remotes/main [1ms]
2025-03-12 05:21:59.141 [warning] [Git][revParse] Unable to read file: ENOENT: no such file or directory, open '/home/travthegr88/mkadi/test/intro-to-js/.git/refs/remotes/origin/main'
2025-03-12 05:21:59.142 [info] > git rev-parse refs/remotes/origin/main [2ms]
2025-03-12 05:21:59.148 [info] > git status -z -uall [3ms]
2025-03-12 05:21:59.149 [info] > git for-each-ref --sort -committerdate --format %(refname) %(objectname) %(*objectname) [1ms]
2025-03-12 05:22:04.163 [info] > git config --get commit.template [4ms]
2025-03-12 05:22:04.164 [info] > git for-each-ref --format=%(refname)%00%(upstream:short)%00%(objectname)%00%(upstream:track)%00%(upstream:remotename)%00%(upstream:remoteref) refs/heads/main refs/remotes/main [1ms]
2025-03-12 05:22:04.166 [warning] [Git][revParse] Unable to read file: ENOENT: no such file or directory, open '/home/travthegr88/mkadi/test/intro-to-js/.git/refs/remotes/origin/main'
2025-03-12 05:22:04.166 [info] > git rev-parse refs/remotes/origin/main [0ms]
2025-03-12 05:22:04.173 [info] > git status -z -uall [5ms]
2025-03-12 05:22:04.183 [info] > git for-each-ref --sort -committerdate --format %(refname) %(objectname) %(*objectname) [13ms]
2025-03-12 05:22:12.231 [info] > git config --get commit.template [5ms]
2025-03-12 05:22:12.232 [info] > git for-each-ref --format=%(refname)%00%(upstream:short)%00%(objectname)%00%(upstream:track)%00%(upstream:remotename)%00%(upstream:remoteref) refs/heads/main refs/remotes/main [2ms]
2025-03-12 05:22:12.235 [warning] [Git][revParse] Unable to read file: ENOENT: no such file or directory, open '/home/travthegr88/mkadi/test/intro-to-js/.git/refs/remotes/origin/main'
2025-03-12 05:22:12.235 [info] > git rev-parse refs/remotes/origin/main [1ms]
2025-03-12 05:22:12.248 [info] > git status -z -uall [7ms]
2025-03-12 05:22:12.249 [info] > git for-each-ref --sort -committerdate --format %(refname) %(objectname) %(*objectname) [1ms]
2025-03-12 05:22:17.259 [info] > git config --get commit.template [1ms]
2025-03-12 05:22:17.263 [info] > git for-each-ref --format=%(refname)%00%(upstream:short)%00%(objectname)%00%(upstream:track)%00%(upstream:remotename)%00%(upstream:remoteref) refs/heads/main refs/remotes/main [1ms]
2025-03-12 05:22:17.266 [warning] [Git][revParse] Unable to read file: ENOENT: no such file or directory, open '/home/travthegr88/mkadi/test/intro-to-js/.git/refs/remotes/origin/main'
2025-03-12 05:22:17.267 [info] > git rev-parse refs/remotes/origin/main [1ms]
2025-03-12 05:22:17.275 [info] > git status -z -uall [4ms]
2025-03-12 05:22:17.276 [info] > git for-each-ref --sort -committerdate --format %(refname) %(objectname) %(*objectname) [1ms]
2025-03-12 05:22:22.287 [info] > git config --get commit.template [2ms]
2025-03-12 05:22:22.293 [info] > git for-each-ref --format=%(refname)%00%(upstream:short)%00%(objectname)%00%(upstream:track)%00%(upstream:remotename)%00%(upstream:remoteref) refs/heads/main refs/remotes/main [0ms]
2025-03-12 05:22:22.295 [warning] [Git][revParse] Unable to read file: ENOENT: no such file or directory, open '/home/travthegr88/mkadi/test/intro-to-js/.git/refs/remotes/origin/main'
2025-03-12 05:22:22.296 [info] > git rev-parse refs/remotes/origin/main [1ms]
2025-03-12 05:22:22.302 [info] > git status -z -uall [4ms]
2025-03-12 05:22:22.302 [info] > git for-each-ref --sort -committerdate --format %(refname) %(objectname) %(*objectname) [1ms]
2025-03-12 05:22:27.315 [info] > git config --get commit.template [1ms]
2025-03-12 05:22:27.321 [info] > git for-each-ref --format=%(refname)%00%(upstream:short)%00%(objectname)%00%(upstream:track)%00%(upstream:remotename)%00%(upstream:remoteref) refs/heads/main refs/remotes/main [2ms]
2025-03-12 05:22:27.326 [warning] [Git][revParse] Unable to read file: ENOENT: no such file or directory, open '/home/travthegr88/mkadi/test/intro-to-js/.git/refs/remotes/origin/main'
2025-03-12 05:22:27.327 [info] > git rev-parse refs/remotes/origin/main [1ms]
2025-03-12 05:22:27.333 [info] > git status -z -uall [3ms]
2025-03-12 05:22:27.333 [info] > git for-each-ref --sort -committerdate --format %(refname) %(objectname) %(*objectname) [1ms]
2025-03-12 05:22:32.349 [info] > git config --get commit.template [1ms]
2025-03-12 05:22:32.353 [info] > git for-each-ref --format=%(refname)%00%(upstream:short)%00%(objectname)%00%(upstream:track)%00%(upstream:remotename)%00%(upstream:remoteref) refs/heads/main refs/remotes/main [1ms]
2025-03-12 05:22:32.358 [warning] [Git][revParse] Unable to read file: ENOENT: no such file or directory, open '/home/travthegr88/mkadi/test/intro-to-js/.git/refs/remotes/origin/main'
2025-03-12 05:22:32.359 [info] > git rev-parse refs/remotes/origin/main [1ms]
2025-03-12 05:22:32.364 [info] > git status -z -uall [3ms]
2025-03-12 05:22:32.365 [info] > git for-each-ref --sort -committerdate --format %(refname) %(objectname) %(*objectname) [0ms]
2025-03-12 05:22:37.375 [info] > git config --get commit.template [1ms]
2025-03-12 05:22:37.379 [info] > git for-each-ref --format=%(refname)%00%(upstream:short)%00%(objectname)%00%(upstream:track)%00%(upstream:remotename)%00%(upstream:remoteref) refs/heads/main refs/remotes/main [1ms]
2025-03-12 05:22:37.384 [warning] [Git][revParse] Unable to read file: ENOENT: no such file or directory, open '/home/travthegr88/mkadi/test/intro-to-js/.git/refs/remotes/origin/main'
2025-03-12 05:22:37.385 [info] > git rev-parse refs/remotes/origin/main [1ms]
2025-03-12 05:22:37.392 [info] > git status -z -uall [4ms]
2025-03-12 05:22:37.392 [info] > git for-each-ref --sort -committerdate --format %(refname) %(objectname) %(*objectname) [1ms]
2025-03-12 05:22:42.399 [info] > git config --get commit.template [1ms]
2025-03-12 05:22:42.405 [info] > git for-each-ref --format=%(refname)%00%(upstream:short)%00%(objectname)%00%(upstream:track)%00%(upstream:remotename)%00%(upstream:remoteref) refs/heads/main refs/remotes/main [1ms]
2025-03-12 05:22:42.407 [warning] [Git][revParse] Unable to read file: ENOENT: no such file or directory, open '/home/travthegr88/mkadi/test/intro-to-js/.git/refs/remotes/origin/main'
2025-03-12 05:22:42.408 [info] > git rev-parse refs/remotes/origin/main [1ms]
2025-03-12 05:22:42.414 [info] > git status -z -uall [4ms]
2025-03-12 05:22:42.414 [info] > git for-each-ref --sort -committerdate --format %(refname) %(objectname) %(*objectname) [1ms]
2025-03-12 05:22:47.423 [info] > git config --get commit.template [2ms]
2025-03-12 05:22:47.424 [info] > git for-each-ref --format=%(refname)%00%(upstream:short)%00%(objectname)%00%(upstream:track)%00%(upstream:remotename)%00%(upstream:remoteref) refs/heads/main refs/remotes/main [1ms]
2025-03-12 05:22:47.427 [warning] [Git][revParse] Unable to read file: ENOENT: no such file or directory, open '/home/travthegr88/mkadi/test/intro-to-js/.git/refs/remotes/origin/main'
2025-03-12 05:22:47.427 [info] > git rev-parse refs/remotes/origin/main [1ms]
2025-03-12 05:22:47.432 [info] > git status -z -uall [3ms]
2025-03-12 05:22:47.432 [info] > git for-each-ref --sort -committerdate --format %(refname) %(objectname) %(*objectname) [1ms]
2025-03-12 05:23:07.692 [info] > git ls-files --stage -- js/strings.js [1ms]
2025-03-12 05:23:07.695 [info] > git cat-file -s 97ad647b637d8562ec42e0c1597415a1bfeb6a63 [0ms]
2025-03-12 05:23:07.704 [info] > git show --textconv :js/strings.js [1ms]
2025-03-12 05:23:16.523 [info] > git fetch [10045ms]
2025-03-12 05:23:16.523 [info] ssh: Could not resolve hostname github.com: Temporary failure in name resolution
fatal: Could not read from remote repository.

Please make sure you have the correct access rights
and the repository exists.
2025-03-12 05:23:16.529 [info] > git config --get commit.template [1ms]
2025-03-12 05:23:16.536 [info] > git for-each-ref --format=%(refname)%00%(upstream:short)%00%(objectname)%00%(upstream:track)%00%(upstream:remotename)%00%(upstream:remoteref) refs/heads/main refs/remotes/main [1ms]
2025-03-12 05:23:16.540 [warning] [Git][revParse] Unable to read file: ENOENT: no such file or directory, open '/home/travthegr88/mkadi/test/intro-to-js/.git/refs/remotes/origin/main'
2025-03-12 05:23:16.542 [info] > git rev-parse refs/remotes/origin/main [2ms]
2025-03-12 05:23:16.552 [info] > git status -z -uall [6ms]
2025-03-12 05:23:16.553 [info] > git for-each-ref --sort -committerdate --format %(refname) %(objectname) %(*objectname) [3ms]
2025-03-12 05:26:17.764 [info] > git ls-files --stage -- js/strings.js [4ms]
2025-03-12 05:26:17.768 [info] > git cat-file -s 97ad647b637d8562ec42e0c1597415a1bfeb6a63 [1ms]
2025-03-12 05:26:17.776 [info] > git show --textconv :js/strings.js [1ms]
2025-03-12 05:26:26.579 [info] > git fetch [10018ms]
2025-03-12 05:26:26.579 [info] ssh: Could not resolve hostname github.com: Temporary failure in name resolution
fatal: Could not read from remote repository.

Please make sure you have the correct access rights
and the repository exists.
2025-03-12 05:26:26.594 [info] > git for-each-ref --format=%(refname)%00%(upstream:short)%00%(objectname)%00%(upstream:track)%00%(upstream:remotename)%00%(upstream:remoteref) refs/heads/main refs/remotes/main [3ms]
2025-03-12 05:26:26.595 [info] > git config --get commit.template [10ms]
2025-03-12 05:26:26.600 [warning] [Git][revParse] Unable to read file: ENOENT: no such file or directory, open '/home/travthegr88/mkadi/test/intro-to-js/.git/refs/remotes/origin/main'
2025-03-12 05:26:26.601 [info] > git rev-parse refs/remotes/origin/main [1ms]
2025-03-12 05:26:26.612 [info] > git status -z -uall [6ms]
2025-03-12 05:26:26.613 [info] > git for-each-ref --sort -committerdate --format %(refname) %(objectname) %(*objectname) [1ms]
2025-03-12 05:41:52.973 [info] > git show --textconv :js/app.js [3ms]
2025-03-12 05:41:52.973 [info] > git ls-files --stage -- js/app.js [1ms]
2025-03-12 05:41:52.981 [info] > git cat-file -s 1eff84fcb8c1ea0030eaacfed4f253fbc91a5295 [3ms]
2025-03-12 05:41:53.639 [info] > git ls-files --stage -- js/app.js [2ms]
2025-03-12 05:41:53.645 [info] > git cat-file -s 1eff84fcb8c1ea0030eaacfed4f253fbc91a5295 [2ms]
2025-03-12 05:41:53.655 [info] > git show --textconv :js/app.js [1ms]
2025-03-12 05:41:56.005 [info] > git fetch [3581ms]
2025-03-12 05:41:56.011 [info] > git config --get commit.template [0ms]
2025-03-12 05:41:56.014 [info] > git for-each-ref --format=%(refname)%00%(upstream:short)%00%(objectname)%00%(upstream:track)%00%(upstream:remotename)%00%(upstream:remoteref) refs/heads/main refs/remotes/main [1ms]
2025-03-12 05:41:56.017 [warning] [Git][revParse] Unable to read file: ENOENT: no such file or directory, open '/home/travthegr88/mkadi/test/intro-to-js/.git/refs/remotes/origin/main'
2025-03-12 05:41:56.017 [info] > git rev-parse refs/remotes/origin/main [1ms]
2025-03-12 05:41:56.024 [info] > git status -z -uall [5ms]
2025-03-12 05:41:56.025 [info] > git for-each-ref --sort -committerdate --format %(refname) %(objectname) %(*objectname) [4ms]
2025-03-12 05:41:56.893 [info] > git ls-files --stage -- js/app.js [1ms]
2025-03-12 05:41:56.896 [info] > git cat-file -s 1eff84fcb8c1ea0030eaacfed4f253fbc91a5295 [1ms]
2025-03-12 05:41:56.956 [info] > git show --textconv :js/app.js [1ms]
2025-03-12 05:42:13.171 [info] > git show --textconv :js/strings.js [6ms]
2025-03-12 05:42:13.172 [info] > git ls-files --stage -- js/strings.js [1ms]
2025-03-12 05:42:13.175 [info] > git cat-file -s 97ad647b637d8562ec42e0c1597415a1bfeb6a63 [1ms]
2025-03-12 05:42:33.370 [info] > git config --get commit.template [3ms]
2025-03-12 05:42:33.370 [info] > git for-each-ref --format=%(refname)%00%(upstream:short)%00%(objectname)%00%(upstream:track)%00%(upstream:remotename)%00%(upstream:remoteref) refs/heads/main refs/remotes/main [1ms]
2025-03-12 05:42:33.373 [warning] [Git][revParse] Unable to read file: ENOENT: no such file or directory, open '/home/travthegr88/mkadi/test/intro-to-js/.git/refs/remotes/origin/main'
2025-03-12 05:42:33.375 [info] > git rev-parse refs/remotes/origin/main [2ms]
2025-03-12 05:42:33.380 [info] > git status -z -uall [3ms]
2025-03-12 05:42:33.381 [info] > git for-each-ref --sort -committerdate --format %(refname) %(objectname) %(*objectname) [1ms]
2025-03-12 05:42:38.394 [info] > git config --get commit.template [4ms]
2025-03-12 05:42:38.395 [info] > git for-each-ref --format=%(refname)%00%(upstream:short)%00%(objectname)%00%(upstream:track)%00%(upstream:remotename)%00%(upstream:remoteref) refs/heads/main refs/remotes/main [1ms]
2025-03-12 05:42:38.397 [warning] [Git][revParse] Unable to read file: ENOENT: no such file or directory, open '/home/travthegr88/mkadi/test/intro-to-js/.git/refs/remotes/origin/main'
2025-03-12 05:42:38.398 [info] > git rev-parse refs/remotes/origin/main [1ms]
2025-03-12 05:42:38.403 [info] > git status -z -uall [2ms]
2025-03-12 05:42:38.403 [info] > git for-each-ref --sort -committerdate --format %(refname) %(objectname) %(*objectname) [0ms]
2025-03-12 05:42:43.412 [info] > git config --get commit.template [1ms]
2025-03-12 05:42:43.416 [info] > git for-each-ref --format=%(refname)%00%(upstream:short)%00%(objectname)%00%(upstream:track)%00%(upstream:remotename)%00%(upstream:remoteref) refs/heads/main refs/remotes/main [1ms]
2025-03-12 05:42:43.418 [warning] [Git][revParse] Unable to read file: ENOENT: no such file or directory, open '/home/travthegr88/mkadi/test/intro-to-js/.git/refs/remotes/origin/main'
2025-03-12 05:42:43.419 [info] > git rev-parse refs/remotes/origin/main [1ms]
2025-03-12 05:42:43.426 [info] > git status -z -uall [4ms]
2025-03-12 05:42:43.426 [info] > git for-each-ref --sort -committerdate --format %(refname) %(objectname) %(*objectname) [1ms]
2025-03-12 05:42:48.438 [info] > git config --get commit.template [5ms]
2025-03-12 05:42:48.438 [info] > git for-each-ref --format=%(refname)%00%(upstream:short)%00%(objectname)%00%(upstream:track)%00%(upstream:remotename)%00%(upstream:remoteref) refs/heads/main refs/remotes/main [1ms]
2025-03-12 05:42:48.441 [warning] [Git][revParse] Unable to read file: ENOENT: no such file or directory, open '/home/travthegr88/mkadi/test/intro-to-js/.git/refs/remotes/origin/main'
2025-03-12 05:42:48.441 [info] > git rev-parse refs/remotes/origin/main [0ms]
2025-03-12 05:42:48.446 [info] > git status -z -uall [2ms]
2025-03-12 05:42:48.446 [info] > git for-each-ref --sort -committerdate --format %(refname) %(objectname) %(*objectname) [0ms]
2025-03-12 05:44:51.004 [info] > git ls-files --stage -- js/strings.js [2ms]
2025-03-12 05:44:51.007 [info] > git ls-files --stage -- js/app.js [8ms]
2025-03-12 05:44:51.010 [info] > git cat-file -s 97ad647b637d8562ec42e0c1597415a1bfeb6a63 [2ms]
2025-03-12 05:44:51.010 [info] > git cat-file -s 1eff84fcb8c1ea0030eaacfed4f253fbc91a5295 [1ms]
2025-03-12 05:44:51.021 [info] > git show --textconv :js/strings.js [4ms]
2025-03-12 05:44:51.021 [info] > git show --textconv :js/app.js [1ms]
2025-03-12 05:44:53.684 [info] > git fetch [3934ms]
2025-03-12 05:44:53.692 [info] > git config --get commit.template [4ms]
2025-03-12 05:44:53.692 [info] > git for-each-ref --format=%(refname)%00%(upstream:short)%00%(objectname)%00%(upstream:track)%00%(upstream:remotename)%00%(upstream:remoteref) refs/heads/main refs/remotes/main [0ms]
2025-03-12 05:44:53.696 [warning] [Git][revParse] Unable to read file: ENOENT: no such file or directory, open '/home/travthegr88/mkadi/test/intro-to-js/.git/refs/remotes/origin/main'
2025-03-12 05:44:53.697 [info] > git rev-parse refs/remotes/origin/main [2ms]
2025-03-12 05:44:53.703 [info] > git status -z -uall [3ms]
2025-03-12 05:44:53.704 [info] > git for-each-ref --sort -committerdate --format %(refname) %(objectname) %(*objectname) [2ms]
2025-03-12 05:44:54.546 [info] > git ls-files --stage -- js/strings.js [1ms]
2025-03-12 05:44:54.550 [info] > git cat-file -s 97ad647b637d8562ec42e0c1597415a1bfeb6a63 [1ms]
2025-03-12 05:44:54.559 [info] > git show --textconv :js/strings.js [1ms]
2025-03-12 05:47:42.617 [info] > git ls-files --stage -- js/strings.js [1ms]
2025-03-12 05:47:42.620 [info] > git cat-file -s 97ad647b637d8562ec42e0c1597415a1bfeb6a63 [0ms]
2025-03-12 05:47:42.627 [info] > git show --textconv :js/strings.js [1ms]
2025-03-12 05:47:45.267 [info] > git fetch [3843ms]
2025-03-12 05:47:45.273 [info] > git config --get commit.template [3ms]
2025-03-12 05:47:45.274 [info] > git for-each-ref --format=%(refname)%00%(upstream:short)%00%(objectname)%00%(upstream:track)%00%(upstream:remotename)%00%(upstream:remoteref) refs/heads/main refs/remotes/main [1ms]
2025-03-12 05:47:45.276 [warning] [Git][revParse] Unable to read file: ENOENT: no such file or directory, open '/home/travthegr88/mkadi/test/intro-to-js/.git/refs/remotes/origin/main'
2025-03-12 05:47:45.277 [info] > git rev-parse refs/remotes/origin/main [1ms]
2025-03-12 05:47:45.281 [info] > git status -z -uall [2ms]
2025-03-12 05:47:45.281 [info] > git for-each-ref --sort -committerdate --format %(refname) %(objectname) %(*objectname) [1ms]
2025-03-12 05:47:46.138 [info] > git ls-files --stage -- js/strings.js [1ms]
2025-03-12 05:47:46.141 [info] > git cat-file -s 97ad647b637d8562ec42e0c1597415a1bfeb6a63 [0ms]
2025-03-12 05:47:46.149 [info] > git show --textconv :js/strings.js [1ms]
2025-03-12 05:50:36.759 [info] > git ls-files --stage -- js/strings.js [1ms]
2025-03-12 05:50:36.763 [info] > git cat-file -s 97ad647b637d8562ec42e0c1597415a1bfeb6a63 [2ms]
2025-03-12 05:50:36.771 [info] > git show --textconv :js/strings.js [1ms]
2025-03-12 05:50:39.361 [info] > git fetch [3803ms]
2025-03-12 05:50:39.373 [info] > git config --get commit.template [5ms]
2025-03-12 05:50:39.374 [info] > git for-each-ref --format=%(refname)%00%(upstream:short)%00%(objectname)%00%(upstream:track)%00%(upstream:remotename)%00%(upstream:remoteref) refs/heads/main refs/remotes/main [1ms]
2025-03-12 05:50:39.378 [warning] [Git][revParse] Unable to read file: ENOENT: no such file or directory, open '/home/travthegr88/mkadi/test/intro-to-js/.git/refs/remotes/origin/main'
2025-03-12 05:50:39.379 [info] > git rev-parse refs/remotes/origin/main [1ms]
2025-03-12 05:50:39.386 [info] > git status -z -uall [4ms]
2025-03-12 05:50:39.387 [info] > git for-each-ref --sort -committerdate --format %(refname) %(objectname) %(*objectname) [2ms]
2025-03-12 05:50:40.252 [info] > git ls-files --stage -- js/strings.js [2ms]
2025-03-12 05:50:40.257 [info] > git cat-file -s 97ad647b637d8562ec42e0c1597415a1bfeb6a63 [1ms]
2025-03-12 05:50:40.267 [info] > git show --textconv :js/strings.js [0ms]
2025-03-12 05:53:28.518 [info] > git ls-files --stage -- js/strings.js [2ms]
2025-03-12 05:53:28.521 [info] > git cat-file -s 97ad647b637d8562ec42e0c1597415a1bfeb6a63 [0ms]
2025-03-12 05:53:28.531 [info] > git show --textconv :js/strings.js [1ms]
2025-03-12 05:53:31.082 [info] > git fetch [3796ms]
2025-03-12 05:53:31.095 [info] > git config --get commit.template [7ms]
2025-03-12 05:53:31.096 [info] > git for-each-ref --format=%(refname)%00%(upstream:short)%00%(objectname)%00%(upstream:track)%00%(upstream:remotename)%00%(upstream:remoteref) refs/heads/main refs/remotes/main [2ms]
2025-03-12 05:53:31.099 [warning] [Git][revParse] Unable to read file: ENOENT: no such file or directory, open '/home/travthegr88/mkadi/test/intro-to-js/.git/refs/remotes/origin/main'
2025-03-12 05:53:31.100 [info] > git rev-parse refs/remotes/origin/main [1ms]
2025-03-12 05:53:31.106 [info] > git status -z -uall [3ms]
2025-03-12 05:53:31.108 [info] > git for-each-ref --sort -committerdate --format %(refname) %(objectname) %(*objectname) [2ms]
2025-03-12 05:53:31.950 [info] > git ls-files --stage -- js/strings.js [1ms]
2025-03-12 05:53:31.953 [info] > git cat-file -s 97ad647b637d8562ec42e0c1597415a1bfeb6a63 [1ms]
2025-03-12 05:53:31.962 [info] > git show --textconv :js/strings.js [2ms]
2025-03-12 05:56:32.322 [info] > git ls-files --stage -- js/strings.js [1ms]
2025-03-12 05:56:32.327 [info] > git cat-file -s 97ad647b637d8562ec42e0c1597415a1bfeb6a63 [1ms]
2025-03-12 05:56:32.337 [info] > git show --textconv :js/strings.js [1ms]
2025-03-12 05:56:37.290 [info] > git fetch [6173ms]
2025-03-12 05:56:37.296 [info] > git config --get commit.template [2ms]
2025-03-12 05:56:37.299 [info] > git for-each-ref --format=%(refname)%00%(upstream:short)%00%(objectname)%00%(upstream:track)%00%(upstream:remotename)%00%(upstream:remoteref) refs/heads/main refs/remotes/main [0ms]
2025-03-12 05:56:37.302 [warning] [Git][revParse] Unable to read file: ENOENT: no such file or directory, open '/home/travthegr88/mkadi/test/intro-to-js/.git/refs/remotes/origin/main'
2025-03-12 05:56:37.303 [info] > git rev-parse refs/remotes/origin/main [0ms]
2025-03-12 05:56:37.308 [info] > git status -z -uall [4ms]
2025-03-12 05:56:37.309 [info] > git for-each-ref --sort -committerdate --format %(refname) %(objectname) %(*objectname) [1ms]
2025-03-12 05:56:40.878 [info] > git ls-files --stage -- js/strings.js [1ms]
2025-03-12 05:56:40.883 [info] > git cat-file -s 97ad647b637d8562ec42e0c1597415a1bfeb6a63 [1ms]
2025-03-12 05:56:40.935 [info] > git show --textconv :js/strings.js [1ms]
2025-03-12 06:31:00.312 [info] > git show --textconv :js/functions.js [3ms]
2025-03-12 06:31:00.313 [info] > git ls-files --stage -- js/functions.js [1ms]
2025-03-12 06:31:00.318 [info] > git cat-file -s 17a7a6c6a13e96fcbc7098d93fb8864773543833 [1ms]
2025-03-12 06:31:01.013 [info] > git ls-files --stage -- js/functions.js [1ms]
2025-03-12 06:31:01.016 [info] > git cat-file -s 17a7a6c6a13e96fcbc7098d93fb8864773543833 [1ms]
2025-03-12 06:31:01.027 [info] > git show --textconv :js/functions.js [1ms]
2025-03-12 06:31:04.617 [info] > git fetch [4813ms]
2025-03-12 06:31:04.624 [info] > git config --get commit.template [3ms]
2025-03-12 06:31:04.624 [info] > git for-each-ref --format=%(refname)%00%(upstream:short)%00%(objectname)%00%(upstream:track)%00%(upstream:remotename)%00%(upstream:remoteref) refs/heads/main refs/remotes/main [1ms]
2025-03-12 06:31:04.626 [warning] [Git][revParse] Unable to read file: ENOENT: no such file or directory, open '/home/travthegr88/mkadi/test/intro-to-js/.git/refs/remotes/origin/main'
2025-03-12 06:31:04.627 [info] > git rev-parse refs/remotes/origin/main [1ms]
2025-03-12 06:31:04.631 [info] > git status -z -uall [2ms]
2025-03-12 06:31:04.631 [info] > git for-each-ref --sort -committerdate --format %(refname) %(objectname) %(*objectname) [0ms]
2025-03-12 06:31:05.392 [info] > git ls-files --stage -- js/functions.js [2ms]
2025-03-12 06:31:05.396 [info] > git cat-file -s 17a7a6c6a13e96fcbc7098d93fb8864773543833 [1ms]
2025-03-12 06:31:05.404 [info] > git show --textconv :js/functions.js [0ms]
2025-03-12 06:33:55.938 [info] > git ls-files --stage -- js/functions.js [3ms]
2025-03-12 06:33:55.945 [info] > git cat-file -s 17a7a6c6a13e96fcbc7098d93fb8864773543833 [2ms]
2025-03-12 06:33:55.959 [info] > git show --textconv :js/functions.js [2ms]
2025-03-12 06:33:56.743 [info] > git fetch [2005ms]
2025-03-12 06:33:56.754 [info] > git config --get commit.template [4ms]
2025-03-12 06:33:56.755 [info] > git for-each-ref --format=%(refname)%00%(upstream:short)%00%(objectname)%00%(upstream:track)%00%(upstream:remotename)%00%(upstream:remoteref) refs/heads/main refs/remotes/main [1ms]
2025-03-12 06:33:56.759 [warning] [Git][revParse] Unable to read file: ENOENT: no such file or directory, open '/home/travthegr88/mkadi/test/intro-to-js/.git/refs/remotes/origin/main'
2025-03-12 06:33:56.760 [info] > git rev-parse refs/remotes/origin/main [1ms]
2025-03-12 06:33:56.769 [info] > git status -z -uall [5ms]
2025-03-12 06:33:56.770 [info] > git for-each-ref --sort -committerdate --format %(refname) %(objectname) %(*objectname) [3ms]
2025-03-12 06:33:57.578 [info] > git ls-files --stage -- js/functions.js [1ms]
2025-03-12 06:33:57.583 [info] > git cat-file -s 17a7a6c6a13e96fcbc7098d93fb8864773543833 [1ms]
2025-03-12 06:33:57.597 [info] > git show --textconv :js/functions.js [2ms]
2025-03-12 06:36:47.340 [info] > git ls-files --stage -- js/functions.js [1ms]
2025-03-12 06:36:47.345 [info] > git cat-file -s 17a7a6c6a13e96fcbc7098d93fb8864773543833 [1ms]
2025-03-12 06:36:47.359 [info] > git show --textconv :js/functions.js [1ms]
2025-03-12 06:36:49.968 [info] > git fetch [3846ms]
2025-03-12 06:36:49.977 [info] > git config --get commit.template [3ms]
2025-03-12 06:36:49.977 [info] > git for-each-ref --format=%(refname)%00%(upstream:short)%00%(objectname)%00%(upstream:track)%00%(upstream:remotename)%00%(upstream:remoteref) refs/heads/main refs/remotes/main [1ms]
2025-03-12 06:36:49.982 [warning] [Git][revParse] Unable to read file: ENOENT: no such file or directory, open '/home/travthegr88/mkadi/test/intro-to-js/.git/refs/remotes/origin/main'
2025-03-12 06:36:49.983 [info] > git rev-parse refs/remotes/origin/main [1ms]
2025-03-12 06:36:49.989 [info] > git status -z -uall [3ms]
2025-03-12 06:36:49.989 [info] > git for-each-ref --sort -committerdate --format %(refname) %(objectname) %(*objectname) [1ms]
2025-03-12 06:36:50.841 [info] > git ls-files --stage -- js/functions.js [0ms]
2025-03-12 06:36:50.844 [info] > git cat-file -s 17a7a6c6a13e96fcbc7098d93fb8864773543833 [1ms]
2025-03-12 06:36:50.852 [info] > git show --textconv :js/functions.js [1ms]
2025-03-12 06:39:38.412 [info] > git ls-files --stage -- js/functions.js [1ms]
2025-03-12 06:39:38.415 [info] > git cat-file -s 17a7a6c6a13e96fcbc7098d93fb8864773543833 [0ms]
2025-03-12 06:39:38.422 [info] > git show --textconv :js/functions.js [1ms]
2025-03-12 06:39:41.173 [info] > git fetch [3964ms]
2025-03-12 06:39:41.184 [info] > git config --get commit.template [5ms]
2025-03-12 06:39:41.185 [info] > git for-each-ref --format=%(refname)%00%(upstream:short)%00%(objectname)%00%(upstream:track)%00%(upstream:remotename)%00%(upstream:remoteref) refs/heads/main refs/remotes/main [1ms]
2025-03-12 06:39:41.189 [warning] [Git][revParse] Unable to read file: ENOENT: no such file or directory, open '/home/travthegr88/mkadi/test/intro-to-js/.git/refs/remotes/origin/main'
2025-03-12 06:39:41.190 [info] > git rev-parse refs/remotes/origin/main [1ms]
2025-03-12 06:39:41.196 [info] > git status -z -uall [4ms]
2025-03-12 06:39:41.197 [info] > git for-each-ref --sort -committerdate --format %(refname) %(objectname) %(*objectname) [2ms]
2025-03-12 06:39:42.041 [info] > git ls-files --stage -- js/functions.js [2ms]
2025-03-12 06:39:42.045 [info] > git cat-file -s 17a7a6c6a13e96fcbc7098d93fb8864773543833 [1ms]
2025-03-12 06:39:42.054 [info] > git show --textconv :js/functions.js [1ms]
2025-03-12 07:16:58.448 [info] > git blame --root --incremental 356980ff643c338fd2f02b40d32f4ec9a3fe343b -- js/functions.js [4ms]
2025-03-12 07:16:59.671 [info] > git ls-files --stage -- js/functions.js [1ms]
2025-03-12 07:16:59.675 [info] > git cat-file -s 17a7a6c6a13e96fcbc7098d93fb8864773543833 [1ms]
2025-03-12 07:16:59.685 [info] > git show --textconv :js/functions.js [1ms]
2025-03-12 07:17:02.450 [info] > git fetch [3986ms]
2025-03-12 07:17:02.460 [info] > git config --get commit.template [5ms]
2025-03-12 07:17:02.461 [info] > git for-each-ref --format=%(refname)%00%(upstream:short)%00%(objectname)%00%(upstream:track)%00%(upstream:remotename)%00%(upstream:remoteref) refs/heads/main refs/remotes/main [1ms]
2025-03-12 07:17:02.463 [warning] [Git][revParse] Unable to read file: ENOENT: no such file or directory, open '/home/travthegr88/mkadi/test/intro-to-js/.git/refs/remotes/origin/main'
2025-03-12 07:17:02.464 [info] > git rev-parse refs/remotes/origin/main [1ms]
2025-03-12 07:17:02.469 [info] > git status -z -uall [3ms]
2025-03-12 07:17:02.469 [info] > git for-each-ref --sort -committerdate --format %(refname) %(objectname) %(*objectname) [1ms]
2025-03-12 07:17:03.356 [info] > git ls-files --stage -- js/functions.js [2ms]
2025-03-12 07:17:03.361 [info] > git cat-file -s 17a7a6c6a13e96fcbc7098d93fb8864773543833 [1ms]
2025-03-12 07:17:03.373 [info] > git show --textconv :js/functions.js [1ms]
