2025-03-12 10:26:23.674 [warning] /home/travthegr88/.ssh/config: ENOENT: no such file or directory, open '/home/travthegr88/.ssh/config'
2025-03-12 10:26:23.674 [info] [Activation] Extension version: 0.106.0
2025-03-12 10:26:23.826 [info] [Activation] Looking for git repository
2025-03-12 10:26:23.826 [info] [Activation] Found 0 repositories during activation
2025-03-12 10:26:23.826 [info] [Activation] Git repository found, initializing review manager and pr tree view.
2025-03-12 10:26:23.831 [info] [GitAPI] Registering git provider
2025-03-12 10:26:23.831 [info] [Review+0] Validate state in progress
2025-03-12 10:26:23.831 [info] [Review+0] Validating state...
2025-03-12 10:26:23.864 [info] [FolderRepositoryManager+0] Found GitHub remote for folder /home/travthegr88/development/code/phase-1/phase-1-arithmetic-lab
2025-03-12 10:26:23.936 [info] [Activation] Repo state for file:///home/travthegr88/development/code/phase-1/phase-1-arithmetic-lab changed.
2025-03-12 10:26:23.936 [info] [Activation] Repo file:///home/travthegr88/development/code/phase-1/phase-1-arithmetic-lab has already been setup.
2025-03-12 10:26:24.672 [info] [Review+0] Queuing additional validate state
2025-03-12 10:26:24.676 [info] [Review+0] No matching pull request metadata found locally for current branch master
2025-03-12 10:26:24.676 [info] [Review+0] No matching pull request metadata found on GitHub for current branch master
2025-03-12 10:26:24.678 [info] [FolderRepositoryManager+0] Found GitHub remote for folder /home/travthegr88/development/code/phase-1/phase-1-arithmetic-lab
2025-03-12 10:26:24.768 [info] [Review+0] Validating state...
2025-03-12 10:26:25.458 [info] [FolderRepositoryManager+0] Trying to use globalState for assignableUsers.
2025-03-12 10:26:25.618 [info] [FolderRepositoryManager+0] Found GitHub remote for folder /home/travthegr88/development/code/phase-1/phase-1-arithmetic-lab
2025-03-12 10:26:25.619 [info] [FolderRepositoryManager+0] Trying to use globalState for assignableUsers.
2025-03-12 10:26:25.626 [info] [Review+0] No matching pull request metadata found locally for current branch master
2025-03-12 10:26:25.714 [info] [FolderRepositoryManager+0] No globalState for assignableUsers.
2025-03-12 10:26:25.778 [info] [FolderRepositoryManager+0] No globalState for assignableUsers.
2025-03-12 10:26:27.194 [info] [Review+0] No matching pull request metadata found on GitHub for current branch master
