2025-03-14 09:20:16.518 [info] Extension host with pid 1134 started
2025-03-14 09:20:16.518 [error] Error: EEXIST: file already exists, open '/home/travthegr88/.vscode-server/data/User/workspaceStorage/94dfe4bc92be6d8580aa480011126111/vscode.lock'
2025-03-14 09:20:16.567 [info] Lock '/home/travthegr88/.vscode-server/data/User/workspaceStorage/94dfe4bc92be6d8580aa480011126111/vscode.lock': Could not acquire lock, checking if the file is stale.
2025-03-14 09:20:16.591 [info] Lock '/home/travthegr88/.vscode-server/data/User/workspaceStorage/94dfe4bc92be6d8580aa480011126111/vscode.lock': The pid 1466 appears to be gone.
2025-03-14 09:20:16.591 [info] Lock '/home/travthegr88/.vscode-server/data/User/workspaceStorage/94dfe4bc92be6d8580aa480011126111/vscode.lock': Deleting a stale lock.
2025-03-14 09:20:16.941 [info] ExtensionService#_doActivateExtension vscode.typescript-language-features, startup: false, activationEvent: 'onLanguage:javascript'
2025-03-14 09:20:16.945 [info] ExtensionService#_doActivateExtension leizongmin.node-module-intellisense, startup: false, activationEvent: 'onLanguage:javascript'
2025-03-14 09:20:16.957 [info] ExtensionService#_doActivateExtension vscode.emmet, startup: false, activationEvent: 'onLanguage'
2025-03-14 09:20:17.929 [info] Lock '/home/travthegr88/.vscode-server/data/User/workspaceStorage/94dfe4bc92be6d8580aa480011126111/vscode.lock': Lock acquired.
2025-03-14 09:20:17.967 [info] ExtensionService#_doActivateExtension vscode.git-base, startup: true, activationEvent: '*', root cause: vscode.git
2025-03-14 09:20:18.002 [info] ExtensionService#_doActivateExtension vscode.npm, startup: true, activationEvent: 'workspaceContains:package.json'
2025-03-14 09:20:18.702 [info] ExtensionService#_doActivateExtension vscode.git, startup: true, activationEvent: '*'
2025-03-14 09:20:18.702 [info] ExtensionService#_doActivateExtension vscode.github, startup: true, activationEvent: '*'
2025-03-14 09:20:20.001 [info] Eager extensions activated
2025-03-14 09:20:20.001 [info] ExtensionService#_doActivateExtension vscode.debug-auto-launch, startup: false, activationEvent: 'onStartupFinished'
2025-03-14 09:20:20.002 [info] ExtensionService#_doActivateExtension vscode.merge-conflict, startup: false, activationEvent: 'onStartupFinished'
2025-03-14 09:20:20.003 [info] ExtensionService#_doActivateExtension esbenp.prettier-vscode, startup: false, activationEvent: 'onStartupFinished'
2025-03-14 09:20:20.006 [info] ExtensionService#_doActivateExtension formulahendry.code-runner, startup: false, activationEvent: 'onStartupFinished'
2025-03-14 09:20:20.013 [info] ExtensionService#_doActivateExtension ritwickdey.LiveServer, startup: false, activationEvent: 'onStartupFinished'
2025-03-14 09:20:21.102 [info] ExtensionService#_doActivateExtension GitHub.vscode-pull-request-github, startup: false, activationEvent: 'onStartupFinished'
2025-03-14 09:20:24.873 [info] ExtensionService#_doActivateExtension vscode.configuration-editing, startup: false, activationEvent: 'onLanguage:json'
2025-03-14 09:20:24.873 [info] ExtensionService#_doActivateExtension vscode.extension-editing, startup: false, activationEvent: 'onLanguage:json'
2025-03-14 09:20:24.874 [info] ExtensionService#_doActivateExtension vscode.json-language-features, startup: false, activationEvent: 'onLanguage:json'
2025-03-14 09:36:51.851 [info] ExtensionService#_doActivateExtension vscode.tunnel-forwarding, startup: false, activationEvent: 'onTunnel'
