2025-03-15 23:36:43.372 [info] [main] Log level: Info
2025-03-15 23:36:43.373 [info] [main] Validating found git in: "git"
2025-03-15 23:36:43.373 [info] [main] Using git "2.43.0" from "git"
2025-03-15 23:36:43.373 [info] [Model][doInitialScan] Initial repository scan started
2025-03-15 23:36:43.373 [info] > git rev-parse --show-toplevel [84ms]
2025-03-15 23:36:43.373 [info] fatal: not a git repository (or any of the parent directories): .git
2025-03-15 23:36:43.373 [info] > git rev-parse --show-toplevel [2ms]
2025-03-15 23:36:43.373 [info] fatal: not a git repository (or any of the parent directories): .git
2025-03-15 23:36:43.373 [info] [Model][doInitialScan] Initial repository scan completed - repositories (0), closed repositories (0), parent repositories (0), unsafe repositories (0)
2025-03-15 23:36:43.793 [info] > git rev-parse --show-toplevel [1ms]
2025-03-15 23:36:43.793 [info] fatal: not a git repository (or any of the parent directories): .git
2025-03-15 23:36:43.927 [info] > git rev-parse --show-toplevel [2ms]
2025-03-15 23:36:43.927 [info] fatal: not a git repository (or any of the parent directories): .git
2025-03-15 23:36:44.168 [info] > git rev-parse --show-toplevel [4ms]
2025-03-15 23:36:44.168 [info] fatal: not a git repository (or any of the parent directories): .git
2025-03-15 23:36:45.087 [info] > git rev-parse --show-toplevel [1ms]
2025-03-15 23:36:45.087 [info] fatal: not a git repository (or any of the parent directories): .git
2025-03-15 23:36:47.124 [info] > git rev-parse --show-toplevel [3ms]
2025-03-15 23:36:47.124 [info] fatal: not a git repository (or any of the parent directories): .git
2025-03-15 23:36:54.724 [info] > git rev-parse --show-toplevel [19ms]
2025-03-15 23:36:54.724 [info] fatal: not a git repository (or any of the parent directories): .git
2025-03-15 23:37:45.515 [info] > git rev-parse --show-toplevel [2ms]
2025-03-15 23:37:45.515 [info] fatal: not a git repository (or any of the parent directories): .git
