2025-03-15 11:11:36.245 [info] Extension host with pid 342445 started
2025-03-15 11:11:36.269 [info] ExtensionService#_doActivateExtension vscode.git-base, startup: true, activationEvent: '*', root cause: vscode.git
2025-03-15 11:11:36.278 [info] Lock '/home/travthegr88/.vscode-server/data/User/workspaceStorage/d439be3f399f526d2e5e9b3aeada187e/vscode.lock': Lock acquired.
2025-03-15 11:11:36.336 [info] ExtensionService#_doActivateExtension vscode.git, startup: true, activationEvent: '*'
2025-03-15 11:11:36.336 [info] ExtensionService#_doActivateExtension vscode.github, startup: true, activationEvent: '*'
2025-03-15 11:11:36.588 [info] Eager extensions activated
2025-03-15 11:11:36.588 [info] ExtensionService#_doActivateExtension vscode.debug-auto-launch, startup: false, activationEvent: 'onStartupFinished'
2025-03-15 11:11:36.588 [info] ExtensionService#_doActivateExtension vscode.merge-conflict, startup: false, activationEvent: 'onStartupFinished'
2025-03-15 11:11:36.589 [info] ExtensionService#_doActivateExtension esbenp.prettier-vscode, startup: false, activationEvent: 'onStartupFinished'
2025-03-15 11:11:36.589 [info] ExtensionService#_doActivateExtension formulahendry.code-runner, startup: false, activationEvent: 'onStartupFinished'
2025-03-15 11:11:36.589 [info] ExtensionService#_doActivateExtension ritwickdey.LiveServer, startup: false, activationEvent: 'onStartupFinished'
2025-03-15 11:11:36.882 [info] ExtensionService#_doActivateExtension GitHub.vscode-pull-request-github, startup: false, activationEvent: 'onStartupFinished'
2025-03-15 11:11:51.915 [error] HttpError: request to https://api.github.com/user failed, reason: socket hang up
	at /home/travthegr88/.vscode-server/extensions/github.vscode-pull-request-github-0.106.0/dist/extension.js:2188:6563
	at process.processTicksAndRejections (node:internal/process/task_queues:95:5)
	at async kg.execute (/home/travthegr88/.vscode-server/extensions/github.vscode-pull-request-github-0.106.0/dist/extension.js:2135:18777)
2025-03-15 11:12:33.928 [info] ExtensionService#_doActivateExtension vscode.html-language-features, startup: false, activationEvent: 'onLanguage:html'
2025-03-15 11:12:33.929 [info] ExtensionService#_doActivateExtension leizongmin.node-module-intellisense, startup: false, activationEvent: 'onLanguage:html'
2025-03-15 11:12:33.930 [info] ExtensionService#_doActivateExtension vscode.emmet, startup: false, activationEvent: 'onLanguage'
2025-03-15 11:13:30.786 [info] ExtensionService#_doActivateExtension vscode.typescript-language-features, startup: false, activationEvent: 'onLanguage:javascript'
2025-03-15 11:19:19.091 [info] ExtensionService#_doActivateExtension vscode.configuration-editing, startup: false, activationEvent: 'onLanguage:jsonc'
2025-03-15 11:19:19.092 [info] ExtensionService#_doActivateExtension vscode.json-language-features, startup: false, activationEvent: 'onLanguage:jsonc'
2025-03-15 11:19:22.155 [info] ExtensionService#_doActivateExtension vscode.tunnel-forwarding, startup: false, activationEvent: 'onTunnel'
2025-03-15 13:07:48.395 [info] Extension host terminating: received terminate message from renderer
2025-03-15 13:07:48.398 [info] Lock '/home/travthegr88/.vscode-server/data/User/workspaceStorage/d439be3f399f526d2e5e9b3aeada187e/vscode.lock': Marking the lockfile as scheduled to be released in 6000 ms.
2025-03-15 13:07:48.747 [info] Extension host with pid 342445 exiting with code 0
