2025-03-11 23:45:34.553 [info] Extension host with pid 1028 started
2025-03-11 23:45:34.554 [error] Error: EEXIST: file already exists, open '/home/travthegr88/.vscode-server/data/User/workspaceStorage/94dfe4bc92be6d8580aa480011126111/vscode.lock'
2025-03-11 23:45:34.607 [info] Lock '/home/travthegr88/.vscode-server/data/User/workspaceStorage/94dfe4bc92be6d8580aa480011126111/vscode.lock': Could not acquire lock, checking if the file is stale.
2025-03-11 23:45:34.625 [info] ExtensionService#_doActivateExtension vscode.emmet, startup: false, activationEvent: 'onLanguage'
2025-03-11 23:45:34.628 [info] ExtensionService#_doActivateExtension vscode.typescript-language-features, startup: false, activationEvent: 'onLanguage:javascript'
2025-03-11 23:45:34.629 [info] ExtensionService#_doActivateExtension leizongmin.node-module-intellisense, startup: false, activationEvent: 'onLanguage:javascript'
2025-03-11 23:45:34.892 [info] Lock '/home/travthegr88/.vscode-server/data/User/workspaceStorage/94dfe4bc92be6d8580aa480011126111/vscode.lock': The lock looks stale, waiting for 2s.
2025-03-11 23:45:35.633 [info] ExtensionService#_doActivateExtension vscode.git-base, startup: true, activationEvent: '*', root cause: vscode.git
2025-03-11 23:45:35.664 [info] ExtensionService#_doActivateExtension vscode.npm, startup: true, activationEvent: 'workspaceContains:package.json'
2025-03-11 23:45:36.894 [info] Lock '/home/travthegr88/.vscode-server/data/User/workspaceStorage/94dfe4bc92be6d8580aa480011126111/vscode.lock': The lock looks stale even after waiting for 2s.
2025-03-11 23:45:36.894 [info] Lock '/home/travthegr88/.vscode-server/data/User/workspaceStorage/94dfe4bc92be6d8580aa480011126111/vscode.lock': Deleting a stale lock.
2025-03-11 23:45:36.908 [info] Lock '/home/travthegr88/.vscode-server/data/User/workspaceStorage/94dfe4bc92be6d8580aa480011126111/vscode.lock': Lock acquired.
2025-03-11 23:45:37.584 [info] ExtensionService#_doActivateExtension vscode.git, startup: true, activationEvent: '*'
2025-03-11 23:45:37.585 [info] ExtensionService#_doActivateExtension vscode.github, startup: true, activationEvent: '*'
2025-03-11 23:45:38.647 [info] Eager extensions activated
2025-03-11 23:45:38.647 [info] ExtensionService#_doActivateExtension vscode.debug-auto-launch, startup: false, activationEvent: 'onStartupFinished'
2025-03-11 23:45:38.649 [info] ExtensionService#_doActivateExtension vscode.merge-conflict, startup: false, activationEvent: 'onStartupFinished'
2025-03-11 23:45:38.652 [info] ExtensionService#_doActivateExtension esbenp.prettier-vscode, startup: false, activationEvent: 'onStartupFinished'
2025-03-11 23:45:38.653 [info] ExtensionService#_doActivateExtension formulahendry.code-runner, startup: false, activationEvent: 'onStartupFinished'
2025-03-11 23:45:38.653 [info] ExtensionService#_doActivateExtension ritwickdey.LiveServer, startup: false, activationEvent: 'onStartupFinished'
2025-03-11 23:45:40.383 [info] ExtensionService#_doActivateExtension GitHub.vscode-pull-request-github, startup: false, activationEvent: 'onStartupFinished'
2025-03-11 23:45:43.383 [info] ExtensionService#_doActivateExtension vscode.configuration-editing, startup: false, activationEvent: 'onLanguage:json'
2025-03-11 23:45:43.384 [info] ExtensionService#_doActivateExtension vscode.extension-editing, startup: false, activationEvent: 'onLanguage:json'
2025-03-11 23:45:43.385 [info] ExtensionService#_doActivateExtension vscode.json-language-features, startup: false, activationEvent: 'onLanguage:json'
