2025-03-21 19:19:20.872 [warning] /home/travthegr88/.ssh/config: ENOENT: no such file or directory, open '/home/travthegr88/.ssh/config'
2025-03-21 19:19:20.872 [info] [Activation] Extension version: 0.106.0
2025-03-21 19:19:21.027 [info] [Activation] Looking for git repository
2025-03-21 19:19:21.027 [info] [Activation] Found 0 repositories during activation
2025-03-21 19:19:21.027 [info] [Activation] Git repository found, initializing review manager and pr tree view.
2025-03-21 19:19:21.030 [info] [GitAPI] Registering git provider
2025-03-21 19:19:21.030 [info] [Review+0] Validate state in progress
2025-03-21 19:19:21.030 [info] [Review+0] Validating state...
2025-03-21 19:19:21.060 [info] [FolderRepositoryManager+0] Found GitHub remote for folder /home/travthegr88/development/code/phase-1/phase-0-javascript-events-event-listening-lab
2025-03-21 19:19:21.117 [info] [Activation] Repo state for file:///home/travthegr88/development/code/phase-1/phase-0-javascript-events-event-listening-lab changed.
2025-03-21 19:19:21.117 [info] [Activation] Repo file:///home/travthegr88/development/code/phase-1/phase-0-javascript-events-event-listening-lab has already been setup.
2025-03-21 19:19:21.846 [info] [Review+0] Queuing additional validate state
2025-03-21 19:19:21.850 [info] [Review+0] No matching pull request metadata found locally for current branch master
2025-03-21 19:19:21.850 [info] [Review+0] No matching pull request metadata found on GitHub for current branch master
2025-03-21 19:19:21.889 [info] [FolderRepositoryManager+0] Found GitHub remote for folder /home/travthegr88/development/code/phase-1/phase-0-javascript-events-event-listening-lab
2025-03-21 19:19:21.939 [info] [Review+0] Validating state...
2025-03-21 19:19:22.643 [info] [FolderRepositoryManager+0] Trying to use globalState for assignableUsers.
2025-03-21 19:19:22.797 [info] [FolderRepositoryManager+0] Found GitHub remote for folder /home/travthegr88/development/code/phase-1/phase-0-javascript-events-event-listening-lab
2025-03-21 19:19:22.797 [info] [FolderRepositoryManager+0] Trying to use globalState for assignableUsers.
2025-03-21 19:19:22.801 [info] [Review+0] No matching pull request metadata found locally for current branch master
2025-03-21 19:19:22.904 [info] [FolderRepositoryManager+0] No globalState for assignableUsers.
2025-03-21 19:19:22.962 [info] [FolderRepositoryManager+0] No globalState for assignableUsers.
2025-03-21 19:19:23.822 [info] [Review+0] No matching pull request metadata found on GitHub for current branch master
2025-03-21 19:47:49.105 [info] [Review+0] Validate state in progress
2025-03-21 19:47:49.105 [info] [Review+0] Validating state...
2025-03-21 19:47:49.292 [info] [FolderRepositoryManager+0] Found GitHub remote for folder /home/travthegr88/development/code/phase-1/phase-0-javascript-events-event-listening-lab
2025-03-21 19:47:49.301 [info] [FolderRepositoryManager+0] Using in-memory cached assignable users.
2025-03-21 19:47:49.317 [info] [Review+0] No matching pull request metadata found locally for current branch master
2025-03-21 19:47:51.276 [info] [Review+0] No matching pull request metadata found on GitHub for current branch master
2025-03-21 19:48:02.073 [info] [Review+0] Validate state in progress
2025-03-21 19:48:02.073 [info] [Review+0] Validating state...
2025-03-21 19:48:02.083 [info] [FolderRepositoryManager+0] Found GitHub remote for folder /home/travthegr88/development/code/phase-1/phase-0-javascript-events-event-listening-lab
2025-03-21 19:48:02.084 [info] [FolderRepositoryManager+0] Using in-memory cached assignable users.
2025-03-21 19:48:02.090 [info] [Review+0] No matching pull request metadata found locally for current branch master
2025-03-21 19:48:03.844 [info] [Review+0] No matching pull request metadata found on GitHub for current branch master
