2025-03-12 10:27:05.976 [info] [main] Log level: Info
2025-03-12 10:27:05.976 [info] [main] Validating found git in: "git"
2025-03-12 10:27:05.976 [info] [main] Using git "2.43.0" from "git"
2025-03-12 10:27:05.976 [info] [Model][doInitialScan] Initial repository scan started
2025-03-12 10:27:05.976 [info] > git rev-parse --show-toplevel [16ms]
2025-03-12 10:27:05.976 [info] > git rev-parse --git-dir --git-common-dir [61ms]
2025-03-12 10:27:05.976 [info] [Model][openRepository] Opened repository: /home/travthegr88/development/code/phase-1/phase-1-arithmetic-lab
2025-03-12 10:27:05.976 [info] > git rev-parse --show-toplevel [2ms]
2025-03-12 10:27:05.976 [info] > git config --get commit.template [6ms]
2025-03-12 10:27:05.983 [info] > git for-each-ref --format=%(refname)%00%(upstream:short)%00%(objectname)%00%(upstream:track)%00%(upstream:remotename)%00%(upstream:remoteref) refs/heads/master refs/remotes/master [1ms]
2025-03-12 10:27:05.984 [info] > git rev-parse --show-toplevel [5ms]
2025-03-12 10:27:05.987 [info] [Model][doInitialScan] Initial repository scan completed - repositories (1), closed repositories (0), parent repositories (0), unsafe repositories (0)
2025-03-12 10:27:05.991 [warning] [Git][revParse] Unable to read file: ENOENT: no such file or directory, open '/home/travthegr88/development/code/phase-1/phase-1-arithmetic-lab/.git/refs/remotes/origin/master'
2025-03-12 10:27:06.097 [info] > git rev-parse refs/remotes/origin/master [107ms]
2025-03-12 10:27:06.139 [info] > git status -z -uall [39ms]
2025-03-12 10:27:06.141 [info] > git for-each-ref --sort -committerdate --format %(refname) %(objectname) %(*objectname) [37ms]
2025-03-12 10:27:06.161 [info] > git for-each-ref --format=%(refname)%00%(upstream:short)%00%(objectname)%00%(upstream:track)%00%(upstream:remotename)%00%(upstream:remoteref) refs/heads/master refs/remotes/master [9ms]
2025-03-12 10:27:06.173 [info] > git config --get commit.template [15ms]
2025-03-12 10:27:06.204 [info] > git config --get --local branch.master.vscode-merge-base [40ms]
2025-03-12 10:27:06.270 [info] > git for-each-ref --format=%(refname)%00%(upstream:short)%00%(objectname)%00%(upstream:track)%00%(upstream:remotename)%00%(upstream:remoteref) refs/heads/master refs/remotes/master [61ms]
2025-03-12 10:27:06.271 [info] > git for-each-ref --format=%(refname)%00%(upstream:short)%00%(objectname)%00%(upstream:track)%00%(upstream:remotename)%00%(upstream:remoteref) refs/heads/origin/master refs/remotes/origin/master [65ms]
2025-03-12 10:27:06.278 [warning] [Git][revParse] Unable to read file: ENOENT: no such file or directory, open '/home/travthegr88/development/code/phase-1/phase-1-arithmetic-lab/.git/refs/remotes/origin/master'
2025-03-12 10:27:06.335 [info] > git rev-parse refs/remotes/origin/master [57ms]
2025-03-12 10:27:06.341 [info] > git merge-base refs/heads/master refs/remotes/origin/master [67ms]
2025-03-12 10:27:06.387 [info] > git status -z -uall [49ms]
2025-03-12 10:27:06.387 [info] > git for-each-ref --sort -committerdate --format %(refname) %(objectname) %(*objectname) [46ms]
2025-03-12 10:27:06.398 [info] > git merge-base refs/heads/master refs/remotes/origin/master [4ms]
2025-03-12 10:27:06.400 [info] > git diff --name-status -z --diff-filter=ADMR ca10c52f30732396016ec0b8e8f3a25c8d696213...refs/remotes/origin/master [57ms]
2025-03-12 10:27:06.410 [info] > git show --textconv :index.js [3ms]
2025-03-12 10:27:06.410 [info] > git diff --name-status -z --diff-filter=ADMR ca10c52f30732396016ec0b8e8f3a25c8d696213...refs/remotes/origin/master [10ms]
2025-03-12 10:27:06.411 [info] > git ls-files --stage -- index.js [1ms]
2025-03-12 10:27:06.415 [info] > git cat-file -s 07a4c05207ae8f76ab1425164aecb5d23d8ec314 [1ms]
2025-03-12 10:27:06.601 [info] > git check-ignore -v -z --stdin [1ms]
2025-03-12 10:27:07.255 [info] > git ls-files --stage -- index.js [1ms]
2025-03-12 10:27:07.259 [info] > git cat-file -s 07a4c05207ae8f76ab1425164aecb5d23d8ec314 [2ms]
2025-03-12 10:27:07.305 [info] > git show --textconv :index.js [9ms]
2025-03-12 10:27:07.500 [info] > git config --get --local branch.master.github-pr-owner-number [179ms]
2025-03-12 10:27:07.500 [warning] [Git][config] git config failed: Failed to execute git
2025-03-12 10:27:09.882 [info] > git fetch [3920ms]
2025-03-12 10:27:09.890 [info] > git config --get commit.template [5ms]
2025-03-12 10:27:09.891 [info] > git for-each-ref --format=%(refname)%00%(upstream:short)%00%(objectname)%00%(upstream:track)%00%(upstream:remotename)%00%(upstream:remoteref) refs/heads/master refs/remotes/master [2ms]
2025-03-12 10:27:09.893 [warning] [Git][revParse] Unable to read file: ENOENT: no such file or directory, open '/home/travthegr88/development/code/phase-1/phase-1-arithmetic-lab/.git/refs/remotes/origin/master'
2025-03-12 10:27:09.895 [info] > git rev-parse refs/remotes/origin/master [1ms]
2025-03-12 10:27:09.901 [info] > git status -z -uall [4ms]
2025-03-12 10:27:09.902 [info] > git for-each-ref --sort -committerdate --format %(refname) %(objectname) %(*objectname) [2ms]
2025-03-12 10:27:10.763 [info] > git ls-files --stage -- index.js [1ms]
2025-03-12 10:27:10.767 [info] > git cat-file -s 07a4c05207ae8f76ab1425164aecb5d23d8ec314 [1ms]
2025-03-12 10:27:10.774 [info] > git show --textconv :index.js [1ms]
2025-03-12 10:27:37.637 [info] > git show --textconv :test/indexTest.js [7ms]
2025-03-12 10:27:37.638 [info] > git ls-files --stage -- test/indexTest.js [2ms]
2025-03-12 10:27:37.648 [info] > git cat-file -s fa76c0b3a18c6d0dce80f3c64c5673624a49cb8a [1ms]
2025-03-12 10:27:48.892 [info] > git check-ignore -v -z --stdin [2ms]
2025-03-12 10:27:54.292 [info] > git config --get commit.template [10ms]
2025-03-12 10:27:54.293 [info] > git for-each-ref --format=%(refname)%00%(upstream:short)%00%(objectname)%00%(upstream:track)%00%(upstream:remotename)%00%(upstream:remoteref) refs/heads/master refs/remotes/master [5ms]
2025-03-12 10:27:54.298 [warning] [Git][revParse] Unable to read file: ENOENT: no such file or directory, open '/home/travthegr88/development/code/phase-1/phase-1-arithmetic-lab/.git/refs/remotes/origin/master'
2025-03-12 10:27:54.299 [info] > git rev-parse refs/remotes/origin/master [1ms]
2025-03-12 10:27:54.307 [info] > git status -z -uall [5ms]
2025-03-12 10:27:54.309 [info] > git for-each-ref --sort -committerdate --format %(refname) %(objectname) %(*objectname) [2ms]
2025-03-12 10:28:20.879 [info] > git check-ignore -v -z --stdin [1ms]
2025-03-12 10:28:21.192 [info] > git config --get commit.template [9ms]
2025-03-12 10:28:21.193 [info] > git for-each-ref --format=%(refname)%00%(upstream:short)%00%(objectname)%00%(upstream:track)%00%(upstream:remotename)%00%(upstream:remoteref) refs/heads/master refs/remotes/master [3ms]
2025-03-12 10:28:21.198 [warning] [Git][revParse] Unable to read file: ENOENT: no such file or directory, open '/home/travthegr88/development/code/phase-1/phase-1-arithmetic-lab/.git/refs/remotes/origin/master'
2025-03-12 10:28:21.199 [info] > git rev-parse refs/remotes/origin/master [2ms]
2025-03-12 10:28:21.208 [info] > git status -z -uall [5ms]
2025-03-12 10:28:21.210 [info] > git for-each-ref --sort -committerdate --format %(refname) %(objectname) %(*objectname) [3ms]
2025-03-12 10:29:30.332 [info] > git show --textconv :index.js [5ms]
2025-03-12 10:29:30.335 [info] > git ls-files --stage -- index.js [4ms]
2025-03-12 10:29:30.345 [info] > git cat-file -s 07a4c05207ae8f76ab1425164aecb5d23d8ec314 [3ms]
2025-03-12 10:29:51.648 [info] > git blame --root --incremental ca10c52f30732396016ec0b8e8f3a25c8d696213 -- index.js [1ms]
2025-03-12 10:29:56.365 [info] > git config --get commit.template [6ms]
2025-03-12 10:29:56.366 [info] > git for-each-ref --format=%(refname)%00%(upstream:short)%00%(objectname)%00%(upstream:track)%00%(upstream:remotename)%00%(upstream:remoteref) refs/heads/master refs/remotes/master [3ms]
2025-03-12 10:29:56.371 [warning] [Git][revParse] Unable to read file: ENOENT: no such file or directory, open '/home/travthegr88/development/code/phase-1/phase-1-arithmetic-lab/.git/refs/remotes/origin/master'
2025-03-12 10:29:56.372 [info] > git rev-parse refs/remotes/origin/master [1ms]
2025-03-12 10:29:56.381 [info] > git status -z -uall [5ms]
2025-03-12 10:29:56.383 [info] > git for-each-ref --sort -committerdate --format %(refname) %(objectname) %(*objectname) [3ms]
2025-03-12 10:29:59.592 [info] > git ls-files --stage -- test/indexTest.js [6ms]
2025-03-12 10:29:59.599 [info] > git ls-files --stage -- index.js [9ms]
2025-03-12 10:29:59.604 [info] > git cat-file -s fa76c0b3a18c6d0dce80f3c64c5673624a49cb8a [7ms]
2025-03-12 10:29:59.606 [info] > git cat-file -s 07a4c05207ae8f76ab1425164aecb5d23d8ec314 [1ms]
2025-03-12 10:29:59.622 [info] > git show --textconv :test/indexTest.js [4ms]
2025-03-12 10:29:59.623 [info] > git show --textconv :index.js [2ms]
2025-03-12 10:30:02.753 [info] > git fetch [4373ms]
2025-03-12 10:30:02.762 [info] > git config --get commit.template [4ms]
2025-03-12 10:30:02.762 [info] > git for-each-ref --format=%(refname)%00%(upstream:short)%00%(objectname)%00%(upstream:track)%00%(upstream:remotename)%00%(upstream:remoteref) refs/heads/master refs/remotes/master [1ms]
2025-03-12 10:30:02.766 [warning] [Git][revParse] Unable to read file: ENOENT: no such file or directory, open '/home/travthegr88/development/code/phase-1/phase-1-arithmetic-lab/.git/refs/remotes/origin/master'
2025-03-12 10:30:02.767 [info] > git rev-parse refs/remotes/origin/master [0ms]
2025-03-12 10:30:02.773 [info] > git status -z -uall [4ms]
2025-03-12 10:30:02.774 [info] > git for-each-ref --sort -committerdate --format %(refname) %(objectname) %(*objectname) [2ms]
2025-03-12 10:30:02.783 [info] > git config --get commit.template [2ms]
2025-03-12 10:30:02.788 [info] > git for-each-ref --format=%(refname)%00%(upstream:short)%00%(objectname)%00%(upstream:track)%00%(upstream:remotename)%00%(upstream:remoteref) refs/heads/master refs/remotes/master [1ms]
2025-03-12 10:30:02.791 [warning] [Git][revParse] Unable to read file: ENOENT: no such file or directory, open '/home/travthegr88/development/code/phase-1/phase-1-arithmetic-lab/.git/refs/remotes/origin/master'
2025-03-12 10:30:02.792 [info] > git rev-parse refs/remotes/origin/master [1ms]
2025-03-12 10:30:02.802 [info] > git status -z -uall [7ms]
2025-03-12 10:30:02.805 [info] > git for-each-ref --sort -committerdate --format %(refname) %(objectname) %(*objectname) [3ms]
2025-03-12 10:30:03.625 [info] > git ls-files --stage -- test/indexTest.js [6ms]
2025-03-12 10:30:03.632 [info] > git ls-files --stage -- index.js [7ms]
2025-03-12 10:30:03.635 [info] > git cat-file -s fa76c0b3a18c6d0dce80f3c64c5673624a49cb8a [4ms]
2025-03-12 10:30:03.636 [info] > git cat-file -s 07a4c05207ae8f76ab1425164aecb5d23d8ec314 [1ms]
2025-03-12 10:30:03.649 [info] > git show --textconv :test/indexTest.js [3ms]
2025-03-12 10:30:03.650 [info] > git show --textconv :index.js [1ms]
2025-03-12 10:30:07.818 [info] > git config --get commit.template [5ms]
2025-03-12 10:30:07.829 [info] > git for-each-ref --format=%(refname)%00%(upstream:short)%00%(objectname)%00%(upstream:track)%00%(upstream:remotename)%00%(upstream:remoteref) refs/heads/master refs/remotes/master [12ms]
2025-03-12 10:30:07.833 [warning] [Git][revParse] Unable to read file: ENOENT: no such file or directory, open '/home/travthegr88/development/code/phase-1/phase-1-arithmetic-lab/.git/refs/remotes/origin/master'
2025-03-12 10:30:07.834 [info] > git rev-parse refs/remotes/origin/master [1ms]
2025-03-12 10:30:07.844 [info] > git status -z -uall [6ms]
2025-03-12 10:30:07.844 [info] > git for-each-ref --sort -committerdate --format %(refname) %(objectname) %(*objectname) [2ms]
2025-03-12 10:30:12.868 [info] > git config --get commit.template [7ms]
2025-03-12 10:30:12.868 [info] > git for-each-ref --format=%(refname)%00%(upstream:short)%00%(objectname)%00%(upstream:track)%00%(upstream:remotename)%00%(upstream:remoteref) refs/heads/master refs/remotes/master [3ms]
2025-03-12 10:30:12.873 [warning] [Git][revParse] Unable to read file: ENOENT: no such file or directory, open '/home/travthegr88/development/code/phase-1/phase-1-arithmetic-lab/.git/refs/remotes/origin/master'
2025-03-12 10:30:12.875 [info] > git rev-parse refs/remotes/origin/master [2ms]
2025-03-12 10:30:12.884 [info] > git status -z -uall [5ms]
2025-03-12 10:30:12.885 [info] > git for-each-ref --sort -committerdate --format %(refname) %(objectname) %(*objectname) [2ms]
2025-03-12 10:30:17.908 [info] > git config --get commit.template [5ms]
2025-03-12 10:30:17.908 [info] > git for-each-ref --format=%(refname)%00%(upstream:short)%00%(objectname)%00%(upstream:track)%00%(upstream:remotename)%00%(upstream:remoteref) refs/heads/master refs/remotes/master [1ms]
2025-03-12 10:30:17.912 [warning] [Git][revParse] Unable to read file: ENOENT: no such file or directory, open '/home/travthegr88/development/code/phase-1/phase-1-arithmetic-lab/.git/refs/remotes/origin/master'
2025-03-12 10:30:17.914 [info] > git rev-parse refs/remotes/origin/master [2ms]
2025-03-12 10:30:17.922 [info] > git status -z -uall [4ms]
2025-03-12 10:30:17.927 [info] > git for-each-ref --sort -committerdate --format %(refname) %(objectname) %(*objectname) [6ms]
2025-03-12 10:30:25.638 [info] > git config --get commit.template [4ms]
2025-03-12 10:30:25.639 [info] > git for-each-ref --format=%(refname)%00%(upstream:short)%00%(objectname)%00%(upstream:track)%00%(upstream:remotename)%00%(upstream:remoteref) refs/heads/master refs/remotes/master [2ms]
2025-03-12 10:30:25.642 [warning] [Git][revParse] Unable to read file: ENOENT: no such file or directory, open '/home/travthegr88/development/code/phase-1/phase-1-arithmetic-lab/.git/refs/remotes/origin/master'
2025-03-12 10:30:25.644 [info] > git rev-parse refs/remotes/origin/master [1ms]
2025-03-12 10:30:25.653 [info] > git status -z -uall [5ms]
2025-03-12 10:30:25.654 [info] > git for-each-ref --sort -committerdate --format %(refname) %(objectname) %(*objectname) [3ms]
2025-03-12 10:30:30.681 [info] > git config --get commit.template [2ms]
2025-03-12 10:30:30.690 [info] > git for-each-ref --format=%(refname)%00%(upstream:short)%00%(objectname)%00%(upstream:track)%00%(upstream:remotename)%00%(upstream:remoteref) refs/heads/master refs/remotes/master [3ms]
2025-03-12 10:30:30.694 [warning] [Git][revParse] Unable to read file: ENOENT: no such file or directory, open '/home/travthegr88/development/code/phase-1/phase-1-arithmetic-lab/.git/refs/remotes/origin/master'
2025-03-12 10:30:30.695 [info] > git rev-parse refs/remotes/origin/master [1ms]
2025-03-12 10:30:30.703 [info] > git status -z -uall [4ms]
2025-03-12 10:30:30.705 [info] > git for-each-ref --sort -committerdate --format %(refname) %(objectname) %(*objectname) [3ms]
2025-03-12 10:30:35.727 [info] > git config --get commit.template [6ms]
2025-03-12 10:30:35.729 [info] > git for-each-ref --format=%(refname)%00%(upstream:short)%00%(objectname)%00%(upstream:track)%00%(upstream:remotename)%00%(upstream:remoteref) refs/heads/master refs/remotes/master [3ms]
2025-03-12 10:30:35.733 [warning] [Git][revParse] Unable to read file: ENOENT: no such file or directory, open '/home/travthegr88/development/code/phase-1/phase-1-arithmetic-lab/.git/refs/remotes/origin/master'
2025-03-12 10:30:35.734 [info] > git rev-parse refs/remotes/origin/master [1ms]
2025-03-12 10:30:35.744 [info] > git status -z -uall [5ms]
2025-03-12 10:30:35.745 [info] > git for-each-ref --sort -committerdate --format %(refname) %(objectname) %(*objectname) [2ms]
2025-03-12 10:30:40.765 [info] > git config --get commit.template [6ms]
2025-03-12 10:30:40.767 [info] > git for-each-ref --format=%(refname)%00%(upstream:short)%00%(objectname)%00%(upstream:track)%00%(upstream:remotename)%00%(upstream:remoteref) refs/heads/master refs/remotes/master [3ms]
2025-03-12 10:30:40.771 [warning] [Git][revParse] Unable to read file: ENOENT: no such file or directory, open '/home/travthegr88/development/code/phase-1/phase-1-arithmetic-lab/.git/refs/remotes/origin/master'
2025-03-12 10:30:40.773 [info] > git rev-parse refs/remotes/origin/master [2ms]
2025-03-12 10:30:40.782 [info] > git status -z -uall [5ms]
2025-03-12 10:30:40.783 [info] > git for-each-ref --sort -committerdate --format %(refname) %(objectname) %(*objectname) [2ms]
2025-03-12 10:30:45.805 [info] > git config --get commit.template [6ms]
2025-03-12 10:30:45.806 [info] > git for-each-ref --format=%(refname)%00%(upstream:short)%00%(objectname)%00%(upstream:track)%00%(upstream:remotename)%00%(upstream:remoteref) refs/heads/master refs/remotes/master [2ms]
2025-03-12 10:30:45.810 [warning] [Git][revParse] Unable to read file: ENOENT: no such file or directory, open '/home/travthegr88/development/code/phase-1/phase-1-arithmetic-lab/.git/refs/remotes/origin/master'
2025-03-12 10:30:45.812 [info] > git rev-parse refs/remotes/origin/master [2ms]
2025-03-12 10:30:45.821 [info] > git status -z -uall [6ms]
2025-03-12 10:30:45.822 [info] > git for-each-ref --sort -committerdate --format %(refname) %(objectname) %(*objectname) [2ms]
2025-03-12 10:30:50.846 [info] > git config --get commit.template [6ms]
2025-03-12 10:30:50.861 [info] > git for-each-ref --format=%(refname)%00%(upstream:short)%00%(objectname)%00%(upstream:track)%00%(upstream:remotename)%00%(upstream:remoteref) refs/heads/master refs/remotes/master [5ms]
2025-03-12 10:30:50.872 [warning] [Git][revParse] Unable to read file: ENOENT: no such file or directory, open '/home/travthegr88/development/code/phase-1/phase-1-arithmetic-lab/.git/refs/remotes/origin/master'
2025-03-12 10:30:50.876 [info] > git rev-parse refs/remotes/origin/master [5ms]
2025-03-12 10:30:50.895 [info] > git status -z -uall [10ms]
2025-03-12 10:30:50.897 [info] > git for-each-ref --sort -committerdate --format %(refname) %(objectname) %(*objectname) [5ms]
2025-03-12 10:30:54.041 [info] > git config --get commit.template [5ms]
2025-03-12 10:30:54.042 [info] > git for-each-ref --format=%(refname)%00%(upstream:short)%00%(objectname)%00%(upstream:track)%00%(upstream:remotename)%00%(upstream:remoteref) refs/heads/master refs/remotes/master [1ms]
2025-03-12 10:30:54.045 [warning] [Git][revParse] Unable to read file: ENOENT: no such file or directory, open '/home/travthegr88/development/code/phase-1/phase-1-arithmetic-lab/.git/refs/remotes/origin/master'
2025-03-12 10:30:54.046 [info] > git rev-parse refs/remotes/origin/master [1ms]
2025-03-12 10:30:54.052 [info] > git status -z -uall [4ms]
2025-03-12 10:30:54.054 [info] > git for-each-ref --sort -committerdate --format %(refname) %(objectname) %(*objectname) [1ms]
2025-03-12 10:30:59.068 [info] > git config --get commit.template [5ms]
2025-03-12 10:30:59.069 [info] > git for-each-ref --format=%(refname)%00%(upstream:short)%00%(objectname)%00%(upstream:track)%00%(upstream:remotename)%00%(upstream:remoteref) refs/heads/master refs/remotes/master [2ms]
2025-03-12 10:30:59.073 [warning] [Git][revParse] Unable to read file: ENOENT: no such file or directory, open '/home/travthegr88/development/code/phase-1/phase-1-arithmetic-lab/.git/refs/remotes/origin/master'
2025-03-12 10:30:59.075 [info] > git rev-parse refs/remotes/origin/master [1ms]
2025-03-12 10:30:59.083 [info] > git status -z -uall [5ms]
2025-03-12 10:30:59.085 [info] > git for-each-ref --sort -committerdate --format %(refname) %(objectname) %(*objectname) [1ms]
2025-03-12 10:31:06.888 [info] > git config --get commit.template [2ms]
2025-03-12 10:31:06.892 [info] > git for-each-ref --format=%(refname)%00%(upstream:short)%00%(objectname)%00%(upstream:track)%00%(upstream:remotename)%00%(upstream:remoteref) refs/heads/master refs/remotes/master [1ms]
2025-03-12 10:31:06.895 [warning] [Git][revParse] Unable to read file: ENOENT: no such file or directory, open '/home/travthegr88/development/code/phase-1/phase-1-arithmetic-lab/.git/refs/remotes/origin/master'
2025-03-12 10:31:06.896 [info] > git rev-parse refs/remotes/origin/master [1ms]
2025-03-12 10:31:06.901 [info] > git status -z -uall [3ms]
2025-03-12 10:31:06.902 [info] > git for-each-ref --sort -committerdate --format %(refname) %(objectname) %(*objectname) [2ms]
2025-03-12 10:31:12.692 [info] > git config --get commit.template [6ms]
2025-03-12 10:31:12.693 [info] > git for-each-ref --format=%(refname)%00%(upstream:short)%00%(objectname)%00%(upstream:track)%00%(upstream:remotename)%00%(upstream:remoteref) refs/heads/master refs/remotes/master [2ms]
2025-03-12 10:31:12.697 [warning] [Git][revParse] Unable to read file: ENOENT: no such file or directory, open '/home/travthegr88/development/code/phase-1/phase-1-arithmetic-lab/.git/refs/remotes/origin/master'
2025-03-12 10:31:12.698 [info] > git rev-parse refs/remotes/origin/master [1ms]
2025-03-12 10:31:12.720 [info] > git status -z -uall [11ms]
2025-03-12 10:31:12.723 [info] > git for-each-ref --sort -committerdate --format %(refname) %(objectname) %(*objectname) [4ms]
2025-03-12 10:31:17.763 [info] > git config --get commit.template [6ms]
2025-03-12 10:31:17.764 [info] > git for-each-ref --format=%(refname)%00%(upstream:short)%00%(objectname)%00%(upstream:track)%00%(upstream:remotename)%00%(upstream:remoteref) refs/heads/master refs/remotes/master [2ms]
2025-03-12 10:31:17.769 [warning] [Git][revParse] Unable to read file: ENOENT: no such file or directory, open '/home/travthegr88/development/code/phase-1/phase-1-arithmetic-lab/.git/refs/remotes/origin/master'
2025-03-12 10:31:17.770 [info] > git rev-parse refs/remotes/origin/master [2ms]
2025-03-12 10:31:17.777 [info] > git status -z -uall [4ms]
2025-03-12 10:31:17.778 [info] > git for-each-ref --sort -committerdate --format %(refname) %(objectname) %(*objectname) [2ms]
2025-03-12 10:31:22.791 [info] > git config --get commit.template [4ms]
2025-03-12 10:31:22.792 [info] > git for-each-ref --format=%(refname)%00%(upstream:short)%00%(objectname)%00%(upstream:track)%00%(upstream:remotename)%00%(upstream:remoteref) refs/heads/master refs/remotes/master [2ms]
2025-03-12 10:31:22.796 [warning] [Git][revParse] Unable to read file: ENOENT: no such file or directory, open '/home/travthegr88/development/code/phase-1/phase-1-arithmetic-lab/.git/refs/remotes/origin/master'
2025-03-12 10:31:22.797 [info] > git rev-parse refs/remotes/origin/master [1ms]
2025-03-12 10:31:22.807 [info] > git status -z -uall [6ms]
2025-03-12 10:31:22.808 [info] > git for-each-ref --sort -committerdate --format %(refname) %(objectname) %(*objectname) [3ms]
2025-03-12 10:31:25.864 [info] > git config --get commit.template [6ms]
2025-03-12 10:31:25.865 [info] > git for-each-ref --format=%(refname)%00%(upstream:short)%00%(objectname)%00%(upstream:track)%00%(upstream:remotename)%00%(upstream:remoteref) refs/heads/master refs/remotes/master [2ms]
2025-03-12 10:31:25.872 [warning] [Git][revParse] Unable to read file: ENOENT: no such file or directory, open '/home/travthegr88/development/code/phase-1/phase-1-arithmetic-lab/.git/refs/remotes/origin/master'
2025-03-12 10:31:25.874 [info] > git rev-parse refs/remotes/origin/master [2ms]
2025-03-12 10:31:25.885 [info] > git status -z -uall [7ms]
2025-03-12 10:31:25.887 [info] > git for-each-ref --sort -committerdate --format %(refname) %(objectname) %(*objectname) [3ms]
2025-03-12 10:31:30.904 [info] > git config --get commit.template [5ms]
2025-03-12 10:31:30.906 [info] > git for-each-ref --format=%(refname)%00%(upstream:short)%00%(objectname)%00%(upstream:track)%00%(upstream:remotename)%00%(upstream:remoteref) refs/heads/master refs/remotes/master [2ms]
2025-03-12 10:31:30.909 [warning] [Git][revParse] Unable to read file: ENOENT: no such file or directory, open '/home/travthegr88/development/code/phase-1/phase-1-arithmetic-lab/.git/refs/remotes/origin/master'
2025-03-12 10:31:30.911 [info] > git rev-parse refs/remotes/origin/master [2ms]
2025-03-12 10:31:30.922 [info] > git status -z -uall [8ms]
2025-03-12 10:31:30.922 [info] > git for-each-ref --sort -committerdate --format %(refname) %(objectname) %(*objectname) [4ms]
2025-03-12 10:31:35.973 [info] > git config --get commit.template [6ms]
2025-03-12 10:31:35.974 [info] > git for-each-ref --format=%(refname)%00%(upstream:short)%00%(objectname)%00%(upstream:track)%00%(upstream:remotename)%00%(upstream:remoteref) refs/heads/master refs/remotes/master [2ms]
2025-03-12 10:31:35.978 [warning] [Git][revParse] Unable to read file: ENOENT: no such file or directory, open '/home/travthegr88/development/code/phase-1/phase-1-arithmetic-lab/.git/refs/remotes/origin/master'
2025-03-12 10:31:35.980 [info] > git rev-parse refs/remotes/origin/master [2ms]
2025-03-12 10:31:35.990 [info] > git status -z -uall [5ms]
2025-03-12 10:31:35.991 [info] > git for-each-ref --sort -committerdate --format %(refname) %(objectname) %(*objectname) [2ms]
2025-03-12 10:31:43.124 [info] > git config --get commit.template [5ms]
2025-03-12 10:31:43.125 [info] > git for-each-ref --format=%(refname)%00%(upstream:short)%00%(objectname)%00%(upstream:track)%00%(upstream:remotename)%00%(upstream:remoteref) refs/heads/master refs/remotes/master [3ms]
2025-03-12 10:31:43.130 [warning] [Git][revParse] Unable to read file: ENOENT: no such file or directory, open '/home/travthegr88/development/code/phase-1/phase-1-arithmetic-lab/.git/refs/remotes/origin/master'
2025-03-12 10:31:43.130 [info] > git rev-parse refs/remotes/origin/master [1ms]
2025-03-12 10:31:43.137 [info] > git status -z -uall [5ms]
2025-03-12 10:31:43.137 [info] > git for-each-ref --sort -committerdate --format %(refname) %(objectname) %(*objectname) [1ms]
2025-03-12 10:31:48.148 [info] > git config --get commit.template [4ms]
2025-03-12 10:31:48.150 [info] > git for-each-ref --format=%(refname)%00%(upstream:short)%00%(objectname)%00%(upstream:track)%00%(upstream:remotename)%00%(upstream:remoteref) refs/heads/master refs/remotes/master [2ms]
2025-03-12 10:31:48.153 [warning] [Git][revParse] Unable to read file: ENOENT: no such file or directory, open '/home/travthegr88/development/code/phase-1/phase-1-arithmetic-lab/.git/refs/remotes/origin/master'
2025-03-12 10:31:48.154 [info] > git rev-parse refs/remotes/origin/master [1ms]
2025-03-12 10:31:48.162 [info] > git status -z -uall [4ms]
2025-03-12 10:31:48.163 [info] > git for-each-ref --sort -committerdate --format %(refname) %(objectname) %(*objectname) [1ms]
2025-03-12 10:31:53.181 [info] > git config --get commit.template [2ms]
2025-03-12 10:31:53.190 [info] > git for-each-ref --format=%(refname)%00%(upstream:short)%00%(objectname)%00%(upstream:track)%00%(upstream:remotename)%00%(upstream:remoteref) refs/heads/master refs/remotes/master [3ms]
2025-03-12 10:31:53.196 [warning] [Git][revParse] Unable to read file: ENOENT: no such file or directory, open '/home/travthegr88/development/code/phase-1/phase-1-arithmetic-lab/.git/refs/remotes/origin/master'
2025-03-12 10:31:53.197 [info] > git rev-parse refs/remotes/origin/master [1ms]
2025-03-12 10:31:53.205 [info] > git status -z -uall [5ms]
2025-03-12 10:31:53.205 [info] > git for-each-ref --sort -committerdate --format %(refname) %(objectname) %(*objectname) [1ms]
2025-03-12 10:32:01.716 [info] > git show --textconv :test/indexTest.js [18ms]
2025-03-12 10:32:01.716 [info] > git ls-files --stage -- test/indexTest.js [3ms]
2025-03-12 10:32:01.728 [info] > git cat-file -s fa76c0b3a18c6d0dce80f3c64c5673624a49cb8a [2ms]
2025-03-12 10:32:34.090 [info] > git config --get commit.template [1ms]
2025-03-12 10:32:34.095 [info] > git for-each-ref --format=%(refname)%00%(upstream:short)%00%(objectname)%00%(upstream:track)%00%(upstream:remotename)%00%(upstream:remoteref) refs/heads/master refs/remotes/master [1ms]
2025-03-12 10:32:34.098 [warning] [Git][revParse] Unable to read file: ENOENT: no such file or directory, open '/home/travthegr88/development/code/phase-1/phase-1-arithmetic-lab/.git/refs/remotes/origin/master'
2025-03-12 10:32:34.099 [info] > git rev-parse refs/remotes/origin/master [1ms]
2025-03-12 10:32:34.106 [info] > git status -z -uall [4ms]
2025-03-12 10:32:34.106 [info] > git for-each-ref --sort -committerdate --format %(refname) %(objectname) %(*objectname) [1ms]
2025-03-12 10:32:39.127 [info] > git config --get commit.template [5ms]
2025-03-12 10:32:39.129 [info] > git for-each-ref --format=%(refname)%00%(upstream:short)%00%(objectname)%00%(upstream:track)%00%(upstream:remotename)%00%(upstream:remoteref) refs/heads/master refs/remotes/master [2ms]
2025-03-12 10:32:39.133 [warning] [Git][revParse] Unable to read file: ENOENT: no such file or directory, open '/home/travthegr88/development/code/phase-1/phase-1-arithmetic-lab/.git/refs/remotes/origin/master'
2025-03-12 10:32:39.134 [info] > git rev-parse refs/remotes/origin/master [1ms]
2025-03-12 10:32:39.142 [info] > git status -z -uall [4ms]
2025-03-12 10:32:39.143 [info] > git for-each-ref --sort -committerdate --format %(refname) %(objectname) %(*objectname) [2ms]
2025-03-12 10:32:44.163 [info] > git config --get commit.template [7ms]
2025-03-12 10:32:44.164 [info] > git for-each-ref --format=%(refname)%00%(upstream:short)%00%(objectname)%00%(upstream:track)%00%(upstream:remotename)%00%(upstream:remoteref) refs/heads/master refs/remotes/master [2ms]
2025-03-12 10:32:44.169 [warning] [Git][revParse] Unable to read file: ENOENT: no such file or directory, open '/home/travthegr88/development/code/phase-1/phase-1-arithmetic-lab/.git/refs/remotes/origin/master'
2025-03-12 10:32:44.171 [info] > git rev-parse refs/remotes/origin/master [3ms]
2025-03-12 10:32:44.182 [info] > git status -z -uall [6ms]
2025-03-12 10:32:44.183 [info] > git for-each-ref --sort -committerdate --format %(refname) %(objectname) %(*objectname) [3ms]
2025-03-12 10:32:49.196 [info] > git config --get commit.template [2ms]
2025-03-12 10:32:49.203 [info] > git for-each-ref --format=%(refname)%00%(upstream:short)%00%(objectname)%00%(upstream:track)%00%(upstream:remotename)%00%(upstream:remoteref) refs/heads/master refs/remotes/master [2ms]
2025-03-12 10:32:49.209 [warning] [Git][revParse] Unable to read file: ENOENT: no such file or directory, open '/home/travthegr88/development/code/phase-1/phase-1-arithmetic-lab/.git/refs/remotes/origin/master'
2025-03-12 10:32:49.211 [info] > git rev-parse refs/remotes/origin/master [2ms]
2025-03-12 10:32:49.223 [info] > git status -z -uall [6ms]
2025-03-12 10:32:49.225 [info] > git for-each-ref --sort -committerdate --format %(refname) %(objectname) %(*objectname) [3ms]
2025-03-12 10:32:54.553 [info] > git ls-files --stage -- index.js [4ms]
2025-03-12 10:32:54.558 [info] > git ls-files --stage -- test/indexTest.js [4ms]
2025-03-12 10:32:54.561 [info] > git cat-file -s 07a4c05207ae8f76ab1425164aecb5d23d8ec314 [4ms]
2025-03-12 10:32:54.562 [info] > git cat-file -s fa76c0b3a18c6d0dce80f3c64c5673624a49cb8a [1ms]
2025-03-12 10:32:54.575 [info] > git show --textconv :index.js [4ms]
2025-03-12 10:32:54.575 [info] > git show --textconv :test/indexTest.js [1ms]
2025-03-12 10:32:55.287 [info] > git fetch [1938ms]
2025-03-12 10:32:55.300 [info] > git config --get commit.template [7ms]
2025-03-12 10:32:55.301 [info] > git for-each-ref --format=%(refname)%00%(upstream:short)%00%(objectname)%00%(upstream:track)%00%(upstream:remotename)%00%(upstream:remoteref) refs/heads/master refs/remotes/master [4ms]
2025-03-12 10:32:55.307 [warning] [Git][revParse] Unable to read file: ENOENT: no such file or directory, open '/home/travthegr88/development/code/phase-1/phase-1-arithmetic-lab/.git/refs/remotes/origin/master'
2025-03-12 10:32:55.309 [info] > git rev-parse refs/remotes/origin/master [2ms]
2025-03-12 10:32:55.321 [info] > git status -z -uall [7ms]
2025-03-12 10:32:55.323 [info] > git for-each-ref --sort -committerdate --format %(refname) %(objectname) %(*objectname) [3ms]
2025-03-12 10:32:55.346 [info] > git config --get commit.template [8ms]
2025-03-12 10:32:55.355 [info] > git for-each-ref --format=%(refname)%00%(upstream:short)%00%(objectname)%00%(upstream:track)%00%(upstream:remotename)%00%(upstream:remoteref) refs/heads/master refs/remotes/master [4ms]
2025-03-12 10:32:55.359 [warning] [Git][revParse] Unable to read file: ENOENT: no such file or directory, open '/home/travthegr88/development/code/phase-1/phase-1-arithmetic-lab/.git/refs/remotes/origin/master'
2025-03-12 10:32:55.363 [info] > git rev-parse refs/remotes/origin/master [4ms]
2025-03-12 10:32:55.381 [info] > git status -z -uall [14ms]
2025-03-12 10:32:55.381 [info] > git for-each-ref --sort -committerdate --format %(refname) %(objectname) %(*objectname) [11ms]
2025-03-12 10:32:56.166 [info] > git ls-files --stage -- index.js [9ms]
2025-03-12 10:32:56.174 [info] > git ls-files --stage -- test/indexTest.js [12ms]
2025-03-12 10:32:56.180 [info] > git cat-file -s fa76c0b3a18c6d0dce80f3c64c5673624a49cb8a [2ms]
2025-03-12 10:32:56.180 [info] > git cat-file -s 07a4c05207ae8f76ab1425164aecb5d23d8ec314 [8ms]
2025-03-12 10:32:56.194 [info] > git show --textconv :test/indexTest.js [3ms]
2025-03-12 10:32:56.195 [info] > git show --textconv :index.js [1ms]
2025-03-12 10:33:00.394 [info] > git config --get commit.template [2ms]
2025-03-12 10:33:00.402 [info] > git for-each-ref --format=%(refname)%00%(upstream:short)%00%(objectname)%00%(upstream:track)%00%(upstream:remotename)%00%(upstream:remoteref) refs/heads/master refs/remotes/master [2ms]
2025-03-12 10:33:00.407 [warning] [Git][revParse] Unable to read file: ENOENT: no such file or directory, open '/home/travthegr88/development/code/phase-1/phase-1-arithmetic-lab/.git/refs/remotes/origin/master'
2025-03-12 10:33:00.409 [info] > git rev-parse refs/remotes/origin/master [3ms]
2025-03-12 10:33:00.420 [info] > git status -z -uall [6ms]
2025-03-12 10:33:00.421 [info] > git for-each-ref --sort -committerdate --format %(refname) %(objectname) %(*objectname) [3ms]
2025-03-12 10:33:05.449 [info] > git config --get commit.template [6ms]
2025-03-12 10:33:05.450 [info] > git for-each-ref --format=%(refname)%00%(upstream:short)%00%(objectname)%00%(upstream:track)%00%(upstream:remotename)%00%(upstream:remoteref) refs/heads/master refs/remotes/master [1ms]
2025-03-12 10:33:05.455 [warning] [Git][revParse] Unable to read file: ENOENT: no such file or directory, open '/home/travthegr88/development/code/phase-1/phase-1-arithmetic-lab/.git/refs/remotes/origin/master'
2025-03-12 10:33:05.457 [info] > git rev-parse refs/remotes/origin/master [2ms]
2025-03-12 10:33:05.465 [info] > git status -z -uall [4ms]
2025-03-12 10:33:05.466 [info] > git for-each-ref --sort -committerdate --format %(refname) %(objectname) %(*objectname) [1ms]
2025-03-12 10:33:10.501 [info] > git config --get commit.template [7ms]
2025-03-12 10:33:10.503 [info] > git for-each-ref --format=%(refname)%00%(upstream:short)%00%(objectname)%00%(upstream:track)%00%(upstream:remotename)%00%(upstream:remoteref) refs/heads/master refs/remotes/master [1ms]
2025-03-12 10:33:10.507 [warning] [Git][revParse] Unable to read file: ENOENT: no such file or directory, open '/home/travthegr88/development/code/phase-1/phase-1-arithmetic-lab/.git/refs/remotes/origin/master'
2025-03-12 10:33:10.509 [info] > git rev-parse refs/remotes/origin/master [2ms]
2025-03-12 10:33:10.517 [info] > git status -z -uall [5ms]
2025-03-12 10:33:10.518 [info] > git for-each-ref --sort -committerdate --format %(refname) %(objectname) %(*objectname) [2ms]
2025-03-12 10:33:48.720 [info] > git show --textconv :index.js [15ms]
2025-03-12 10:33:48.725 [info] > git ls-files --stage -- index.js [7ms]
2025-03-12 10:33:48.735 [info] > git cat-file -s 07a4c05207ae8f76ab1425164aecb5d23d8ec314 [3ms]
2025-03-12 10:33:58.334 [info] > git for-each-ref --format=%(refname)%00%(upstream:short)%00%(objectname)%00%(upstream:track)%00%(upstream:remotename)%00%(upstream:remoteref) refs/heads/master refs/remotes/master [2ms]
2025-03-12 10:33:58.334 [info] > git config --get commit.template [7ms]
2025-03-12 10:33:58.338 [warning] [Git][revParse] Unable to read file: ENOENT: no such file or directory, open '/home/travthegr88/development/code/phase-1/phase-1-arithmetic-lab/.git/refs/remotes/origin/master'
2025-03-12 10:33:58.339 [info] > git rev-parse refs/remotes/origin/master [2ms]
2025-03-12 10:33:58.345 [info] > git status -z -uall [4ms]
2025-03-12 10:33:58.346 [info] > git for-each-ref --sort -committerdate --format %(refname) %(objectname) %(*objectname) [2ms]
2025-03-12 10:34:05.422 [info] > git config --get commit.template [4ms]
2025-03-12 10:34:05.423 [info] > git for-each-ref --format=%(refname)%00%(upstream:short)%00%(objectname)%00%(upstream:track)%00%(upstream:remotename)%00%(upstream:remoteref) refs/heads/master refs/remotes/master [2ms]
2025-03-12 10:34:05.426 [warning] [Git][revParse] Unable to read file: ENOENT: no such file or directory, open '/home/travthegr88/development/code/phase-1/phase-1-arithmetic-lab/.git/refs/remotes/origin/master'
2025-03-12 10:34:05.427 [info] > git rev-parse refs/remotes/origin/master [1ms]
2025-03-12 10:34:05.434 [info] > git status -z -uall [3ms]
2025-03-12 10:34:05.434 [info] > git for-each-ref --sort -committerdate --format %(refname) %(objectname) %(*objectname) [1ms]
2025-03-12 10:34:10.772 [info] > git config --get commit.template [7ms]
2025-03-12 10:34:10.773 [info] > git for-each-ref --format=%(refname)%00%(upstream:short)%00%(objectname)%00%(upstream:track)%00%(upstream:remotename)%00%(upstream:remoteref) refs/heads/master refs/remotes/master [3ms]
2025-03-12 10:34:10.778 [warning] [Git][revParse] Unable to read file: ENOENT: no such file or directory, open '/home/travthegr88/development/code/phase-1/phase-1-arithmetic-lab/.git/refs/remotes/origin/master'
2025-03-12 10:34:10.780 [info] > git rev-parse refs/remotes/origin/master [2ms]
2025-03-12 10:34:10.791 [info] > git status -z -uall [7ms]
2025-03-12 10:34:10.792 [info] > git for-each-ref --sort -committerdate --format %(refname) %(objectname) %(*objectname) [4ms]
2025-03-12 10:34:16.586 [info] > git config --get commit.template [6ms]
2025-03-12 10:34:16.587 [info] > git for-each-ref --format=%(refname)%00%(upstream:short)%00%(objectname)%00%(upstream:track)%00%(upstream:remotename)%00%(upstream:remoteref) refs/heads/master refs/remotes/master [2ms]
2025-03-12 10:34:16.592 [warning] [Git][revParse] Unable to read file: ENOENT: no such file or directory, open '/home/travthegr88/development/code/phase-1/phase-1-arithmetic-lab/.git/refs/remotes/origin/master'
2025-03-12 10:34:16.593 [info] > git rev-parse refs/remotes/origin/master [1ms]
2025-03-12 10:34:16.601 [info] > git status -z -uall [4ms]
2025-03-12 10:34:16.602 [info] > git for-each-ref --sort -committerdate --format %(refname) %(objectname) %(*objectname) [1ms]
2025-03-12 10:34:36.566 [info] > git config --get commit.template [3ms]
2025-03-12 10:34:36.567 [info] > git for-each-ref --format=%(refname)%00%(upstream:short)%00%(objectname)%00%(upstream:track)%00%(upstream:remotename)%00%(upstream:remoteref) refs/heads/master refs/remotes/master [1ms]
2025-03-12 10:34:36.570 [warning] [Git][revParse] Unable to read file: ENOENT: no such file or directory, open '/home/travthegr88/development/code/phase-1/phase-1-arithmetic-lab/.git/refs/remotes/origin/master'
2025-03-12 10:34:36.572 [info] > git rev-parse refs/remotes/origin/master [2ms]
2025-03-12 10:34:36.580 [info] > git status -z -uall [5ms]
2025-03-12 10:34:36.581 [info] > git for-each-ref --sort -committerdate --format %(refname) %(objectname) %(*objectname) [2ms]
2025-03-12 10:34:41.603 [info] > git config --get commit.template [5ms]
2025-03-12 10:34:41.604 [info] > git for-each-ref --format=%(refname)%00%(upstream:short)%00%(objectname)%00%(upstream:track)%00%(upstream:remotename)%00%(upstream:remoteref) refs/heads/master refs/remotes/master [2ms]
2025-03-12 10:34:41.608 [warning] [Git][revParse] Unable to read file: ENOENT: no such file or directory, open '/home/travthegr88/development/code/phase-1/phase-1-arithmetic-lab/.git/refs/remotes/origin/master'
2025-03-12 10:34:41.609 [info] > git rev-parse refs/remotes/origin/master [1ms]
2025-03-12 10:34:41.616 [info] > git status -z -uall [4ms]
2025-03-12 10:34:41.619 [info] > git for-each-ref --sort -committerdate --format %(refname) %(objectname) %(*objectname) [2ms]
2025-03-12 10:35:49.392 [info] > git ls-files --stage -- index.js [1ms]
2025-03-12 10:35:49.395 [info] > git cat-file -s 07a4c05207ae8f76ab1425164aecb5d23d8ec314 [1ms]
2025-03-12 10:35:49.452 [info] > git show --textconv :index.js [3ms]
2025-03-12 10:35:52.222 [info] > git fetch [4062ms]
2025-03-12 10:35:52.235 [info] > git config --get commit.template [5ms]
2025-03-12 10:35:52.237 [info] > git for-each-ref --format=%(refname)%00%(upstream:short)%00%(objectname)%00%(upstream:track)%00%(upstream:remotename)%00%(upstream:remoteref) refs/heads/master refs/remotes/master [3ms]
2025-03-12 10:35:52.243 [warning] [Git][revParse] Unable to read file: ENOENT: no such file or directory, open '/home/travthegr88/development/code/phase-1/phase-1-arithmetic-lab/.git/refs/remotes/origin/master'
2025-03-12 10:35:52.243 [info] > git rev-parse refs/remotes/origin/master [1ms]
2025-03-12 10:35:52.250 [info] > git status -z -uall [4ms]
2025-03-12 10:35:52.251 [info] > git for-each-ref --sort -committerdate --format %(refname) %(objectname) %(*objectname) [1ms]
2025-03-12 10:35:53.161 [info] > git ls-files --stage -- index.js [3ms]
2025-03-12 10:35:53.166 [info] > git cat-file -s 07a4c05207ae8f76ab1425164aecb5d23d8ec314 [2ms]
2025-03-12 10:35:53.178 [info] > git show --textconv :index.js [1ms]
2025-03-12 10:35:53.846 [info] > git config --get commit.template [5ms]
2025-03-12 10:35:53.847 [info] > git for-each-ref --format=%(refname)%00%(upstream:short)%00%(objectname)%00%(upstream:track)%00%(upstream:remotename)%00%(upstream:remoteref) refs/heads/master refs/remotes/master [3ms]
2025-03-12 10:35:53.851 [warning] [Git][revParse] Unable to read file: ENOENT: no such file or directory, open '/home/travthegr88/development/code/phase-1/phase-1-arithmetic-lab/.git/refs/remotes/origin/master'
2025-03-12 10:35:53.853 [info] > git rev-parse refs/remotes/origin/master [2ms]
2025-03-12 10:35:53.862 [info] > git status -z -uall [5ms]
2025-03-12 10:35:53.863 [info] > git for-each-ref --sort -committerdate --format %(refname) %(objectname) %(*objectname) [2ms]
2025-03-12 10:35:57.161 [info] > git config --get commit.template [6ms]
2025-03-12 10:35:57.161 [info] > git for-each-ref --format=%(refname)%00%(upstream:short)%00%(objectname)%00%(upstream:track)%00%(upstream:remotename)%00%(upstream:remoteref) refs/heads/master refs/remotes/master [1ms]
2025-03-12 10:35:57.166 [warning] [Git][revParse] Unable to read file: ENOENT: no such file or directory, open '/home/travthegr88/development/code/phase-1/phase-1-arithmetic-lab/.git/refs/remotes/origin/master'
2025-03-12 10:35:57.168 [info] > git rev-parse refs/remotes/origin/master [2ms]
2025-03-12 10:35:57.178 [info] > git status -z -uall [6ms]
2025-03-12 10:35:57.179 [info] > git for-each-ref --sort -committerdate --format %(refname) %(objectname) %(*objectname) [2ms]
2025-03-12 10:36:04.248 [info] > git config --get commit.template [5ms]
2025-03-12 10:36:04.259 [info] > git for-each-ref --format=%(refname)%00%(upstream:short)%00%(objectname)%00%(upstream:track)%00%(upstream:remotename)%00%(upstream:remoteref) refs/heads/master refs/remotes/master [2ms]
2025-03-12 10:36:04.264 [warning] [Git][revParse] Unable to read file: ENOENT: no such file or directory, open '/home/travthegr88/development/code/phase-1/phase-1-arithmetic-lab/.git/refs/remotes/origin/master'
2025-03-12 10:36:04.266 [info] > git rev-parse refs/remotes/origin/master [2ms]
2025-03-12 10:36:04.274 [info] > git status -z -uall [4ms]
2025-03-12 10:36:04.275 [info] > git for-each-ref --sort -committerdate --format %(refname) %(objectname) %(*objectname) [2ms]
2025-03-12 10:36:09.295 [info] > git config --get commit.template [5ms]
2025-03-12 10:36:09.296 [info] > git for-each-ref --format=%(refname)%00%(upstream:short)%00%(objectname)%00%(upstream:track)%00%(upstream:remotename)%00%(upstream:remoteref) refs/heads/master refs/remotes/master [2ms]
2025-03-12 10:36:09.301 [warning] [Git][revParse] Unable to read file: ENOENT: no such file or directory, open '/home/travthegr88/development/code/phase-1/phase-1-arithmetic-lab/.git/refs/remotes/origin/master'
2025-03-12 10:36:09.303 [info] > git rev-parse refs/remotes/origin/master [1ms]
2025-03-12 10:36:09.311 [info] > git status -z -uall [4ms]
2025-03-12 10:36:09.312 [info] > git for-each-ref --sort -committerdate --format %(refname) %(objectname) %(*objectname) [2ms]
2025-03-12 10:36:14.331 [info] > git config --get commit.template [6ms]
2025-03-12 10:36:14.332 [info] > git for-each-ref --format=%(refname)%00%(upstream:short)%00%(objectname)%00%(upstream:track)%00%(upstream:remotename)%00%(upstream:remoteref) refs/heads/master refs/remotes/master [2ms]
2025-03-12 10:36:14.337 [warning] [Git][revParse] Unable to read file: ENOENT: no such file or directory, open '/home/travthegr88/development/code/phase-1/phase-1-arithmetic-lab/.git/refs/remotes/origin/master'
2025-03-12 10:36:14.339 [info] > git rev-parse refs/remotes/origin/master [2ms]
2025-03-12 10:36:14.347 [info] > git status -z -uall [4ms]
2025-03-12 10:36:14.349 [info] > git for-each-ref --sort -committerdate --format %(refname) %(objectname) %(*objectname) [2ms]
2025-03-12 10:36:43.739 [info] > git show --textconv :test/indexTest.js [10ms]
2025-03-12 10:36:43.740 [info] > git ls-files --stage -- test/indexTest.js [7ms]
2025-03-12 10:36:43.749 [info] > git cat-file -s fa76c0b3a18c6d0dce80f3c64c5673624a49cb8a [3ms]
2025-03-12 10:37:01.477 [info] > git show --textconv :index.js [6ms]
2025-03-12 10:37:01.477 [info] > git ls-files --stage -- index.js [2ms]
2025-03-12 10:37:01.481 [info] > git cat-file -s 07a4c05207ae8f76ab1425164aecb5d23d8ec314 [1ms]
2025-03-12 10:37:32.293 [info] > git config --get commit.template [6ms]
2025-03-12 10:37:32.294 [info] > git for-each-ref --format=%(refname)%00%(upstream:short)%00%(objectname)%00%(upstream:track)%00%(upstream:remotename)%00%(upstream:remoteref) refs/heads/master refs/remotes/master [3ms]
2025-03-12 10:37:32.299 [warning] [Git][revParse] Unable to read file: ENOENT: no such file or directory, open '/home/travthegr88/development/code/phase-1/phase-1-arithmetic-lab/.git/refs/remotes/origin/master'
2025-03-12 10:37:32.300 [info] > git rev-parse refs/remotes/origin/master [1ms]
2025-03-12 10:37:32.310 [info] > git status -z -uall [5ms]
2025-03-12 10:37:32.311 [info] > git for-each-ref --sort -committerdate --format %(refname) %(objectname) %(*objectname) [2ms]
2025-03-12 10:37:40.491 [info] > git config --get commit.template [2ms]
2025-03-12 10:37:40.496 [info] > git for-each-ref --format=%(refname)%00%(upstream:short)%00%(objectname)%00%(upstream:track)%00%(upstream:remotename)%00%(upstream:remoteref) refs/heads/master refs/remotes/master [2ms]
2025-03-12 10:37:40.500 [warning] [Git][revParse] Unable to read file: ENOENT: no such file or directory, open '/home/travthegr88/development/code/phase-1/phase-1-arithmetic-lab/.git/refs/remotes/origin/master'
2025-03-12 10:37:40.501 [info] > git rev-parse refs/remotes/origin/master [1ms]
2025-03-12 10:37:40.507 [info] > git status -z -uall [4ms]
2025-03-12 10:37:40.507 [info] > git for-each-ref --sort -committerdate --format %(refname) %(objectname) %(*objectname) [1ms]
2025-03-12 10:37:45.525 [info] > git config --get commit.template [6ms]
2025-03-12 10:37:45.525 [info] > git for-each-ref --format=%(refname)%00%(upstream:short)%00%(objectname)%00%(upstream:track)%00%(upstream:remotename)%00%(upstream:remoteref) refs/heads/master refs/remotes/master [1ms]
2025-03-12 10:37:45.529 [warning] [Git][revParse] Unable to read file: ENOENT: no such file or directory, open '/home/travthegr88/development/code/phase-1/phase-1-arithmetic-lab/.git/refs/remotes/origin/master'
2025-03-12 10:37:45.530 [info] > git rev-parse refs/remotes/origin/master [1ms]
2025-03-12 10:37:45.536 [info] > git status -z -uall [4ms]
2025-03-12 10:37:45.536 [info] > git for-each-ref --sort -committerdate --format %(refname) %(objectname) %(*objectname) [1ms]
2025-03-12 10:37:50.545 [info] > git config --get commit.template [1ms]
2025-03-12 10:37:50.550 [info] > git for-each-ref --format=%(refname)%00%(upstream:short)%00%(objectname)%00%(upstream:track)%00%(upstream:remotename)%00%(upstream:remoteref) refs/heads/master refs/remotes/master [2ms]
2025-03-12 10:37:50.553 [warning] [Git][revParse] Unable to read file: ENOENT: no such file or directory, open '/home/travthegr88/development/code/phase-1/phase-1-arithmetic-lab/.git/refs/remotes/origin/master'
2025-03-12 10:37:50.554 [info] > git rev-parse refs/remotes/origin/master [1ms]
2025-03-12 10:37:50.562 [info] > git status -z -uall [5ms]
2025-03-12 10:37:50.563 [info] > git for-each-ref --sort -committerdate --format %(refname) %(objectname) %(*objectname) [2ms]
2025-03-12 10:37:55.578 [info] > git config --get commit.template [6ms]
2025-03-12 10:37:55.579 [info] > git for-each-ref --format=%(refname)%00%(upstream:short)%00%(objectname)%00%(upstream:track)%00%(upstream:remotename)%00%(upstream:remoteref) refs/heads/master refs/remotes/master [2ms]
2025-03-12 10:37:55.584 [warning] [Git][revParse] Unable to read file: ENOENT: no such file or directory, open '/home/travthegr88/development/code/phase-1/phase-1-arithmetic-lab/.git/refs/remotes/origin/master'
2025-03-12 10:37:55.585 [info] > git rev-parse refs/remotes/origin/master [1ms]
2025-03-12 10:37:55.595 [info] > git status -z -uall [6ms]
2025-03-12 10:37:55.597 [info] > git for-each-ref --sort -committerdate --format %(refname) %(objectname) %(*objectname) [3ms]
2025-03-12 10:38:36.238 [info] > git config --get commit.template [8ms]
2025-03-12 10:38:36.239 [info] > git for-each-ref --format=%(refname)%00%(upstream:short)%00%(objectname)%00%(upstream:track)%00%(upstream:remotename)%00%(upstream:remoteref) refs/heads/master refs/remotes/master [2ms]
2025-03-12 10:38:36.243 [warning] [Git][revParse] Unable to read file: ENOENT: no such file or directory, open '/home/travthegr88/development/code/phase-1/phase-1-arithmetic-lab/.git/refs/remotes/origin/master'
2025-03-12 10:38:36.245 [info] > git rev-parse refs/remotes/origin/master [2ms]
2025-03-12 10:38:36.255 [info] > git status -z -uall [5ms]
2025-03-12 10:38:36.256 [info] > git for-each-ref --sort -committerdate --format %(refname) %(objectname) %(*objectname) [3ms]
2025-03-12 10:38:41.563 [info] > git ls-files --stage -- test/indexTest.js [6ms]
2025-03-12 10:38:41.567 [info] > git ls-files --stage -- index.js [8ms]
2025-03-12 10:38:41.573 [info] > git cat-file -s fa76c0b3a18c6d0dce80f3c64c5673624a49cb8a [6ms]
2025-03-12 10:38:41.574 [info] > git cat-file -s 07a4c05207ae8f76ab1425164aecb5d23d8ec314 [1ms]
2025-03-12 10:38:41.593 [info] > git show --textconv :test/indexTest.js [5ms]
2025-03-12 10:38:41.598 [info] > git show --textconv :index.js [5ms]
2025-03-12 10:38:45.032 [info] > git fetch [4683ms]
2025-03-12 10:38:45.041 [info] > git config --get commit.template [1ms]
2025-03-12 10:38:45.045 [info] > git for-each-ref --format=%(refname)%00%(upstream:short)%00%(objectname)%00%(upstream:track)%00%(upstream:remotename)%00%(upstream:remoteref) refs/heads/master refs/remotes/master [1ms]
2025-03-12 10:38:45.048 [warning] [Git][revParse] Unable to read file: ENOENT: no such file or directory, open '/home/travthegr88/development/code/phase-1/phase-1-arithmetic-lab/.git/refs/remotes/origin/master'
2025-03-12 10:38:45.049 [info] > git rev-parse refs/remotes/origin/master [1ms]
2025-03-12 10:38:45.055 [info] > git status -z -uall [3ms]
2025-03-12 10:38:45.056 [info] > git for-each-ref --sort -committerdate --format %(refname) %(objectname) %(*objectname) [2ms]
2025-03-12 10:38:45.066 [info] > git config --get commit.template [2ms]
2025-03-12 10:38:45.071 [info] > git for-each-ref --format=%(refname)%00%(upstream:short)%00%(objectname)%00%(upstream:track)%00%(upstream:remotename)%00%(upstream:remoteref) refs/heads/master refs/remotes/master [0ms]
2025-03-12 10:38:45.074 [warning] [Git][revParse] Unable to read file: ENOENT: no such file or directory, open '/home/travthegr88/development/code/phase-1/phase-1-arithmetic-lab/.git/refs/remotes/origin/master'
2025-03-12 10:38:45.075 [info] > git rev-parse refs/remotes/origin/master [1ms]
2025-03-12 10:38:45.081 [info] > git status -z -uall [4ms]
2025-03-12 10:38:45.082 [info] > git for-each-ref --sort -committerdate --format %(refname) %(objectname) %(*objectname) [2ms]
2025-03-12 10:38:45.970 [info] > git ls-files --stage -- test/indexTest.js [6ms]
2025-03-12 10:38:45.980 [info] > git ls-files --stage -- index.js [13ms]
2025-03-12 10:38:45.987 [info] > git cat-file -s fa76c0b3a18c6d0dce80f3c64c5673624a49cb8a [8ms]
2025-03-12 10:38:45.987 [info] > git cat-file -s 07a4c05207ae8f76ab1425164aecb5d23d8ec314 [4ms]
2025-03-12 10:38:46.003 [info] > git show --textconv :test/indexTest.js [6ms]
2025-03-12 10:38:46.005 [info] > git show --textconv :index.js [2ms]
2025-03-12 10:38:50.103 [info] > git config --get commit.template [6ms]
2025-03-12 10:38:50.104 [info] > git for-each-ref --format=%(refname)%00%(upstream:short)%00%(objectname)%00%(upstream:track)%00%(upstream:remotename)%00%(upstream:remoteref) refs/heads/master refs/remotes/master [2ms]
2025-03-12 10:38:50.108 [warning] [Git][revParse] Unable to read file: ENOENT: no such file or directory, open '/home/travthegr88/development/code/phase-1/phase-1-arithmetic-lab/.git/refs/remotes/origin/master'
2025-03-12 10:38:50.110 [info] > git rev-parse refs/remotes/origin/master [2ms]
2025-03-12 10:38:50.119 [info] > git status -z -uall [5ms]
2025-03-12 10:38:50.120 [info] > git for-each-ref --sort -committerdate --format %(refname) %(objectname) %(*objectname) [2ms]
2025-03-12 10:39:08.569 [info] > git config --get commit.template [6ms]
2025-03-12 10:39:08.571 [info] > git for-each-ref --format=%(refname)%00%(upstream:short)%00%(objectname)%00%(upstream:track)%00%(upstream:remotename)%00%(upstream:remoteref) refs/heads/master refs/remotes/master [3ms]
2025-03-12 10:39:08.575 [warning] [Git][revParse] Unable to read file: ENOENT: no such file or directory, open '/home/travthegr88/development/code/phase-1/phase-1-arithmetic-lab/.git/refs/remotes/origin/master'
2025-03-12 10:39:08.577 [info] > git rev-parse refs/remotes/origin/master [2ms]
2025-03-12 10:39:08.585 [info] > git status -z -uall [4ms]
2025-03-12 10:39:08.587 [info] > git for-each-ref --sort -committerdate --format %(refname) %(objectname) %(*objectname) [3ms]
2025-03-12 10:39:13.607 [info] > git config --get commit.template [8ms]
2025-03-12 10:39:13.609 [info] > git for-each-ref --format=%(refname)%00%(upstream:short)%00%(objectname)%00%(upstream:track)%00%(upstream:remotename)%00%(upstream:remoteref) refs/heads/master refs/remotes/master [3ms]
2025-03-12 10:39:13.618 [warning] [Git][revParse] Unable to read file: ENOENT: no such file or directory, open '/home/travthegr88/development/code/phase-1/phase-1-arithmetic-lab/.git/refs/remotes/origin/master'
2025-03-12 10:39:13.620 [info] > git rev-parse refs/remotes/origin/master [2ms]
2025-03-12 10:39:13.633 [info] > git status -z -uall [8ms]
2025-03-12 10:39:13.636 [info] > git for-each-ref --sort -committerdate --format %(refname) %(objectname) %(*objectname) [4ms]
2025-03-12 10:39:18.779 [info] > git config --get commit.template [4ms]
2025-03-12 10:39:18.789 [info] > git for-each-ref --format=%(refname)%00%(upstream:short)%00%(objectname)%00%(upstream:track)%00%(upstream:remotename)%00%(upstream:remoteref) refs/heads/master refs/remotes/master [4ms]
2025-03-12 10:39:18.793 [warning] [Git][revParse] Unable to read file: ENOENT: no such file or directory, open '/home/travthegr88/development/code/phase-1/phase-1-arithmetic-lab/.git/refs/remotes/origin/master'
2025-03-12 10:39:18.794 [info] > git rev-parse refs/remotes/origin/master [1ms]
2025-03-12 10:39:18.802 [info] > git status -z -uall [4ms]
2025-03-12 10:39:18.803 [info] > git for-each-ref --sort -committerdate --format %(refname) %(objectname) %(*objectname) [1ms]
2025-03-12 10:39:23.835 [info] > git config --get commit.template [6ms]
2025-03-12 10:39:23.836 [info] > git for-each-ref --format=%(refname)%00%(upstream:short)%00%(objectname)%00%(upstream:track)%00%(upstream:remotename)%00%(upstream:remoteref) refs/heads/master refs/remotes/master [2ms]
2025-03-12 10:39:23.840 [warning] [Git][revParse] Unable to read file: ENOENT: no such file or directory, open '/home/travthegr88/development/code/phase-1/phase-1-arithmetic-lab/.git/refs/remotes/origin/master'
2025-03-12 10:39:23.842 [info] > git rev-parse refs/remotes/origin/master [2ms]
2025-03-12 10:39:23.850 [info] > git status -z -uall [4ms]
2025-03-12 10:39:23.851 [info] > git for-each-ref --sort -committerdate --format %(refname) %(objectname) %(*objectname) [2ms]
2025-03-12 10:39:28.871 [info] > git config --get commit.template [7ms]
2025-03-12 10:39:28.872 [info] > git for-each-ref --format=%(refname)%00%(upstream:short)%00%(objectname)%00%(upstream:track)%00%(upstream:remotename)%00%(upstream:remoteref) refs/heads/master refs/remotes/master [2ms]
2025-03-12 10:39:28.875 [warning] [Git][revParse] Unable to read file: ENOENT: no such file or directory, open '/home/travthegr88/development/code/phase-1/phase-1-arithmetic-lab/.git/refs/remotes/origin/master'
2025-03-12 10:39:28.877 [info] > git rev-parse refs/remotes/origin/master [1ms]
2025-03-12 10:39:28.922 [info] > git status -z -uall [42ms]
2025-03-12 10:39:28.923 [info] > git for-each-ref --sort -committerdate --format %(refname) %(objectname) %(*objectname) [39ms]
2025-03-12 10:39:37.382 [info] > git config --get commit.template [6ms]
2025-03-12 10:39:37.383 [info] > git for-each-ref --format=%(refname)%00%(upstream:short)%00%(objectname)%00%(upstream:track)%00%(upstream:remotename)%00%(upstream:remoteref) refs/heads/master refs/remotes/master [2ms]
2025-03-12 10:39:37.387 [warning] [Git][revParse] Unable to read file: ENOENT: no such file or directory, open '/home/travthegr88/development/code/phase-1/phase-1-arithmetic-lab/.git/refs/remotes/origin/master'
2025-03-12 10:39:37.390 [info] > git rev-parse refs/remotes/origin/master [3ms]
2025-03-12 10:39:37.398 [info] > git status -z -uall [5ms]
2025-03-12 10:39:37.399 [info] > git for-each-ref --sort -committerdate --format %(refname) %(objectname) %(*objectname) [2ms]
2025-03-12 10:39:52.739 [info] > git config --get commit.template [3ms]
2025-03-12 10:39:52.740 [info] > git for-each-ref --format=%(refname)%00%(upstream:short)%00%(objectname)%00%(upstream:track)%00%(upstream:remotename)%00%(upstream:remoteref) refs/heads/master refs/remotes/master [1ms]
2025-03-12 10:39:52.742 [warning] [Git][revParse] Unable to read file: ENOENT: no such file or directory, open '/home/travthegr88/development/code/phase-1/phase-1-arithmetic-lab/.git/refs/remotes/origin/master'
2025-03-12 10:39:52.743 [info] > git rev-parse refs/remotes/origin/master [1ms]
2025-03-12 10:39:52.749 [info] > git status -z -uall [4ms]
2025-03-12 10:39:52.750 [info] > git for-each-ref --sort -committerdate --format %(refname) %(objectname) %(*objectname) [2ms]
2025-03-12 10:39:57.762 [info] > git config --get commit.template [4ms]
2025-03-12 10:39:57.763 [info] > git for-each-ref --format=%(refname)%00%(upstream:short)%00%(objectname)%00%(upstream:track)%00%(upstream:remotename)%00%(upstream:remoteref) refs/heads/master refs/remotes/master [2ms]
2025-03-12 10:39:57.766 [warning] [Git][revParse] Unable to read file: ENOENT: no such file or directory, open '/home/travthegr88/development/code/phase-1/phase-1-arithmetic-lab/.git/refs/remotes/origin/master'
2025-03-12 10:39:57.767 [info] > git rev-parse refs/remotes/origin/master [1ms]
2025-03-12 10:39:57.774 [info] > git status -z -uall [5ms]
2025-03-12 10:39:57.774 [info] > git for-each-ref --sort -committerdate --format %(refname) %(objectname) %(*objectname) [1ms]
2025-03-12 10:40:00.554 [info] > git config --get commit.template [1ms]
2025-03-12 10:40:00.558 [info] > git for-each-ref --format=%(refname)%00%(upstream:short)%00%(objectname)%00%(upstream:track)%00%(upstream:remotename)%00%(upstream:remoteref) refs/heads/master refs/remotes/master [1ms]
2025-03-12 10:40:00.562 [warning] [Git][revParse] Unable to read file: ENOENT: no such file or directory, open '/home/travthegr88/development/code/phase-1/phase-1-arithmetic-lab/.git/refs/remotes/origin/master'
2025-03-12 10:40:00.563 [info] > git rev-parse refs/remotes/origin/master [1ms]
2025-03-12 10:40:00.569 [info] > git status -z -uall [3ms]
2025-03-12 10:40:00.570 [info] > git for-each-ref --sort -committerdate --format %(refname) %(objectname) %(*objectname) [1ms]
2025-03-12 10:40:05.586 [info] > git config --get commit.template [6ms]
2025-03-12 10:40:05.587 [info] > git for-each-ref --format=%(refname)%00%(upstream:short)%00%(objectname)%00%(upstream:track)%00%(upstream:remotename)%00%(upstream:remoteref) refs/heads/master refs/remotes/master [2ms]
2025-03-12 10:40:05.592 [warning] [Git][revParse] Unable to read file: ENOENT: no such file or directory, open '/home/travthegr88/development/code/phase-1/phase-1-arithmetic-lab/.git/refs/remotes/origin/master'
2025-03-12 10:40:05.593 [info] > git rev-parse refs/remotes/origin/master [2ms]
2025-03-12 10:40:05.602 [info] > git status -z -uall [4ms]
2025-03-12 10:40:05.604 [info] > git for-each-ref --sort -committerdate --format %(refname) %(objectname) %(*objectname) [2ms]
2025-03-12 10:40:10.646 [info] > git config --get commit.template [5ms]
2025-03-12 10:40:10.647 [info] > git for-each-ref --format=%(refname)%00%(upstream:short)%00%(objectname)%00%(upstream:track)%00%(upstream:remotename)%00%(upstream:remoteref) refs/heads/master refs/remotes/master [2ms]
2025-03-12 10:40:10.651 [warning] [Git][revParse] Unable to read file: ENOENT: no such file or directory, open '/home/travthegr88/development/code/phase-1/phase-1-arithmetic-lab/.git/refs/remotes/origin/master'
2025-03-12 10:40:10.653 [info] > git rev-parse refs/remotes/origin/master [2ms]
2025-03-12 10:40:10.665 [info] > git status -z -uall [7ms]
2025-03-12 10:40:10.667 [info] > git for-each-ref --sort -committerdate --format %(refname) %(objectname) %(*objectname) [2ms]
2025-03-12 10:40:15.685 [info] > git config --get commit.template [9ms]
2025-03-12 10:40:15.687 [info] > git for-each-ref --format=%(refname)%00%(upstream:short)%00%(objectname)%00%(upstream:track)%00%(upstream:remotename)%00%(upstream:remoteref) refs/heads/master refs/remotes/master [3ms]
2025-03-12 10:40:15.692 [warning] [Git][revParse] Unable to read file: ENOENT: no such file or directory, open '/home/travthegr88/development/code/phase-1/phase-1-arithmetic-lab/.git/refs/remotes/origin/master'
2025-03-12 10:40:15.693 [info] > git rev-parse refs/remotes/origin/master [2ms]
2025-03-12 10:40:15.708 [info] > git status -z -uall [9ms]
2025-03-12 10:40:15.710 [info] > git for-each-ref --sort -committerdate --format %(refname) %(objectname) %(*objectname) [3ms]
2025-03-12 10:40:22.655 [info] > git config --get commit.template [7ms]
2025-03-12 10:40:22.655 [info] > git for-each-ref --format=%(refname)%00%(upstream:short)%00%(objectname)%00%(upstream:track)%00%(upstream:remotename)%00%(upstream:remoteref) refs/heads/master refs/remotes/master [2ms]
2025-03-12 10:40:22.660 [warning] [Git][revParse] Unable to read file: ENOENT: no such file or directory, open '/home/travthegr88/development/code/phase-1/phase-1-arithmetic-lab/.git/refs/remotes/origin/master'
2025-03-12 10:40:22.666 [info] > git rev-parse refs/remotes/origin/master [7ms]
2025-03-12 10:40:22.679 [info] > git status -z -uall [6ms]
2025-03-12 10:40:22.680 [info] > git for-each-ref --sort -committerdate --format %(refname) %(objectname) %(*objectname) [3ms]
2025-03-12 10:40:29.632 [info] > git config --get commit.template [6ms]
2025-03-12 10:40:29.634 [info] > git for-each-ref --format=%(refname)%00%(upstream:short)%00%(objectname)%00%(upstream:track)%00%(upstream:remotename)%00%(upstream:remoteref) refs/heads/master refs/remotes/master [3ms]
2025-03-12 10:40:29.639 [warning] [Git][revParse] Unable to read file: ENOENT: no such file or directory, open '/home/travthegr88/development/code/phase-1/phase-1-arithmetic-lab/.git/refs/remotes/origin/master'
2025-03-12 10:40:29.640 [info] > git rev-parse refs/remotes/origin/master [2ms]
2025-03-12 10:40:29.650 [info] > git status -z -uall [6ms]
2025-03-12 10:40:29.651 [info] > git for-each-ref --sort -committerdate --format %(refname) %(objectname) %(*objectname) [2ms]
2025-03-12 10:40:32.538 [info] > git config --get commit.template [5ms]
2025-03-12 10:40:32.539 [info] > git for-each-ref --format=%(refname)%00%(upstream:short)%00%(objectname)%00%(upstream:track)%00%(upstream:remotename)%00%(upstream:remoteref) refs/heads/master refs/remotes/master [2ms]
2025-03-12 10:40:32.543 [warning] [Git][revParse] Unable to read file: ENOENT: no such file or directory, open '/home/travthegr88/development/code/phase-1/phase-1-arithmetic-lab/.git/refs/remotes/origin/master'
2025-03-12 10:40:32.545 [info] > git rev-parse refs/remotes/origin/master [2ms]
2025-03-12 10:40:32.555 [info] > git status -z -uall [6ms]
2025-03-12 10:40:32.559 [info] > git for-each-ref --sort -committerdate --format %(refname) %(objectname) %(*objectname) [4ms]
2025-03-12 10:43:44.038 [info] > git show --textconv :test/indexTest.js [5ms]
2025-03-12 10:43:44.039 [info] > git ls-files --stage -- test/indexTest.js [2ms]
2025-03-12 10:43:44.046 [info] > git cat-file -s fa76c0b3a18c6d0dce80f3c64c5673624a49cb8a [2ms]
2025-03-12 10:43:45.143 [info] > git ls-files --stage -- test/indexTest.js [1ms]
2025-03-12 10:43:45.147 [info] > git cat-file -s fa76c0b3a18c6d0dce80f3c64c5673624a49cb8a [0ms]
2025-03-12 10:43:45.155 [info] > git show --textconv :test/indexTest.js [2ms]
2025-03-12 10:43:48.257 [info] > git fetch [4340ms]
2025-03-12 10:43:48.263 [info] > git config --get commit.template [1ms]
2025-03-12 10:43:48.267 [info] > git for-each-ref --format=%(refname)%00%(upstream:short)%00%(objectname)%00%(upstream:track)%00%(upstream:remotename)%00%(upstream:remoteref) refs/heads/master refs/remotes/master [1ms]
2025-03-12 10:43:48.270 [warning] [Git][revParse] Unable to read file: ENOENT: no such file or directory, open '/home/travthegr88/development/code/phase-1/phase-1-arithmetic-lab/.git/refs/remotes/origin/master'
2025-03-12 10:43:48.271 [info] > git rev-parse refs/remotes/origin/master [1ms]
2025-03-12 10:43:48.277 [info] > git status -z -uall [4ms]
2025-03-12 10:43:48.278 [info] > git for-each-ref --sort -committerdate --format %(refname) %(objectname) %(*objectname) [1ms]
2025-03-12 10:43:49.085 [info] > git ls-files --stage -- test/indexTest.js [4ms]
2025-03-12 10:43:49.090 [info] > git cat-file -s fa76c0b3a18c6d0dce80f3c64c5673624a49cb8a [2ms]
2025-03-12 10:43:49.101 [info] > git show --textconv :test/indexTest.js [2ms]
