2025-03-19 14:05:52.785 [warning] /home/travthegr88/.ssh/config: ENOENT: no such file or directory, open '/home/travthegr88/.ssh/config'
2025-03-19 14:05:52.785 [info] [Activation] Extension version: 0.106.0
2025-03-19 14:05:53.046 [info] [Activation] Looking for git repository
2025-03-19 14:05:53.046 [info] [Activation] Found 0 repositories during activation
2025-03-19 14:05:53.046 [info] [Activation] Git repository found, initializing review manager and pr tree view.
2025-03-19 14:05:53.051 [info] [GitAPI] Registering git provider
2025-03-19 14:05:53.051 [info] [Review+0] Validate state in progress
2025-03-19 14:05:53.051 [info] [Review+0] Validating state...
2025-03-19 14:05:53.055 [info] [Activation] Repo state for file:///home/travthegr88/mkadi/test/interactive_shopping_list changed.
2025-03-19 14:05:53.055 [info] [Activation] Repo file:///home/travthegr88/mkadi/test/interactive_shopping_list has already been setup.
2025-03-19 14:05:53.082 [info] [FolderRepositoryManager+0] Found GitHub remote for folder /home/travthegr88/mkadi/test/interactive_shopping_list
2025-03-19 14:05:55.813 [info] [Review+0] Queuing additional validate state
2025-03-19 14:05:55.818 [info] [Review+0] No matching pull request metadata found locally for current branch main
2025-03-19 14:05:55.819 [info] [Review+0] No matching pull request metadata found on GitHub for current branch main
2025-03-19 14:05:55.827 [info] [FolderRepositoryManager+0] Found GitHub remote for folder /home/travthegr88/mkadi/test/interactive_shopping_list
2025-03-19 14:05:55.878 [info] [Review+0] Validating state...
2025-03-19 14:05:56.447 [info] [FolderRepositoryManager+0] Trying to use globalState for assignableUsers.
2025-03-19 14:05:56.618 [info] [FolderRepositoryManager+0] Found GitHub remote for folder /home/travthegr88/mkadi/test/interactive_shopping_list
2025-03-19 14:05:56.619 [info] [FolderRepositoryManager+0] Trying to use globalState for assignableUsers.
2025-03-19 14:05:56.625 [info] [Review+0] No matching pull request metadata found locally for current branch main
2025-03-19 14:05:56.668 [info] [FolderRepositoryManager+0] No globalState for assignableUsers.
2025-03-19 14:05:56.729 [info] [FolderRepositoryManager+0] No globalState for assignableUsers.
2025-03-19 14:05:57.341 [info] [Review+0] No matching pull request metadata found on GitHub for current branch main
