2025-03-11 23:45:36.355 [info] Extension host with pid 1079 started
2025-03-11 23:45:36.355 [error] Error: EEXIST: file already exists, open '/home/travthegr88/.vscode-server/data/User/workspaceStorage/d9ff839e857013c8178981361c5ae186/vscode.lock'
2025-03-11 23:45:36.436 [info] Lock '/home/travthegr88/.vscode-server/data/User/workspaceStorage/d9ff839e857013c8178981361c5ae186/vscode.lock': Could not acquire lock, checking if the file is stale.
2025-03-11 23:45:36.505 [info] Lock '/home/travthegr88/.vscode-server/data/User/workspaceStorage/d9ff839e857013c8178981361c5ae186/vscode.lock': The pid 95405 appears to be gone.
2025-03-11 23:45:36.505 [info] Lock '/home/travthegr88/.vscode-server/data/User/workspaceStorage/d9ff839e857013c8178981361c5ae186/vscode.lock': Deleting a stale lock.
2025-03-11 23:45:36.798 [info] ExtensionService#_doActivateExtension vscode.emmet, startup: false, activationEvent: 'onLanguage'
2025-03-11 23:45:36.905 [info] Lock '/home/travthegr88/.vscode-server/data/User/workspaceStorage/d9ff839e857013c8178981361c5ae186/vscode.lock': Lock acquired.
2025-03-11 23:45:36.982 [info] ExtensionService#_doActivateExtension vscode.git-base, startup: true, activationEvent: '*', root cause: vscode.git
2025-03-11 23:45:36.990 [info] ExtensionService#_doActivateExtension vscode.npm, startup: true, activationEvent: 'workspaceContains:package.json'
2025-03-11 23:45:37.180 [info] ExtensionService#_doActivateExtension vscode.git, startup: true, activationEvent: '*'
2025-03-11 23:45:37.181 [info] ExtensionService#_doActivateExtension vscode.github, startup: true, activationEvent: '*'
2025-03-11 23:45:38.184 [info] Eager extensions activated
2025-03-11 23:45:38.185 [info] ExtensionService#_doActivateExtension vscode.debug-auto-launch, startup: false, activationEvent: 'onStartupFinished'
2025-03-11 23:45:38.186 [info] ExtensionService#_doActivateExtension vscode.merge-conflict, startup: false, activationEvent: 'onStartupFinished'
2025-03-11 23:45:38.186 [info] ExtensionService#_doActivateExtension esbenp.prettier-vscode, startup: false, activationEvent: 'onStartupFinished'
2025-03-11 23:45:38.186 [info] ExtensionService#_doActivateExtension formulahendry.code-runner, startup: false, activationEvent: 'onStartupFinished'
2025-03-11 23:45:38.187 [info] ExtensionService#_doActivateExtension ritwickdey.LiveServer, startup: false, activationEvent: 'onStartupFinished'
2025-03-11 23:45:39.348 [info] ExtensionService#_doActivateExtension GitHub.vscode-pull-request-github, startup: false, activationEvent: 'onStartupFinished'
2025-03-11 23:45:43.087 [info] ExtensionService#_doActivateExtension vscode.configuration-editing, startup: false, activationEvent: 'onLanguage:json'
2025-03-11 23:45:43.087 [info] ExtensionService#_doActivateExtension vscode.extension-editing, startup: false, activationEvent: 'onLanguage:json'
2025-03-11 23:45:43.088 [info] ExtensionService#_doActivateExtension vscode.json-language-features, startup: false, activationEvent: 'onLanguage:json'
