2025-03-24 09:01:47.764 [warning] /home/travthegr88/.ssh/config: ENOENT: no such file or directory, open '/home/travthegr88/.ssh/config'
2025-03-24 09:01:47.764 [info] [Activation] Extension version: 0.106.0
2025-03-24 09:01:48.229 [info] [Activation] Looking for git repository
2025-03-24 09:01:48.229 [info] [Activation] Found 0 repositories during activation
2025-03-24 09:01:48.229 [info] [Activation] Git repository found, initializing review manager and pr tree view.
2025-03-24 09:01:48.238 [info] [GitAPI] Registering git provider
2025-03-24 09:01:48.238 [info] [Review+0] Validate state in progress
2025-03-24 09:01:48.238 [info] [Review+0] Validating state...
2025-03-24 09:01:48.252 [info] [Activation] Repo state for file:///home/travthegr88/development/code/phase-1/week-2-code-challenge-flatter-cutie-travinne changed.
2025-03-24 09:01:48.252 [info] [Activation] Repo file:///home/travthegr88/development/code/phase-1/week-2-code-challenge-flatter-cutie-travinne has already been setup.
2025-03-24 09:01:48.278 [info] [FolderRepositoryManager+0] Found GitHub remote for folder /home/travthegr88/development/code/phase-1/week-2-code-challenge-flatter-cutie-travinne
2025-03-24 09:01:49.821 [info] [Review+0] Queuing additional validate state
2025-03-24 09:01:49.838 [info] [Review+0] No matching pull request metadata found locally for current branch main
2025-03-24 09:01:49.839 [info] [Review+0] No matching pull request metadata found on GitHub for current branch main
2025-03-24 09:01:49.840 [info] [FolderRepositoryManager+0] Found GitHub remote for folder /home/travthegr88/development/code/phase-1/week-2-code-challenge-flatter-cutie-travinne
2025-03-24 09:01:49.902 [info] [Review+0] Validating state...
2025-03-24 09:01:50.149 [warning] Unable to resolve remote: HttpError: request to https://api.github.com/repos/SDF-FT13/sdf-ft13-classroom-cec242-week-2-code-challenge-flatter-cutie-flatter-cutie-code-challenge-template failed, reason: 
2025-03-24 09:01:50.152 [info] [FolderRepositoryManager+0] Trying to use globalState for assignableUsers.
2025-03-24 09:01:50.564 [info] [FolderRepositoryManager+0] Found GitHub remote for folder /home/travthegr88/development/code/phase-1/week-2-code-challenge-flatter-cutie-travinne
2025-03-24 09:01:50.565 [warning] Unable to resolve remote: HttpError: request to https://api.github.com/repos/SDF-FT13/sdf-ft13-classroom-cec242-week-2-code-challenge-flatter-cutie-flatter-cutie-code-challenge-template failed, reason: 
2025-03-24 09:01:50.565 [info] [FolderRepositoryManager+0] Trying to use globalState for assignableUsers.
2025-03-24 09:01:50.579 [info] [Review+0] No matching pull request metadata found locally for current branch main
2025-03-24 09:01:50.663 [info] [FolderRepositoryManager+0] No globalState for assignableUsers.
2025-03-24 09:01:50.741 [info] [FolderRepositoryManager+0] No globalState for assignableUsers.
2025-03-24 09:01:51.364 [warning] [GitHubRepository+0.1] Fetching default branch failed: HttpError: request to https://api.github.com/repos/SDF-FT13/sdf-ft13-classroom-cec242-week-2-code-challenge-flatter-cutie-flatter-cutie-code-challenge-template failed, reason: 
2025-03-24 09:01:51.406 [warning] [GitHubRepository+0.1] Fetching default branch failed: HttpError: request to https://api.github.com/repos/SDF-FT13/sdf-ft13-classroom-cec242-week-2-code-challenge-flatter-cutie-flatter-cutie-code-challenge-template failed, reason: 
2025-03-24 09:01:51.436 [warning] [GitHubRepository+0.1] Fetching default branch failed: HttpError: request to https://api.github.com/repos/SDF-FT13/sdf-ft13-classroom-cec242-week-2-code-challenge-flatter-cutie-flatter-cutie-code-challenge-template failed, reason: 
2025-03-24 09:01:51.507 [info] [Review+0] No matching pull request metadata found on GitHub for current branch main
