2025-03-20 13:21:53.140 [info] Extension host with pid 392462 started
2025-03-20 13:21:53.165 [info] Lock '/home/travthegr88/.vscode-server/data/User/workspaceStorage/5bda62f0d9ee3ae3fcbc7385c4fd1df0/vscode.lock': Lock acquired.
2025-03-20 13:21:53.244 [info] ExtensionService#_doActivateExtension vscode.emmet, startup: false, activationEvent: 'onLanguage'
2025-03-20 13:21:53.245 [info] ExtensionService#_doActivateExtension vscode.typescript-language-features, startup: false, activationEvent: 'onLanguage:javascript'
2025-03-20 13:21:53.245 [info] ExtensionService#_doActivateExtension leizongmin.node-module-intellisense, startup: false, activationEvent: 'onLanguage:javascript'
2025-03-20 13:21:53.550 [info] ExtensionService#_doActivateExtension vscode.git-base, startup: true, activationEvent: '*', root cause: vscode.git
2025-03-20 13:21:53.591 [info] ExtensionService#_doActivateExtension vscode.git, startup: true, activationEvent: '*'
2025-03-20 13:21:53.591 [info] ExtensionService#_doActivateExtension vscode.github, startup: true, activationEvent: '*'
2025-03-20 13:21:53.775 [info] Eager extensions activated
2025-03-20 13:21:53.776 [info] ExtensionService#_doActivateExtension vscode.debug-auto-launch, startup: false, activationEvent: 'onStartupFinished'
2025-03-20 13:21:53.776 [info] ExtensionService#_doActivateExtension vscode.merge-conflict, startup: false, activationEvent: 'onStartupFinished'
2025-03-20 13:21:53.776 [info] ExtensionService#_doActivateExtension esbenp.prettier-vscode, startup: false, activationEvent: 'onStartupFinished'
2025-03-20 13:21:54.175 [info] ExtensionService#_doActivateExtension GitHub.vscode-pull-request-github, startup: false, activationEvent: 'onStartupFinished'
2025-03-20 13:21:55.108 [warning] [Decorations] CAPPING events from decorations provider vscode.git 10000
2025-03-20 13:21:55.128 [info] ExtensionService#_doActivateExtension vscode.tunnel-forwarding, startup: false, activationEvent: 'onTunnel'
2025-03-20 13:22:51.477 [info] ExtensionService#_doActivateExtension ritwickdey.LiveServer, startup: false, activationEvent: 'onStartupFinished'
2025-03-20 13:23:44.232 [info] ExtensionService#_doActivateExtension vscode.html-language-features, startup: false, activationEvent: 'onLanguage:html'
2025-03-20 13:24:22.763 [info] ExtensionService#_doActivateExtension vscode.css-language-features, startup: false, activationEvent: 'onLanguage:css'
2025-03-20 13:24:54.844 [warning] [Decorations] CAPPING events from decorations provider vscode.git 10003
2025-03-20 13:25:52.891 [info] ExtensionService#_doActivateExtension vscode.configuration-editing, startup: false, activationEvent: 'onLanguage:jsonc'
2025-03-20 13:25:52.892 [info] ExtensionService#_doActivateExtension vscode.json-language-features, startup: false, activationEvent: 'onLanguage:jsonc'
2025-03-20 13:27:55.167 [warning] [Decorations] CAPPING events from decorations provider vscode.git 10003
2025-03-20 13:30:55.541 [warning] [Decorations] CAPPING events from decorations provider vscode.git 10003
2025-03-20 13:33:57.803 [warning] [Decorations] CAPPING events from decorations provider vscode.git 10003
2025-03-20 13:37:00.282 [warning] [Decorations] CAPPING events from decorations provider vscode.git 10001
2025-03-20 13:40:02.540 [warning] [Decorations] CAPPING events from decorations provider vscode.git 10006
2025-03-20 13:45:33.076 [warning] [Decorations] CAPPING events from decorations provider vscode.git 10000
2025-03-20 13:48:35.815 [warning] [Decorations] CAPPING events from decorations provider vscode.git 10006
2025-03-20 13:51:53.921 [warning] [Decorations] CAPPING events from decorations provider vscode.git 10004
2025-03-20 13:54:56.936 [warning] [Decorations] CAPPING events from decorations provider vscode.git 10004
2025-03-20 13:58:08.517 [warning] [Decorations] CAPPING events from decorations provider vscode.git 10005
2025-03-20 14:01:08.820 [warning] [Decorations] CAPPING events from decorations provider vscode.git 10001
2025-03-20 14:06:01.083 [warning] [Decorations] CAPPING events from decorations provider vscode.git 10007
2025-03-20 14:10:13.397 [warning] [Decorations] CAPPING events from decorations provider vscode.git 10002
2025-03-20 14:14:27.761 [warning] [Decorations] CAPPING events from decorations provider vscode.git 10001
2025-03-20 14:17:30.511 [warning] [Decorations] CAPPING events from decorations provider vscode.git 10002
2025-03-20 14:21:00.603 [warning] [Decorations] CAPPING events from decorations provider vscode.git 10003
2025-03-20 14:24:04.773 [warning] [Decorations] CAPPING events from decorations provider vscode.git 10001
2025-03-20 14:28:12.898 [warning] [Decorations] CAPPING events from decorations provider vscode.git 10001
2025-03-20 14:31:15.262 [warning] [Decorations] CAPPING events from decorations provider vscode.git 10002
2025-03-20 14:34:15.561 [warning] [Decorations] CAPPING events from decorations provider vscode.git 10001
2025-03-20 14:37:52.843 [warning] [Decorations] CAPPING events from decorations provider vscode.git 10002
2025-03-20 14:41:15.016 [warning] [Decorations] CAPPING events from decorations provider vscode.git 10002
2025-03-20 14:44:15.322 [warning] [Decorations] CAPPING events from decorations provider vscode.git 10002
2025-03-20 14:47:17.664 [warning] [Decorations] CAPPING events from decorations provider vscode.git 10005
2025-03-20 14:50:18.080 [warning] [Decorations] CAPPING events from decorations provider vscode.git 10002
2025-03-20 14:56:02.040 [warning] [Decorations] CAPPING events from decorations provider vscode.git 10000
2025-03-20 15:01:29.921 [warning] [Decorations] CAPPING events from decorations provider vscode.git 10002
2025-03-20 15:16:40.180 [warning] [Decorations] CAPPING events from decorations provider vscode.git 10000
2025-03-20 15:19:42.630 [warning] [Decorations] CAPPING events from decorations provider vscode.git 10005
2025-03-20 15:22:49.191 [warning] [Decorations] CAPPING events from decorations provider vscode.git 10003
2025-03-20 15:25:51.483 [warning] [Decorations] CAPPING events from decorations provider vscode.git 10006
2025-03-20 15:28:51.816 [warning] [Decorations] CAPPING events from decorations provider vscode.git 10004
2025-03-20 15:32:07.825 [warning] [Decorations] CAPPING events from decorations provider vscode.git 10009
2025-03-20 15:35:08.239 [warning] [Decorations] CAPPING events from decorations provider vscode.git 10003
2025-03-20 15:38:08.557 [warning] [Decorations] CAPPING events from decorations provider vscode.git 10001
2025-03-20 15:41:11.076 [warning] [Decorations] CAPPING events from decorations provider vscode.git 10004
2025-03-20 15:44:13.718 [warning] [Decorations] CAPPING events from decorations provider vscode.git 10001
2025-03-20 15:47:14.014 [warning] [Decorations] CAPPING events from decorations provider vscode.git 10003
2025-03-20 15:50:14.454 [warning] [Decorations] CAPPING events from decorations provider vscode.git 10001
2025-03-20 15:53:14.788 [warning] [Decorations] CAPPING events from decorations provider vscode.git 10002
2025-03-20 15:56:15.140 [warning] [Decorations] CAPPING events from decorations provider vscode.git 10002
2025-03-20 15:59:15.475 [warning] [Decorations] CAPPING events from decorations provider vscode.git 10001
2025-03-20 16:02:15.869 [warning] [Decorations] CAPPING events from decorations provider vscode.git 10004
2025-03-20 16:05:17.868 [warning] [Decorations] CAPPING events from decorations provider vscode.git 10001
2025-03-20 16:08:20.288 [warning] [Decorations] CAPPING events from decorations provider vscode.git 10004
2025-03-20 16:11:50.359 [warning] [Decorations] CAPPING events from decorations provider vscode.git 10000
2025-03-20 16:14:52.606 [warning] [Decorations] CAPPING events from decorations provider vscode.git 10001
2025-03-20 16:17:54.730 [warning] [Decorations] CAPPING events from decorations provider vscode.git 10001
2025-03-20 16:20:57.084 [warning] [Decorations] CAPPING events from decorations provider vscode.git 10002
2025-03-20 16:23:59.262 [warning] [Decorations] CAPPING events from decorations provider vscode.git 10003
2025-03-20 16:27:37.110 [warning] [Decorations] CAPPING events from decorations provider vscode.git 10000
2025-03-20 16:30:39.421 [warning] [Decorations] CAPPING events from decorations provider vscode.git 10003
2025-03-20 16:33:42.020 [warning] [Decorations] CAPPING events from decorations provider vscode.git 10005
2025-03-20 16:36:44.796 [warning] [Decorations] CAPPING events from decorations provider vscode.git 10003
2025-03-20 16:39:47.234 [warning] [Decorations] CAPPING events from decorations provider vscode.git 10007
2025-03-20 16:42:50.446 [warning] [Decorations] CAPPING events from decorations provider vscode.git 10004
2025-03-20 16:45:54.107 [warning] [Decorations] CAPPING events from decorations provider vscode.git 10005
2025-03-20 17:36:21.581 [warning] [Decorations] CAPPING events from decorations provider vscode.git 10001
2025-03-20 17:40:01.080 [warning] [Decorations] CAPPING events from decorations provider vscode.git 10000
2025-03-20 17:44:36.877 [warning] [Decorations] CAPPING events from decorations provider vscode.git 10004
2025-03-20 17:50:00.342 [warning] [Decorations] CAPPING events from decorations provider vscode.git 10003
2025-03-20 17:53:28.942 [warning] [Decorations] CAPPING events from decorations provider vscode.git 10003
2025-03-20 17:56:31.719 [warning] [Decorations] CAPPING events from decorations provider vscode.git 10002
2025-03-20 17:59:41.153 [warning] [Decorations] CAPPING events from decorations provider vscode.git 10003
2025-03-20 18:07:22.176 [warning] [Decorations] CAPPING events from decorations provider vscode.git 10002
2025-03-20 18:26:18.759 [warning] [Decorations] CAPPING events from decorations provider vscode.git 10000
2025-03-20 18:29:21.179 [warning] [Decorations] CAPPING events from decorations provider vscode.git 10006
2025-03-20 18:32:23.750 [warning] [Decorations] CAPPING events from decorations provider vscode.git 10004
2025-03-20 18:35:25.919 [warning] [Decorations] CAPPING events from decorations provider vscode.git 10001
2025-03-20 18:38:28.175 [warning] [Decorations] CAPPING events from decorations provider vscode.git 10006
2025-03-20 18:41:30.558 [warning] [Decorations] CAPPING events from decorations provider vscode.git 10007
2025-03-20 18:44:32.826 [warning] [Decorations] CAPPING events from decorations provider vscode.git 10004
2025-03-20 18:48:40.872 [warning] [Decorations] CAPPING events from decorations provider vscode.git 10006
2025-03-20 18:54:44.760 [warning] [Decorations] CAPPING events from decorations provider vscode.git 10004
2025-03-20 18:57:47.480 [warning] [Decorations] CAPPING events from decorations provider vscode.git 10005
2025-03-20 19:00:50.294 [warning] [Decorations] CAPPING events from decorations provider vscode.git 10005
2025-03-20 19:03:52.413 [warning] [Decorations] CAPPING events from decorations provider vscode.git 10004
2025-03-20 19:06:55.084 [warning] [Decorations] CAPPING events from decorations provider vscode.git 10003
2025-03-20 19:09:57.561 [warning] [Decorations] CAPPING events from decorations provider vscode.git 10007
2025-03-20 19:10:31.645 [warning] [Decorations] CAPPING events from decorations provider vscode.git 10010
2025-03-20 19:10:56.936 [warning] [Decorations] CAPPING events from decorations provider vscode.git 10000
2025-03-20 19:11:53.298 [warning] [Decorations] CAPPING events from decorations provider vscode.git 10010
2025-03-20 19:12:19.402 [info] ExtensionService#_doActivateExtension vscode.npm, startup: false, activationEvent: 'onTerminalQuickFixRequest:ms-vscode.npm-command'
2025-03-20 19:13:13.459 [warning] [Decorations] CAPPING events from decorations provider vscode.git 10000
2025-03-20 19:18:02.144 [warning] [Decorations] CAPPING events from decorations provider vscode.git 10000
2025-03-20 19:18:51.157 [error] Error: file:///home/travthegr88 has no GitHub remotes
	at Df.getOrigin (/home/travthegr88/.vscode-server/extensions/github.vscode-pull-request-github-0.106.0/dist/extension.js:2155:3388)
	at Df.getPullRequestDefaults (/home/travthegr88/.vscode-server/extensions/github.vscode-pull-request-github-0.106.0/dist/extension.js:2155:2177)
	at n4.create (/home/travthegr88/.vscode-server/extensions/github.vscode-pull-request-github-0.106.0/dist/extension.js:2513:14378)
	at process.processTicksAndRejections (node:internal/process/task_queues:95:5)
2025-03-20 19:21:04.251 [warning] [Decorations] CAPPING events from decorations provider vscode.git 10000
2025-03-20 19:24:53.519 [warning] [Decorations] CAPPING events from decorations provider vscode.git 10000
2025-03-20 19:28:28.761 [warning] [Decorations] CAPPING events from decorations provider vscode.git 10000
2025-03-20 19:32:45.771 [warning] [Decorations] CAPPING events from decorations provider vscode.git 10000
2025-03-20 19:38:01.907 [warning] [Decorations] CAPPING events from decorations provider vscode.git 10000
2025-03-20 19:38:47.257 [warning] [Decorations] CAPPING events from decorations provider vscode.git 10000
2025-03-20 19:39:00.061 [warning] [Decorations] CAPPING events from decorations provider vscode.git 10001
2025-03-20 19:41:05.176 [warning] [Decorations] CAPPING events from decorations provider vscode.git 10000
2025-03-20 19:41:46.072 [warning] [Decorations] CAPPING events from decorations provider vscode.git 10000
2025-03-20 19:42:01.875 [warning] [Decorations] CAPPING events from decorations provider vscode.git 10000
2025-03-20 19:42:03.403 [warning] [Decorations] CAPPING events from decorations provider vscode.git 10000
2025-03-21 13:49:16.952 [info] Extension host terminating: received terminate message from renderer
2025-03-21 13:49:16.953 [info] Lock '/home/travthegr88/.vscode-server/data/User/workspaceStorage/5bda62f0d9ee3ae3fcbc7385c4fd1df0/vscode.lock': Marking the lockfile as scheduled to be released in 6000 ms.
2025-03-21 13:49:17.069 [error] Canceled: Canceled
	at new dR (file:///home/travthegr88/.vscode-server/bin/ddc367ed5c8936efe395cffeec279b04ffd7db78/out/vs/workbench/api/node/extensionHostProcess.js:29:155028)
	at qy.U (file:///home/travthegr88/.vscode-server/bin/ddc367ed5c8936efe395cffeec279b04ffd7db78/out/vs/workbench/api/node/extensionHostProcess.js:29:159639)
	at s.<computed>.n.charCodeAt.s.<computed> (file:///home/travthegr88/.vscode-server/bin/ddc367ed5c8936efe395cffeec279b04ffd7db78/out/vs/workbench/api/node/extensionHostProcess.js:29:157133)
	at kw.g (file:///home/travthegr88/.vscode-server/bin/ddc367ed5c8936efe395cffeec279b04ffd7db78/out/vs/workbench/api/node/extensionHostProcess.js:112:41039)
	at kw.executeCommand (file:///home/travthegr88/.vscode-server/bin/ddc367ed5c8936efe395cffeec279b04ffd7db78/out/vs/workbench/api/node/extensionHostProcess.js:112:40543)
	at r.registerCommand.description (file:///home/travthegr88/.vscode-server/bin/ddc367ed5c8936efe395cffeec279b04ffd7db78/out/vs/workbench/api/node/extensionHostProcess.js:112:39873)
	at kw.h (file:///home/travthegr88/.vscode-server/bin/ddc367ed5c8936efe395cffeec279b04ffd7db78/out/vs/workbench/api/node/extensionHostProcess.js:112:41559)
	at kw.g (file:///home/travthegr88/.vscode-server/bin/ddc367ed5c8936efe395cffeec279b04ffd7db78/out/vs/workbench/api/node/extensionHostProcess.js:112:40636)
	at kw.executeCommand (file:///home/travthegr88/.vscode-server/bin/ddc367ed5c8936efe395cffeec279b04ffd7db78/out/vs/workbench/api/node/extensionHostProcess.js:112:40543)
	at Object.executeCommand (file:///home/travthegr88/.vscode-server/bin/ddc367ed5c8936efe395cffeec279b04ffd7db78/out/vs/workbench/api/node/extensionHostProcess.js:172:37375)
	at Th.L [as value] (/home/travthegr88/.vscode-server/bin/ddc367ed5c8936efe395cffeec279b04ffd7db78/extensions/git/dist/main.js:2:1000063)
	at D.B (file:///home/travthegr88/.vscode-server/bin/ddc367ed5c8936efe395cffeec279b04ffd7db78/out/vs/workbench/api/node/extensionHostProcess.js:27:2375)
	at D.C (file:///home/travthegr88/.vscode-server/bin/ddc367ed5c8936efe395cffeec279b04ffd7db78/out/vs/workbench/api/node/extensionHostProcess.js:27:2445)
	at D.fire (file:///home/travthegr88/.vscode-server/bin/ddc367ed5c8936efe395cffeec279b04ffd7db78/out/vs/workbench/api/node/extensionHostProcess.js:27:2662)
	at Object.p [as dispose] (/home/travthegr88/.vscode-server/bin/ddc367ed5c8936efe395cffeec279b04ffd7db78/extensions/git/dist/main.js:2:1022703)
	at /home/travthegr88/.vscode-server/bin/ddc367ed5c8936efe395cffeec279b04ffd7db78/extensions/git/dist/main.js:2:1029021
	at Array.forEach (<anonymous>)
	at b.dispose (/home/travthegr88/.vscode-server/bin/ddc367ed5c8936efe395cffeec279b04ffd7db78/extensions/git/dist/main.js:2:1029007)
	at fv.<anonymous> (file:///home/travthegr88/.vscode-server/bin/ddc367ed5c8936efe395cffeec279b04ffd7db78/out/vs/workbench/api/node/extensionHostProcess.js:108:8922)
	at fv.dispose (file:///home/travthegr88/.vscode-server/bin/ddc367ed5c8936efe395cffeec279b04ffd7db78/out/vs/workbench/api/node/extensionHostProcess.js:108:9018)
	at fv.<anonymous> (/home/travthegr88/.vscode-server/bin/ddc367ed5c8936efe395cffeec279b04ffd7db78/extensions/git/dist/main.js:2:1002547)
	at fv.dispose (file:///home/travthegr88/.vscode-server/bin/ddc367ed5c8936efe395cffeec279b04ffd7db78/out/vs/workbench/api/node/extensionHostProcess.js:108:9018)
	at hi (file:///home/travthegr88/.vscode-server/bin/ddc367ed5c8936efe395cffeec279b04ffd7db78/out/vs/workbench/api/node/extensionHostProcess.js:25:701)
	at file:///home/travthegr88/.vscode-server/bin/ddc367ed5c8936efe395cffeec279b04ffd7db78/out/vs/workbench/api/node/extensionHostProcess.js:116:14994
	at file:///home/travthegr88/.vscode-server/bin/ddc367ed5c8936efe395cffeec279b04ffd7db78/out/vs/workbench/api/node/extensionHostProcess.js:25:1011
	at Object.dispose (file:///home/travthegr88/.vscode-server/bin/ddc367ed5c8936efe395cffeec279b04ffd7db78/out/vs/workbench/api/node/extensionHostProcess.js:8:705)
	at zz.eb (file:///home/travthegr88/.vscode-server/bin/ddc367ed5c8936efe395cffeec279b04ffd7db78/out/vs/workbench/api/node/extensionHostProcess.js:116:11921)
	at file:///home/travthegr88/.vscode-server/bin/ddc367ed5c8936efe395cffeec279b04ffd7db78/out/vs/workbench/api/node/extensionHostProcess.js:116:9876
	at Array.map (<anonymous>)
	at zz.$ (file:///home/travthegr88/.vscode-server/bin/ddc367ed5c8936efe395cffeec279b04ffd7db78/out/vs/workbench/api/node/extensionHostProcess.js:116:9864)
	at zz.terminate (file:///home/travthegr88/.vscode-server/bin/ddc367ed5c8936efe395cffeec279b04ffd7db78/out/vs/workbench/api/node/extensionHostProcess.js:116:10107)
	at FI.terminate (file:///home/travthegr88/.vscode-server/bin/ddc367ed5c8936efe395cffeec279b04ffd7db78/out/vs/workbench/api/node/extensionHostProcess.js:117:1434)
	at ts (file:///home/travthegr88/.vscode-server/bin/ddc367ed5c8936efe395cffeec279b04ffd7db78/out/vs/workbench/api/node/extensionHostProcess.js:190:15108)
	at Th.value (file:///home/travthegr88/.vscode-server/bin/ddc367ed5c8936efe395cffeec279b04ffd7db78/out/vs/workbench/api/node/extensionHostProcess.js:190:13269)
	at D.B (file:///home/travthegr88/.vscode-server/bin/ddc367ed5c8936efe395cffeec279b04ffd7db78/out/vs/workbench/api/node/extensionHostProcess.js:27:2375)
	at D.fire (file:///home/travthegr88/.vscode-server/bin/ddc367ed5c8936efe395cffeec279b04ffd7db78/out/vs/workbench/api/node/extensionHostProcess.js:27:2593)
	at Gn.fire (file:///home/travthegr88/.vscode-server/bin/ddc367ed5c8936efe395cffeec279b04ffd7db78/out/vs/workbench/api/node/extensionHostProcess.js:29:9459)
	at Ym.A (file:///home/travthegr88/.vscode-server/bin/ddc367ed5c8936efe395cffeec279b04ffd7db78/out/vs/workbench/api/node/extensionHostProcess.js:29:12575)
	at Th.value (file:///home/travthegr88/.vscode-server/bin/ddc367ed5c8936efe395cffeec279b04ffd7db78/out/vs/workbench/api/node/extensionHostProcess.js:29:11976)
	at D.B (file:///home/travthegr88/.vscode-server/bin/ddc367ed5c8936efe395cffeec279b04ffd7db78/out/vs/workbench/api/node/extensionHostProcess.js:27:2375)
	at D.fire (file:///home/travthegr88/.vscode-server/bin/ddc367ed5c8936efe395cffeec279b04ffd7db78/out/vs/workbench/api/node/extensionHostProcess.js:27:2593)
	at C6.acceptChunk (file:///home/travthegr88/.vscode-server/bin/ddc367ed5c8936efe395cffeec279b04ffd7db78/out/vs/workbench/api/node/extensionHostProcess.js:29:7942)
	at Th.value (file:///home/travthegr88/.vscode-server/bin/ddc367ed5c8936efe395cffeec279b04ffd7db78/out/vs/workbench/api/node/extensionHostProcess.js:29:7228)
	at D.B (file:///home/travthegr88/.vscode-server/bin/ddc367ed5c8936efe395cffeec279b04ffd7db78/out/vs/workbench/api/node/extensionHostProcess.js:27:2375)
	at D.fire (file:///home/travthegr88/.vscode-server/bin/ddc367ed5c8936efe395cffeec279b04ffd7db78/out/vs/workbench/api/node/extensionHostProcess.js:27:2593)
	at tT.z (file:///home/travthegr88/.vscode-server/bin/ddc367ed5c8936efe395cffeec279b04ffd7db78/out/vs/workbench/api/node/extensionHostProcess.js:29:21747)
	at tT.acceptFrame (file:///home/travthegr88/.vscode-server/bin/ddc367ed5c8936efe395cffeec279b04ffd7db78/out/vs/workbench/api/node/extensionHostProcess.js:29:21553)
	at eT.n (file:///home/travthegr88/.vscode-server/bin/ddc367ed5c8936efe395cffeec279b04ffd7db78/out/vs/workbench/api/node/extensionHostProcess.js:29:20080)
	at file:///home/travthegr88/.vscode-server/bin/ddc367ed5c8936efe395cffeec279b04ffd7db78/out/vs/workbench/api/node/extensionHostProcess.js:29:17312
	at Socket.t (file:///home/travthegr88/.vscode-server/bin/ddc367ed5c8936efe395cffeec279b04ffd7db78/out/vs/workbench/api/node/extensionHostProcess.js:29:15252)
	at Socket.emit (node:events:518:28)
	at addChunk (node:internal/streams/readable:561:12)
	at readableAddChunkPushByteMode (node:internal/streams/readable:512:3)
	at Readable.push (node:internal/streams/readable:392:5)
	at TCP.onStreamRead (node:internal/stream_base_commons:191:23) setContext undefined
2025-03-21 13:49:17.071 [error] Canceled: Canceled
	at new dR (file:///home/travthegr88/.vscode-server/bin/ddc367ed5c8936efe395cffeec279b04ffd7db78/out/vs/workbench/api/node/extensionHostProcess.js:29:155028)
	at qy.U (file:///home/travthegr88/.vscode-server/bin/ddc367ed5c8936efe395cffeec279b04ffd7db78/out/vs/workbench/api/node/extensionHostProcess.js:29:159639)
	at s.<computed>.n.charCodeAt.s.<computed> (file:///home/travthegr88/.vscode-server/bin/ddc367ed5c8936efe395cffeec279b04ffd7db78/out/vs/workbench/api/node/extensionHostProcess.js:29:157133)
	at kw.g (file:///home/travthegr88/.vscode-server/bin/ddc367ed5c8936efe395cffeec279b04ffd7db78/out/vs/workbench/api/node/extensionHostProcess.js:112:41039)
	at kw.executeCommand (file:///home/travthegr88/.vscode-server/bin/ddc367ed5c8936efe395cffeec279b04ffd7db78/out/vs/workbench/api/node/extensionHostProcess.js:112:40543)
	at r.registerCommand.description (file:///home/travthegr88/.vscode-server/bin/ddc367ed5c8936efe395cffeec279b04ffd7db78/out/vs/workbench/api/node/extensionHostProcess.js:112:39873)
	at kw.h (file:///home/travthegr88/.vscode-server/bin/ddc367ed5c8936efe395cffeec279b04ffd7db78/out/vs/workbench/api/node/extensionHostProcess.js:112:41559)
	at kw.g (file:///home/travthegr88/.vscode-server/bin/ddc367ed5c8936efe395cffeec279b04ffd7db78/out/vs/workbench/api/node/extensionHostProcess.js:112:40636)
	at kw.executeCommand (file:///home/travthegr88/.vscode-server/bin/ddc367ed5c8936efe395cffeec279b04ffd7db78/out/vs/workbench/api/node/extensionHostProcess.js:112:40543)
	at Object.executeCommand (file:///home/travthegr88/.vscode-server/bin/ddc367ed5c8936efe395cffeec279b04ffd7db78/out/vs/workbench/api/node/extensionHostProcess.js:172:37375)
	at set hasGitHubRepositories [as hasGitHubRepositories] (/home/travthegr88/.vscode-server/bin/ddc367ed5c8936efe395cffeec279b04ffd7db78/extensions/github/dist/extension.js:2:217805)
	at /home/travthegr88/.vscode-server/bin/ddc367ed5c8936efe395cffeec279b04ffd7db78/extensions/github/dist/extension.js:2:218764
	at Th.value (/home/travthegr88/.vscode-server/bin/ddc367ed5c8936efe395cffeec279b04ffd7db78/extensions/git/dist/main.js:2:1120702)
	at D.B (file:///home/travthegr88/.vscode-server/bin/ddc367ed5c8936efe395cffeec279b04ffd7db78/out/vs/workbench/api/node/extensionHostProcess.js:27:2375)
	at D.C (file:///home/travthegr88/.vscode-server/bin/ddc367ed5c8936efe395cffeec279b04ffd7db78/out/vs/workbench/api/node/extensionHostProcess.js:27:2445)
	at D.fire (file:///home/travthegr88/.vscode-server/bin/ddc367ed5c8936efe395cffeec279b04ffd7db78/out/vs/workbench/api/node/extensionHostProcess.js:27:2662)
	at Object.p [as dispose] (/home/travthegr88/.vscode-server/bin/ddc367ed5c8936efe395cffeec279b04ffd7db78/extensions/git/dist/main.js:2:1022703)
	at /home/travthegr88/.vscode-server/bin/ddc367ed5c8936efe395cffeec279b04ffd7db78/extensions/git/dist/main.js:2:1029021
	at Array.forEach (<anonymous>)
	at b.dispose (/home/travthegr88/.vscode-server/bin/ddc367ed5c8936efe395cffeec279b04ffd7db78/extensions/git/dist/main.js:2:1029007)
	at fv.<anonymous> (file:///home/travthegr88/.vscode-server/bin/ddc367ed5c8936efe395cffeec279b04ffd7db78/out/vs/workbench/api/node/extensionHostProcess.js:108:8922)
	at fv.dispose (file:///home/travthegr88/.vscode-server/bin/ddc367ed5c8936efe395cffeec279b04ffd7db78/out/vs/workbench/api/node/extensionHostProcess.js:108:9018)
	at fv.<anonymous> (/home/travthegr88/.vscode-server/bin/ddc367ed5c8936efe395cffeec279b04ffd7db78/extensions/git/dist/main.js:2:1002547)
	at fv.dispose (file:///home/travthegr88/.vscode-server/bin/ddc367ed5c8936efe395cffeec279b04ffd7db78/out/vs/workbench/api/node/extensionHostProcess.js:108:9018)
	at hi (file:///home/travthegr88/.vscode-server/bin/ddc367ed5c8936efe395cffeec279b04ffd7db78/out/vs/workbench/api/node/extensionHostProcess.js:25:701)
	at file:///home/travthegr88/.vscode-server/bin/ddc367ed5c8936efe395cffeec279b04ffd7db78/out/vs/workbench/api/node/extensionHostProcess.js:116:14994
	at file:///home/travthegr88/.vscode-server/bin/ddc367ed5c8936efe395cffeec279b04ffd7db78/out/vs/workbench/api/node/extensionHostProcess.js:25:1011
	at Object.dispose (file:///home/travthegr88/.vscode-server/bin/ddc367ed5c8936efe395cffeec279b04ffd7db78/out/vs/workbench/api/node/extensionHostProcess.js:8:705)
	at zz.eb (file:///home/travthegr88/.vscode-server/bin/ddc367ed5c8936efe395cffeec279b04ffd7db78/out/vs/workbench/api/node/extensionHostProcess.js:116:11921)
	at file:///home/travthegr88/.vscode-server/bin/ddc367ed5c8936efe395cffeec279b04ffd7db78/out/vs/workbench/api/node/extensionHostProcess.js:116:9876
	at Array.map (<anonymous>)
	at zz.$ (file:///home/travthegr88/.vscode-server/bin/ddc367ed5c8936efe395cffeec279b04ffd7db78/out/vs/workbench/api/node/extensionHostProcess.js:116:9864)
	at zz.terminate (file:///home/travthegr88/.vscode-server/bin/ddc367ed5c8936efe395cffeec279b04ffd7db78/out/vs/workbench/api/node/extensionHostProcess.js:116:10107)
	at FI.terminate (file:///home/travthegr88/.vscode-server/bin/ddc367ed5c8936efe395cffeec279b04ffd7db78/out/vs/workbench/api/node/extensionHostProcess.js:117:1434)
	at ts (file:///home/travthegr88/.vscode-server/bin/ddc367ed5c8936efe395cffeec279b04ffd7db78/out/vs/workbench/api/node/extensionHostProcess.js:190:15108)
	at Th.value (file:///home/travthegr88/.vscode-server/bin/ddc367ed5c8936efe395cffeec279b04ffd7db78/out/vs/workbench/api/node/extensionHostProcess.js:190:13269)
	at D.B (file:///home/travthegr88/.vscode-server/bin/ddc367ed5c8936efe395cffeec279b04ffd7db78/out/vs/workbench/api/node/extensionHostProcess.js:27:2375)
	at D.fire (file:///home/travthegr88/.vscode-server/bin/ddc367ed5c8936efe395cffeec279b04ffd7db78/out/vs/workbench/api/node/extensionHostProcess.js:27:2593)
	at Gn.fire (file:///home/travthegr88/.vscode-server/bin/ddc367ed5c8936efe395cffeec279b04ffd7db78/out/vs/workbench/api/node/extensionHostProcess.js:29:9459)
	at Ym.A (file:///home/travthegr88/.vscode-server/bin/ddc367ed5c8936efe395cffeec279b04ffd7db78/out/vs/workbench/api/node/extensionHostProcess.js:29:12575)
	at Th.value (file:///home/travthegr88/.vscode-server/bin/ddc367ed5c8936efe395cffeec279b04ffd7db78/out/vs/workbench/api/node/extensionHostProcess.js:29:11976)
	at D.B (file:///home/travthegr88/.vscode-server/bin/ddc367ed5c8936efe395cffeec279b04ffd7db78/out/vs/workbench/api/node/extensionHostProcess.js:27:2375)
	at D.fire (file:///home/travthegr88/.vscode-server/bin/ddc367ed5c8936efe395cffeec279b04ffd7db78/out/vs/workbench/api/node/extensionHostProcess.js:27:2593)
	at C6.acceptChunk (file:///home/travthegr88/.vscode-server/bin/ddc367ed5c8936efe395cffeec279b04ffd7db78/out/vs/workbench/api/node/extensionHostProcess.js:29:7942)
	at Th.value (file:///home/travthegr88/.vscode-server/bin/ddc367ed5c8936efe395cffeec279b04ffd7db78/out/vs/workbench/api/node/extensionHostProcess.js:29:7228)
	at D.B (file:///home/travthegr88/.vscode-server/bin/ddc367ed5c8936efe395cffeec279b04ffd7db78/out/vs/workbench/api/node/extensionHostProcess.js:27:2375)
	at D.fire (file:///home/travthegr88/.vscode-server/bin/ddc367ed5c8936efe395cffeec279b04ffd7db78/out/vs/workbench/api/node/extensionHostProcess.js:27:2593)
	at tT.z (file:///home/travthegr88/.vscode-server/bin/ddc367ed5c8936efe395cffeec279b04ffd7db78/out/vs/workbench/api/node/extensionHostProcess.js:29:21747)
	at tT.acceptFrame (file:///home/travthegr88/.vscode-server/bin/ddc367ed5c8936efe395cffeec279b04ffd7db78/out/vs/workbench/api/node/extensionHostProcess.js:29:21553)
	at eT.n (file:///home/travthegr88/.vscode-server/bin/ddc367ed5c8936efe395cffeec279b04ffd7db78/out/vs/workbench/api/node/extensionHostProcess.js:29:20080)
	at file:///home/travthegr88/.vscode-server/bin/ddc367ed5c8936efe395cffeec279b04ffd7db78/out/vs/workbench/api/node/extensionHostProcess.js:29:17312
	at Socket.t (file:///home/travthegr88/.vscode-server/bin/ddc367ed5c8936efe395cffeec279b04ffd7db78/out/vs/workbench/api/node/extensionHostProcess.js:29:15252)
	at Socket.emit (node:events:518:28)
	at addChunk (node:internal/streams/readable:561:12)
	at readableAddChunkPushByteMode (node:internal/streams/readable:512:3)
	at Readable.push (node:internal/streams/readable:392:5)
	at TCP.onStreamRead (node:internal/stream_base_commons:191:23) setContext undefined
2025-03-21 13:49:17.072 [error] Canceled: Canceled
	at new dR (file:///home/travthegr88/.vscode-server/bin/ddc367ed5c8936efe395cffeec279b04ffd7db78/out/vs/workbench/api/node/extensionHostProcess.js:29:155028)
	at qy.U (file:///home/travthegr88/.vscode-server/bin/ddc367ed5c8936efe395cffeec279b04ffd7db78/out/vs/workbench/api/node/extensionHostProcess.js:29:159639)
	at s.<computed>.n.charCodeAt.s.<computed> (file:///home/travthegr88/.vscode-server/bin/ddc367ed5c8936efe395cffeec279b04ffd7db78/out/vs/workbench/api/node/extensionHostProcess.js:29:157133)
	at kw.g (file:///home/travthegr88/.vscode-server/bin/ddc367ed5c8936efe395cffeec279b04ffd7db78/out/vs/workbench/api/node/extensionHostProcess.js:112:41039)
	at kw.executeCommand (file:///home/travthegr88/.vscode-server/bin/ddc367ed5c8936efe395cffeec279b04ffd7db78/out/vs/workbench/api/node/extensionHostProcess.js:112:40543)
	at r.registerCommand.description (file:///home/travthegr88/.vscode-server/bin/ddc367ed5c8936efe395cffeec279b04ffd7db78/out/vs/workbench/api/node/extensionHostProcess.js:112:39873)
	at kw.h (file:///home/travthegr88/.vscode-server/bin/ddc367ed5c8936efe395cffeec279b04ffd7db78/out/vs/workbench/api/node/extensionHostProcess.js:112:41559)
	at kw.g (file:///home/travthegr88/.vscode-server/bin/ddc367ed5c8936efe395cffeec279b04ffd7db78/out/vs/workbench/api/node/extensionHostProcess.js:112:40636)
	at kw.executeCommand (file:///home/travthegr88/.vscode-server/bin/ddc367ed5c8936efe395cffeec279b04ffd7db78/out/vs/workbench/api/node/extensionHostProcess.js:112:40543)
	at Object.executeCommand (file:///home/travthegr88/.vscode-server/bin/ddc367ed5c8936efe395cffeec279b04ffd7db78/out/vs/workbench/api/node/extensionHostProcess.js:172:37375)
	at e (/home/travthegr88/.vscode-server/extensions/github.vscode-pull-request-github-0.106.0/dist/extension.js:2081:447845)
	at Object.i [as setContext] (/home/travthegr88/.vscode-server/extensions/github.vscode-pull-request-github-0.106.0/dist/extension.js:2081:447960)
	at Mf.updateActiveReviewCount (/home/travthegr88/.vscode-server/extensions/github.vscode-pull-request-github-0.106.0/dist/extension.js:2190:21287)
	at Mf.removeRepo (/home/travthegr88/.vscode-server/extensions/github.vscode-pull-request-github-0.106.0/dist/extension.js:2190:22472)
	at Th.value (/home/travthegr88/.vscode-server/extensions/github.vscode-pull-request-github-0.106.0/dist/extension.js:2526:4265)
	at D.B (file:///home/travthegr88/.vscode-server/bin/ddc367ed5c8936efe395cffeec279b04ffd7db78/out/vs/workbench/api/node/extensionHostProcess.js:27:2375)
	at D.C (file:///home/travthegr88/.vscode-server/bin/ddc367ed5c8936efe395cffeec279b04ffd7db78/out/vs/workbench/api/node/extensionHostProcess.js:27:2445)
	at D.fire (file:///home/travthegr88/.vscode-server/bin/ddc367ed5c8936efe395cffeec279b04ffd7db78/out/vs/workbench/api/node/extensionHostProcess.js:27:2662)
	at Th.value (/home/travthegr88/.vscode-server/extensions/github.vscode-pull-request-github-0.106.0/dist/extension.js:2081:444625)
	at D.B (file:///home/travthegr88/.vscode-server/bin/ddc367ed5c8936efe395cffeec279b04ffd7db78/out/vs/workbench/api/node/extensionHostProcess.js:27:2375)
	at D.fire (file:///home/travthegr88/.vscode-server/bin/ddc367ed5c8936efe395cffeec279b04ffd7db78/out/vs/workbench/api/node/extensionHostProcess.js:27:2593)
	at /home/travthegr88/.vscode-server/extensions/github.vscode-pull-request-github-0.106.0/dist/extension.js:2190:26488
	at Th.value (/home/travthegr88/.vscode-server/bin/ddc367ed5c8936efe395cffeec279b04ffd7db78/extensions/git/dist/main.js:2:1120702)
	at D.B (file:///home/travthegr88/.vscode-server/bin/ddc367ed5c8936efe395cffeec279b04ffd7db78/out/vs/workbench/api/node/extensionHostProcess.js:27:2375)
	at D.C (file:///home/travthegr88/.vscode-server/bin/ddc367ed5c8936efe395cffeec279b04ffd7db78/out/vs/workbench/api/node/extensionHostProcess.js:27:2445)
	at D.fire (file:///home/travthegr88/.vscode-server/bin/ddc367ed5c8936efe395cffeec279b04ffd7db78/out/vs/workbench/api/node/extensionHostProcess.js:27:2662)
	at Object.p [as dispose] (/home/travthegr88/.vscode-server/bin/ddc367ed5c8936efe395cffeec279b04ffd7db78/extensions/git/dist/main.js:2:1022703)
	at /home/travthegr88/.vscode-server/bin/ddc367ed5c8936efe395cffeec279b04ffd7db78/extensions/git/dist/main.js:2:1029021
	at Array.forEach (<anonymous>)
	at b.dispose (/home/travthegr88/.vscode-server/bin/ddc367ed5c8936efe395cffeec279b04ffd7db78/extensions/git/dist/main.js:2:1029007)
	at fv.<anonymous> (file:///home/travthegr88/.vscode-server/bin/ddc367ed5c8936efe395cffeec279b04ffd7db78/out/vs/workbench/api/node/extensionHostProcess.js:108:8922)
	at fv.dispose (file:///home/travthegr88/.vscode-server/bin/ddc367ed5c8936efe395cffeec279b04ffd7db78/out/vs/workbench/api/node/extensionHostProcess.js:108:9018)
	at fv.<anonymous> (/home/travthegr88/.vscode-server/bin/ddc367ed5c8936efe395cffeec279b04ffd7db78/extensions/git/dist/main.js:2:1002547)
	at fv.dispose (file:///home/travthegr88/.vscode-server/bin/ddc367ed5c8936efe395cffeec279b04ffd7db78/out/vs/workbench/api/node/extensionHostProcess.js:108:9018)
	at hi (file:///home/travthegr88/.vscode-server/bin/ddc367ed5c8936efe395cffeec279b04ffd7db78/out/vs/workbench/api/node/extensionHostProcess.js:25:701)
	at file:///home/travthegr88/.vscode-server/bin/ddc367ed5c8936efe395cffeec279b04ffd7db78/out/vs/workbench/api/node/extensionHostProcess.js:116:14994
	at file:///home/travthegr88/.vscode-server/bin/ddc367ed5c8936efe395cffeec279b04ffd7db78/out/vs/workbench/api/node/extensionHostProcess.js:25:1011
	at Object.dispose (file:///home/travthegr88/.vscode-server/bin/ddc367ed5c8936efe395cffeec279b04ffd7db78/out/vs/workbench/api/node/extensionHostProcess.js:8:705)
	at zz.eb (file:///home/travthegr88/.vscode-server/bin/ddc367ed5c8936efe395cffeec279b04ffd7db78/out/vs/workbench/api/node/extensionHostProcess.js:116:11921)
	at file:///home/travthegr88/.vscode-server/bin/ddc367ed5c8936efe395cffeec279b04ffd7db78/out/vs/workbench/api/node/extensionHostProcess.js:116:9876
	at Array.map (<anonymous>)
	at zz.$ (file:///home/travthegr88/.vscode-server/bin/ddc367ed5c8936efe395cffeec279b04ffd7db78/out/vs/workbench/api/node/extensionHostProcess.js:116:9864)
	at zz.terminate (file:///home/travthegr88/.vscode-server/bin/ddc367ed5c8936efe395cffeec279b04ffd7db78/out/vs/workbench/api/node/extensionHostProcess.js:116:10107)
	at FI.terminate (file:///home/travthegr88/.vscode-server/bin/ddc367ed5c8936efe395cffeec279b04ffd7db78/out/vs/workbench/api/node/extensionHostProcess.js:117:1434)
	at ts (file:///home/travthegr88/.vscode-server/bin/ddc367ed5c8936efe395cffeec279b04ffd7db78/out/vs/workbench/api/node/extensionHostProcess.js:190:15108)
	at Th.value (file:///home/travthegr88/.vscode-server/bin/ddc367ed5c8936efe395cffeec279b04ffd7db78/out/vs/workbench/api/node/extensionHostProcess.js:190:13269)
	at D.B (file:///home/travthegr88/.vscode-server/bin/ddc367ed5c8936efe395cffeec279b04ffd7db78/out/vs/workbench/api/node/extensionHostProcess.js:27:2375)
	at D.fire (file:///home/travthegr88/.vscode-server/bin/ddc367ed5c8936efe395cffeec279b04ffd7db78/out/vs/workbench/api/node/extensionHostProcess.js:27:2593)
	at Gn.fire (file:///home/travthegr88/.vscode-server/bin/ddc367ed5c8936efe395cffeec279b04ffd7db78/out/vs/workbench/api/node/extensionHostProcess.js:29:9459)
	at Ym.A (file:///home/travthegr88/.vscode-server/bin/ddc367ed5c8936efe395cffeec279b04ffd7db78/out/vs/workbench/api/node/extensionHostProcess.js:29:12575)
	at Th.value (file:///home/travthegr88/.vscode-server/bin/ddc367ed5c8936efe395cffeec279b04ffd7db78/out/vs/workbench/api/node/extensionHostProcess.js:29:11976)
	at D.B (file:///home/travthegr88/.vscode-server/bin/ddc367ed5c8936efe395cffeec279b04ffd7db78/out/vs/workbench/api/node/extensionHostProcess.js:27:2375)
	at D.fire (file:///home/travthegr88/.vscode-server/bin/ddc367ed5c8936efe395cffeec279b04ffd7db78/out/vs/workbench/api/node/extensionHostProcess.js:27:2593)
	at C6.acceptChunk (file:///home/travthegr88/.vscode-server/bin/ddc367ed5c8936efe395cffeec279b04ffd7db78/out/vs/workbench/api/node/extensionHostProcess.js:29:7942)
	at Th.value (file:///home/travthegr88/.vscode-server/bin/ddc367ed5c8936efe395cffeec279b04ffd7db78/out/vs/workbench/api/node/extensionHostProcess.js:29:7228)
	at D.B (file:///home/travthegr88/.vscode-server/bin/ddc367ed5c8936efe395cffeec279b04ffd7db78/out/vs/workbench/api/node/extensionHostProcess.js:27:2375)
	at D.fire (file:///home/travthegr88/.vscode-server/bin/ddc367ed5c8936efe395cffeec279b04ffd7db78/out/vs/workbench/api/node/extensionHostProcess.js:27:2593)
	at tT.z (file:///home/travthegr88/.vscode-server/bin/ddc367ed5c8936efe395cffeec279b04ffd7db78/out/vs/workbench/api/node/extensionHostProcess.js:29:21747)
	at tT.acceptFrame (file:///home/travthegr88/.vscode-server/bin/ddc367ed5c8936efe395cffeec279b04ffd7db78/out/vs/workbench/api/node/extensionHostProcess.js:29:21553)
	at eT.n (file:///home/travthegr88/.vscode-server/bin/ddc367ed5c8936efe395cffeec279b04ffd7db78/out/vs/workbench/api/node/extensionHostProcess.js:29:20080)
	at file:///home/travthegr88/.vscode-server/bin/ddc367ed5c8936efe395cffeec279b04ffd7db78/out/vs/workbench/api/node/extensionHostProcess.js:29:17312
	at Socket.t (file:///home/travthegr88/.vscode-server/bin/ddc367ed5c8936efe395cffeec279b04ffd7db78/out/vs/workbench/api/node/extensionHostProcess.js:29:15252)
	at Socket.emit (node:events:518:28)
	at addChunk (node:internal/streams/readable:561:12)
	at readableAddChunkPushByteMode (node:internal/streams/readable:512:3)
	at Readable.push (node:internal/streams/readable:392:5)
	at TCP.onStreamRead (node:internal/stream_base_commons:191:23) setContext undefined
2025-03-21 13:49:17.072 [error] Canceled: Canceled
	at new dR (file:///home/travthegr88/.vscode-server/bin/ddc367ed5c8936efe395cffeec279b04ffd7db78/out/vs/workbench/api/node/extensionHostProcess.js:29:155028)
	at qy.U (file:///home/travthegr88/.vscode-server/bin/ddc367ed5c8936efe395cffeec279b04ffd7db78/out/vs/workbench/api/node/extensionHostProcess.js:29:159639)
	at s.<computed>.n.charCodeAt.s.<computed> (file:///home/travthegr88/.vscode-server/bin/ddc367ed5c8936efe395cffeec279b04ffd7db78/out/vs/workbench/api/node/extensionHostProcess.js:29:157133)
	at kw.g (file:///home/travthegr88/.vscode-server/bin/ddc367ed5c8936efe395cffeec279b04ffd7db78/out/vs/workbench/api/node/extensionHostProcess.js:112:41039)
	at kw.executeCommand (file:///home/travthegr88/.vscode-server/bin/ddc367ed5c8936efe395cffeec279b04ffd7db78/out/vs/workbench/api/node/extensionHostProcess.js:112:40543)
	at r.registerCommand.description (file:///home/travthegr88/.vscode-server/bin/ddc367ed5c8936efe395cffeec279b04ffd7db78/out/vs/workbench/api/node/extensionHostProcess.js:112:39873)
	at kw.h (file:///home/travthegr88/.vscode-server/bin/ddc367ed5c8936efe395cffeec279b04ffd7db78/out/vs/workbench/api/node/extensionHostProcess.js:112:41559)
	at kw.g (file:///home/travthegr88/.vscode-server/bin/ddc367ed5c8936efe395cffeec279b04ffd7db78/out/vs/workbench/api/node/extensionHostProcess.js:112:40636)
	at kw.executeCommand (file:///home/travthegr88/.vscode-server/bin/ddc367ed5c8936efe395cffeec279b04ffd7db78/out/vs/workbench/api/node/extensionHostProcess.js:112:40543)
	at Object.executeCommand (file:///home/travthegr88/.vscode-server/bin/ddc367ed5c8936efe395cffeec279b04ffd7db78/out/vs/workbench/api/node/extensionHostProcess.js:172:37375)
	at e (/home/travthegr88/.vscode-server/extensions/github.vscode-pull-request-github-0.106.0/dist/extension.js:2081:447845)
	at Object.i [as setContext] (/home/travthegr88/.vscode-server/extensions/github.vscode-pull-request-github-0.106.0/dist/extension.js:2081:447960)
	at hf.setReviewModeContexts (/home/travthegr88/.vscode-server/extensions/github.vscode-pull-request-github-0.106.0/dist/extension.js:2513:19366)
	at hf.removePrFromView (/home/travthegr88/.vscode-server/extensions/github.vscode-pull-request-github-0.106.0/dist/extension.js:2513:19993)
	at Of.clear (/home/travthegr88/.vscode-server/extensions/github.vscode-pull-request-github-0.106.0/dist/extension.js:2171:8134)
	at Of.dispose (/home/travthegr88/.vscode-server/extensions/github.vscode-pull-request-github-0.106.0/dist/extension.js:2173:188)
	at Ef.removeReviewManager (/home/travthegr88/.vscode-server/extensions/github.vscode-pull-request-github-0.106.0/dist/extension.js:2513:51034)
	at Th.value (/home/travthegr88/.vscode-server/extensions/github.vscode-pull-request-github-0.106.0/dist/extension.js:2526:4283)
	at D.B (file:///home/travthegr88/.vscode-server/bin/ddc367ed5c8936efe395cffeec279b04ffd7db78/out/vs/workbench/api/node/extensionHostProcess.js:27:2375)
	at D.C (file:///home/travthegr88/.vscode-server/bin/ddc367ed5c8936efe395cffeec279b04ffd7db78/out/vs/workbench/api/node/extensionHostProcess.js:27:2445)
	at D.fire (file:///home/travthegr88/.vscode-server/bin/ddc367ed5c8936efe395cffeec279b04ffd7db78/out/vs/workbench/api/node/extensionHostProcess.js:27:2662)
	at Th.value (/home/travthegr88/.vscode-server/extensions/github.vscode-pull-request-github-0.106.0/dist/extension.js:2081:444625)
	at D.B (file:///home/travthegr88/.vscode-server/bin/ddc367ed5c8936efe395cffeec279b04ffd7db78/out/vs/workbench/api/node/extensionHostProcess.js:27:2375)
	at D.fire (file:///home/travthegr88/.vscode-server/bin/ddc367ed5c8936efe395cffeec279b04ffd7db78/out/vs/workbench/api/node/extensionHostProcess.js:27:2593)
	at /home/travthegr88/.vscode-server/extensions/github.vscode-pull-request-github-0.106.0/dist/extension.js:2190:26488
	at Th.value (/home/travthegr88/.vscode-server/bin/ddc367ed5c8936efe395cffeec279b04ffd7db78/extensions/git/dist/main.js:2:1120702)
	at D.B (file:///home/travthegr88/.vscode-server/bin/ddc367ed5c8936efe395cffeec279b04ffd7db78/out/vs/workbench/api/node/extensionHostProcess.js:27:2375)
	at D.C (file:///home/travthegr88/.vscode-server/bin/ddc367ed5c8936efe395cffeec279b04ffd7db78/out/vs/workbench/api/node/extensionHostProcess.js:27:2445)
	at D.fire (file:///home/travthegr88/.vscode-server/bin/ddc367ed5c8936efe395cffeec279b04ffd7db78/out/vs/workbench/api/node/extensionHostProcess.js:27:2662)
	at Object.p [as dispose] (/home/travthegr88/.vscode-server/bin/ddc367ed5c8936efe395cffeec279b04ffd7db78/extensions/git/dist/main.js:2:1022703)
	at /home/travthegr88/.vscode-server/bin/ddc367ed5c8936efe395cffeec279b04ffd7db78/extensions/git/dist/main.js:2:1029021
	at Array.forEach (<anonymous>)
	at b.dispose (/home/travthegr88/.vscode-server/bin/ddc367ed5c8936efe395cffeec279b04ffd7db78/extensions/git/dist/main.js:2:1029007)
	at fv.<anonymous> (file:///home/travthegr88/.vscode-server/bin/ddc367ed5c8936efe395cffeec279b04ffd7db78/out/vs/workbench/api/node/extensionHostProcess.js:108:8922)
	at fv.dispose (file:///home/travthegr88/.vscode-server/bin/ddc367ed5c8936efe395cffeec279b04ffd7db78/out/vs/workbench/api/node/extensionHostProcess.js:108:9018)
	at fv.<anonymous> (/home/travthegr88/.vscode-server/bin/ddc367ed5c8936efe395cffeec279b04ffd7db78/extensions/git/dist/main.js:2:1002547)
	at fv.dispose (file:///home/travthegr88/.vscode-server/bin/ddc367ed5c8936efe395cffeec279b04ffd7db78/out/vs/workbench/api/node/extensionHostProcess.js:108:9018)
	at hi (file:///home/travthegr88/.vscode-server/bin/ddc367ed5c8936efe395cffeec279b04ffd7db78/out/vs/workbench/api/node/extensionHostProcess.js:25:701)
	at file:///home/travthegr88/.vscode-server/bin/ddc367ed5c8936efe395cffeec279b04ffd7db78/out/vs/workbench/api/node/extensionHostProcess.js:116:14994
	at file:///home/travthegr88/.vscode-server/bin/ddc367ed5c8936efe395cffeec279b04ffd7db78/out/vs/workbench/api/node/extensionHostProcess.js:25:1011
	at Object.dispose (file:///home/travthegr88/.vscode-server/bin/ddc367ed5c8936efe395cffeec279b04ffd7db78/out/vs/workbench/api/node/extensionHostProcess.js:8:705)
	at zz.eb (file:///home/travthegr88/.vscode-server/bin/ddc367ed5c8936efe395cffeec279b04ffd7db78/out/vs/workbench/api/node/extensionHostProcess.js:116:11921)
	at file:///home/travthegr88/.vscode-server/bin/ddc367ed5c8936efe395cffeec279b04ffd7db78/out/vs/workbench/api/node/extensionHostProcess.js:116:9876
	at Array.map (<anonymous>)
	at zz.$ (file:///home/travthegr88/.vscode-server/bin/ddc367ed5c8936efe395cffeec279b04ffd7db78/out/vs/workbench/api/node/extensionHostProcess.js:116:9864)
	at zz.terminate (file:///home/travthegr88/.vscode-server/bin/ddc367ed5c8936efe395cffeec279b04ffd7db78/out/vs/workbench/api/node/extensionHostProcess.js:116:10107)
	at FI.terminate (file:///home/travthegr88/.vscode-server/bin/ddc367ed5c8936efe395cffeec279b04ffd7db78/out/vs/workbench/api/node/extensionHostProcess.js:117:1434)
	at ts (file:///home/travthegr88/.vscode-server/bin/ddc367ed5c8936efe395cffeec279b04ffd7db78/out/vs/workbench/api/node/extensionHostProcess.js:190:15108)
	at Th.value (file:///home/travthegr88/.vscode-server/bin/ddc367ed5c8936efe395cffeec279b04ffd7db78/out/vs/workbench/api/node/extensionHostProcess.js:190:13269)
	at D.B (file:///home/travthegr88/.vscode-server/bin/ddc367ed5c8936efe395cffeec279b04ffd7db78/out/vs/workbench/api/node/extensionHostProcess.js:27:2375)
	at D.fire (file:///home/travthegr88/.vscode-server/bin/ddc367ed5c8936efe395cffeec279b04ffd7db78/out/vs/workbench/api/node/extensionHostProcess.js:27:2593)
	at Gn.fire (file:///home/travthegr88/.vscode-server/bin/ddc367ed5c8936efe395cffeec279b04ffd7db78/out/vs/workbench/api/node/extensionHostProcess.js:29:9459)
	at Ym.A (file:///home/travthegr88/.vscode-server/bin/ddc367ed5c8936efe395cffeec279b04ffd7db78/out/vs/workbench/api/node/extensionHostProcess.js:29:12575)
	at Th.value (file:///home/travthegr88/.vscode-server/bin/ddc367ed5c8936efe395cffeec279b04ffd7db78/out/vs/workbench/api/node/extensionHostProcess.js:29:11976)
	at D.B (file:///home/travthegr88/.vscode-server/bin/ddc367ed5c8936efe395cffeec279b04ffd7db78/out/vs/workbench/api/node/extensionHostProcess.js:27:2375)
	at D.fire (file:///home/travthegr88/.vscode-server/bin/ddc367ed5c8936efe395cffeec279b04ffd7db78/out/vs/workbench/api/node/extensionHostProcess.js:27:2593)
	at C6.acceptChunk (file:///home/travthegr88/.vscode-server/bin/ddc367ed5c8936efe395cffeec279b04ffd7db78/out/vs/workbench/api/node/extensionHostProcess.js:29:7942)
	at Th.value (file:///home/travthegr88/.vscode-server/bin/ddc367ed5c8936efe395cffeec279b04ffd7db78/out/vs/workbench/api/node/extensionHostProcess.js:29:7228)
	at D.B (file:///home/travthegr88/.vscode-server/bin/ddc367ed5c8936efe395cffeec279b04ffd7db78/out/vs/workbench/api/node/extensionHostProcess.js:27:2375)
	at D.fire (file:///home/travthegr88/.vscode-server/bin/ddc367ed5c8936efe395cffeec279b04ffd7db78/out/vs/workbench/api/node/extensionHostProcess.js:27:2593)
	at tT.z (file:///home/travthegr88/.vscode-server/bin/ddc367ed5c8936efe395cffeec279b04ffd7db78/out/vs/workbench/api/node/extensionHostProcess.js:29:21747)
	at tT.acceptFrame (file:///home/travthegr88/.vscode-server/bin/ddc367ed5c8936efe395cffeec279b04ffd7db78/out/vs/workbench/api/node/extensionHostProcess.js:29:21553)
	at eT.n (file:///home/travthegr88/.vscode-server/bin/ddc367ed5c8936efe395cffeec279b04ffd7db78/out/vs/workbench/api/node/extensionHostProcess.js:29:20080)
	at file:///home/travthegr88/.vscode-server/bin/ddc367ed5c8936efe395cffeec279b04ffd7db78/out/vs/workbench/api/node/extensionHostProcess.js:29:17312
	at Socket.t (file:///home/travthegr88/.vscode-server/bin/ddc367ed5c8936efe395cffeec279b04ffd7db78/out/vs/workbench/api/node/extensionHostProcess.js:29:15252)
	at Socket.emit (node:events:518:28)
	at addChunk (node:internal/streams/readable:561:12)
	at readableAddChunkPushByteMode (node:internal/streams/readable:512:3)
	at Readable.push (node:internal/streams/readable:392:5)
	at TCP.onStreamRead (node:internal/stream_base_commons:191:23) setContext undefined
2025-03-21 13:49:17.073 [error] Canceled: Canceled
	at new dR (file:///home/travthegr88/.vscode-server/bin/ddc367ed5c8936efe395cffeec279b04ffd7db78/out/vs/workbench/api/node/extensionHostProcess.js:29:155028)
	at qy.U (file:///home/travthegr88/.vscode-server/bin/ddc367ed5c8936efe395cffeec279b04ffd7db78/out/vs/workbench/api/node/extensionHostProcess.js:29:159639)
	at s.<computed>.n.charCodeAt.s.<computed> (file:///home/travthegr88/.vscode-server/bin/ddc367ed5c8936efe395cffeec279b04ffd7db78/out/vs/workbench/api/node/extensionHostProcess.js:29:157133)
	at kw.g (file:///home/travthegr88/.vscode-server/bin/ddc367ed5c8936efe395cffeec279b04ffd7db78/out/vs/workbench/api/node/extensionHostProcess.js:112:41039)
	at kw.executeCommand (file:///home/travthegr88/.vscode-server/bin/ddc367ed5c8936efe395cffeec279b04ffd7db78/out/vs/workbench/api/node/extensionHostProcess.js:112:40543)
	at r.registerCommand.description (file:///home/travthegr88/.vscode-server/bin/ddc367ed5c8936efe395cffeec279b04ffd7db78/out/vs/workbench/api/node/extensionHostProcess.js:112:39873)
	at kw.h (file:///home/travthegr88/.vscode-server/bin/ddc367ed5c8936efe395cffeec279b04ffd7db78/out/vs/workbench/api/node/extensionHostProcess.js:112:41559)
	at kw.g (file:///home/travthegr88/.vscode-server/bin/ddc367ed5c8936efe395cffeec279b04ffd7db78/out/vs/workbench/api/node/extensionHostProcess.js:112:40636)
	at kw.executeCommand (file:///home/travthegr88/.vscode-server/bin/ddc367ed5c8936efe395cffeec279b04ffd7db78/out/vs/workbench/api/node/extensionHostProcess.js:112:40543)
	at Object.executeCommand (file:///home/travthegr88/.vscode-server/bin/ddc367ed5c8936efe395cffeec279b04ffd7db78/out/vs/workbench/api/node/extensionHostProcess.js:172:37375)
	at e (/home/travthegr88/.vscode-server/extensions/github.vscode-pull-request-github-0.106.0/dist/extension.js:2081:447845)
	at Object.i [as setContext] (/home/travthegr88/.vscode-server/extensions/github.vscode-pull-request-github-0.106.0/dist/extension.js:2081:447960)
	at n4.setActiveContext (/home/travthegr88/.vscode-server/extensions/github.vscode-pull-request-github-0.106.0/dist/extension.js:2513:10414)
	at n4.reset (/home/travthegr88/.vscode-server/extensions/github.vscode-pull-request-github-0.106.0/dist/extension.js:2513:14901)
	at n4.dispose (/home/travthegr88/.vscode-server/extensions/github.vscode-pull-request-github-0.106.0/dist/extension.js:2513:15080)
	at hi (file:///home/travthegr88/.vscode-server/bin/ddc367ed5c8936efe395cffeec279b04ffd7db78/out/vs/workbench/api/node/extensionHostProcess.js:25:701)
	at file:///home/travthegr88/.vscode-server/bin/ddc367ed5c8936efe395cffeec279b04ffd7db78/out/vs/workbench/api/node/extensionHostProcess.js:116:14994
	at file:///home/travthegr88/.vscode-server/bin/ddc367ed5c8936efe395cffeec279b04ffd7db78/out/vs/workbench/api/node/extensionHostProcess.js:25:1011
	at Object.dispose (file:///home/travthegr88/.vscode-server/bin/ddc367ed5c8936efe395cffeec279b04ffd7db78/out/vs/workbench/api/node/extensionHostProcess.js:8:705)
	at zz.eb (file:///home/travthegr88/.vscode-server/bin/ddc367ed5c8936efe395cffeec279b04ffd7db78/out/vs/workbench/api/node/extensionHostProcess.js:116:11921)
	at file:///home/travthegr88/.vscode-server/bin/ddc367ed5c8936efe395cffeec279b04ffd7db78/out/vs/workbench/api/node/extensionHostProcess.js:116:9876
	at Array.map (<anonymous>)
	at zz.$ (file:///home/travthegr88/.vscode-server/bin/ddc367ed5c8936efe395cffeec279b04ffd7db78/out/vs/workbench/api/node/extensionHostProcess.js:116:9864)
	at zz.terminate (file:///home/travthegr88/.vscode-server/bin/ddc367ed5c8936efe395cffeec279b04ffd7db78/out/vs/workbench/api/node/extensionHostProcess.js:116:10107)
	at FI.terminate (file:///home/travthegr88/.vscode-server/bin/ddc367ed5c8936efe395cffeec279b04ffd7db78/out/vs/workbench/api/node/extensionHostProcess.js:117:1434)
	at ts (file:///home/travthegr88/.vscode-server/bin/ddc367ed5c8936efe395cffeec279b04ffd7db78/out/vs/workbench/api/node/extensionHostProcess.js:190:15108)
	at Th.value (file:///home/travthegr88/.vscode-server/bin/ddc367ed5c8936efe395cffeec279b04ffd7db78/out/vs/workbench/api/node/extensionHostProcess.js:190:13269)
	at D.B (file:///home/travthegr88/.vscode-server/bin/ddc367ed5c8936efe395cffeec279b04ffd7db78/out/vs/workbench/api/node/extensionHostProcess.js:27:2375)
	at D.fire (file:///home/travthegr88/.vscode-server/bin/ddc367ed5c8936efe395cffeec279b04ffd7db78/out/vs/workbench/api/node/extensionHostProcess.js:27:2593)
	at Gn.fire (file:///home/travthegr88/.vscode-server/bin/ddc367ed5c8936efe395cffeec279b04ffd7db78/out/vs/workbench/api/node/extensionHostProcess.js:29:9459)
	at Ym.A (file:///home/travthegr88/.vscode-server/bin/ddc367ed5c8936efe395cffeec279b04ffd7db78/out/vs/workbench/api/node/extensionHostProcess.js:29:12575)
	at Th.value (file:///home/travthegr88/.vscode-server/bin/ddc367ed5c8936efe395cffeec279b04ffd7db78/out/vs/workbench/api/node/extensionHostProcess.js:29:11976)
	at D.B (file:///home/travthegr88/.vscode-server/bin/ddc367ed5c8936efe395cffeec279b04ffd7db78/out/vs/workbench/api/node/extensionHostProcess.js:27:2375)
	at D.fire (file:///home/travthegr88/.vscode-server/bin/ddc367ed5c8936efe395cffeec279b04ffd7db78/out/vs/workbench/api/node/extensionHostProcess.js:27:2593)
	at C6.acceptChunk (file:///home/travthegr88/.vscode-server/bin/ddc367ed5c8936efe395cffeec279b04ffd7db78/out/vs/workbench/api/node/extensionHostProcess.js:29:7942)
	at Th.value (file:///home/travthegr88/.vscode-server/bin/ddc367ed5c8936efe395cffeec279b04ffd7db78/out/vs/workbench/api/node/extensionHostProcess.js:29:7228)
	at D.B (file:///home/travthegr88/.vscode-server/bin/ddc367ed5c8936efe395cffeec279b04ffd7db78/out/vs/workbench/api/node/extensionHostProcess.js:27:2375)
	at D.fire (file:///home/travthegr88/.vscode-server/bin/ddc367ed5c8936efe395cffeec279b04ffd7db78/out/vs/workbench/api/node/extensionHostProcess.js:27:2593)
	at tT.z (file:///home/travthegr88/.vscode-server/bin/ddc367ed5c8936efe395cffeec279b04ffd7db78/out/vs/workbench/api/node/extensionHostProcess.js:29:21747)
	at tT.acceptFrame (file:///home/travthegr88/.vscode-server/bin/ddc367ed5c8936efe395cffeec279b04ffd7db78/out/vs/workbench/api/node/extensionHostProcess.js:29:21553)
	at eT.n (file:///home/travthegr88/.vscode-server/bin/ddc367ed5c8936efe395cffeec279b04ffd7db78/out/vs/workbench/api/node/extensionHostProcess.js:29:20080)
	at file:///home/travthegr88/.vscode-server/bin/ddc367ed5c8936efe395cffeec279b04ffd7db78/out/vs/workbench/api/node/extensionHostProcess.js:29:17312
	at Socket.t (file:///home/travthegr88/.vscode-server/bin/ddc367ed5c8936efe395cffeec279b04ffd7db78/out/vs/workbench/api/node/extensionHostProcess.js:29:15252)
	at Socket.emit (node:events:518:28)
	at addChunk (node:internal/streams/readable:561:12)
	at readableAddChunkPushByteMode (node:internal/streams/readable:512:3)
	at Readable.push (node:internal/streams/readable:392:5)
	at TCP.onStreamRead (node:internal/stream_base_commons:191:23) setContext undefined
2025-03-21 13:49:17.134 [info] Extension host with pid 392462 exiting with code 0
