2025-03-12 13:00:25.202 [info] [main] Log level: Info
2025-03-12 13:00:25.202 [info] [main] Validating found git in: "git"
2025-03-12 13:00:25.202 [info] [main] Using git "2.43.0" from "git"
2025-03-12 13:00:25.202 [info] [Model][doInitialScan] Initial repository scan started
2025-03-12 13:00:25.202 [info] > git rev-parse --show-toplevel [403ms]
2025-03-12 13:00:25.202 [info] fatal: not a git repository (or any of the parent directories): .git
2025-03-12 13:00:25.202 [info] > git rev-parse --show-toplevel [994ms]
2025-03-12 13:00:25.202 [info] fatal: not a git repository (or any of the parent directories): .git
2025-03-12 13:00:25.202 [info] [Model][doInitialScan] Initial repository scan completed - repositories (0), closed repositories (0), parent repositories (0), unsafe repositories (0)
2025-03-12 14:44:32.740 [info] > git rev-parse --show-toplevel [14ms]
2025-03-12 14:44:32.741 [info] fatal: not a git repository (or any of the parent directories): .git
2025-03-12 14:44:34.094 [info] > git rev-parse --show-toplevel [1ms]
2025-03-12 14:44:34.094 [info] fatal: not a git repository (or any of the parent directories): .git
2025-03-12 17:43:09.609 [info] > git rev-parse --show-toplevel [4ms]
2025-03-12 17:43:09.609 [info] fatal: not a git repository (or any of the parent directories): .git
2025-03-12 17:43:12.614 [info] > git rev-parse --show-toplevel [3ms]
2025-03-12 17:43:12.614 [info] fatal: not a git repository (or any of the parent directories): .git
2025-03-12 17:43:23.963 [info] > git rev-parse --show-toplevel [6ms]
2025-03-12 17:43:23.964 [info] fatal: not a git repository (or any of the parent directories): .git
2025-03-13 10:05:55.399 [info] > git rev-parse --show-toplevel [8ms]
2025-03-13 10:05:55.399 [info] fatal: not a git repository (or any of the parent directories): .git
2025-03-13 10:05:56.865 [info] > git rev-parse --show-toplevel [2ms]
2025-03-13 10:05:56.865 [info] fatal: not a git repository (or any of the parent directories): .git
2025-03-13 10:05:57.824 [info] > git rev-parse --show-toplevel [2ms]
2025-03-13 10:05:57.824 [info] fatal: not a git repository (or any of the parent directories): .git
2025-03-13 10:05:58.952 [info] > git rev-parse --show-toplevel [1ms]
2025-03-13 10:05:58.952 [info] fatal: not a git repository (or any of the parent directories): .git
2025-03-13 10:05:59.863 [info] > git rev-parse --show-toplevel [2ms]
2025-03-13 10:05:59.863 [info] fatal: not a git repository (or any of the parent directories): .git
2025-03-13 10:06:00.721 [info] > git rev-parse --show-toplevel [1ms]
2025-03-13 10:06:00.721 [info] fatal: not a git repository (or any of the parent directories): .git
2025-03-13 10:06:00.932 [info] > git rev-parse --show-toplevel [4ms]
2025-03-13 10:06:00.932 [info] fatal: not a git repository (or any of the parent directories): .git
2025-03-13 10:14:20.820 [info] > git rev-parse --show-toplevel [3ms]
2025-03-13 10:14:20.821 [info] fatal: not a git repository (or any of the parent directories): .git
2025-03-13 10:14:24.251 [info] > git rev-parse --show-toplevel [5ms]
2025-03-13 10:14:24.251 [info] fatal: not a git repository (or any of the parent directories): .git
2025-03-13 10:29:19.990 [info] > git rev-parse --show-toplevel [5ms]
2025-03-13 10:29:19.990 [info] fatal: not a git repository (or any of the parent directories): .git
2025-03-13 10:29:33.922 [info] > git rev-parse --show-toplevel [10ms]
2025-03-13 10:29:33.922 [info] fatal: not a git repository (or any of the parent directories): .git
2025-03-13 10:29:39.229 [info] > git rev-parse --show-toplevel [4ms]
2025-03-13 10:29:39.231 [info] fatal: not a git repository (or any of the parent directories): .git
2025-03-13 10:29:41.578 [info] > git rev-parse --show-toplevel [3ms]
2025-03-13 10:29:41.578 [info] fatal: not a git repository (or any of the parent directories): .git
2025-03-13 10:29:47.984 [info] > git rev-parse --show-toplevel [2ms]
2025-03-13 10:29:47.984 [info] fatal: not a git repository (or any of the parent directories): .git
2025-03-13 10:29:50.049 [info] > git rev-parse --show-toplevel [2ms]
2025-03-13 10:29:50.049 [info] fatal: not a git repository (or any of the parent directories): .git
2025-03-13 10:29:52.156 [info] > git rev-parse --show-toplevel [5ms]
2025-03-13 10:29:52.156 [info] fatal: not a git repository (or any of the parent directories): .git
2025-03-13 11:05:17.713 [info] > git rev-parse --show-toplevel [3ms]
2025-03-13 11:05:17.714 [info] fatal: not a git repository (or any of the parent directories): .git
2025-03-13 11:05:40.440 [info] > git rev-parse --show-toplevel [6ms]
2025-03-13 11:05:40.440 [info] fatal: not a git repository (or any of the parent directories): .git
2025-03-13 11:05:53.120 [info] > git rev-parse --show-toplevel [5ms]
2025-03-13 11:05:53.120 [info] fatal: not a git repository (or any of the parent directories): .git
2025-03-13 11:06:07.702 [info] > git rev-parse --show-toplevel [3ms]
2025-03-13 11:06:07.702 [info] fatal: not a git repository (or any of the parent directories): .git
2025-03-13 11:07:03.134 [info] > git rev-parse --show-toplevel [3ms]
2025-03-13 11:07:03.134 [info] fatal: not a git repository (or any of the parent directories): .git
2025-03-13 11:07:09.308 [info] > git rev-parse --show-toplevel [3ms]
2025-03-13 11:07:09.308 [info] fatal: not a git repository (or any of the parent directories): .git
2025-03-13 12:32:13.704 [info] > git rev-parse --show-toplevel [14ms]
2025-03-13 12:32:13.706 [info] fatal: not a git repository (or any of the parent directories): .git
2025-03-13 12:32:22.643 [info] > git rev-parse --show-toplevel [2ms]
2025-03-13 12:32:22.643 [info] fatal: not a git repository (or any of the parent directories): .git
2025-03-13 12:32:26.527 [info] > git rev-parse --show-toplevel [3ms]
2025-03-13 12:32:26.528 [info] fatal: not a git repository (or any of the parent directories): .git
2025-03-13 12:32:36.845 [info] > git rev-parse --show-toplevel [3ms]
2025-03-13 12:32:36.845 [info] fatal: not a git repository (or any of the parent directories): .git
2025-03-13 12:32:40.557 [info] > git rev-parse --show-toplevel [3ms]
2025-03-13 12:32:40.558 [info] fatal: not a git repository (or any of the parent directories): .git
2025-03-13 12:33:05.534 [info] > git rev-parse --show-toplevel [6ms]
2025-03-13 12:33:05.534 [info] fatal: not a git repository (or any of the parent directories): .git
2025-03-13 12:33:09.122 [info] > git rev-parse --show-toplevel [3ms]
2025-03-13 12:33:09.122 [info] fatal: not a git repository (or any of the parent directories): .git
2025-03-13 12:33:15.031 [info] > git rev-parse --show-toplevel [15ms]
2025-03-13 12:33:15.031 [info] fatal: not a git repository (or any of the parent directories): .git
2025-03-13 12:53:44.311 [info] > git rev-parse --show-toplevel [2ms]
2025-03-13 12:53:44.311 [info] fatal: not a git repository (or any of the parent directories): .git
2025-03-13 12:54:01.862 [info] > git rev-parse --show-toplevel [6ms]
2025-03-13 12:54:01.862 [info] fatal: not a git repository (or any of the parent directories): .git
2025-03-13 12:54:24.166 [info] > git rev-parse --show-toplevel [4ms]
2025-03-13 12:54:24.166 [info] fatal: not a git repository (or any of the parent directories): .git
2025-03-13 13:03:14.370 [info] > git rev-parse --show-toplevel [19ms]
2025-03-13 13:03:14.372 [info] fatal: not a git repository (or any of the parent directories): .git
