2025-03-21 13:32:07.078 [info] [main] Log level: Info
2025-03-21 13:32:07.078 [info] [main] Validating found git in: "git"
2025-03-21 13:32:07.078 [info] [main] Using git "2.43.0" from "git"
2025-03-21 13:32:07.078 [info] [Model][doInitialScan] Initial repository scan started
2025-03-21 13:32:07.078 [info] > git rev-parse --show-toplevel [106ms]
2025-03-21 13:32:07.078 [info] > git rev-parse --git-dir --git-common-dir [112ms]
2025-03-21 13:32:07.078 [info] [Model][openRepository] Opened repository: /home/travthegr88/development/code/phase-1/phase-0-the-dom-editing-lab
2025-03-21 13:32:07.078 [info] > git rev-parse --show-toplevel [11ms]
2025-03-21 13:32:07.078 [info] > git config --get commit.template [15ms]
2025-03-21 13:32:07.090 [info] > git rev-parse --show-toplevel [143ms]
2025-03-21 13:32:07.092 [info] [Model][doInitialScan] Initial repository scan completed - repositories (1), closed repositories (0), parent repositories (0), unsafe repositories (0)
2025-03-21 13:32:07.122 [info] > git for-each-ref --format=%(refname)%00%(upstream:short)%00%(objectname)%00%(upstream:track)%00%(upstream:remotename)%00%(upstream:remoteref) refs/heads/master refs/remotes/master [42ms]
2025-03-21 13:32:07.126 [warning] [Git][revParse] Unable to read file: ENOENT: no such file or directory, open '/home/travthegr88/development/code/phase-1/phase-0-the-dom-editing-lab/.git/refs/remotes/origin/master'
2025-03-21 13:32:07.128 [info] > git rev-parse refs/remotes/origin/master [3ms]
2025-03-21 13:32:07.137 [info] > git status -z -uall [6ms]
2025-03-21 13:32:07.165 [info] > git for-each-ref --sort -committerdate --format %(refname) %(objectname) %(*objectname) [31ms]
2025-03-21 13:32:07.190 [info] > git for-each-ref --format=%(refname)%00%(upstream:short)%00%(objectname)%00%(upstream:track)%00%(upstream:remotename)%00%(upstream:remoteref) refs/heads/master refs/remotes/master [10ms]
2025-03-21 13:32:07.238 [info] > git config --get --local branch.master.vscode-merge-base [44ms]
2025-03-21 13:32:07.238 [warning] [Git][config] git config failed: Failed to execute git
2025-03-21 13:32:07.241 [info] > git config --get commit.template [54ms]
2025-03-21 13:32:07.248 [info] > git reflog master --grep-reflog=branch: Created from *. [8ms]
2025-03-21 13:32:07.256 [info] > git for-each-ref --format=%(refname)%00%(upstream:short)%00%(objectname)%00%(upstream:track)%00%(upstream:remotename)%00%(upstream:remoteref) refs/heads/master refs/remotes/master [10ms]
2025-03-21 13:32:07.259 [warning] [Git][revParse] Unable to read file: ENOENT: no such file or directory, open '/home/travthegr88/development/code/phase-1/phase-0-the-dom-editing-lab/.git/refs/remotes/origin/master'
2025-03-21 13:32:07.270 [info] > git symbolic-ref --short refs/remotes/origin/HEAD [20ms]
2025-03-21 13:32:07.317 [info] > git for-each-ref --format=%(refname)%00%(upstream:short)%00%(objectname)%00%(upstream:track)%00%(upstream:remotename)%00%(upstream:remoteref) refs/heads/origin/master refs/remotes/origin/master [45ms]
2025-03-21 13:32:07.320 [info] > git rev-parse refs/remotes/origin/master [62ms]
2025-03-21 13:32:07.347 [info] > git status -z -uall [25ms]
2025-03-21 13:32:07.348 [info] > git config --add --local branch.master.vscode-merge-base origin/master [28ms]
2025-03-21 13:32:07.349 [info] > git for-each-ref --sort -committerdate --format %(refname) %(objectname) %(*objectname) [24ms] (cancelled)
2025-03-21 13:32:07.376 [info] > git for-each-ref --format=%(refname)%00%(upstream:short)%00%(objectname)%00%(upstream:track)%00%(upstream:remotename)%00%(upstream:remoteref) refs/heads/master refs/remotes/master [25ms]
2025-03-21 13:32:07.383 [info] > git config --get --local branch.master.vscode-merge-base [4ms]
2025-03-21 13:32:07.386 [info] > git config --get commit.template [31ms]
2025-03-21 13:32:07.391 [info] > git for-each-ref --format=%(refname)%00%(upstream:short)%00%(objectname)%00%(upstream:track)%00%(upstream:remotename)%00%(upstream:remoteref) refs/heads/origin/master refs/remotes/origin/master [5ms]
2025-03-21 13:32:07.436 [info] > git for-each-ref --format=%(refname)%00%(upstream:short)%00%(objectname)%00%(upstream:track)%00%(upstream:remotename)%00%(upstream:remoteref) refs/heads/master refs/remotes/master [45ms]
2025-03-21 13:32:07.440 [warning] [Git][revParse] Unable to read file: ENOENT: no such file or directory, open '/home/travthegr88/development/code/phase-1/phase-0-the-dom-editing-lab/.git/refs/remotes/origin/master'
2025-03-21 13:32:07.449 [info] > git merge-base refs/heads/master refs/remotes/origin/master [53ms]
2025-03-21 13:32:07.460 [info] > git rev-parse refs/remotes/origin/master [20ms]
2025-03-21 13:32:07.468 [info] > git status -z -uall [5ms]
2025-03-21 13:32:07.469 [info] > git for-each-ref --sort -committerdate --format %(refname) %(objectname) %(*objectname) [1ms]
2025-03-21 13:32:07.477 [info] > git diff --name-status -z --diff-filter=ADMR 360bb11ff27c2751e6a5b8a3979d4efe28e745da...refs/remotes/origin/master [24ms]
2025-03-21 13:32:07.478 [info] > git merge-base refs/heads/master refs/remotes/origin/master [2ms]
2025-03-21 13:32:07.481 [info] > git merge-base refs/heads/master refs/remotes/origin/master [7ms]
2025-03-21 13:32:07.484 [info] > git diff --name-status -z --diff-filter=ADMR 360bb11ff27c2751e6a5b8a3979d4efe28e745da...refs/remotes/origin/master [4ms]
2025-03-21 13:32:07.485 [info] > git diff --name-status -z --diff-filter=ADMR 360bb11ff27c2751e6a5b8a3979d4efe28e745da...refs/remotes/origin/master [2ms]
2025-03-21 13:32:07.593 [info] > git check-ignore -v -z --stdin [2ms]
2025-03-21 13:32:08.106 [info] > git remote add upstream git@github.com:learn-co-curriculum/phase-0-the-dom-editing-lab.git [2ms]
2025-03-21 13:32:08.111 [info] > git config --get commit.template [1ms]
2025-03-21 13:32:08.114 [info] > git for-each-ref --format=%(refname)%00%(upstream:short)%00%(objectname)%00%(upstream:track)%00%(upstream:remotename)%00%(upstream:remoteref) refs/heads/master refs/remotes/master [0ms]
2025-03-21 13:32:08.116 [warning] [Git][revParse] Unable to read file: ENOENT: no such file or directory, open '/home/travthegr88/development/code/phase-1/phase-0-the-dom-editing-lab/.git/refs/remotes/origin/master'
2025-03-21 13:32:08.117 [info] > git rev-parse refs/remotes/origin/master [1ms]
2025-03-21 13:32:08.123 [info] > git status -z -uall [2ms]
2025-03-21 13:32:08.123 [info] > git for-each-ref --sort -committerdate --format %(refname) %(objectname) %(*objectname) [1ms]
2025-03-21 13:32:08.127 [info] > git config --get --local branch.master.github-pr-owner-number [0ms]
2025-03-21 13:32:08.127 [warning] [Git][config] git config failed: Failed to execute git
2025-03-21 13:32:09.019 [info] > git config --get --local branch.master.github-pr-owner-number [1ms]
2025-03-21 13:32:09.019 [warning] [Git][config] git config failed: Failed to execute git
2025-03-21 13:32:10.710 [info] > git fetch [3792ms]
2025-03-21 13:32:10.714 [info] > git config --get commit.template [1ms]
2025-03-21 13:32:10.717 [info] > git for-each-ref --format=%(refname)%00%(upstream:short)%00%(objectname)%00%(upstream:track)%00%(upstream:remotename)%00%(upstream:remoteref) refs/heads/master refs/remotes/master [0ms]
2025-03-21 13:32:10.719 [warning] [Git][revParse] Unable to read file: ENOENT: no such file or directory, open '/home/travthegr88/development/code/phase-1/phase-0-the-dom-editing-lab/.git/refs/remotes/origin/master'
2025-03-21 13:32:10.720 [info] > git rev-parse refs/remotes/origin/master [1ms]
2025-03-21 13:32:10.725 [info] > git status -z -uall [2ms]
2025-03-21 13:32:10.726 [info] > git for-each-ref --sort -committerdate --format %(refname) %(objectname) %(*objectname) [1ms]
2025-03-21 13:32:23.058 [info] > git show --textconv :index.html [4ms]
2025-03-21 13:32:23.060 [info] > git ls-files --stage -- index.html [2ms]
2025-03-21 13:32:23.064 [info] > git cat-file -s 1790bb178410a5919e5de74182e3cf49a3a3126a [1ms]
2025-03-21 13:32:49.673 [info] > git check-ignore -v -z --stdin [1ms]
2025-03-21 13:32:52.173 [info] > git check-ignore -v -z --stdin [1ms]
2025-03-21 13:32:53.029 [info] > git config --get commit.template [1ms]
2025-03-21 13:32:53.035 [info] > git for-each-ref --format=%(refname)%00%(upstream:short)%00%(objectname)%00%(upstream:track)%00%(upstream:remotename)%00%(upstream:remoteref) refs/heads/master refs/remotes/master [2ms]
2025-03-21 13:32:53.038 [warning] [Git][revParse] Unable to read file: ENOENT: no such file or directory, open '/home/travthegr88/development/code/phase-1/phase-0-the-dom-editing-lab/.git/refs/remotes/origin/master'
2025-03-21 13:32:53.038 [info] > git rev-parse refs/remotes/origin/master [0ms]
2025-03-21 13:32:53.045 [info] > git status -z -uall [3ms]
2025-03-21 13:32:53.046 [info] > git for-each-ref --sort -committerdate --format %(refname) %(objectname) %(*objectname) [2ms]
2025-03-21 13:33:21.024 [info] > git blame --root --incremental 360bb11ff27c2751e6a5b8a3979d4efe28e745da -- index.html [1ms]
2025-03-21 13:33:26.175 [info] > git config --get commit.template [3ms]
2025-03-21 13:33:26.175 [info] > git for-each-ref --format=%(refname)%00%(upstream:short)%00%(objectname)%00%(upstream:track)%00%(upstream:remotename)%00%(upstream:remoteref) refs/heads/master refs/remotes/master [1ms]
2025-03-21 13:33:26.178 [warning] [Git][revParse] Unable to read file: ENOENT: no such file or directory, open '/home/travthegr88/development/code/phase-1/phase-0-the-dom-editing-lab/.git/refs/remotes/origin/master'
2025-03-21 13:33:26.179 [info] > git rev-parse refs/remotes/origin/master [1ms]
2025-03-21 13:33:26.185 [info] > git status -z -uall [3ms]
2025-03-21 13:33:26.186 [info] > git for-each-ref --sort -committerdate --format %(refname) %(objectname) %(*objectname) [2ms]
2025-03-21 13:33:31.203 [info] > git config --get commit.template [1ms]
2025-03-21 13:33:31.213 [info] > git for-each-ref --format=%(refname)%00%(upstream:short)%00%(objectname)%00%(upstream:track)%00%(upstream:remotename)%00%(upstream:remoteref) refs/heads/master refs/remotes/master [2ms]
2025-03-21 13:33:31.219 [warning] [Git][revParse] Unable to read file: ENOENT: no such file or directory, open '/home/travthegr88/development/code/phase-1/phase-0-the-dom-editing-lab/.git/refs/remotes/origin/master'
2025-03-21 13:33:31.221 [info] > git rev-parse refs/remotes/origin/master [2ms]
2025-03-21 13:33:31.232 [info] > git status -z -uall [8ms]
2025-03-21 13:33:31.234 [info] > git for-each-ref --sort -committerdate --format %(refname) %(objectname) %(*objectname) [4ms]
2025-03-21 13:33:41.030 [info] > git check-ignore -v -z --stdin [0ms]
2025-03-21 13:33:41.328 [info] > git config --get commit.template [7ms]
2025-03-21 13:33:41.329 [info] > git for-each-ref --format=%(refname)%00%(upstream:short)%00%(objectname)%00%(upstream:track)%00%(upstream:remotename)%00%(upstream:remoteref) refs/heads/master refs/remotes/master [2ms]
2025-03-21 13:33:41.333 [warning] [Git][revParse] Unable to read file: ENOENT: no such file or directory, open '/home/travthegr88/development/code/phase-1/phase-0-the-dom-editing-lab/.git/refs/remotes/origin/master'
2025-03-21 13:33:41.334 [info] > git rev-parse refs/remotes/origin/master [1ms]
2025-03-21 13:33:41.339 [info] > git status -z -uall [3ms]
2025-03-21 13:33:41.339 [info] > git for-each-ref --sort -committerdate --format %(refname) %(objectname) %(*objectname) [1ms]
2025-03-21 13:33:55.556 [info] > git config --get commit.template [5ms]
2025-03-21 13:33:55.557 [info] > git for-each-ref --format=%(refname)%00%(upstream:short)%00%(objectname)%00%(upstream:track)%00%(upstream:remotename)%00%(upstream:remoteref) refs/heads/master refs/remotes/master [0ms]
2025-03-21 13:33:55.559 [warning] [Git][revParse] Unable to read file: ENOENT: no such file or directory, open '/home/travthegr88/development/code/phase-1/phase-0-the-dom-editing-lab/.git/refs/remotes/origin/master'
2025-03-21 13:33:55.560 [info] > git rev-parse refs/remotes/origin/master [1ms]
2025-03-21 13:33:55.566 [info] > git status -z -uall [2ms]
2025-03-21 13:33:55.566 [info] > git for-each-ref --sort -committerdate --format %(refname) %(objectname) %(*objectname) [1ms]
2025-03-21 13:34:00.586 [info] > git for-each-ref --format=%(refname)%00%(upstream:short)%00%(objectname)%00%(upstream:track)%00%(upstream:remotename)%00%(upstream:remoteref) refs/heads/master refs/remotes/master [2ms]
2025-03-21 13:34:00.586 [info] > git config --get commit.template [7ms]
2025-03-21 13:34:00.588 [warning] [Git][revParse] Unable to read file: ENOENT: no such file or directory, open '/home/travthegr88/development/code/phase-1/phase-0-the-dom-editing-lab/.git/refs/remotes/origin/master'
2025-03-21 13:34:00.589 [info] > git rev-parse refs/remotes/origin/master [1ms]
2025-03-21 13:34:00.594 [info] > git status -z -uall [3ms]
2025-03-21 13:34:00.595 [info] > git for-each-ref --sort -committerdate --format %(refname) %(objectname) %(*objectname) [1ms]
2025-03-21 13:34:27.891 [info] > git config --get commit.template [4ms]
2025-03-21 13:34:27.892 [info] > git for-each-ref --format=%(refname)%00%(upstream:short)%00%(objectname)%00%(upstream:track)%00%(upstream:remotename)%00%(upstream:remoteref) refs/heads/master refs/remotes/master [2ms]
2025-03-21 13:34:27.895 [warning] [Git][revParse] Unable to read file: ENOENT: no such file or directory, open '/home/travthegr88/development/code/phase-1/phase-0-the-dom-editing-lab/.git/refs/remotes/origin/master'
2025-03-21 13:34:27.895 [info] > git rev-parse refs/remotes/origin/master [0ms]
2025-03-21 13:34:27.901 [info] > git status -z -uall [3ms]
2025-03-21 13:34:27.902 [info] > git for-each-ref --sort -committerdate --format %(refname) %(objectname) %(*objectname) [0ms]
2025-03-21 13:34:33.476 [info] > git config --get commit.template [10ms]
2025-03-21 13:34:33.477 [info] > git for-each-ref --format=%(refname)%00%(upstream:short)%00%(objectname)%00%(upstream:track)%00%(upstream:remotename)%00%(upstream:remoteref) refs/heads/master refs/remotes/master [2ms]
2025-03-21 13:34:33.480 [warning] [Git][revParse] Unable to read file: ENOENT: no such file or directory, open '/home/travthegr88/development/code/phase-1/phase-0-the-dom-editing-lab/.git/refs/remotes/origin/master'
2025-03-21 13:34:33.482 [info] > git rev-parse refs/remotes/origin/master [2ms]
2025-03-21 13:34:33.491 [info] > git status -z -uall [4ms]
2025-03-21 13:34:33.491 [info] > git for-each-ref --sort -committerdate --format %(refname) %(objectname) %(*objectname) [1ms]
2025-03-21 13:34:37.714 [info] > git config --get commit.template [4ms]
2025-03-21 13:34:37.715 [info] > git for-each-ref --format=%(refname)%00%(upstream:short)%00%(objectname)%00%(upstream:track)%00%(upstream:remotename)%00%(upstream:remoteref) refs/heads/master refs/remotes/master [2ms]
2025-03-21 13:34:37.720 [warning] [Git][revParse] Unable to read file: ENOENT: no such file or directory, open '/home/travthegr88/development/code/phase-1/phase-0-the-dom-editing-lab/.git/refs/remotes/origin/master'
2025-03-21 13:34:37.721 [info] > git rev-parse refs/remotes/origin/master [0ms]
2025-03-21 13:34:37.726 [info] > git status -z -uall [3ms]
2025-03-21 13:34:37.726 [info] > git for-each-ref --sort -committerdate --format %(refname) %(objectname) %(*objectname) [1ms]
2025-03-21 13:34:42.748 [info] > git config --get commit.template [7ms]
2025-03-21 13:34:42.750 [info] > git for-each-ref --format=%(refname)%00%(upstream:short)%00%(objectname)%00%(upstream:track)%00%(upstream:remotename)%00%(upstream:remoteref) refs/heads/master refs/remotes/master [2ms]
2025-03-21 13:34:42.753 [warning] [Git][revParse] Unable to read file: ENOENT: no such file or directory, open '/home/travthegr88/development/code/phase-1/phase-0-the-dom-editing-lab/.git/refs/remotes/origin/master'
2025-03-21 13:34:42.754 [info] > git rev-parse refs/remotes/origin/master [1ms]
2025-03-21 13:34:42.758 [info] > git status -z -uall [2ms]
2025-03-21 13:34:42.759 [info] > git for-each-ref --sort -committerdate --format %(refname) %(objectname) %(*objectname) [1ms]
2025-03-21 13:34:47.767 [info] > git config --get commit.template [1ms]
2025-03-21 13:34:47.770 [info] > git for-each-ref --format=%(refname)%00%(upstream:short)%00%(objectname)%00%(upstream:track)%00%(upstream:remotename)%00%(upstream:remoteref) refs/heads/master refs/remotes/master [1ms]
2025-03-21 13:34:47.772 [warning] [Git][revParse] Unable to read file: ENOENT: no such file or directory, open '/home/travthegr88/development/code/phase-1/phase-0-the-dom-editing-lab/.git/refs/remotes/origin/master'
2025-03-21 13:34:47.773 [info] > git rev-parse refs/remotes/origin/master [1ms]
2025-03-21 13:34:47.778 [info] > git status -z -uall [3ms]
2025-03-21 13:34:47.779 [info] > git for-each-ref --sort -committerdate --format %(refname) %(objectname) %(*objectname) [2ms]
2025-03-21 13:34:52.790 [info] > git config --get commit.template [1ms]
2025-03-21 13:34:52.796 [info] > git for-each-ref --format=%(refname)%00%(upstream:short)%00%(objectname)%00%(upstream:track)%00%(upstream:remotename)%00%(upstream:remoteref) refs/heads/master refs/remotes/master [1ms]
2025-03-21 13:34:52.799 [warning] [Git][revParse] Unable to read file: ENOENT: no such file or directory, open '/home/travthegr88/development/code/phase-1/phase-0-the-dom-editing-lab/.git/refs/remotes/origin/master'
2025-03-21 13:34:52.800 [info] > git rev-parse refs/remotes/origin/master [1ms]
2025-03-21 13:34:52.806 [info] > git status -z -uall [3ms]
2025-03-21 13:34:52.807 [info] > git for-each-ref --sort -committerdate --format %(refname) %(objectname) %(*objectname) [1ms]
2025-03-21 13:34:57.823 [info] > git config --get commit.template [1ms]
2025-03-21 13:34:57.833 [info] > git for-each-ref --format=%(refname)%00%(upstream:short)%00%(objectname)%00%(upstream:track)%00%(upstream:remotename)%00%(upstream:remoteref) refs/heads/master refs/remotes/master [3ms]
2025-03-21 13:34:57.839 [warning] [Git][revParse] Unable to read file: ENOENT: no such file or directory, open '/home/travthegr88/development/code/phase-1/phase-0-the-dom-editing-lab/.git/refs/remotes/origin/master'
2025-03-21 13:34:57.842 [info] > git rev-parse refs/remotes/origin/master [2ms]
2025-03-21 13:34:57.854 [info] > git status -z -uall [5ms]
2025-03-21 13:34:57.862 [info] > git for-each-ref --sort -committerdate --format %(refname) %(objectname) %(*objectname) [7ms]
2025-03-21 13:35:08.100 [info] > git ls-files --stage -- index.html [1ms]
2025-03-21 13:35:08.104 [info] > git cat-file -s 1790bb178410a5919e5de74182e3cf49a3a3126a [1ms]
2025-03-21 13:35:08.112 [info] > git show --textconv :index.html [1ms]
2025-03-21 13:35:10.723 [info] > git fetch [3095ms]
2025-03-21 13:35:10.732 [info] > git config --get commit.template [4ms]
2025-03-21 13:35:10.734 [info] > git for-each-ref --format=%(refname)%00%(upstream:short)%00%(objectname)%00%(upstream:track)%00%(upstream:remotename)%00%(upstream:remoteref) refs/heads/master refs/remotes/master [2ms]
2025-03-21 13:35:10.737 [warning] [Git][revParse] Unable to read file: ENOENT: no such file or directory, open '/home/travthegr88/development/code/phase-1/phase-0-the-dom-editing-lab/.git/refs/remotes/origin/master'
2025-03-21 13:35:10.739 [info] > git rev-parse refs/remotes/origin/master [2ms]
2025-03-21 13:35:10.744 [info] > git status -z -uall [3ms]
2025-03-21 13:35:10.746 [info] > git for-each-ref --sort -committerdate --format %(refname) %(objectname) %(*objectname) [2ms]
2025-03-21 13:35:11.657 [info] > git ls-files --stage -- index.html [2ms]
2025-03-21 13:35:11.661 [info] > git cat-file -s 1790bb178410a5919e5de74182e3cf49a3a3126a [1ms]
2025-03-21 13:35:11.668 [info] > git show --textconv :index.html [1ms]
2025-03-21 13:35:15.814 [info] > git config --get commit.template [4ms]
2025-03-21 13:35:15.815 [info] > git for-each-ref --format=%(refname)%00%(upstream:short)%00%(objectname)%00%(upstream:track)%00%(upstream:remotename)%00%(upstream:remoteref) refs/heads/master refs/remotes/master [1ms]
2025-03-21 13:35:15.817 [warning] [Git][revParse] Unable to read file: ENOENT: no such file or directory, open '/home/travthegr88/development/code/phase-1/phase-0-the-dom-editing-lab/.git/refs/remotes/origin/master'
2025-03-21 13:35:15.818 [info] > git rev-parse refs/remotes/origin/master [0ms]
2025-03-21 13:35:15.823 [info] > git status -z -uall [2ms]
2025-03-21 13:35:15.824 [info] > git for-each-ref --sort -committerdate --format %(refname) %(objectname) %(*objectname) [1ms]
2025-03-21 13:35:27.491 [info] > git config --get commit.template [2ms]
2025-03-21 13:35:27.496 [info] > git for-each-ref --format=%(refname)%00%(upstream:short)%00%(objectname)%00%(upstream:track)%00%(upstream:remotename)%00%(upstream:remoteref) refs/heads/master refs/remotes/master [1ms]
2025-03-21 13:35:27.500 [warning] [Git][revParse] Unable to read file: ENOENT: no such file or directory, open '/home/travthegr88/development/code/phase-1/phase-0-the-dom-editing-lab/.git/refs/remotes/origin/master'
2025-03-21 13:35:27.501 [info] > git rev-parse refs/remotes/origin/master [1ms]
2025-03-21 13:35:27.507 [info] > git status -z -uall [3ms]
2025-03-21 13:35:27.508 [info] > git for-each-ref --sort -committerdate --format %(refname) %(objectname) %(*objectname) [2ms]
2025-03-21 13:35:32.525 [info] > git config --get commit.template [5ms]
2025-03-21 13:35:32.525 [info] > git for-each-ref --format=%(refname)%00%(upstream:short)%00%(objectname)%00%(upstream:track)%00%(upstream:remotename)%00%(upstream:remoteref) refs/heads/master refs/remotes/master [1ms]
2025-03-21 13:35:32.528 [warning] [Git][revParse] Unable to read file: ENOENT: no such file or directory, open '/home/travthegr88/development/code/phase-1/phase-0-the-dom-editing-lab/.git/refs/remotes/origin/master'
2025-03-21 13:35:32.530 [info] > git rev-parse refs/remotes/origin/master [2ms]
2025-03-21 13:35:32.535 [info] > git status -z -uall [3ms]
2025-03-21 13:35:32.536 [info] > git for-each-ref --sort -committerdate --format %(refname) %(objectname) %(*objectname) [1ms]
2025-03-21 13:35:37.548 [info] > git config --get commit.template [0ms]
2025-03-21 13:35:37.555 [info] > git for-each-ref --format=%(refname)%00%(upstream:short)%00%(objectname)%00%(upstream:track)%00%(upstream:remotename)%00%(upstream:remoteref) refs/heads/master refs/remotes/master [3ms]
2025-03-21 13:35:37.561 [warning] [Git][revParse] Unable to read file: ENOENT: no such file or directory, open '/home/travthegr88/development/code/phase-1/phase-0-the-dom-editing-lab/.git/refs/remotes/origin/master'
2025-03-21 13:35:37.564 [info] > git rev-parse refs/remotes/origin/master [4ms]
2025-03-21 13:35:37.571 [info] > git status -z -uall [4ms]
2025-03-21 13:35:37.571 [info] > git for-each-ref --sort -committerdate --format %(refname) %(objectname) %(*objectname) [1ms]
2025-03-21 13:35:41.872 [info] > git for-each-ref --format=%(refname)%00%(upstream:short)%00%(objectname)%00%(upstream:track)%00%(upstream:remotename)%00%(upstream:remoteref) refs/heads/master refs/remotes/master [2ms]
2025-03-21 13:35:41.872 [info] > git config --get commit.template [8ms]
2025-03-21 13:35:41.875 [warning] [Git][revParse] Unable to read file: ENOENT: no such file or directory, open '/home/travthegr88/development/code/phase-1/phase-0-the-dom-editing-lab/.git/refs/remotes/origin/master'
2025-03-21 13:35:41.875 [info] > git rev-parse refs/remotes/origin/master [0ms]
2025-03-21 13:35:41.881 [info] > git status -z -uall [3ms]
2025-03-21 13:35:41.882 [info] > git for-each-ref --sort -committerdate --format %(refname) %(objectname) %(*objectname) [2ms]
2025-03-21 13:35:55.843 [info] > git config --get commit.template [1ms]
2025-03-21 13:35:55.846 [info] > git for-each-ref --format=%(refname)%00%(upstream:short)%00%(objectname)%00%(upstream:track)%00%(upstream:remotename)%00%(upstream:remoteref) refs/heads/master refs/remotes/master [1ms]
2025-03-21 13:35:55.848 [warning] [Git][revParse] Unable to read file: ENOENT: no such file or directory, open '/home/travthegr88/development/code/phase-1/phase-0-the-dom-editing-lab/.git/refs/remotes/origin/master'
2025-03-21 13:35:55.848 [info] > git rev-parse refs/remotes/origin/master [0ms]
2025-03-21 13:35:55.853 [info] > git status -z -uall [3ms]
2025-03-21 13:35:55.853 [info] > git for-each-ref --sort -committerdate --format %(refname) %(objectname) %(*objectname) [1ms]
2025-03-21 13:36:02.584 [info] > git config --get commit.template [1ms]
2025-03-21 13:36:02.589 [info] > git for-each-ref --format=%(refname)%00%(upstream:short)%00%(objectname)%00%(upstream:track)%00%(upstream:remotename)%00%(upstream:remoteref) refs/heads/master refs/remotes/master [2ms]
2025-03-21 13:36:02.592 [warning] [Git][revParse] Unable to read file: ENOENT: no such file or directory, open '/home/travthegr88/development/code/phase-1/phase-0-the-dom-editing-lab/.git/refs/remotes/origin/master'
2025-03-21 13:36:02.593 [info] > git rev-parse refs/remotes/origin/master [1ms]
2025-03-21 13:36:02.598 [info] > git status -z -uall [3ms]
2025-03-21 13:36:02.598 [info] > git for-each-ref --sort -committerdate --format %(refname) %(objectname) %(*objectname) [1ms]
2025-03-21 13:36:07.610 [info] > git config --get commit.template [1ms]
2025-03-21 13:36:07.615 [info] > git for-each-ref --format=%(refname)%00%(upstream:short)%00%(objectname)%00%(upstream:track)%00%(upstream:remotename)%00%(upstream:remoteref) refs/heads/master refs/remotes/master [1ms]
2025-03-21 13:36:07.620 [warning] [Git][revParse] Unable to read file: ENOENT: no such file or directory, open '/home/travthegr88/development/code/phase-1/phase-0-the-dom-editing-lab/.git/refs/remotes/origin/master'
2025-03-21 13:36:07.621 [info] > git rev-parse refs/remotes/origin/master [1ms]
2025-03-21 13:36:07.628 [info] > git status -z -uall [4ms]
2025-03-21 13:36:07.628 [info] > git for-each-ref --sort -committerdate --format %(refname) %(objectname) %(*objectname) [1ms]
2025-03-21 13:36:11.905 [info] > git config --get commit.template [6ms]
2025-03-21 13:36:11.905 [info] > git for-each-ref --format=%(refname)%00%(upstream:short)%00%(objectname)%00%(upstream:track)%00%(upstream:remotename)%00%(upstream:remoteref) refs/heads/master refs/remotes/master [2ms]
2025-03-21 13:36:11.909 [warning] [Git][revParse] Unable to read file: ENOENT: no such file or directory, open '/home/travthegr88/development/code/phase-1/phase-0-the-dom-editing-lab/.git/refs/remotes/origin/master'
2025-03-21 13:36:11.911 [info] > git rev-parse refs/remotes/origin/master [2ms]
2025-03-21 13:36:11.917 [info] > git status -z -uall [3ms]
2025-03-21 13:36:11.917 [info] > git for-each-ref --sort -committerdate --format %(refname) %(objectname) %(*objectname) [1ms]
2025-03-21 13:36:43.998 [info] > git config --get commit.template [0ms]
2025-03-21 13:36:44.002 [info] > git for-each-ref --format=%(refname)%00%(upstream:short)%00%(objectname)%00%(upstream:track)%00%(upstream:remotename)%00%(upstream:remoteref) refs/heads/master refs/remotes/master [2ms]
2025-03-21 13:36:44.005 [warning] [Git][revParse] Unable to read file: ENOENT: no such file or directory, open '/home/travthegr88/development/code/phase-1/phase-0-the-dom-editing-lab/.git/refs/remotes/origin/master'
2025-03-21 13:36:44.005 [info] > git rev-parse refs/remotes/origin/master [0ms]
2025-03-21 13:36:44.010 [info] > git status -z -uall [2ms]
2025-03-21 13:36:44.011 [info] > git for-each-ref --sort -committerdate --format %(refname) %(objectname) %(*objectname) [1ms]
2025-03-21 13:36:49.027 [info] > git config --get commit.template [4ms]
2025-03-21 13:36:49.028 [info] > git for-each-ref --format=%(refname)%00%(upstream:short)%00%(objectname)%00%(upstream:track)%00%(upstream:remotename)%00%(upstream:remoteref) refs/heads/master refs/remotes/master [0ms]
2025-03-21 13:36:49.031 [warning] [Git][revParse] Unable to read file: ENOENT: no such file or directory, open '/home/travthegr88/development/code/phase-1/phase-0-the-dom-editing-lab/.git/refs/remotes/origin/master'
2025-03-21 13:36:49.033 [info] > git rev-parse refs/remotes/origin/master [2ms]
2025-03-21 13:36:49.038 [info] > git status -z -uall [3ms]
2025-03-21 13:36:49.038 [info] > git for-each-ref --sort -committerdate --format %(refname) %(objectname) %(*objectname) [0ms]
2025-03-21 13:38:09.931 [info] > git ls-files --stage -- index.html [1ms]
2025-03-21 13:38:09.934 [info] > git cat-file -s 1790bb178410a5919e5de74182e3cf49a3a3126a [1ms]
2025-03-21 13:38:09.991 [info] > git show --textconv :index.html [2ms]
2025-03-21 13:38:12.445 [info] > git fetch [3733ms]
2025-03-21 13:38:12.451 [info] > git config --get commit.template [2ms]
2025-03-21 13:38:12.451 [info] > git for-each-ref --format=%(refname)%00%(upstream:short)%00%(objectname)%00%(upstream:track)%00%(upstream:remotename)%00%(upstream:remoteref) refs/heads/master refs/remotes/master [1ms]
2025-03-21 13:38:12.453 [warning] [Git][revParse] Unable to read file: ENOENT: no such file or directory, open '/home/travthegr88/development/code/phase-1/phase-0-the-dom-editing-lab/.git/refs/remotes/origin/master'
2025-03-21 13:38:12.454 [info] > git rev-parse refs/remotes/origin/master [1ms]
2025-03-21 13:38:12.460 [info] > git status -z -uall [3ms]
2025-03-21 13:38:12.460 [info] > git for-each-ref --sort -committerdate --format %(refname) %(objectname) %(*objectname) [1ms]
2025-03-21 13:38:13.340 [info] > git ls-files --stage -- index.html [0ms]
2025-03-21 13:38:13.343 [info] > git cat-file -s 1790bb178410a5919e5de74182e3cf49a3a3126a [1ms]
2025-03-21 13:38:13.350 [info] > git show --textconv :index.html [1ms]
2025-03-21 13:38:14.006 [info] > git config --get commit.template [5ms]
2025-03-21 13:38:14.008 [info] > git for-each-ref --format=%(refname)%00%(upstream:short)%00%(objectname)%00%(upstream:track)%00%(upstream:remotename)%00%(upstream:remoteref) refs/heads/master refs/remotes/master [3ms]
2025-03-21 13:38:14.012 [warning] [Git][revParse] Unable to read file: ENOENT: no such file or directory, open '/home/travthegr88/development/code/phase-1/phase-0-the-dom-editing-lab/.git/refs/remotes/origin/master'
2025-03-21 13:38:14.014 [info] > git rev-parse refs/remotes/origin/master [2ms]
2025-03-21 13:38:14.020 [info] > git status -z -uall [3ms]
2025-03-21 13:38:14.021 [info] > git for-each-ref --sort -committerdate --format %(refname) %(objectname) %(*objectname) [2ms]
2025-03-21 13:38:21.325 [info] > git config --get commit.template [8ms]
2025-03-21 13:38:21.328 [info] > git for-each-ref --format=%(refname)%00%(upstream:short)%00%(objectname)%00%(upstream:track)%00%(upstream:remotename)%00%(upstream:remoteref) refs/heads/master refs/remotes/master [3ms]
2025-03-21 13:38:21.334 [warning] [Git][revParse] Unable to read file: ENOENT: no such file or directory, open '/home/travthegr88/development/code/phase-1/phase-0-the-dom-editing-lab/.git/refs/remotes/origin/master'
2025-03-21 13:38:21.338 [info] > git rev-parse refs/remotes/origin/master [4ms]
2025-03-21 13:38:21.345 [info] > git status -z -uall [3ms]
2025-03-21 13:38:21.345 [info] > git for-each-ref --sort -committerdate --format %(refname) %(objectname) %(*objectname) [1ms]
2025-03-21 13:39:10.018 [info] > git config --get commit.template [7ms]
2025-03-21 13:39:10.018 [info] > git for-each-ref --format=%(refname)%00%(upstream:short)%00%(objectname)%00%(upstream:track)%00%(upstream:remotename)%00%(upstream:remoteref) refs/heads/master refs/remotes/master [1ms]
2025-03-21 13:39:10.021 [warning] [Git][revParse] Unable to read file: ENOENT: no such file or directory, open '/home/travthegr88/development/code/phase-1/phase-0-the-dom-editing-lab/.git/refs/remotes/origin/master'
2025-03-21 13:39:10.022 [info] > git rev-parse refs/remotes/origin/master [1ms]
2025-03-21 13:39:10.030 [info] > git status -z -uall [4ms]
2025-03-21 13:39:10.030 [info] > git for-each-ref --sort -committerdate --format %(refname) %(objectname) %(*objectname) [2ms]
2025-03-21 13:39:15.040 [info] > git config --get commit.template [4ms]
2025-03-21 13:39:15.046 [info] > git for-each-ref --format=%(refname)%00%(upstream:short)%00%(objectname)%00%(upstream:track)%00%(upstream:remotename)%00%(upstream:remoteref) refs/heads/master refs/remotes/master [2ms]
2025-03-21 13:39:15.050 [warning] [Git][revParse] Unable to read file: ENOENT: no such file or directory, open '/home/travthegr88/development/code/phase-1/phase-0-the-dom-editing-lab/.git/refs/remotes/origin/master'
2025-03-21 13:39:15.052 [info] > git rev-parse refs/remotes/origin/master [1ms]
2025-03-21 13:39:15.060 [info] > git status -z -uall [4ms]
2025-03-21 13:39:15.061 [info] > git for-each-ref --sort -committerdate --format %(refname) %(objectname) %(*objectname) [2ms]
2025-03-21 13:39:26.949 [info] > git config --get commit.template [1ms]
2025-03-21 13:39:26.952 [info] > git for-each-ref --format=%(refname)%00%(upstream:short)%00%(objectname)%00%(upstream:track)%00%(upstream:remotename)%00%(upstream:remoteref) refs/heads/master refs/remotes/master [1ms]
2025-03-21 13:39:26.955 [warning] [Git][revParse] Unable to read file: ENOENT: no such file or directory, open '/home/travthegr88/development/code/phase-1/phase-0-the-dom-editing-lab/.git/refs/remotes/origin/master'
2025-03-21 13:39:26.955 [info] > git rev-parse refs/remotes/origin/master [0ms]
2025-03-21 13:39:26.960 [info] > git status -z -uall [3ms]
2025-03-21 13:39:26.960 [info] > git for-each-ref --sort -committerdate --format %(refname) %(objectname) %(*objectname) [1ms]
2025-03-21 13:43:31.131 [info] > git fetch [3837ms]
2025-03-21 13:43:31.137 [info] > git config --get commit.template [1ms]
2025-03-21 13:43:31.141 [info] > git for-each-ref --format=%(refname)%00%(upstream:short)%00%(objectname)%00%(upstream:track)%00%(upstream:remotename)%00%(upstream:remoteref) refs/heads/master refs/remotes/master [1ms]
2025-03-21 13:43:31.143 [warning] [Git][revParse] Unable to read file: ENOENT: no such file or directory, open '/home/travthegr88/development/code/phase-1/phase-0-the-dom-editing-lab/.git/refs/remotes/origin/master'
2025-03-21 13:43:31.146 [info] > git rev-parse refs/remotes/origin/master [2ms]
2025-03-21 13:43:31.156 [info] > git for-each-ref --sort -committerdate --format %(refname) %(objectname) %(*objectname) [3ms]
2025-03-21 13:43:31.158 [info] > git status -z -uall [9ms]
2025-03-21 13:43:31.348 [info] > git ls-files --stage -- index.html [2ms]
2025-03-21 13:43:31.354 [info] > git cat-file -s 1790bb178410a5919e5de74182e3cf49a3a3126a [1ms]
2025-03-21 13:43:31.365 [info] > git show --textconv :index.html [2ms]
2025-03-21 13:44:21.958 [info] > git config --get commit.template [2ms]
2025-03-21 13:44:21.965 [info] > git for-each-ref --format=%(refname)%00%(upstream:short)%00%(objectname)%00%(upstream:track)%00%(upstream:remotename)%00%(upstream:remoteref) refs/heads/master refs/remotes/master [2ms]
2025-03-21 13:44:21.969 [warning] [Git][revParse] Unable to read file: ENOENT: no such file or directory, open '/home/travthegr88/development/code/phase-1/phase-0-the-dom-editing-lab/.git/refs/remotes/origin/master'
2025-03-21 13:44:21.970 [info] > git rev-parse refs/remotes/origin/master [1ms]
2025-03-21 13:44:21.977 [info] > git status -z -uall [5ms]
2025-03-21 13:44:21.978 [info] > git for-each-ref --sort -committerdate --format %(refname) %(objectname) %(*objectname) [1ms]
2025-03-21 13:44:22.056 [info] > git ls-files --stage -- index.html [2ms]
2025-03-21 13:44:22.061 [info] > git cat-file -s 1790bb178410a5919e5de74182e3cf49a3a3126a [1ms]
2025-03-21 13:44:22.072 [info] > git show --textconv :index.html [1ms]
2025-03-21 13:44:25.015 [info] > git config --get commit.template [1ms]
2025-03-21 13:44:25.020 [info] > git for-each-ref --format=%(refname)%00%(upstream:short)%00%(objectname)%00%(upstream:track)%00%(upstream:remotename)%00%(upstream:remoteref) refs/heads/master refs/remotes/master [1ms]
2025-03-21 13:44:25.022 [warning] [Git][revParse] Unable to read file: ENOENT: no such file or directory, open '/home/travthegr88/development/code/phase-1/phase-0-the-dom-editing-lab/.git/refs/remotes/origin/master'
2025-03-21 13:44:25.023 [info] > git rev-parse refs/remotes/origin/master [1ms]
2025-03-21 13:44:25.027 [info] > git status -z -uall [2ms]
2025-03-21 13:44:25.027 [info] > git for-each-ref --sort -committerdate --format %(refname) %(objectname) %(*objectname) [1ms]
2025-03-21 13:44:25.397 [info] > git show --textconv HEAD:index.html [2ms]
2025-03-21 13:44:25.398 [info] > git ls-tree -l HEAD -- index.html [1ms]
2025-03-21 13:44:26.190 [info] > git ls-files --stage -- index.html [3ms]
2025-03-21 13:44:26.193 [info] > git ls-tree -l HEAD -- index.html [3ms]
2025-03-21 13:44:26.194 [info] > git cat-file -s 43eecdac9a61bfc6ea25d0cce4fb54cc62bdf290 [1ms]
2025-03-21 13:44:26.202 [info] > git show --textconv HEAD:index.html [3ms]
2025-03-21 13:44:26.203 [info] > git show --textconv :index.html [0ms]
2025-03-21 13:44:26.265 [info] > git config --get commit.template [5ms]
2025-03-21 13:44:26.267 [info] > git for-each-ref --format=%(refname)%00%(upstream:short)%00%(objectname)%00%(upstream:track)%00%(upstream:remotename)%00%(upstream:remoteref) refs/heads/master refs/remotes/master [1ms]
2025-03-21 13:44:26.269 [warning] [Git][revParse] Unable to read file: ENOENT: no such file or directory, open '/home/travthegr88/development/code/phase-1/phase-0-the-dom-editing-lab/.git/refs/remotes/origin/master'
2025-03-21 13:44:26.270 [info] > git rev-parse refs/remotes/origin/master [1ms]
2025-03-21 13:44:26.274 [info] > git status -z -uall [2ms]
2025-03-21 13:44:26.274 [info] > git for-each-ref --sort -committerdate --format %(refname) %(objectname) %(*objectname) [0ms]
2025-03-21 13:44:54.469 [info] > git config --get commit.template [3ms]
2025-03-21 13:44:54.470 [info] > git for-each-ref --format=%(refname)%00%(upstream:short)%00%(objectname)%00%(upstream:track)%00%(upstream:remotename)%00%(upstream:remoteref) refs/heads/master refs/remotes/master [2ms]
2025-03-21 13:44:54.475 [warning] [Git][revParse] Unable to read file: ENOENT: no such file or directory, open '/home/travthegr88/development/code/phase-1/phase-0-the-dom-editing-lab/.git/refs/remotes/origin/master'
2025-03-21 13:44:54.476 [info] > git rev-parse refs/remotes/origin/master [2ms]
2025-03-21 13:44:54.482 [info] > git status -z -uall [3ms]
2025-03-21 13:44:54.483 [info] > git for-each-ref --sort -committerdate --format %(refname) %(objectname) %(*objectname) [1ms]
2025-03-21 13:44:54.614 [info] > git merge-base refs/heads/master refs/remotes/origin/master [122ms]
2025-03-21 13:44:54.617 [info] > git blame --root --incremental 0447e974573876171ab4f870de08069eef78924d -- index.html [128ms]
2025-03-21 13:44:54.625 [info] > git config --get --local branch.master.github-pr-owner-number [1ms]
2025-03-21 13:44:54.625 [warning] [Git][config] git config failed: Failed to execute git
2025-03-21 13:44:54.651 [info] > git diff --name-status -z --diff-filter=ADMR 360bb11ff27c2751e6a5b8a3979d4efe28e745da...refs/remotes/origin/master [34ms]
2025-03-21 13:44:54.879 [info] > git config --get commit.template [3ms]
2025-03-21 13:44:54.880 [info] > git for-each-ref --format=%(refname)%00%(upstream:short)%00%(objectname)%00%(upstream:track)%00%(upstream:remotename)%00%(upstream:remoteref) refs/heads/master refs/remotes/master [1ms]
2025-03-21 13:44:54.882 [warning] [Git][revParse] Unable to read file: ENOENT: no such file or directory, open '/home/travthegr88/development/code/phase-1/phase-0-the-dom-editing-lab/.git/refs/remotes/origin/master'
2025-03-21 13:44:54.883 [info] > git rev-parse refs/remotes/origin/master [1ms]
2025-03-21 13:44:54.888 [info] > git status -z -uall [3ms]
2025-03-21 13:44:54.888 [info] > git for-each-ref --sort -committerdate --format %(refname) %(objectname) %(*objectname) [1ms]
2025-03-21 13:44:54.993 [info] > git ls-files --stage -- index.html [5ms]
2025-03-21 13:44:54.997 [info] > git ls-tree -l HEAD -- index.html [5ms]
2025-03-21 13:44:54.998 [info] > git cat-file -s 43eecdac9a61bfc6ea25d0cce4fb54cc62bdf290 [2ms]
2025-03-21 13:44:55.008 [info] > git show --textconv HEAD:index.html [5ms]
2025-03-21 13:44:55.008 [info] > git show --textconv :index.html [2ms]
2025-03-21 13:45:04.392 [info] > git config --get commit.template [3ms]
2025-03-21 13:45:04.392 [info] > git for-each-ref --format=%(refname)%00%(upstream:short)%00%(objectname)%00%(upstream:track)%00%(upstream:remotename)%00%(upstream:remoteref) refs/heads/master refs/remotes/master [1ms]
2025-03-21 13:45:04.398 [info] > git status -z -uall [3ms]
2025-03-21 13:45:04.398 [info] > git for-each-ref --sort -committerdate --format %(refname) %(objectname) %(*objectname) [1ms]
2025-03-21 13:45:04.408 [info] > git merge-base refs/heads/master refs/remotes/origin/master [2ms]
2025-03-21 13:45:04.415 [info] > git diff --name-status -z --diff-filter=ADMR 0447e974573876171ab4f870de08069eef78924d...refs/remotes/origin/master [5ms]
2025-03-21 13:45:04.416 [info] > git config --get --local branch.master.github-pr-owner-number [2ms]
2025-03-21 13:45:04.416 [warning] [Git][config] git config failed: Failed to execute git
2025-03-21 13:45:06.473 [info] > git config --get commit.template [3ms]
2025-03-21 13:45:06.474 [info] > git for-each-ref --format=%(refname)%00%(upstream:short)%00%(objectname)%00%(upstream:track)%00%(upstream:remotename)%00%(upstream:remoteref) refs/heads/master refs/remotes/master [1ms]
2025-03-21 13:45:06.479 [info] > git status -z -uall [2ms]
2025-03-21 13:45:06.480 [info] > git for-each-ref --sort -committerdate --format %(refname) %(objectname) %(*objectname) [0ms]
2025-03-21 13:45:06.579 [info] > git ls-files --stage -- index.html [3ms]
2025-03-21 13:45:06.583 [info] > git ls-tree -l HEAD -- index.html [5ms]
2025-03-21 13:45:06.585 [info] > git cat-file -s 43eecdac9a61bfc6ea25d0cce4fb54cc62bdf290 [4ms]
2025-03-21 13:45:06.594 [info] > git show --textconv HEAD:index.html [4ms]
2025-03-21 13:45:06.594 [info] > git show --textconv :index.html [1ms]
