2025-03-19 09:04:45.391 [info] [main] Log level: Info
2025-03-19 09:04:45.391 [info] [main] Validating found git in: "git"
2025-03-19 09:04:45.391 [info] [main] Using git "2.43.0" from "git"
2025-03-19 09:04:45.391 [info] [Model][doInitialScan] Initial repository scan started
2025-03-19 09:04:45.391 [info] > git rev-parse --show-toplevel [21ms]
2025-03-19 09:04:45.391 [info] > git rev-parse --git-dir --git-common-dir [78ms]
2025-03-19 09:04:45.391 [info] [Model][openRepository] Opened repository: /home/travthegr88
2025-03-19 09:04:45.391 [info] > git rev-parse --show-toplevel [5ms]
2025-03-19 09:04:45.391 [info] [Model][doInitialScan] Initial repository scan completed - repositories (1), closed repositories (0), parent repositories (0), unsafe repositories (0)
2025-03-19 09:04:45.391 [info] > git config --get commit.template [19ms]
2025-03-19 09:04:45.393 [info] [Git][getRemotes] No remotes found in the git config file
2025-03-19 09:04:45.406 [info] > git rev-parse --show-toplevel [197ms]
2025-03-19 09:04:45.754 [info] > git for-each-ref --format=%(refname)%00%(upstream:short)%00%(objectname)%00%(upstream:track)%00%(upstream:remotename)%00%(upstream:remoteref) refs/heads/master refs/remotes/master [364ms]
2025-03-19 09:04:45.756 [warning] [Git][getBranch] No such branch: master
2025-03-19 09:04:45.818 [info] > git check-ignore -v -z --stdin [33ms]
2025-03-19 09:04:45.820 [info] > git for-each-ref --sort -committerdate --format %(refname) %(objectname) %(*objectname) [39ms]
2025-03-19 09:04:45.953 [info] > git show --textconv :development/code/phase-1/json-server/db.json [13ms]
2025-03-19 09:04:45.954 [info] > git ls-files --stage -- development/code/phase-1/json-server/db.json [8ms]
2025-03-19 09:04:45.970 [info] > git hash-object -t tree /dev/null [8ms]
2025-03-19 09:04:45.971 [warning] [GitFileSystemProvider][stat] File not found - git:/home/travthegr88/development/code/phase-1/json-server/db.json.git?%7B%22path%22%3A%22%2Fhome%2Ftravthegr88%2Fdevelopment%2Fcode%2Fphase-1%2Fjson-server%2Fdb.json%22%2C%22ref%22%3A%22%22%7D
2025-03-19 09:04:46.049 [info] > git hash-object -t tree /dev/null [82ms]
2025-03-19 09:04:46.049 [warning] [GitFileSystemProvider][readFile] File not found - git:/home/travthegr88/development/code/phase-1/json-server/db.json.git?%7B%22path%22%3A%22%2Fhome%2Ftravthegr88%2Fdevelopment%2Fcode%2Fphase-1%2Fjson-server%2Fdb.json%22%2C%22ref%22%3A%22%22%7D
2025-03-19 09:04:46.354 [info] > git config --get --local branch.master.github-pr-owner-number [2ms]
2025-03-19 09:04:46.355 [warning] [Git][config] git config failed: Failed to execute git
2025-03-19 09:04:46.365 [info] > git config --get --local branch.master.remote [4ms]
2025-03-19 09:04:46.365 [warning] [Git][config] git config failed: Failed to execute git
2025-03-19 09:04:46.380 [info] > git config --get --local branch.master.merge [10ms]
2025-03-19 09:04:46.380 [warning] [Git][config] git config failed: Failed to execute git
2025-03-19 09:04:51.608 [info] > git status -z -uall [5844ms] (cancelled)
2025-03-19 09:04:52.488 [info] > git for-each-ref --format=%(refname)%00%(upstream:short)%00%(objectname)%00%(upstream:track)%00%(upstream:remotename)%00%(upstream:remoteref) refs/heads/master refs/remotes/master [884ms]
2025-03-19 09:04:52.488 [warning] [Git][getBranch] No such branch: master
2025-03-19 09:04:52.488 [error] [GitHistoryProvider][resolveHEADMergeBase] Failed to resolve merge base for master: Error: No such branch: master.
2025-03-19 09:04:52.512 [info] > git config --get commit.template [27ms]
2025-03-19 09:04:52.517 [info] [Git][getRemotes] No remotes found in the git config file
2025-03-19 09:04:52.518 [info] > git for-each-ref --format=%(refname)%00%(upstream:short)%00%(objectname)%00%(upstream:track)%00%(upstream:remotename)%00%(upstream:remoteref) refs/heads/master refs/remotes/master [2ms]
2025-03-19 09:04:52.518 [warning] [Git][getBranch] No such branch: master
2025-03-19 09:04:52.529 [info] > git for-each-ref --sort -committerdate --format %(refname) %(objectname) %(*objectname) [2ms]
2025-03-19 09:04:52.884 [info] > git status -z -uall [362ms] (cancelled)
2025-03-19 22:31:43.549 [info] > git fetch [4ms]
2025-03-19 22:31:43.558 [info] [Git][getRemotes] No remotes found in the git config file
2025-03-19 22:31:43.559 [info] > git config --get commit.template [2ms]
2025-03-19 22:31:43.563 [info] > git for-each-ref --format=%(refname)%00%(upstream:short)%00%(objectname)%00%(upstream:track)%00%(upstream:remotename)%00%(upstream:remoteref) refs/heads/master refs/remotes/master [1ms]
2025-03-19 22:31:43.563 [warning] [Git][getBranch] No such branch: master
2025-03-19 22:31:43.572 [info] > git for-each-ref --sort -committerdate --format %(refname) %(objectname) %(*objectname) [1ms]
