2025-03-12 03:41:07.686 [warning] /home/travthegr88/.ssh/config: ENOENT: no such file or directory, open '/home/travthegr88/.ssh/config'
2025-03-12 03:41:07.686 [info] [Activation] Extension version: 0.106.0
2025-03-12 03:41:07.944 [info] [Activation] Looking for git repository
2025-03-12 03:41:07.944 [info] [Activation] Found 0 repositories during activation
2025-03-12 03:41:07.944 [info] [Activation] Git repository found, initializing review manager and pr tree view.
2025-03-12 03:41:07.953 [info] [GitAPI] Registering git provider
2025-03-12 03:41:07.953 [info] [Review+0] Validate state in progress
2025-03-12 03:41:07.953 [info] [Review+0] Validating state...
2025-03-12 03:41:07.976 [info] [FolderRepositoryManager+0] Found GitHub remote for folder /home/travthegr88/mkadi/test/intro-to-js
2025-03-12 03:41:08.093 [info] [Activation] Repo state for file:///home/travthegr88/mkadi/test/intro-to-js changed.
2025-03-12 03:41:08.093 [info] [Activation] Repo file:///home/travthegr88/mkadi/test/intro-to-js has already been setup.
2025-03-12 03:41:08.925 [info] [Review+0] Queuing additional validate state
2025-03-12 03:41:08.937 [info] [Review+0] No matching pull request metadata found locally for current branch main
2025-03-12 03:41:08.940 [info] [Review+0] No matching pull request metadata found on GitHub for current branch main
2025-03-12 03:41:08.945 [info] [FolderRepositoryManager+0] Found GitHub remote for folder /home/travthegr88/mkadi/test/intro-to-js
2025-03-12 03:41:09.080 [info] [Review+0] Validating state...
2025-03-12 03:41:09.783 [info] [FolderRepositoryManager+0] Trying to use globalState for assignableUsers.
2025-03-12 03:41:09.996 [info] [FolderRepositoryManager+0] Found GitHub remote for folder /home/travthegr88/mkadi/test/intro-to-js
2025-03-12 03:41:09.997 [info] [FolderRepositoryManager+0] Trying to use globalState for assignableUsers.
2025-03-12 03:41:10.002 [info] [Review+0] No matching pull request metadata found locally for current branch main
2025-03-12 03:41:10.049 [info] [FolderRepositoryManager+0] No globalState for assignableUsers.
2025-03-12 03:41:10.121 [info] [FolderRepositoryManager+0] No globalState for assignableUsers.
2025-03-12 03:41:10.791 [info] [Review+0] No matching pull request metadata found on GitHub for current branch main
