2025-03-11 23:45:40.771 [warning] /home/travthegr88/.ssh/config: ENOENT: no such file or directory, open '/home/travthegr88/.ssh/config'
2025-03-11 23:45:40.780 [info] [Activation] Extension version: 0.106.0
2025-03-11 23:45:41.542 [info] [Activation] Looking for git repository
2025-03-11 23:45:41.542 [info] [Activation] Found 0 repositories during activation
2025-03-11 23:45:41.542 [info] [Activation] Git repository found, initializing review manager and pr tree view.
2025-03-11 23:45:41.552 [info] [GitAPI] Registering git provider
2025-03-11 23:45:41.552 [info] [Review+0] Validate state in progress
2025-03-11 23:45:41.552 [info] [Review+0] Validating state...
2025-03-11 23:45:41.640 [info] [FolderRepositoryManager+0] Found GitHub remote for folder /home/travthegr88/development/code/phase-1/phase-1-control-flow-lab
2025-03-11 23:45:42.025 [info] [Activation] Repo state for file:///home/travthegr88/development/code/phase-1/phase-1-control-flow-lab changed.
2025-03-11 23:45:42.026 [info] [Activation] Repo file:///home/travthegr88/development/code/phase-1/phase-1-control-flow-lab has already been setup.
2025-03-11 23:45:42.819 [info] [FolderRepositoryManager+0] Trying to use globalState for assignableUsers.
2025-03-11 23:45:42.829 [info] [Review+0] No matching pull request metadata found locally for current branch master
2025-03-11 23:45:43.027 [info] [FolderRepositoryManager+0] Using globalState assignableUsers for 2.
2025-03-11 23:45:43.488 [error] [GitHubRepository+0] Error querying GraphQL API: Network error: request to https://api.github.com/graphql failed, reason: . 
2025-03-11 23:45:43.493 [error] [GitHubRepository+0.1] Error querying GraphQL API: Network error: request to https://api.github.com/graphql failed, reason: . 
2025-03-11 23:45:44.443 [info] [Review+0] No matching pull request metadata found on GitHub for current branch master
2025-03-12 10:08:34.789 [info] [Review+0] Validate state in progress
2025-03-12 10:08:34.791 [info] [Review+0] Validating state...
2025-03-12 10:08:34.807 [info] [FolderRepositoryManager+0] Found GitHub remote for folder /home/travthegr88/development/code/phase-1/phase-1-control-flow-lab
2025-03-12 10:08:34.811 [info] [FolderRepositoryManager+0] Using in-memory cached assignable users.
2025-03-12 10:08:34.818 [info] [Review+0] No matching pull request metadata found locally for current branch master
2025-03-12 10:08:36.276 [info] [Review+0] No matching pull request metadata found on GitHub for current branch master
2025-03-12 10:08:46.095 [info] [Review+0] Validate state in progress
2025-03-12 10:08:46.095 [info] [Review+0] Validating state...
2025-03-12 10:08:46.107 [info] [FolderRepositoryManager+0] Found GitHub remote for folder /home/travthegr88/development/code/phase-1/phase-1-control-flow-lab
2025-03-12 10:08:46.108 [info] [FolderRepositoryManager+0] Using in-memory cached assignable users.
2025-03-12 10:08:46.115 [info] [Review+0] No matching pull request metadata found locally for current branch master
2025-03-12 10:08:47.606 [info] [Review+0] No matching pull request metadata found on GitHub for current branch master
