2025-03-20 08:29:04.113 [warning] /home/travthegr88/.ssh/config: ENOENT: no such file or directory, open '/home/travthegr88/.ssh/config'
2025-03-20 08:29:04.113 [info] [Activation] Extension version: 0.106.0
2025-03-20 08:29:04.319 [info] [Activation] Looking for git repository
2025-03-20 08:29:04.319 [info] [Activation] Found 0 repositories during activation
2025-03-20 08:29:04.319 [info] [Activation] Git repository found, initializing review manager and pr tree view.
2025-03-20 08:29:04.324 [info] [GitAPI] Registering git provider
2025-03-20 08:29:04.373 [info] [GitAPI] Repository file:///home/travthegr88/development/code/phase-0/phase-0-css-issue-bot-9000 has been opened
2025-03-20 08:29:04.414 [info] [Activation] Repo state for file:///home/travthegr88/development/code/phase-0/javascript changed.
2025-03-20 08:29:04.414 [info] [Activation] Repo file:///home/travthegr88/development/code/phase-0/javascript has already been setup.
2025-03-20 08:29:04.437 [info] [GitAPI] Repository file:///home/travthegr88/development/code/phase-0/phase-0-css-kitten-lab has been opened
2025-03-20 08:29:04.481 [info] [Review+0] Validate state in progress
2025-03-20 08:29:04.481 [info] [Review+0] Validating state...
2025-03-20 08:29:04.481 [info] [FolderRepositoryManager+0] Cannot updates repositories as git is uninitialized
2025-03-20 08:29:04.481 [info] [Activation] Repo state for file:///home/travthegr88/development/code/phase-0/phase-0-completing-assignments-codegrade changed.
2025-03-20 08:29:04.481 [info] [Activation] Repo file:///home/travthegr88/development/code/phase-0/phase-0-completing-assignments-codegrade has already been setup.
2025-03-20 08:29:04.658 [info] [GitAPI] Repository file:///home/travthegr88/development/code/phase-0/phase-0-html-album-cover-lab has been opened
2025-03-20 08:29:04.663 [info] [Review+3] Validate state in progress
2025-03-20 08:29:04.663 [info] [Review+3] Validating state...
2025-03-20 08:29:04.663 [info] [FolderRepositoryManager+3] Cannot updates repositories as git is uninitialized
2025-03-20 08:29:04.663 [info] [Activation] Repo state for file:///home/travthegr88/development/code/phase-0/phase-0-css-issue-bot-9000 changed.
2025-03-20 08:29:04.663 [info] [Activation] Repo file:///home/travthegr88/development/code/phase-0/phase-0-css-issue-bot-9000 has already been setup.
2025-03-20 08:29:04.890 [info] [GitAPI] Repository file:///home/travthegr88/development/code/phase-0/phase-0-html-document-structure-lab has been opened
2025-03-20 08:29:04.892 [info] [Review+4] Validate state in progress
2025-03-20 08:29:04.892 [info] [Review+4] Validating state...
2025-03-20 08:29:04.892 [info] [FolderRepositoryManager+4] Cannot updates repositories as git is uninitialized
2025-03-20 08:29:04.892 [info] [Activation] Repo state for file:///home/travthegr88/development/code/phase-0/phase-0-css-kitten-lab changed.
2025-03-20 08:29:04.892 [info] [Activation] Repo file:///home/travthegr88/development/code/phase-0/phase-0-css-kitten-lab has already been setup.
2025-03-20 08:29:05.028 [info] [GitAPI] Repository file:///home/travthegr88/development/code/phase-0/phase-0-html-experiencing-html-lab has been opened
2025-03-20 08:29:05.108 [info] [Review+5] Validate state in progress
2025-03-20 08:29:05.108 [info] [Review+5] Validating state...
2025-03-20 08:29:05.108 [info] [FolderRepositoryManager+5] Cannot updates repositories as git is uninitialized
2025-03-20 08:29:05.108 [info] [Activation] Repo state for file:///home/travthegr88/development/code/phase-0/phase-0-html-album-cover-lab changed.
2025-03-20 08:29:05.108 [info] [Activation] Repo file:///home/travthegr88/development/code/phase-0/phase-0-html-album-cover-lab has already been setup.
2025-03-20 08:29:05.170 [info] [GitAPI] Repository file:///home/travthegr88/development/code/phase-0/phase-0-html-issue-bot-9000-lab has been opened
2025-03-20 08:29:05.232 [info] [Review+6] Validate state in progress
2025-03-20 08:29:05.232 [info] [Review+6] Validating state...
2025-03-20 08:29:05.232 [info] [FolderRepositoryManager+6] Cannot updates repositories as git is uninitialized
2025-03-20 08:29:05.232 [info] [Activation] Repo state for file:///home/travthegr88/development/code/phase-0/phase-0-html-document-structure-lab changed.
2025-03-20 08:29:05.232 [info] [Activation] Repo file:///home/travthegr88/development/code/phase-0/phase-0-html-document-structure-lab has already been setup.
2025-03-20 08:29:05.430 [info] [GitAPI] Repository file:///home/travthegr88/development/code/phase-0/phase-0-html-link-tag-with-href has been opened
2025-03-20 08:29:05.435 [info] [Activation] Git initialization state changed: state=initialized
2025-03-20 08:29:05.435 [info] [Review+0] Validate state in progress
2025-03-20 08:29:05.435 [info] [Review+0] Validating state...
2025-03-20 08:29:05.436 [info] [Review+1] Validate state in progress
2025-03-20 08:29:05.436 [info] [Review+1] Validating state...
2025-03-20 08:29:05.436 [info] [Review+2] Validate state in progress
2025-03-20 08:29:05.436 [info] [Review+2] Validating state...
2025-03-20 08:29:05.436 [info] [Review+3] Validate state in progress
2025-03-20 08:29:05.436 [info] [Review+3] Validating state...
2025-03-20 08:29:05.437 [info] [Review+4] Validate state in progress
2025-03-20 08:29:05.437 [info] [Review+4] Validating state...
2025-03-20 08:29:05.437 [info] [Review+5] Validate state in progress
2025-03-20 08:29:05.437 [info] [Review+5] Validating state...
2025-03-20 08:29:05.437 [info] [Review+6] Validate state in progress
2025-03-20 08:29:05.437 [info] [Review+6] Validating state...
2025-03-20 08:29:05.438 [info] [Review+7] Validate state in progress
2025-03-20 08:29:05.438 [info] [Review+7] Validating state...
2025-03-20 08:29:05.438 [info] [Review+8] Validate state in progress
2025-03-20 08:29:05.438 [info] [Review+8] Validating state...
2025-03-20 08:29:05.438 [info] [Review+9] Validate state in progress
2025-03-20 08:29:05.438 [info] [Review+9] Validating state...
2025-03-20 08:29:05.439 [warning] No remotes found. The following remotes are missing: origin, upstream
2025-03-20 08:29:05.439 [warning] No remotes found. The following remotes are missing: origin, upstream
2025-03-20 08:29:05.439 [warning] No remotes found. The following remotes are missing: origin, upstream
2025-03-20 08:29:05.439 [warning] No remotes found. The following remotes are missing: origin, upstream
2025-03-20 08:29:05.439 [warning] No remotes found. The following remotes are missing: origin, upstream
2025-03-20 08:29:05.439 [info] [FolderRepositoryManager+1] No GitHub remotes found for folder /home/travthegr88/development/code/phase-0/javascript
2025-03-20 08:29:05.440 [info] [FolderRepositoryManager+2] No GitHub remotes found for folder /home/travthegr88
2025-03-20 08:29:05.440 [info] [FolderRepositoryManager+7] No GitHub remotes found for folder /home/travthegr88/development/code/phase-0/phase-0-html-experiencing-html-lab
2025-03-20 08:29:05.440 [info] [FolderRepositoryManager+8] No GitHub remotes found for folder /home/travthegr88/development/code/phase-0/phase-0-html-issue-bot-9000-lab
2025-03-20 08:29:05.440 [info] [FolderRepositoryManager+9] No GitHub remotes found for folder /home/travthegr88/development/code/phase-0/phase-0-html-link-tag-with-href
2025-03-20 08:29:05.471 [info] [Review+2] No matching pull request metadata found locally for current branch master
2025-03-20 08:29:05.475 [info] [Review+1] No matching pull request metadata found locally for current branch main
2025-03-20 08:29:05.489 [info] [FolderRepositoryManager+0] Found GitHub remote for folder /home/travthegr88/development/code/phase-0/phase-0-completing-assignments-codegrade
2025-03-20 08:29:05.489 [info] [FolderRepositoryManager+3] Found GitHub remote for folder /home/travthegr88/development/code/phase-0/phase-0-css-issue-bot-9000
2025-03-20 08:29:05.489 [info] [FolderRepositoryManager+4] Found GitHub remote for folder /home/travthegr88/development/code/phase-0/phase-0-css-kitten-lab
2025-03-20 08:29:05.490 [info] [FolderRepositoryManager+5] Found GitHub remote for folder /home/travthegr88/development/code/phase-0/phase-0-html-album-cover-lab
2025-03-20 08:29:05.490 [info] [FolderRepositoryManager+6] Found GitHub remote for folder /home/travthegr88/development/code/phase-0/phase-0-html-document-structure-lab
2025-03-20 08:29:05.739 [info] [Review+7] Queuing additional validate state
2025-03-20 08:29:05.739 [info] [Activation] Repo state for file:///home/travthegr88/development/code/phase-0/phase-0-html-experiencing-html-lab changed.
2025-03-20 08:29:05.739 [info] [Activation] Repo file:///home/travthegr88/development/code/phase-0/phase-0-html-experiencing-html-lab has already been setup.
2025-03-20 08:29:05.767 [info] [Review+2] No matching pull request metadata found on GitHub for current branch master
2025-03-20 08:29:05.768 [info] [Review+1] No matching pull request metadata found on GitHub for current branch main
2025-03-20 08:29:05.998 [info] [Review+8] Validate state in progress
2025-03-20 08:29:05.998 [info] [Review+8] Validating state...
2025-03-20 08:29:05.999 [info] [Activation] Repo state for file:///home/travthegr88/development/code/phase-0/phase-0-html-issue-bot-9000-lab changed.
2025-03-20 08:29:05.999 [info] [Activation] Repo file:///home/travthegr88/development/code/phase-0/phase-0-html-issue-bot-9000-lab has already been setup.
2025-03-20 08:29:06.035 [info] [FolderRepositoryManager+8] Found GitHub remote for folder /home/travthegr88/development/code/phase-0/phase-0-html-issue-bot-9000-lab
2025-03-20 08:29:06.036 [info] [Review+7] Validating state...
2025-03-20 08:29:06.121 [info] [FolderRepositoryManager+7] Found GitHub remote for folder /home/travthegr88/development/code/phase-0/phase-0-html-experiencing-html-lab
2025-03-20 08:29:06.407 [info] [Review+9] Validate state in progress
2025-03-20 08:29:06.407 [info] [Review+9] Validating state...
2025-03-20 08:29:06.407 [info] [Activation] Repo state for file:///home/travthegr88/development/code/phase-0/phase-0-html-link-tag-with-href changed.
2025-03-20 08:29:06.407 [info] [Activation] Repo file:///home/travthegr88/development/code/phase-0/phase-0-html-link-tag-with-href has already been setup.
2025-03-20 08:29:06.433 [info] [FolderRepositoryManager+9] Found GitHub remote for folder /home/travthegr88/development/code/phase-0/phase-0-html-link-tag-with-href
2025-03-20 08:29:06.870 [info] [FolderRepositoryManager+5] Trying to use globalState for assignableUsers.
2025-03-20 08:29:07.138 [info] [Review+5] No matching pull request metadata found locally for current branch master
2025-03-20 08:29:07.201 [info] [FolderRepositoryManager+6] Trying to use globalState for assignableUsers.
2025-03-20 08:29:07.411 [info] [FolderRepositoryManager+7] Trying to use globalState for assignableUsers.
2025-03-20 08:29:07.673 [info] [FolderRepositoryManager+8] Trying to use globalState for assignableUsers.
2025-03-20 08:29:07.936 [error] [GitHubRepository+5.1] Error querying GraphQL API: Network error: request to https://api.github.com/graphql failed, reason: . 
2025-03-20 08:29:07.936 [error] [GitHubRepository+5.1] Unable to fetch issues with query: Error: Network error: request to https://api.github.com/graphql failed, reason: 
2025-03-20 08:29:07.937 [error] [GitHubRepository+5] Error querying GraphQL API: Network error: request to https://api.github.com/graphql failed, reason: . 
2025-03-20 08:29:07.938 [error] [GitHubRepository+5] Unable to fetch issues with query: Error: Network error: request to https://api.github.com/graphql failed, reason: 
2025-03-20 08:29:07.977 [error] [GitHubRepository+5] Error querying GraphQL API: Network error: request to https://api.github.com/graphql failed, reason: . 
2025-03-20 08:29:07.977 [error] [GitHubRepository+5] Unable to fetch issues with query: Error: Network error: request to https://api.github.com/graphql failed, reason: 
2025-03-20 08:29:08.019 [error] [GitHubRepository+5] Error querying GraphQL API: Network error: request to https://api.github.com/graphql failed, reason: . 
2025-03-20 08:29:08.019 [error] [GitHubRepository+5] Unable to fetch issues with query: Error: Network error: request to https://api.github.com/graphql failed, reason: 
2025-03-20 08:29:08.068 [error] [GitHubRepository+5.1] Error querying GraphQL API: Network error: request to https://api.github.com/graphql failed, reason: . 
2025-03-20 08:29:08.068 [error] [GitHubRepository+5.1] Fetching pull request for branch failed: Error: Network error: request to https://api.github.com/graphql failed, reason: 
2025-03-20 08:29:08.069 [info] [Review+5] No matching pull request metadata found on GitHub for current branch master
2025-03-20 08:29:08.130 [info] [Review+8] No matching pull request metadata found locally for current branch master
2025-03-20 08:29:08.176 [info] [Review+7] No matching pull request metadata found locally for current branch master
2025-03-20 08:29:08.222 [info] [Review+6] No matching pull request metadata found locally for current branch master
2025-03-20 08:29:08.279 [info] [FolderRepositoryManager+5] Using globalState assignableUsers for 2.
2025-03-20 08:29:08.676 [error] [GitHubRepository+8.1] Error querying GraphQL API: Network error: request to https://api.github.com/graphql failed, reason: . 
2025-03-20 08:29:08.676 [error] [GitHubRepository+8.1] Fetching pull request for branch failed: Error: Network error: request to https://api.github.com/graphql failed, reason: 
2025-03-20 08:29:08.676 [info] [Review+8] No matching pull request metadata found on GitHub for current branch master
2025-03-20 08:29:08.678 [error] [GitHubRepository+7.1] Error querying GraphQL API: Network error: request to https://api.github.com/graphql failed, reason: . 
2025-03-20 08:29:08.678 [error] [GitHubRepository+7.1] Fetching pull request for branch failed: Error: Network error: request to https://api.github.com/graphql failed, reason: 
2025-03-20 08:29:08.678 [info] [Review+7] No matching pull request metadata found on GitHub for current branch master
2025-03-20 08:29:08.790 [info] [FolderRepositoryManager+6] Using globalState assignableUsers for 2.
2025-03-20 08:29:08.894 [info] [FolderRepositoryManager+7] Using globalState assignableUsers for 2.
2025-03-20 08:29:08.986 [info] [FolderRepositoryManager+8] Using globalState assignableUsers for 2.
2025-03-20 08:29:09.193 [info] [FolderRepositoryManager+4] Found GitHub remote for folder /home/travthegr88/development/code/phase-0/phase-0-css-kitten-lab
2025-03-20 08:29:09.261 [info] [Review+4] Queuing additional validate state
2025-03-20 08:29:09.262 [info] [Review+4] No matching pull request metadata found locally for current branch master
2025-03-20 08:29:09.398 [info] [FolderRepositoryManager+3] Found GitHub remote for folder /home/travthegr88/development/code/phase-0/phase-0-css-issue-bot-9000
2025-03-20 08:29:09.398 [info] [FolderRepositoryManager+0] Found GitHub remote for folder /home/travthegr88/development/code/phase-0/phase-0-completing-assignments-codegrade
2025-03-20 08:29:09.508 [info] [Review+0] No matching pull request metadata found locally for current branch main
2025-03-20 08:29:09.549 [info] [Review+3] No matching pull request metadata found locally for current branch master
2025-03-20 08:29:09.593 [info] [Review+3] Queuing additional validate state
2025-03-20 08:29:09.596 [info] [Review+0] Queuing additional validate state
2025-03-20 08:29:10.026 [info] [Review+9] Queuing additional validate state
2025-03-20 08:29:10.115 [info] [FolderRepositoryManager+9] Found GitHub remote for folder /home/travthegr88/development/code/phase-0/phase-0-html-link-tag-with-href
2025-03-20 08:29:10.155 [info] [Review+9] No matching pull request metadata found locally for current branch master
2025-03-20 08:29:10.368 [info] [Activation] Repo state for file:///home/travthegr88 changed.
2025-03-20 08:29:10.368 [info] [Activation] Repo file:///home/travthegr88 has already been setup.
2025-03-20 08:29:10.509 [error] [GitHubRepository+8.1] Error querying GraphQL API: Network error: request to https://api.github.com/graphql failed, reason: . 
2025-03-20 08:29:10.509 [error] [GitHubRepository+8.1] Unable to fetch issues with query: Error: Network error: request to https://api.github.com/graphql failed, reason: 
2025-03-20 08:29:10.511 [warning] Unable to resolve remote: HttpError: request to https://api.github.com/repos/learn-co-curriculum/phase-0-html-link-tag-with-href failed, reason: 
2025-03-20 08:29:10.511 [info] [FolderRepositoryManager+9] Trying to use globalState for assignableUsers.
2025-03-20 08:29:10.687 [error] [GitHubRepository+9.1] Error querying GraphQL API: Network error: request to https://api.github.com/graphql failed, reason: . 
2025-03-20 08:29:10.688 [error] [GitHubRepository+9.1] Fetching pull request for branch failed: Error: Network error: request to https://api.github.com/graphql failed, reason: 
2025-03-20 08:29:10.688 [info] [Review+9] No matching pull request metadata found on GitHub for current branch master
2025-03-20 08:29:11.718 [info] [FolderRepositoryManager+4] Trying to use globalState for assignableUsers.
2025-03-20 08:29:11.918 [error] [GitHubRepository+9] Error querying GraphQL API: Network error: request to https://api.github.com/graphql failed, reason: . 
2025-03-20 08:29:11.918 [error] [GitHubRepository+9] Unable to fetch issues with query: Error: Network error: request to https://api.github.com/graphql failed, reason: 
2025-03-20 08:29:11.918 [warning] [GitHubRepository+9.1] Fetching default branch failed: HttpError: request to https://api.github.com/repos/learn-co-curriculum/phase-0-html-link-tag-with-href failed, reason: 
2025-03-20 08:29:11.955 [info] [Review+4] No matching pull request metadata found on GitHub for current branch master
2025-03-20 08:29:11.956 [info] [Review+6] No matching pull request metadata found on GitHub for current branch master
2025-03-20 08:29:11.984 [info] [FolderRepositoryManager+9] Using globalState assignableUsers for 2.
2025-03-20 08:29:12.035 [info] [FolderRepositoryManager+0] Trying to use globalState for assignableUsers.
2025-03-20 08:29:12.152 [info] [FolderRepositoryManager+4] No globalState for assignableUsers.
2025-03-20 08:29:12.213 [error] [GitHubRepository+4] Error querying GraphQL API: Network error: request to https://api.github.com/graphql failed, reason: . 
2025-03-20 08:29:12.213 [error] [GitHubRepository+4] Unable to fetch issues with query: Error: Network error: request to https://api.github.com/graphql failed, reason: 
2025-03-20 08:29:12.215 [error] [GitHubRepository+4.1] Error querying GraphQL API: Network error: request to https://api.github.com/graphql failed, reason: . 
2025-03-20 08:29:12.215 [error] [GitHubRepository+4.1] Unable to fetch issues with query: Error: Network error: request to https://api.github.com/graphql failed, reason: 
2025-03-20 08:29:12.216 [error] [GitHubRepository+4] Error querying GraphQL API: Network error: request to https://api.github.com/graphql failed, reason: . 
2025-03-20 08:29:12.216 [error] [GitHubRepository+4] Unable to fetch issues with query: Error: Network error: request to https://api.github.com/graphql failed, reason: 
2025-03-20 08:29:12.240 [error] [GitHubRepository+4] Error querying GraphQL API: Network error: request to https://api.github.com/graphql failed, reason: . 
2025-03-20 08:29:12.240 [error] [GitHubRepository+4] Unable to fetch issues with query: Error: Network error: request to https://api.github.com/graphql failed, reason: 
2025-03-20 08:29:12.266 [error] [GitHubRepository+4] Error querying GraphQL API: Network error: request to https://api.github.com/graphql failed, reason: . 
2025-03-20 08:29:12.266 [error] [GitHubRepository+4] Unable to fetch issues with query: Error: Network error: request to https://api.github.com/graphql failed, reason: 
2025-03-20 08:29:12.299 [info] [Review+9] Validating state...
2025-03-20 08:29:12.307 [info] [FolderRepositoryManager+9] Found GitHub remote for folder /home/travthegr88/development/code/phase-0/phase-0-html-link-tag-with-href
2025-03-20 08:29:12.307 [warning] Unable to resolve remote: HttpError: request to https://api.github.com/repos/learn-co-curriculum/phase-0-html-link-tag-with-href failed, reason: 
2025-03-20 08:29:12.308 [info] [FolderRepositoryManager+9] Trying to use globalState for assignableUsers.
2025-03-20 08:29:12.313 [info] [FolderRepositoryManager+3] Trying to use globalState for assignableUsers.
2025-03-20 08:29:12.452 [info] [Review+4] Validating state...
2025-03-20 08:29:12.455 [info] [FolderRepositoryManager+0] No globalState for assignableUsers.
2025-03-20 08:29:12.518 [info] [Review+9] No matching pull request metadata found locally for current branch master
2025-03-20 08:29:12.548 [info] [FolderRepositoryManager+4] Found GitHub remote for folder /home/travthegr88/development/code/phase-0/phase-0-css-kitten-lab
2025-03-20 08:29:12.549 [info] [FolderRepositoryManager+4] Trying to use globalState for assignableUsers.
2025-03-20 08:29:12.556 [info] [Review+4] No matching pull request metadata found locally for current branch master
2025-03-20 08:29:12.583 [warning] [GitHubRepository+9.1] Fetching default branch failed: HttpError: request to https://api.github.com/repos/learn-co-curriculum/phase-0-html-link-tag-with-href failed, reason: 
2025-03-20 08:29:12.610 [warning] [GitHubRepository+9.1] Fetching default branch failed: HttpError: request to https://api.github.com/repos/learn-co-curriculum/phase-0-html-link-tag-with-href failed, reason: 
2025-03-20 08:29:12.638 [info] [FolderRepositoryManager+3] No globalState for assignableUsers.
2025-03-20 08:29:12.720 [info] [FolderRepositoryManager+9] Using globalState assignableUsers for 2.
2025-03-20 08:29:12.733 [info] [FolderRepositoryManager+4] No globalState for assignableUsers.
2025-03-20 08:29:12.959 [info] [Review+0] No matching pull request metadata found on GitHub for current branch main
2025-03-20 08:29:12.973 [info] [Review+0] Validating state...
2025-03-20 08:29:12.979 [info] [FolderRepositoryManager+0] Found GitHub remote for folder /home/travthegr88/development/code/phase-0/phase-0-completing-assignments-codegrade
2025-03-20 08:29:12.980 [info] [FolderRepositoryManager+0] Trying to use globalState for assignableUsers.
2025-03-20 08:29:12.986 [info] [Review+0] No matching pull request metadata found locally for current branch main
2025-03-20 08:29:13.026 [info] [FolderRepositoryManager+0] No globalState for assignableUsers.
2025-03-20 08:29:13.086 [info] [Review+3] No matching pull request metadata found on GitHub for current branch master
2025-03-20 08:29:13.350 [info] [Review+3] Validating state...
2025-03-20 08:29:13.357 [info] [FolderRepositoryManager+3] Found GitHub remote for folder /home/travthegr88/development/code/phase-0/phase-0-css-issue-bot-9000
2025-03-20 08:29:13.358 [info] [FolderRepositoryManager+3] Trying to use globalState for assignableUsers.
2025-03-20 08:29:13.369 [info] [Review+3] No matching pull request metadata found locally for current branch master
2025-03-20 08:29:13.409 [info] [FolderRepositoryManager+3] No globalState for assignableUsers.
2025-03-20 08:29:14.002 [info] [Review+4] No matching pull request metadata found on GitHub for current branch master
2025-03-20 08:29:14.190 [info] [Review+9] No matching pull request metadata found on GitHub for current branch master
2025-03-20 08:29:14.762 [info] [Review+0] No matching pull request metadata found on GitHub for current branch main
2025-03-20 08:29:15.141 [info] [Review+3] No matching pull request metadata found on GitHub for current branch master
